2025-12-03 00:14:08 WARN  com.zaxxer.hikari.pool.PoolBase - HikariPool-2 - Failed to validate connection org.postgresql.jdbc.PgConnection@357f217 (This connection has been closed.). Possibly consider using a shorter maxLifetime value.
2025-12-03 00:14:08 WARN  com.zaxxer.hikari.pool.PoolBase - HikariPool-2 - Failed to validate connection org.postgresql.jdbc.PgConnection@11a32e44 (This connection has been closed.). Possibly consider using a shorter maxLifetime value.
2025-12-03 01:01:55 WARN  com.zaxxer.hikari.pool.HikariPool - HikariPool-2 - Thread starvation or clock leap detected (housekeeper delta=1h5m3s274ms).
2025-12-03 01:17:32 WARN  com.zaxxer.hikari.pool.PoolBase - HikariPool-2 - Failed to validate connection org.postgresql.jdbc.PgConnection@2dd8b12d (This connection has been closed.). Possibly consider using a shorter maxLifetime value.
2025-12-03 01:17:55 WARN  com.zaxxer.hikari.pool.PoolBase - HikariPool-2 - Failed to validate connection org.postgresql.jdbc.PgConnection@4f088444 (This connection has been closed.). Possibly consider using a shorter maxLifetime value.
2025-12-03 01:17:56 WARN  com.zaxxer.hikari.pool.PoolBase - HikariPool-2 - Failed to validate connection org.postgresql.jdbc.PgConnection@2fe8c2f1 (This connection has been closed.). Possibly consider using a shorter maxLifetime value.
2025-12-03 01:18:02 WARN  com.zaxxer.hikari.pool.HikariPool - HikariPool-2 - Thread starvation or clock leap detected (housekeeper delta=16m6s776ms).
2025-12-03 01:18:15 WARN  com.zaxxer.hikari.pool.PoolBase - HikariPool-2 - Failed to validate connection org.postgresql.jdbc.PgConnection@4e8a16e1 (This connection has been closed.). Possibly consider using a shorter maxLifetime value.
2025-12-03 01:51:09 WARN  com.zaxxer.hikari.pool.PoolBase - HikariPool-2 - Failed to validate connection org.postgresql.jdbc.PgConnection@82075a0 (This connection has been closed.). Possibly consider using a shorter maxLifetime value.
2025-12-03 01:58:36 WARN  com.zaxxer.hikari.pool.HikariPool - HikariPool-2 - Thread starvation or clock leap detected (housekeeper delta=40m34s532ms).
2025-12-03 01:58:51 WARN  com.zaxxer.hikari.pool.PoolBase - HikariPool-2 - Failed to validate connection org.postgresql.jdbc.PgConnection@7f15eed6 (This connection has been closed.). Possibly consider using a shorter maxLifetime value.
2025-12-03 01:58:51 WARN  com.zaxxer.hikari.pool.PoolBase - HikariPool-2 - Failed to validate connection org.postgresql.jdbc.PgConnection@6d2fa1f5 (This connection has been closed.). Possibly consider using a shorter maxLifetime value.
2025-12-03 01:58:59 WARN  com.zaxxer.hikari.pool.PoolBase - HikariPool-2 - Failed to validate connection org.postgresql.jdbc.PgConnection@3a46bb66 (This connection has been closed.). Possibly consider using a shorter maxLifetime value.
2025-12-03 02:15:49 WARN  com.zaxxer.hikari.pool.PoolBase - HikariPool-2 - Failed to validate connection org.postgresql.jdbc.PgConnection@465ff770 (This connection has been closed.). Possibly consider using a shorter maxLifetime value.
2025-12-03 02:31:17 WARN  com.zaxxer.hikari.pool.HikariPool - HikariPool-2 - Thread starvation or clock leap detected (housekeeper delta=32m40s431ms).
2025-12-03 03:20:51 WARN  com.zaxxer.hikari.pool.PoolBase - HikariPool-2 - Failed to validate connection org.postgresql.jdbc.PgConnection@566fd647 (This connection has been closed.). Possibly consider using a shorter maxLifetime value.
2025-12-03 03:20:55 WARN  com.zaxxer.hikari.pool.PoolBase - HikariPool-2 - Failed to validate connection org.postgresql.jdbc.PgConnection@1f43884f (This connection has been closed.). Possibly consider using a shorter maxLifetime value.
2025-12-03 03:29:46 WARN  com.zaxxer.hikari.pool.HikariPool - HikariPool-2 - Thread starvation or clock leap detected (housekeeper delta=58m28s973ms).
2025-12-03 03:30:01 WARN  com.zaxxer.hikari.pool.PoolBase - HikariPool-2 - Failed to validate connection org.postgresql.jdbc.PgConnection@261e18a0 (This connection has been closed.). Possibly consider using a shorter maxLifetime value.
2025-12-03 03:30:04 WARN  com.zaxxer.hikari.pool.PoolBase - HikariPool-2 - Failed to validate connection org.postgresql.jdbc.PgConnection@39f27282 (This connection has been closed.). Possibly consider using a shorter maxLifetime value.
2025-12-03 03:30:20 WARN  com.zaxxer.hikari.pool.PoolBase - HikariPool-2 - Failed to validate connection org.postgresql.jdbc.PgConnection@3af08403 (This connection has been closed.). Possibly consider using a shorter maxLifetime value.
2025-12-03 04:05:48 WARN  com.zaxxer.hikari.pool.PoolBase - HikariPool-2 - Failed to validate connection org.postgresql.jdbc.PgConnection@3bbf37cf (This connection has been closed.). Possibly consider using a shorter maxLifetime value.
2025-12-03 04:54:26 WARN  com.zaxxer.hikari.pool.PoolBase - HikariPool-2 - Failed to validate connection org.postgresql.jdbc.PgConnection@2f1d6ae9 (This connection has been closed.). Possibly consider using a shorter maxLifetime value.
2025-12-03 04:54:29 WARN  com.zaxxer.hikari.pool.HikariPool - HikariPool-2 - Thread starvation or clock leap detected (housekeeper delta=1h24m13s221ms).
2025-12-03 04:54:29 WARN  com.zaxxer.hikari.pool.PoolBase - HikariPool-2 - Failed to validate connection org.postgresql.jdbc.PgConnection@6ba2263b (This connection has been closed.). Possibly consider using a shorter maxLifetime value.
2025-12-03 05:45:33 WARN  com.zaxxer.hikari.pool.PoolBase - HikariPool-2 - Failed to validate connection org.postgresql.jdbc.PgConnection@637b9ef3 (This connection has been closed.). Possibly consider using a shorter maxLifetime value.
2025-12-03 06:02:43 WARN  com.zaxxer.hikari.pool.PoolBase - HikariPool-2 - Failed to validate connection org.postgresql.jdbc.PgConnection@5da266b (This connection has been closed.). Possibly consider using a shorter maxLifetime value.
2025-12-03 06:38:11 WARN  com.zaxxer.hikari.pool.HikariPool - HikariPool-2 - Thread starvation or clock leap detected (housekeeper delta=1h43m41s792ms).
2025-12-03 06:38:13 WARN  com.zaxxer.hikari.pool.PoolBase - HikariPool-2 - Failed to validate connection org.postgresql.jdbc.PgConnection@4080ce06 (This connection has been closed.). Possibly consider using a shorter maxLifetime value.
2025-12-03 06:53:22 WARN  com.zaxxer.hikari.pool.PoolBase - HikariPool-2 - Failed to validate connection org.postgresql.jdbc.PgConnection@1c122d13 (This connection has been closed.). Possibly consider using a shorter maxLifetime value.
2025-12-03 07:34:33 WARN  com.zaxxer.hikari.pool.PoolBase - HikariPool-2 - Failed to validate connection org.postgresql.jdbc.PgConnection@799c2677 (This connection has been closed.). Possibly consider using a shorter maxLifetime value.
2025-12-03 07:34:33 WARN  com.zaxxer.hikari.pool.HikariPool - HikariPool-2 - Thread starvation or clock leap detected (housekeeper delta=56m22s384ms).
2025-12-03 07:34:48 WARN  com.zaxxer.hikari.pool.PoolBase - HikariPool-2 - Failed to validate connection org.postgresql.jdbc.PgConnection@aa8bc61 (This connection has been closed.). Possibly consider using a shorter maxLifetime value.
2025-12-03 07:34:58 WARN  com.zaxxer.hikari.pool.PoolBase - HikariPool-2 - Failed to validate connection org.postgresql.jdbc.PgConnection@1f684380 (This connection has been closed.). Possibly consider using a shorter maxLifetime value.
2025-12-03 07:34:59 WARN  com.zaxxer.hikari.pool.PoolBase - HikariPool-2 - Failed to validate connection org.postgresql.jdbc.PgConnection@3e9571f1 (This connection has been closed.). Possibly consider using a shorter maxLifetime value.
2025-12-03 08:25:03 WARN  com.zaxxer.hikari.pool.PoolBase - HikariPool-2 - Failed to validate connection org.postgresql.jdbc.PgConnection@42224f43 (This connection has been closed.). Possibly consider using a shorter maxLifetime value.
2025-12-03 08:25:08 WARN  com.zaxxer.hikari.pool.PoolBase - HikariPool-2 - Failed to validate connection org.postgresql.jdbc.PgConnection@62675293 (This connection has been closed.). Possibly consider using a shorter maxLifetime value.
2025-12-03 08:37:53 WARN  com.zaxxer.hikari.pool.PoolBase - HikariPool-2 - Failed to validate connection org.postgresql.jdbc.PgConnection@77e8add7 (This connection has been closed.). Possibly consider using a shorter maxLifetime value.
2025-12-03 08:37:56 WARN  com.zaxxer.hikari.pool.HikariPool - HikariPool-2 - Thread starvation or clock leap detected (housekeeper delta=1h2m52s967ms).
2025-12-03 08:38:10 WARN  com.zaxxer.hikari.pool.PoolBase - HikariPool-2 - Failed to validate connection org.postgresql.jdbc.PgConnection@27e0ac3e (This connection has been closed.). Possibly consider using a shorter maxLifetime value.
2025-12-03 08:38:11 WARN  com.zaxxer.hikari.pool.PoolBase - HikariPool-2 - Failed to validate connection org.postgresql.jdbc.PgConnection@3b02d06a (This connection has been closed.). Possibly consider using a shorter maxLifetime value.
2025-12-03 08:38:17 WARN  com.zaxxer.hikari.pool.PoolBase - HikariPool-2 - Failed to validate connection org.postgresql.jdbc.PgConnection@9b644c8 (This connection has been closed.). Possibly consider using a shorter maxLifetime value.
2025-12-03 08:54:46 WARN  com.zaxxer.hikari.pool.PoolBase - HikariPool-2 - Failed to validate connection org.postgresql.jdbc.PgConnection@73a5bed (This connection has been closed.). Possibly consider using a shorter maxLifetime value.
2025-12-03 09:06:37 WARN  com.zaxxer.hikari.pool.HikariPool - HikariPool-2 - Thread starvation or clock leap detected (housekeeper delta=28m10s863ms).
2025-12-03 09:06:42 WARN  com.zaxxer.hikari.pool.PoolBase - HikariPool-2 - Failed to validate connection org.postgresql.jdbc.PgConnection@11bdcb7e (This connection has been closed.). Possibly consider using a shorter maxLifetime value.
2025-12-03 09:06:43 WARN  com.zaxxer.hikari.pool.PoolBase - HikariPool-2 - Failed to validate connection org.postgresql.jdbc.PgConnection@435ba4ae (This connection has been closed.). Possibly consider using a shorter maxLifetime value.
2025-12-03 09:06:53 WARN  com.zaxxer.hikari.pool.PoolBase - HikariPool-2 - Failed to validate connection org.postgresql.jdbc.PgConnection@5b82376f (This connection has been closed.). Possibly consider using a shorter maxLifetime value.
2025-12-03 09:24:38 WARN  com.zaxxer.hikari.pool.PoolBase - HikariPool-2 - Failed to validate connection org.postgresql.jdbc.PgConnection@69b8136c (This connection has been closed.). Possibly consider using a shorter maxLifetime value.
2025-12-03 09:57:31 WARN  com.zaxxer.hikari.pool.PoolBase - HikariPool-2 - Failed to validate connection org.postgresql.jdbc.PgConnection@3d2bccfa (This connection has been closed.). Possibly consider using a shorter maxLifetime value.
2025-12-03 09:57:33 WARN  com.zaxxer.hikari.pool.PoolBase - HikariPool-2 - Failed to validate connection org.postgresql.jdbc.PgConnection@6fcbb3e3 (This connection has been closed.). Possibly consider using a shorter maxLifetime value.
2025-12-03 09:57:48 WARN  com.zaxxer.hikari.pool.HikariPool - HikariPool-2 - Thread starvation or clock leap detected (housekeeper delta=50m41s212ms).
2025-12-03 09:57:54 WARN  com.zaxxer.hikari.pool.PoolBase - HikariPool-2 - Failed to validate connection org.postgresql.jdbc.PgConnection@5d00fb97 (This connection has been closed.). Possibly consider using a shorter maxLifetime value.
2025-12-03 09:58:00 WARN  com.zaxxer.hikari.pool.PoolBase - HikariPool-2 - Failed to validate connection org.postgresql.jdbc.PgConnection@77fe64eb (This connection has been closed.). Possibly consider using a shorter maxLifetime value.
2025-12-03 09:58:07 WARN  com.zaxxer.hikari.pool.PoolBase - HikariPool-2 - Failed to validate connection org.postgresql.jdbc.PgConnection@1f1e122b (This connection has been closed.). Possibly consider using a shorter maxLifetime value.
2025-12-03 10:11:31 WARN  com.zaxxer.hikari.pool.HikariPool - HikariPool-2 - Thread starvation or clock leap detected (housekeeper delta=13m43s204ms).
2025-12-03 10:11:42 WARN  com.zaxxer.hikari.pool.PoolBase - HikariPool-2 - Failed to validate connection org.postgresql.jdbc.PgConnection@58297e78 (This connection has been closed.). Possibly consider using a shorter maxLifetime value.
2025-12-03 10:11:54 WARN  com.zaxxer.hikari.pool.PoolBase - HikariPool-2 - Failed to validate connection org.postgresql.jdbc.PgConnection@36fa7c06 (This connection has been closed.). Possibly consider using a shorter maxLifetime value.
2025-12-03 10:12:07 WARN  com.zaxxer.hikari.pool.PoolBase - HikariPool-2 - Failed to validate connection org.postgresql.jdbc.PgConnection@5d3eea68 (This connection has been closed.). Possibly consider using a shorter maxLifetime value.
2025-12-03 10:12:07 WARN  com.zaxxer.hikari.pool.PoolBase - HikariPool-2 - Failed to validate connection org.postgresql.jdbc.PgConnection@34c5b7f4 (This connection has been closed.). Possibly consider using a shorter maxLifetime value.
2025-12-03 10:23:41 WARN  com.zaxxer.hikari.pool.PoolBase - HikariPool-2 - Failed to validate connection org.postgresql.jdbc.PgConnection@46fbea0b (This connection has been closed.). Possibly consider using a shorter maxLifetime value.
2025-12-03 10:23:43 WARN  com.zaxxer.hikari.pool.PoolBase - HikariPool-2 - Failed to validate connection org.postgresql.jdbc.PgConnection@6adc6dab (This connection has been closed.). Possibly consider using a shorter maxLifetime value.
2025-12-03 10:23:46 WARN  com.zaxxer.hikari.pool.HikariPool - HikariPool-2 - Thread starvation or clock leap detected (housekeeper delta=11m44s365ms).
2025-12-03 10:23:48 WARN  com.zaxxer.hikari.pool.PoolBase - HikariPool-2 - Failed to validate connection org.postgresql.jdbc.PgConnection@73bf1d13 (This connection has been closed.). Possibly consider using a shorter maxLifetime value.
2025-12-03 10:24:03 WARN  com.zaxxer.hikari.pool.PoolBase - HikariPool-2 - Failed to validate connection org.postgresql.jdbc.PgConnection@6794160f (This connection has been closed.). Possibly consider using a shorter maxLifetime value.
2025-12-03 10:24:13 WARN  com.zaxxer.hikari.pool.PoolBase - HikariPool-2 - Failed to validate connection org.postgresql.jdbc.PgConnection@65704130 (This connection has been closed.). Possibly consider using a shorter maxLifetime value.
2025-12-03 10:38:59 WARN  com.zaxxer.hikari.pool.PoolBase - HikariPool-2 - Failed to validate connection org.postgresql.jdbc.PgConnection@204aa235 (This connection has been closed.). Possibly consider using a shorter maxLifetime value.
2025-12-03 10:39:11 WARN  com.zaxxer.hikari.pool.PoolBase - HikariPool-2 - Failed to validate connection org.postgresql.jdbc.PgConnection@4d81c26b (This connection has been closed.). Possibly consider using a shorter maxLifetime value.
2025-12-03 10:39:15 WARN  com.zaxxer.hikari.pool.HikariPool - HikariPool-2 - Thread starvation or clock leap detected (housekeeper delta=14m59s690ms).
2025-12-03 11:13:37 WARN  com.zaxxer.hikari.pool.PoolBase - HikariPool-2 - Failed to validate connection org.postgresql.jdbc.PgConnection@100b769d (This connection has been closed.). Possibly consider using a shorter maxLifetime value.
2025-12-03 11:13:37 WARN  com.zaxxer.hikari.pool.PoolBase - HikariPool-2 - Failed to validate connection org.postgresql.jdbc.PgConnection@26a32a4 (This connection has been closed.). Possibly consider using a shorter maxLifetime value.
2025-12-03 11:39:51 WARN  com.zaxxer.hikari.pool.HikariPool - HikariPool-2 - Thread starvation or clock leap detected (housekeeper delta=1h35s97ms).
2025-12-03 11:39:52 WARN  com.zaxxer.hikari.pool.PoolBase - HikariPool-2 - Failed to validate connection org.postgresql.jdbc.PgConnection@4edbd474 (This connection has been closed.). Possibly consider using a shorter maxLifetime value.
2025-12-03 11:40:02 WARN  com.zaxxer.hikari.pool.PoolBase - HikariPool-2 - Failed to validate connection org.postgresql.jdbc.PgConnection@1d9f6659 (This connection has been closed.). Possibly consider using a shorter maxLifetime value.
2025-12-03 11:40:03 WARN  com.zaxxer.hikari.pool.PoolBase - HikariPool-2 - Failed to validate connection org.postgresql.jdbc.PgConnection@5e5b9d8a (This connection has been closed.). Possibly consider using a shorter maxLifetime value.
2025-12-03 11:40:09 WARN  com.zaxxer.hikari.pool.PoolBase - HikariPool-2 - Failed to validate connection org.postgresql.jdbc.PgConnection@24ebc071 (This connection has been closed.). Possibly consider using a shorter maxLifetime value.
2025-12-03 11:40:18 WARN  com.zaxxer.hikari.pool.PoolBase - HikariPool-2 - Failed to validate connection org.postgresql.jdbc.PgConnection@1003467b (This connection has been closed.). Possibly consider using a shorter maxLifetime value.
2025-12-03 11:40:34 WARN  com.zaxxer.hikari.pool.PoolBase - HikariPool-2 - Failed to validate connection org.postgresql.jdbc.PgConnection@68a48c43 (This connection has been closed.). Possibly consider using a shorter maxLifetime value.
2025-12-03 12:14:42 WARN  com.zaxxer.hikari.pool.PoolBase - HikariPool-2 - Failed to validate connection org.postgresql.jdbc.PgConnection@2642bd29 (This connection has been closed.). Possibly consider using a shorter maxLifetime value.
2025-12-03 12:30:55 WARN  com.zaxxer.hikari.pool.HikariPool - HikariPool-2 - Thread starvation or clock leap detected (housekeeper delta=50m34s461ms).
2025-12-03 12:34:18 WARN  com.zaxxer.hikari.pool.PoolBase - HikariPool-2 - Failed to validate connection org.postgresql.jdbc.PgConnection@492c7270 (This connection has been closed.). Possibly consider using a shorter maxLifetime value.
2025-12-03 12:34:37 WARN  com.zaxxer.hikari.pool.HikariPool - HikariPool-2 - Thread starvation or clock leap detected (housekeeper delta=3m42s29ms).
2025-12-03 12:41:15 WARN  com.zaxxer.hikari.pool.HikariPool - HikariPool-2 - Thread starvation or clock leap detected (housekeeper delta=6m37s660ms).
2025-12-03 14:05:37 WARN  com.zaxxer.hikari.pool.HikariPool - HikariPool-2 - Thread starvation or clock leap detected (housekeeper delta=1h24m22s191ms).
2025-12-03 14:15:45 WARN  com.zaxxer.hikari.pool.HikariPool - HikariPool-2 - Thread starvation or clock leap detected (housekeeper delta=9m32s873ms).
2025-12-03 14:43:50 WARN  com.zaxxer.hikari.pool.HikariPool - HikariPool-2 - Thread starvation or clock leap detected (housekeeper delta=27m35s170ms).
2025-12-03 14:43:59 WARN  com.zaxxer.hikari.pool.PoolBase - HikariPool-2 - Failed to validate connection org.postgresql.jdbc.PgConnection@161275f5 (This connection has been closed.). Possibly consider using a shorter maxLifetime value.
2025-12-03 14:44:00 WARN  com.zaxxer.hikari.pool.PoolBase - HikariPool-2 - Failed to validate connection org.postgresql.jdbc.PgConnection@895a05e (This connection has been closed.). Possibly consider using a shorter maxLifetime value.
2025-12-03 14:44:02 WARN  com.zaxxer.hikari.pool.PoolBase - HikariPool-2 - Failed to validate connection org.postgresql.jdbc.PgConnection@7c17382b (This connection has been closed.). Possibly consider using a shorter maxLifetime value.
2025-12-03 14:44:04 WARN  com.zaxxer.hikari.pool.PoolBase - HikariPool-2 - Failed to validate connection org.postgresql.jdbc.PgConnection@79af5781 (This connection has been closed.). Possibly consider using a shorter maxLifetime value.
2025-12-03 14:44:08 WARN  com.zaxxer.hikari.pool.PoolBase - HikariPool-2 - Failed to validate connection org.postgresql.jdbc.PgConnection@5c461db1 (This connection has been closed.). Possibly consider using a shorter maxLifetime value.
2025-12-03 14:44:09 WARN  com.zaxxer.hikari.pool.PoolBase - HikariPool-2 - Failed to validate connection org.postgresql.jdbc.PgConnection@79f4d137 (This connection has been closed.). Possibly consider using a shorter maxLifetime value.
2025-12-03 14:44:11 WARN  com.zaxxer.hikari.pool.PoolBase - HikariPool-2 - Failed to validate connection org.postgresql.jdbc.PgConnection@3ce76842 (This connection has been closed.). Possibly consider using a shorter maxLifetime value.
2025-12-03 14:44:16 WARN  com.zaxxer.hikari.pool.PoolBase - HikariPool-2 - Failed to validate connection org.postgresql.jdbc.PgConnection@3ff73300 (This connection has been closed.). Possibly consider using a shorter maxLifetime value.
2025-12-03 14:44:17 WARN  com.zaxxer.hikari.pool.PoolBase - HikariPool-2 - Failed to validate connection org.postgresql.jdbc.PgConnection@c9214e2 (This connection has been closed.). Possibly consider using a shorter maxLifetime value.
2025-12-03 14:44:17 WARN  com.zaxxer.hikari.pool.PoolBase - HikariPool-2 - Failed to validate connection org.postgresql.jdbc.PgConnection@bb0c84a (This connection has been closed.). Possibly consider using a shorter maxLifetime value.
2025-12-03 15:58:19 WARN  com.zaxxer.hikari.pool.HikariPool - HikariPool-2 - Thread starvation or clock leap detected (housekeeper delta=1h13m58s925ms).
2025-12-03 16:31:47 WARN  com.zaxxer.hikari.pool.PoolBase - HikariPool-2 - Failed to validate connection org.postgresql.jdbc.PgConnection@dd9850f (This connection has been closed.). Possibly consider using a shorter maxLifetime value.
2025-12-03 16:31:58 WARN  com.zaxxer.hikari.pool.HikariPool - HikariPool-2 - Thread starvation or clock leap detected (housekeeper delta=33m8s574ms).
2025-12-03 16:32:03 WARN  com.zaxxer.hikari.pool.PoolBase - HikariPool-2 - Failed to validate connection org.postgresql.jdbc.PgConnection@42c5928f (This connection has been closed.). Possibly consider using a shorter maxLifetime value.
2025-12-03 16:32:04 WARN  com.zaxxer.hikari.pool.PoolBase - HikariPool-2 - Failed to validate connection org.postgresql.jdbc.PgConnection@e8af510 (This connection has been closed.). Possibly consider using a shorter maxLifetime value.
2025-12-03 16:32:05 WARN  com.zaxxer.hikari.pool.PoolBase - HikariPool-2 - Failed to validate connection org.postgresql.jdbc.PgConnection@3598c5fd (This connection has been closed.). Possibly consider using a shorter maxLifetime value.
2025-12-03 16:32:06 WARN  com.zaxxer.hikari.pool.PoolBase - HikariPool-2 - Failed to validate connection org.postgresql.jdbc.PgConnection@5ba7682b (This connection has been closed.). Possibly consider using a shorter maxLifetime value.
2025-12-03 16:32:06 WARN  com.zaxxer.hikari.pool.PoolBase - HikariPool-2 - Failed to validate connection org.postgresql.jdbc.PgConnection@43851182 (This connection has been closed.). Possibly consider using a shorter maxLifetime value.
2025-12-03 16:32:06 WARN  com.zaxxer.hikari.pool.PoolBase - HikariPool-2 - Failed to validate connection org.postgresql.jdbc.PgConnection@1afe4e97 (This connection has been closed.). Possibly consider using a shorter maxLifetime value.
2025-12-03 16:32:07 WARN  com.zaxxer.hikari.pool.PoolBase - HikariPool-2 - Failed to validate connection org.postgresql.jdbc.PgConnection@693ad718 (This connection has been closed.). Possibly consider using a shorter maxLifetime value.
2025-12-03 16:32:17 WARN  com.zaxxer.hikari.pool.PoolBase - HikariPool-2 - Failed to validate connection org.postgresql.jdbc.PgConnection@93c0c24 (This connection has been closed.). Possibly consider using a shorter maxLifetime value.
2025-12-03 16:32:23 WARN  com.zaxxer.hikari.pool.PoolBase - HikariPool-2 - Failed to validate connection org.postgresql.jdbc.PgConnection@a3c75aa (This connection has been closed.). Possibly consider using a shorter maxLifetime value.
2025-12-03 16:49:01 WARN  com.zaxxer.hikari.pool.HikariPool - HikariPool-2 - Thread starvation or clock leap detected (housekeeper delta=17m2s930ms).
2025-12-03 17:12:24 WARN  com.zaxxer.hikari.pool.HikariPool - HikariPool-2 - Thread starvation or clock leap detected (housekeeper delta=23m22s786ms).
2025-12-03 17:13:07 WARN  com.zaxxer.hikari.pool.PoolBase - HikariPool-2 - Failed to validate connection org.postgresql.jdbc.PgConnection@5c35864a (This connection has been closed.). Possibly consider using a shorter maxLifetime value.
2025-12-03 17:19:19 WARN  com.zaxxer.hikari.pool.PoolBase - HikariPool-2 - Failed to validate connection org.postgresql.jdbc.PgConnection@27add70c (This connection has been closed.). Possibly consider using a shorter maxLifetime value.
2025-12-03 17:19:21 WARN  com.zaxxer.hikari.pool.PoolBase - HikariPool-2 - Failed to validate connection org.postgresql.jdbc.PgConnection@6d6eeed5 (This connection has been closed.). Possibly consider using a shorter maxLifetime value.
2025-12-03 17:19:26 WARN  com.zaxxer.hikari.pool.PoolBase - HikariPool-2 - Failed to validate connection org.postgresql.jdbc.PgConnection@80c4693 (This connection has been closed.). Possibly consider using a shorter maxLifetime value.
2025-12-03 17:19:26 WARN  com.zaxxer.hikari.pool.PoolBase - HikariPool-2 - Failed to validate connection org.postgresql.jdbc.PgConnection@4150f529 (This connection has been closed.). Possibly consider using a shorter maxLifetime value.
2025-12-03 17:19:28 WARN  com.zaxxer.hikari.pool.PoolBase - HikariPool-2 - Failed to validate connection org.postgresql.jdbc.PgConnection@157aef95 (This connection has been closed.). Possibly consider using a shorter maxLifetime value.
2025-12-03 17:19:29 WARN  com.zaxxer.hikari.pool.PoolBase - HikariPool-2 - Failed to validate connection org.postgresql.jdbc.PgConnection@ff8a3a9 (This connection has been closed.). Possibly consider using a shorter maxLifetime value.
2025-12-03 17:19:31 WARN  com.zaxxer.hikari.pool.HikariPool - HikariPool-2 - Thread starvation or clock leap detected (housekeeper delta=6m35s827ms).
2025-12-03 17:19:32 WARN  com.zaxxer.hikari.pool.PoolBase - HikariPool-2 - Failed to validate connection org.postgresql.jdbc.PgConnection@652a441b (This connection has been closed.). Possibly consider using a shorter maxLifetime value.
2025-12-03 17:19:35 WARN  com.zaxxer.hikari.pool.PoolBase - HikariPool-2 - Failed to validate connection org.postgresql.jdbc.PgConnection@23951c2a (This connection has been closed.). Possibly consider using a shorter maxLifetime value.
2025-12-03 17:19:50 WARN  com.zaxxer.hikari.pool.PoolBase - HikariPool-2 - Failed to validate connection org.postgresql.jdbc.PgConnection@61d1498a (This connection has been closed.). Possibly consider using a shorter maxLifetime value.
2025-12-03 17:24:47 WARN  com.zaxxer.hikari.pool.HikariPool - HikariPool-2 - Thread starvation or clock leap detected (housekeeper delta=5m16s123ms).
2025-12-03 17:58:23 WARN  com.zaxxer.hikari.pool.HikariPool - HikariPool-2 - Thread starvation or clock leap detected (housekeeper delta=33m35s843ms).
2025-12-03 18:24:51 WARN  com.zaxxer.hikari.pool.HikariPool - HikariPool-2 - Thread starvation or clock leap detected (housekeeper delta=26m28s244ms).
2025-12-03 18:24:56 WARN  com.zaxxer.hikari.pool.PoolBase - HikariPool-2 - Failed to validate connection org.postgresql.jdbc.PgConnection@1c43c80a (This connection has been closed.). Possibly consider using a shorter maxLifetime value.
2025-12-03 18:24:58 WARN  com.zaxxer.hikari.pool.PoolBase - HikariPool-2 - Failed to validate connection org.postgresql.jdbc.PgConnection@7cca7590 (This connection has been closed.). Possibly consider using a shorter maxLifetime value.
2025-12-03 18:24:59 WARN  com.zaxxer.hikari.pool.PoolBase - HikariPool-2 - Failed to validate connection org.postgresql.jdbc.PgConnection@25328030 (This connection has been closed.). Possibly consider using a shorter maxLifetime value.
2025-12-03 18:25:02 WARN  com.zaxxer.hikari.pool.PoolBase - HikariPool-2 - Failed to validate connection org.postgresql.jdbc.PgConnection@27b31f04 (This connection has been closed.). Possibly consider using a shorter maxLifetime value.
2025-12-03 18:25:09 WARN  com.zaxxer.hikari.pool.PoolBase - HikariPool-2 - Failed to validate connection org.postgresql.jdbc.PgConnection@57e0ebd5 (This connection has been closed.). Possibly consider using a shorter maxLifetime value.
2025-12-03 18:25:09 WARN  com.zaxxer.hikari.pool.PoolBase - HikariPool-2 - Failed to validate connection org.postgresql.jdbc.PgConnection@49ab5e79 (This connection has been closed.). Possibly consider using a shorter maxLifetime value.
2025-12-03 18:25:14 WARN  com.zaxxer.hikari.pool.PoolBase - HikariPool-2 - Failed to validate connection org.postgresql.jdbc.PgConnection@76df3377 (This connection has been closed.). Possibly consider using a shorter maxLifetime value.
2025-12-03 18:25:16 WARN  com.zaxxer.hikari.pool.PoolBase - HikariPool-2 - Failed to validate connection org.postgresql.jdbc.PgConnection@26b1d03a (This connection has been closed.). Possibly consider using a shorter maxLifetime value.
2025-12-03 18:32:42 WARN  com.zaxxer.hikari.pool.HikariPool - HikariPool-2 - Thread starvation or clock leap detected (housekeeper delta=7m50s119ms).
2025-12-03 18:32:46 WARN  com.zaxxer.hikari.pool.PoolBase - HikariPool-2 - Failed to validate connection org.postgresql.jdbc.PgConnection@15b9eda2 (This connection has been closed.). Possibly consider using a shorter maxLifetime value.
2025-12-03 18:48:45 WARN  com.zaxxer.hikari.pool.PoolBase - HikariPool-2 - Failed to validate connection org.postgresql.jdbc.PgConnection@939fec8 (This connection has been closed.). Possibly consider using a shorter maxLifetime value.
2025-12-03 18:48:57 WARN  com.zaxxer.hikari.pool.HikariPool - HikariPool-2 - Thread starvation or clock leap detected (housekeeper delta=16m15s746ms).
2025-12-03 19:06:03 WARN  com.zaxxer.hikari.pool.PoolBase - HikariPool-2 - Failed to validate connection org.postgresql.jdbc.PgConnection@7baff2be (This connection has been closed.). Possibly consider using a shorter maxLifetime value.
2025-12-03 19:06:04 WARN  com.zaxxer.hikari.pool.PoolBase - HikariPool-2 - Failed to validate connection org.postgresql.jdbc.PgConnection@2a4c0d2e (This connection has been closed.). Possibly consider using a shorter maxLifetime value.
2025-12-03 19:06:06 WARN  com.zaxxer.hikari.pool.PoolBase - HikariPool-2 - Failed to validate connection org.postgresql.jdbc.PgConnection@53c30c5 (This connection has been closed.). Possibly consider using a shorter maxLifetime value.
2025-12-03 19:06:17 WARN  com.zaxxer.hikari.pool.PoolBase - HikariPool-2 - Failed to validate connection org.postgresql.jdbc.PgConnection@18218de (This connection has been closed.). Possibly consider using a shorter maxLifetime value.
2025-12-03 19:06:18 WARN  com.zaxxer.hikari.pool.PoolBase - HikariPool-2 - Failed to validate connection org.postgresql.jdbc.PgConnection@c61f2cd (This connection has been closed.). Possibly consider using a shorter maxLifetime value.
2025-12-03 19:06:19 WARN  com.zaxxer.hikari.pool.HikariPool - HikariPool-2 - Thread starvation or clock leap detected (housekeeper delta=16m52s153ms).
2025-12-03 19:24:37 WARN  com.zaxxer.hikari.pool.PoolBase - HikariPool-2 - Failed to validate connection org.postgresql.jdbc.PgConnection@68bf519c (This connection has been closed.). Possibly consider using a shorter maxLifetime value.
2025-12-03 19:24:42 WARN  com.zaxxer.hikari.pool.PoolBase - HikariPool-2 - Failed to validate connection org.postgresql.jdbc.PgConnection@4a452905 (This connection has been closed.). Possibly consider using a shorter maxLifetime value.
2025-12-03 19:24:55 WARN  com.zaxxer.hikari.pool.HikariPool - HikariPool-2 - Thread starvation or clock leap detected (housekeeper delta=18m35s821ms).
2025-12-03 19:33:44 WARN  com.zaxxer.hikari.pool.HikariPool - HikariPool-2 - Thread starvation or clock leap detected (housekeeper delta=8m48s726ms).
2025-12-03 19:39:54 WARN  com.zaxxer.hikari.pool.HikariPool - HikariPool-2 - Thread starvation or clock leap detected (housekeeper delta=5m39s751ms).
2025-12-03 19:46:44 WARN  com.zaxxer.hikari.pool.HikariPool - HikariPool-2 - Thread starvation or clock leap detected (housekeeper delta=6m50s326ms).
2025-12-03 19:47:15 WARN  com.zaxxer.hikari.pool.PoolBase - HikariPool-2 - Failed to validate connection org.postgresql.jdbc.PgConnection@5b10c601 (This connection has been closed.). Possibly consider using a shorter maxLifetime value.
2025-12-03 19:48:42 WARN  com.zaxxer.hikari.pool.PoolBase - HikariPool-2 - Failed to validate connection org.postgresql.jdbc.PgConnection@16bfb868 (This connection has been closed.). Possibly consider using a shorter maxLifetime value.
2025-12-03 19:48:42 WARN  com.zaxxer.hikari.pool.PoolBase - HikariPool-2 - Failed to validate connection org.postgresql.jdbc.PgConnection@8588a53 (This connection has been closed.). Possibly consider using a shorter maxLifetime value.
2025-12-03 19:48:43 WARN  com.zaxxer.hikari.pool.PoolBase - HikariPool-2 - Failed to validate connection org.postgresql.jdbc.PgConnection@70278614 (This connection has been closed.). Possibly consider using a shorter maxLifetime value.
2025-12-03 19:48:43 WARN  com.zaxxer.hikari.pool.PoolBase - HikariPool-2 - Failed to validate connection org.postgresql.jdbc.PgConnection@1b301c80 (This connection has been closed.). Possibly consider using a shorter maxLifetime value.
2025-12-03 19:48:44 WARN  com.zaxxer.hikari.pool.PoolBase - HikariPool-2 - Failed to validate connection org.postgresql.jdbc.PgConnection@659a65f0 (This connection has been closed.). Possibly consider using a shorter maxLifetime value.
2025-12-03 19:48:48 WARN  com.zaxxer.hikari.pool.PoolBase - HikariPool-2 - Failed to validate connection org.postgresql.jdbc.PgConnection@295c7102 (This connection has been closed.). Possibly consider using a shorter maxLifetime value.
2025-12-03 19:48:49 WARN  com.zaxxer.hikari.pool.PoolBase - HikariPool-2 - Failed to validate connection org.postgresql.jdbc.PgConnection@6587551b (This connection has been closed.). Possibly consider using a shorter maxLifetime value.
2025-12-03 19:48:49 WARN  com.zaxxer.hikari.pool.PoolBase - HikariPool-2 - Failed to validate connection org.postgresql.jdbc.PgConnection@7e489137 (This connection has been closed.). Possibly consider using a shorter maxLifetime value.
2025-12-03 19:48:54 WARN  com.zaxxer.hikari.pool.PoolBase - HikariPool-2 - Failed to validate connection org.postgresql.jdbc.PgConnection@484bceeb (This connection has been closed.). Possibly consider using a shorter maxLifetime value.
2025-12-03 19:49:02 WARN  com.zaxxer.hikari.pool.HikariPool - HikariPool-2 - Thread starvation or clock leap detected (housekeeper delta=1m47s959ms).
2025-12-03 20:25:44 WARN  com.zaxxer.hikari.pool.HikariPool - HikariPool-2 - Thread starvation or clock leap detected (housekeeper delta=36m41s548ms).
2025-12-03 20:35:01 WARN  com.zaxxer.hikari.pool.HikariPool - HikariPool-2 - Thread starvation or clock leap detected (housekeeper delta=9m17s233ms).
2025-12-03 20:57:33 WARN  com.zaxxer.hikari.pool.PoolBase - HikariPool-2 - Failed to validate connection org.postgresql.jdbc.PgConnection@2d56281 (This connection has been closed.). Possibly consider using a shorter maxLifetime value.
2025-12-03 20:57:33 WARN  com.zaxxer.hikari.pool.PoolBase - HikariPool-2 - Failed to validate connection org.postgresql.jdbc.PgConnection@675e23e7 (This connection has been closed.). Possibly consider using a shorter maxLifetime value.
2025-12-03 20:57:37 WARN  com.zaxxer.hikari.pool.HikariPool - HikariPool-2 - Thread starvation or clock leap detected (housekeeper delta=22m35s953ms).
2025-12-03 20:57:37 WARN  com.zaxxer.hikari.pool.PoolBase - HikariPool-2 - Failed to validate connection org.postgresql.jdbc.PgConnection@71f49571 (This connection has been closed.). Possibly consider using a shorter maxLifetime value.
2025-12-03 20:57:38 WARN  com.zaxxer.hikari.pool.PoolBase - HikariPool-2 - Failed to validate connection org.postgresql.jdbc.PgConnection@581c30a4 (This connection has been closed.). Possibly consider using a shorter maxLifetime value.
2025-12-03 20:57:39 WARN  com.zaxxer.hikari.pool.PoolBase - HikariPool-2 - Failed to validate connection org.postgresql.jdbc.PgConnection@2bc8a452 (This connection has been closed.). Possibly consider using a shorter maxLifetime value.
2025-12-03 20:57:44 WARN  com.zaxxer.hikari.pool.PoolBase - HikariPool-2 - Failed to validate connection org.postgresql.jdbc.PgConnection@3d9febd7 (This connection has been closed.). Possibly consider using a shorter maxLifetime value.
2025-12-03 20:57:45 WARN  com.zaxxer.hikari.pool.PoolBase - HikariPool-2 - Failed to validate connection org.postgresql.jdbc.PgConnection@6815be08 (This connection has been closed.). Possibly consider using a shorter maxLifetime value.
2025-12-03 20:57:48 WARN  com.zaxxer.hikari.pool.PoolBase - HikariPool-2 - Failed to validate connection org.postgresql.jdbc.PgConnection@51353abe (This connection has been closed.). Possibly consider using a shorter maxLifetime value.
2025-12-03 20:57:48 WARN  com.zaxxer.hikari.pool.PoolBase - HikariPool-2 - Failed to validate connection org.postgresql.jdbc.PgConnection@3f31fefe (This connection has been closed.). Possibly consider using a shorter maxLifetime value.
2025-12-03 20:58:00 WARN  com.zaxxer.hikari.pool.PoolBase - HikariPool-2 - Failed to validate connection org.postgresql.jdbc.PgConnection@7db26b9c (This connection has been closed.). Possibly consider using a shorter maxLifetime value.
2025-12-03 21:01:04 INFO  o.s.b.a.SpringApplicationAdminMXBeanRegistrar$SpringApplicationAdmin - Application shutdown requested.
2025-12-03 21:01:04 INFO  o.s.b.w.e.tomcat.GracefulShutdown - Commencing graceful shutdown. Waiting for active requests to complete
2025-12-03 21:01:04 INFO  o.a.coyote.http11.Http11NioProtocol - Pausing ProtocolHandler ["http-nio-8080"]
2025-12-03 21:01:04 INFO  o.s.b.w.e.tomcat.GracefulShutdown - Graceful shutdown complete
2025-12-03 21:01:04 INFO  o.a.coyote.http11.Http11NioProtocol - Stopping ProtocolHandler ["http-nio-8080"]
2025-12-03 21:01:04 INFO  o.s.o.j.LocalContainerEntityManagerFactoryBean - Closing JPA EntityManagerFactory for persistence unit 'default'
2025-12-03 21:01:04 INFO  com.zaxxer.hikari.HikariDataSource - HikariPool-2 - Shutdown initiated...
2025-12-03 21:01:05 INFO  com.zaxxer.hikari.HikariDataSource - HikariPool-2 - Shutdown completed.
