2025-11-30 01:08:27 WARN  com.zaxxer.hikari.pool.HikariPool - HikariPool-2 - Thread starvation or clock leap detected (housekeeper delta=31m52s642ms).
2025-11-30 01:08:33 WARN  com.zaxxer.hikari.pool.PoolBase - HikariPool-2 - Failed to validate connection org.postgresql.jdbc.PgConnection@6971f926 (This connection has been closed.). Possibly consider using a shorter maxLifetime value.
2025-11-30 01:08:51 WARN  com.zaxxer.hikari.pool.PoolBase - HikariPool-2 - Failed to validate connection org.postgresql.jdbc.PgConnection@1205a2fa (This connection has been closed.). Possibly consider using a shorter maxLifetime value.
2025-11-30 01:09:02 WARN  com.zaxxer.hikari.pool.PoolBase - HikariPool-2 - Failed to validate connection org.postgresql.jdbc.PgConnection@1d19b859 (This connection has been closed.). Possibly consider using a shorter maxLifetime value.
2025-11-30 01:09:07 WARN  com.zaxxer.hikari.pool.PoolBase - HikariPool-2 - Failed to validate connection org.postgresql.jdbc.PgConnection@7d3cf15d (This connection has been closed.). Possibly consider using a shorter maxLifetime value.
2025-11-30 01:09:13 WARN  com.zaxxer.hikari.pool.PoolBase - HikariPool-2 - Failed to validate connection org.postgresql.jdbc.PgConnection@2d3755d3 (This connection has been closed.). Possibly consider using a shorter maxLifetime value.
2025-11-30 01:09:18 WARN  com.zaxxer.hikari.pool.PoolBase - HikariPool-2 - Failed to validate connection org.postgresql.jdbc.PgConnection@794d7e8f (This connection has been closed.). Possibly consider using a shorter maxLifetime value.
2025-11-30 01:09:38 WARN  com.zaxxer.hikari.pool.PoolBase - HikariPool-2 - Failed to validate connection org.postgresql.jdbc.PgConnection@6361dee2 (This connection has been closed.). Possibly consider using a shorter maxLifetime value.
2025-11-30 01:09:43 WARN  com.zaxxer.hikari.pool.PoolBase - HikariPool-2 - Failed to validate connection org.postgresql.jdbc.PgConnection@7b00722b (This connection has been closed.). Possibly consider using a shorter maxLifetime value.
2025-11-30 01:09:48 WARN  com.zaxxer.hikari.pool.PoolBase - HikariPool-2 - Failed to validate connection org.postgresql.jdbc.PgConnection@69abd2c2 (This connection has been closed.). Possibly consider using a shorter maxLifetime value.
2025-11-30 01:43:56 WARN  com.zaxxer.hikari.pool.PoolBase - HikariPool-2 - Failed to validate connection org.postgresql.jdbc.PgConnection@c03dac7 (This connection has been closed.). Possibly consider using a shorter maxLifetime value.
2025-11-30 01:43:56 WARN  com.zaxxer.hikari.pool.HikariPool - HikariPool-2 - Thread starvation or clock leap detected (housekeeper delta=16m24s305ms).
2025-11-30 02:16:32 WARN  com.zaxxer.hikari.pool.PoolBase - HikariPool-2 - Failed to validate connection org.postgresql.jdbc.PgConnection@43e081cb (This connection has been closed.). Possibly consider using a shorter maxLifetime value.
2025-11-30 03:07:10 WARN  com.zaxxer.hikari.pool.HikariPool - HikariPool-2 - Thread starvation or clock leap detected (housekeeper delta=1h23m14s48ms).
2025-11-30 03:28:56 WARN  com.zaxxer.hikari.pool.PoolBase - HikariPool-2 - Failed to validate connection org.postgresql.jdbc.PgConnection@51498767 (This connection has been closed.). Possibly consider using a shorter maxLifetime value.
2025-11-30 04:00:20 WARN  com.zaxxer.hikari.pool.PoolBase - HikariPool-2 - Failed to validate connection org.postgresql.jdbc.PgConnection@31af1c8a (This connection has been closed.). Possibly consider using a shorter maxLifetime value.
2025-11-30 04:17:34 WARN  com.zaxxer.hikari.pool.PoolBase - HikariPool-2 - Failed to validate connection org.postgresql.jdbc.PgConnection@1ab9b80e (This connection has been closed.). Possibly consider using a shorter maxLifetime value.
2025-11-30 04:17:36 WARN  com.zaxxer.hikari.pool.HikariPool - HikariPool-2 - Thread starvation or clock leap detected (housekeeper delta=1h10m25s574ms).
2025-11-30 04:34:15 WARN  com.zaxxer.hikari.pool.PoolBase - HikariPool-2 - Failed to validate connection org.postgresql.jdbc.PgConnection@5d52f264 (This connection has been closed.). Possibly consider using a shorter maxLifetime value.
2025-11-30 05:06:59 WARN  com.zaxxer.hikari.pool.PoolBase - HikariPool-2 - Failed to validate connection org.postgresql.jdbc.PgConnection@201b962b (This connection has been closed.). Possibly consider using a shorter maxLifetime value.
2025-11-30 05:55:57 WARN  com.zaxxer.hikari.pool.HikariPool - HikariPool-2 - Thread starvation or clock leap detected (housekeeper delta=1h38m21s735ms).
2025-11-30 05:55:59 WARN  com.zaxxer.hikari.pool.PoolBase - HikariPool-2 - Failed to validate connection org.postgresql.jdbc.PgConnection@3d3e3ebe (This connection has been closed.). Possibly consider using a shorter maxLifetime value.
2025-11-30 05:56:00 WARN  com.zaxxer.hikari.pool.PoolBase - HikariPool-2 - Failed to validate connection org.postgresql.jdbc.PgConnection@52db568b (This connection has been closed.). Possibly consider using a shorter maxLifetime value.
2025-11-30 06:11:45 WARN  com.zaxxer.hikari.pool.PoolBase - HikariPool-2 - Failed to validate connection org.postgresql.jdbc.PgConnection@c2fa57d (This connection has been closed.). Possibly consider using a shorter maxLifetime value.
2025-11-30 06:46:35 WARN  com.zaxxer.hikari.pool.PoolBase - HikariPool-2 - Failed to validate connection org.postgresql.jdbc.PgConnection@4028b188 (This connection has been closed.). Possibly consider using a shorter maxLifetime value.
2025-11-30 07:20:51 WARN  com.zaxxer.hikari.pool.HikariPool - HikariPool-2 - Thread starvation or clock leap detected (housekeeper delta=1h24m53s128ms).
2025-11-30 08:14:38 WARN  com.zaxxer.hikari.pool.HikariPool - HikariPool-2 - Thread starvation or clock leap detected (housekeeper delta=53m47s783ms).
2025-11-30 09:44:48 WARN  com.zaxxer.hikari.pool.PoolBase - HikariPool-2 - Failed to validate connection org.postgresql.jdbc.PgConnection@fb8a703 (This connection has been closed.). Possibly consider using a shorter maxLifetime value.
2025-11-30 09:44:48 WARN  com.zaxxer.hikari.pool.HikariPool - HikariPool-2 - Thread starvation or clock leap detected (housekeeper delta=1h30m9s365ms).
2025-11-30 10:00:03 WARN  com.zaxxer.hikari.pool.PoolBase - HikariPool-2 - Failed to validate connection org.postgresql.jdbc.PgConnection@2f9f84a (This connection has been closed.). Possibly consider using a shorter maxLifetime value.
2025-11-30 10:00:07 WARN  com.zaxxer.hikari.pool.PoolBase - HikariPool-2 - Failed to validate connection org.postgresql.jdbc.PgConnection@5991a2b4 (This connection has been closed.). Possibly consider using a shorter maxLifetime value.
2025-11-30 10:18:10 WARN  com.zaxxer.hikari.pool.PoolBase - HikariPool-2 - Failed to validate connection org.postgresql.jdbc.PgConnection@47486bf7 (This connection has been closed.). Possibly consider using a shorter maxLifetime value.
2025-11-30 10:18:11 WARN  com.zaxxer.hikari.pool.PoolBase - HikariPool-2 - Failed to validate connection org.postgresql.jdbc.PgConnection@5c66608d (This connection has been closed.). Possibly consider using a shorter maxLifetime value.
2025-11-30 10:18:12 WARN  com.zaxxer.hikari.pool.PoolBase - HikariPool-2 - Failed to validate connection org.postgresql.jdbc.PgConnection@836edb7 (This connection has been closed.). Possibly consider using a shorter maxLifetime value.
2025-11-30 10:18:15 WARN  com.zaxxer.hikari.pool.PoolBase - HikariPool-2 - Failed to validate connection org.postgresql.jdbc.PgConnection@c253895 (This connection has been closed.). Possibly consider using a shorter maxLifetime value.
2025-11-30 10:18:15 WARN  com.zaxxer.hikari.pool.PoolBase - HikariPool-2 - Failed to validate connection org.postgresql.jdbc.PgConnection@716100fd (This connection has been closed.). Possibly consider using a shorter maxLifetime value.
2025-11-30 10:28:47 WARN  com.zaxxer.hikari.pool.PoolBase - HikariPool-2 - Failed to validate connection org.postgresql.jdbc.PgConnection@1e6c7454 (This connection has been closed.). Possibly consider using a shorter maxLifetime value.
2025-11-30 10:28:53 WARN  com.zaxxer.hikari.pool.HikariPool - HikariPool-2 - Thread starvation or clock leap detected (housekeeper delta=44m5s346ms).
2025-11-30 11:04:09 WARN  com.zaxxer.hikari.pool.PoolBase - HikariPool-2 - Failed to validate connection org.postgresql.jdbc.PgConnection@2108697b (This connection has been closed.). Possibly consider using a shorter maxLifetime value.
2025-11-30 12:03:20 WARN  com.zaxxer.hikari.pool.HikariPool - HikariPool-2 - Thread starvation or clock leap detected (housekeeper delta=1h34m27s314ms).
2025-11-30 12:25:55 WARN  com.zaxxer.hikari.pool.HikariPool - HikariPool-2 - Thread starvation or clock leap detected (housekeeper delta=22m34s470ms).
2025-11-30 12:48:15 WARN  com.zaxxer.hikari.pool.PoolBase - HikariPool-2 - Failed to validate connection org.postgresql.jdbc.PgConnection@7dd382c3 (This connection has been closed.). Possibly consider using a shorter maxLifetime value.
2025-11-30 13:03:50 WARN  com.zaxxer.hikari.pool.PoolBase - HikariPool-2 - Failed to validate connection org.postgresql.jdbc.PgConnection@6241752f (This connection has been closed.). Possibly consider using a shorter maxLifetime value.
2025-11-30 13:03:50 WARN  com.zaxxer.hikari.pool.PoolBase - HikariPool-2 - Failed to validate connection org.postgresql.jdbc.PgConnection@67affc54 (This connection has been closed.). Possibly consider using a shorter maxLifetime value.
2025-11-30 13:03:50 WARN  com.zaxxer.hikari.pool.PoolBase - HikariPool-2 - Failed to validate connection org.postgresql.jdbc.PgConnection@63747017 (This connection has been closed.). Possibly consider using a shorter maxLifetime value.
2025-11-30 13:18:54 WARN  com.zaxxer.hikari.pool.PoolBase - HikariPool-2 - Failed to validate connection org.postgresql.jdbc.PgConnection@a75895b (This connection has been closed.). Possibly consider using a shorter maxLifetime value.
2025-11-30 13:18:58 WARN  com.zaxxer.hikari.pool.HikariPool - HikariPool-2 - Thread starvation or clock leap detected (housekeeper delta=53m2s820ms).
2025-11-30 13:31:46 WARN  com.zaxxer.hikari.pool.PoolBase - HikariPool-2 - Failed to validate connection org.postgresql.jdbc.PgConnection@513bce0a (This connection has been closed.). Possibly consider using a shorter maxLifetime value.
2025-11-30 13:31:51 WARN  com.zaxxer.hikari.pool.PoolBase - HikariPool-2 - Failed to validate connection org.postgresql.jdbc.PgConnection@49eec525 (This connection has been closed.). Possibly consider using a shorter maxLifetime value.
2025-11-30 13:31:52 WARN  com.zaxxer.hikari.pool.PoolBase - HikariPool-2 - Failed to validate connection org.postgresql.jdbc.PgConnection@95af0c7 (This connection has been closed.). Possibly consider using a shorter maxLifetime value.
2025-11-30 14:01:58 WARN  com.zaxxer.hikari.pool.PoolBase - HikariPool-2 - Failed to validate connection org.postgresql.jdbc.PgConnection@2fc39fe6 (This connection has been closed.). Possibly consider using a shorter maxLifetime value.
2025-11-30 14:17:55 WARN  com.zaxxer.hikari.pool.PoolBase - HikariPool-2 - Failed to validate connection org.postgresql.jdbc.PgConnection@1f7f6152 (This connection has been closed.). Possibly consider using a shorter maxLifetime value.
2025-11-30 14:32:48 WARN  com.zaxxer.hikari.pool.HikariPool - HikariPool-2 - Thread starvation or clock leap detected (housekeeper delta=1h13m50s5ms).
2025-11-30 15:33:52 WARN  com.zaxxer.hikari.pool.HikariPool - HikariPool-2 - Thread starvation or clock leap detected (housekeeper delta=1h1m4s193ms).
2025-11-30 16:19:17 WARN  com.zaxxer.hikari.pool.HikariPool - HikariPool-2 - Thread starvation or clock leap detected (housekeeper delta=45m25s407ms).
2025-11-30 16:19:21 WARN  com.zaxxer.hikari.pool.PoolBase - HikariPool-2 - Failed to validate connection org.postgresql.jdbc.PgConnection@72f2fdd4 (This connection has been closed.). Possibly consider using a shorter maxLifetime value.
2025-11-30 16:27:34 WARN  com.zaxxer.hikari.pool.PoolBase - HikariPool-2 - Failed to validate connection org.postgresql.jdbc.PgConnection@c021eae (This connection has been closed.). Possibly consider using a shorter maxLifetime value.
2025-11-30 16:34:48 WARN  com.zaxxer.hikari.pool.PoolBase - HikariPool-2 - Failed to validate connection org.postgresql.jdbc.PgConnection@4399f43f (This connection has been closed.). Possibly consider using a shorter maxLifetime value.
2025-11-30 16:34:48 WARN  com.zaxxer.hikari.pool.PoolBase - HikariPool-2 - Failed to validate connection org.postgresql.jdbc.PgConnection@2b2d3794 (This connection has been closed.). Possibly consider using a shorter maxLifetime value.
2025-11-30 16:34:51 WARN  com.zaxxer.hikari.pool.PoolBase - HikariPool-2 - Failed to validate connection org.postgresql.jdbc.PgConnection@865286a (This connection has been closed.). Possibly consider using a shorter maxLifetime value.
2025-11-30 16:49:12 WARN  com.zaxxer.hikari.pool.PoolBase - HikariPool-2 - Failed to validate connection org.postgresql.jdbc.PgConnection@4510d55 (This connection has been closed.). Possibly consider using a shorter maxLifetime value.
2025-11-30 16:49:18 WARN  com.zaxxer.hikari.pool.HikariPool - HikariPool-2 - Thread starvation or clock leap detected (housekeeper delta=30m688ms).
2025-11-30 16:49:20 WARN  com.zaxxer.hikari.pool.PoolBase - HikariPool-2 - Failed to validate connection org.postgresql.jdbc.PgConnection@6d056bb (This connection has been closed.). Possibly consider using a shorter maxLifetime value.
2025-11-30 16:49:20 WARN  com.zaxxer.hikari.pool.PoolBase - HikariPool-2 - Failed to validate connection org.postgresql.jdbc.PgConnection@658406f0 (This connection has been closed.). Possibly consider using a shorter maxLifetime value.
2025-11-30 16:49:36 WARN  com.zaxxer.hikari.pool.PoolBase - HikariPool-2 - Failed to validate connection org.postgresql.jdbc.PgConnection@69b394b0 (This connection has been closed.). Possibly consider using a shorter maxLifetime value.
2025-11-30 16:49:45 WARN  com.zaxxer.hikari.pool.PoolBase - HikariPool-2 - Failed to validate connection org.postgresql.jdbc.PgConnection@330c2f3b (This connection has been closed.). Possibly consider using a shorter maxLifetime value.
2025-11-30 16:50:35 WARN  com.zaxxer.hikari.pool.PoolBase - HikariPool-2 - Failed to validate connection org.postgresql.jdbc.PgConnection@3191057 (This connection has been closed.). Possibly consider using a shorter maxLifetime value.
2025-11-30 16:50:43 WARN  com.zaxxer.hikari.pool.PoolBase - HikariPool-2 - Failed to validate connection org.postgresql.jdbc.PgConnection@2f072015 (This connection has been closed.). Possibly consider using a shorter maxLifetime value.
2025-11-30 16:50:51 WARN  com.zaxxer.hikari.pool.PoolBase - HikariPool-2 - Failed to validate connection org.postgresql.jdbc.PgConnection@42eae07d (This connection has been closed.). Possibly consider using a shorter maxLifetime value.
2025-11-30 16:50:52 WARN  com.zaxxer.hikari.pool.PoolBase - HikariPool-2 - Failed to validate connection org.postgresql.jdbc.PgConnection@2c48ee4e (This connection has been closed.). Possibly consider using a shorter maxLifetime value.
2025-11-30 16:51:07 WARN  com.zaxxer.hikari.pool.PoolBase - HikariPool-2 - Failed to validate connection org.postgresql.jdbc.PgConnection@73b8be08 (This connection has been closed.). Possibly consider using a shorter maxLifetime value.
2025-11-30 16:59:56 WARN  com.zaxxer.hikari.pool.PoolBase - HikariPool-2 - Failed to validate connection org.postgresql.jdbc.PgConnection@175886ec (This connection has been closed.). Possibly consider using a shorter maxLifetime value.
2025-11-30 17:00:01 WARN  com.zaxxer.hikari.pool.PoolBase - HikariPool-2 - Failed to validate connection org.postgresql.jdbc.PgConnection@4a7799a0 (This connection has been closed.). Possibly consider using a shorter maxLifetime value.
2025-11-30 17:00:06 WARN  com.zaxxer.hikari.pool.PoolBase - HikariPool-2 - Failed to validate connection org.postgresql.jdbc.PgConnection@5dc3c520 (This connection has been closed.). Possibly consider using a shorter maxLifetime value.
2025-11-30 17:00:07 WARN  com.zaxxer.hikari.pool.PoolBase - HikariPool-2 - Failed to validate connection org.postgresql.jdbc.PgConnection@68f9d9c7 (This connection has been closed.). Possibly consider using a shorter maxLifetime value.
2025-11-30 17:00:08 WARN  com.zaxxer.hikari.pool.HikariPool - HikariPool-2 - Thread starvation or clock leap detected (housekeeper delta=7m44s703ms).
2025-11-30 17:00:20 WARN  com.zaxxer.hikari.pool.PoolBase - HikariPool-2 - Failed to validate connection org.postgresql.jdbc.PgConnection@1e35f7e1 (This connection has been closed.). Possibly consider using a shorter maxLifetime value.
2025-11-30 17:00:23 WARN  com.zaxxer.hikari.pool.PoolBase - HikariPool-2 - Failed to validate connection org.postgresql.jdbc.PgConnection@29783388 (This connection has been closed.). Possibly consider using a shorter maxLifetime value.
2025-11-30 17:00:32 WARN  com.zaxxer.hikari.pool.PoolBase - HikariPool-2 - Failed to validate connection org.postgresql.jdbc.PgConnection@fe9f081 (This connection has been closed.). Possibly consider using a shorter maxLifetime value.
2025-11-30 17:15:36 WARN  com.zaxxer.hikari.pool.HikariPool - HikariPool-2 - Thread starvation or clock leap detected (housekeeper delta=15m27s827ms).
2025-11-30 17:16:13 WARN  com.zaxxer.hikari.pool.PoolBase - HikariPool-2 - Failed to validate connection org.postgresql.jdbc.PgConnection@5ce862b6 (This connection has been closed.). Possibly consider using a shorter maxLifetime value.
2025-11-30 17:16:19 WARN  com.zaxxer.hikari.pool.PoolBase - HikariPool-2 - Failed to validate connection org.postgresql.jdbc.PgConnection@74496d25 (This connection has been closed.). Possibly consider using a shorter maxLifetime value.
2025-11-30 17:16:20 WARN  com.zaxxer.hikari.pool.PoolBase - HikariPool-2 - Failed to validate connection org.postgresql.jdbc.PgConnection@417022ec (This connection has been closed.). Possibly consider using a shorter maxLifetime value.
2025-11-30 17:16:38 WARN  com.zaxxer.hikari.pool.PoolBase - HikariPool-2 - Failed to validate connection org.postgresql.jdbc.PgConnection@52f1c66c (This connection has been closed.). Possibly consider using a shorter maxLifetime value.
2025-11-30 17:16:42 WARN  com.zaxxer.hikari.pool.PoolBase - HikariPool-2 - Failed to validate connection org.postgresql.jdbc.PgConnection@2380d263 (This connection has been closed.). Possibly consider using a shorter maxLifetime value.
2025-11-30 17:16:44 WARN  com.zaxxer.hikari.pool.PoolBase - HikariPool-2 - Failed to validate connection org.postgresql.jdbc.PgConnection@6327e3bd (This connection has been closed.). Possibly consider using a shorter maxLifetime value.
2025-11-30 17:16:50 WARN  com.zaxxer.hikari.pool.PoolBase - HikariPool-2 - Failed to validate connection org.postgresql.jdbc.PgConnection@3f398b13 (This connection has been closed.). Possibly consider using a shorter maxLifetime value.
2025-11-30 17:16:55 WARN  com.zaxxer.hikari.pool.PoolBase - HikariPool-2 - Failed to validate connection org.postgresql.jdbc.PgConnection@233ccc6 (This connection has been closed.). Possibly consider using a shorter maxLifetime value.
2025-11-30 17:17:19 WARN  com.zaxxer.hikari.pool.PoolBase - HikariPool-2 - Failed to validate connection org.postgresql.jdbc.PgConnection@5e55fd36 (This connection has been closed.). Possibly consider using a shorter maxLifetime value.
2025-11-30 17:17:22 WARN  com.zaxxer.hikari.pool.PoolBase - HikariPool-2 - Failed to validate connection org.postgresql.jdbc.PgConnection@2241f132 (This connection has been closed.). Possibly consider using a shorter maxLifetime value.
2025-11-30 17:57:21 WARN  com.zaxxer.hikari.pool.PoolBase - HikariPool-2 - Failed to validate connection org.postgresql.jdbc.PgConnection@73d1150f (This connection has been closed.). Possibly consider using a shorter maxLifetime value.
2025-11-30 17:57:29 WARN  com.zaxxer.hikari.pool.HikariPool - HikariPool-2 - Thread starvation or clock leap detected (housekeeper delta=17m18s749ms).
2025-11-30 17:57:37 WARN  com.zaxxer.hikari.pool.PoolBase - HikariPool-2 - Failed to validate connection org.postgresql.jdbc.PgConnection@6db74491 (This connection has been closed.). Possibly consider using a shorter maxLifetime value.
2025-11-30 17:57:42 WARN  com.zaxxer.hikari.pool.PoolBase - HikariPool-2 - Failed to validate connection org.postgresql.jdbc.PgConnection@6dc620f0 (This connection has been closed.). Possibly consider using a shorter maxLifetime value.
2025-11-30 18:02:10 WARN  com.zaxxer.hikari.pool.PoolBase - HikariPool-2 - Failed to validate connection org.postgresql.jdbc.PgConnection@89ca0f2 (This connection has been closed.). Possibly consider using a shorter maxLifetime value.
2025-11-30 18:02:12 WARN  com.zaxxer.hikari.pool.HikariPool - HikariPool-2 - Thread starvation or clock leap detected (housekeeper delta=4m43s409ms).
2025-11-30 18:02:26 WARN  com.zaxxer.hikari.pool.PoolBase - HikariPool-2 - Failed to validate connection org.postgresql.jdbc.PgConnection@7ba2651e (This connection has been closed.). Possibly consider using a shorter maxLifetime value.
2025-11-30 18:02:43 WARN  com.zaxxer.hikari.pool.PoolBase - HikariPool-2 - Failed to validate connection org.postgresql.jdbc.PgConnection@16d4c1a8 (This connection has been closed.). Possibly consider using a shorter maxLifetime value.
2025-11-30 18:18:12 WARN  com.zaxxer.hikari.pool.PoolBase - HikariPool-2 - Failed to validate connection org.postgresql.jdbc.PgConnection@214b4d7d (This connection has been closed.). Possibly consider using a shorter maxLifetime value.
2025-11-30 18:18:12 WARN  com.zaxxer.hikari.pool.PoolBase - HikariPool-2 - Failed to validate connection org.postgresql.jdbc.PgConnection@794007c3 (This connection has been closed.). Possibly consider using a shorter maxLifetime value.
2025-11-30 18:18:16 WARN  com.zaxxer.hikari.pool.PoolBase - HikariPool-2 - Failed to validate connection org.postgresql.jdbc.PgConnection@1790cbe0 (This connection has been closed.). Possibly consider using a shorter maxLifetime value.
2025-11-30 18:18:28 WARN  com.zaxxer.hikari.pool.HikariPool - HikariPool-2 - Thread starvation or clock leap detected (housekeeper delta=15m46s26ms).
2025-11-30 18:18:44 WARN  com.zaxxer.hikari.pool.PoolBase - HikariPool-2 - Failed to validate connection org.postgresql.jdbc.PgConnection@6ccb4cca (This connection has been closed.). Possibly consider using a shorter maxLifetime value.
2025-11-30 18:19:01 WARN  com.zaxxer.hikari.pool.PoolBase - HikariPool-2 - Failed to validate connection org.postgresql.jdbc.PgConnection@16d09c04 (This connection has been closed.). Possibly consider using a shorter maxLifetime value.
2025-11-30 18:19:04 WARN  com.zaxxer.hikari.pool.PoolBase - HikariPool-2 - Failed to validate connection org.postgresql.jdbc.PgConnection@31153bd2 (This connection has been closed.). Possibly consider using a shorter maxLifetime value.
2025-11-30 18:37:03 WARN  com.zaxxer.hikari.pool.PoolBase - HikariPool-2 - Failed to validate connection org.postgresql.jdbc.PgConnection@61939b32 (This connection has been closed.). Possibly consider using a shorter maxLifetime value.
2025-11-30 18:37:19 WARN  com.zaxxer.hikari.pool.HikariPool - HikariPool-2 - Thread starvation or clock leap detected (housekeeper delta=18m20s379ms).
2025-11-30 18:37:20 WARN  com.zaxxer.hikari.pool.PoolBase - HikariPool-2 - Failed to validate connection org.postgresql.jdbc.PgConnection@9b6e19 (This connection has been closed.). Possibly consider using a shorter maxLifetime value.
2025-11-30 18:37:27 WARN  com.zaxxer.hikari.pool.PoolBase - HikariPool-2 - Failed to validate connection org.postgresql.jdbc.PgConnection@65ff4c43 (This connection has been closed.). Possibly consider using a shorter maxLifetime value.
2025-11-30 18:37:31 WARN  com.zaxxer.hikari.pool.PoolBase - HikariPool-2 - Failed to validate connection org.postgresql.jdbc.PgConnection@455839ed (This connection has been closed.). Possibly consider using a shorter maxLifetime value.
2025-11-30 18:37:40 WARN  com.zaxxer.hikari.pool.PoolBase - HikariPool-2 - Failed to validate connection org.postgresql.jdbc.PgConnection@1d3b9ca3 (This connection has been closed.). Possibly consider using a shorter maxLifetime value.
2025-11-30 18:38:03 WARN  com.zaxxer.hikari.pool.PoolBase - HikariPool-2 - Failed to validate connection org.postgresql.jdbc.PgConnection@5f309d44 (This connection has been closed.). Possibly consider using a shorter maxLifetime value.
2025-11-30 18:38:04 WARN  com.zaxxer.hikari.pool.PoolBase - HikariPool-2 - Failed to validate connection org.postgresql.jdbc.PgConnection@1a3c115d (This connection has been closed.). Possibly consider using a shorter maxLifetime value.
2025-11-30 18:38:19 WARN  com.zaxxer.hikari.pool.PoolBase - HikariPool-2 - Failed to validate connection org.postgresql.jdbc.PgConnection@52fdc5c7 (This connection has been closed.). Possibly consider using a shorter maxLifetime value.
2025-11-30 18:38:32 WARN  com.zaxxer.hikari.pool.PoolBase - HikariPool-2 - Failed to validate connection org.postgresql.jdbc.PgConnection@481e3ae0 (This connection has been closed.). Possibly consider using a shorter maxLifetime value.
2025-11-30 18:38:42 WARN  com.zaxxer.hikari.pool.PoolBase - HikariPool-2 - Failed to validate connection org.postgresql.jdbc.PgConnection@ebd5427 (This connection has been closed.). Possibly consider using a shorter maxLifetime value.
2025-11-30 19:00:07 WARN  com.zaxxer.hikari.pool.HikariPool - HikariPool-2 - Thread starvation or clock leap detected (housekeeper delta=16m48s705ms).
2025-11-30 19:00:12 WARN  com.zaxxer.hikari.pool.PoolBase - HikariPool-2 - Failed to validate connection org.postgresql.jdbc.PgConnection@5b1e25a6 (This connection has been closed.). Possibly consider using a shorter maxLifetime value.
2025-11-30 19:00:13 WARN  com.zaxxer.hikari.pool.PoolBase - HikariPool-2 - Failed to validate connection org.postgresql.jdbc.PgConnection@1ef735dc (This connection has been closed.). Possibly consider using a shorter maxLifetime value.
2025-11-30 19:00:28 WARN  com.zaxxer.hikari.pool.PoolBase - HikariPool-2 - Failed to validate connection org.postgresql.jdbc.PgConnection@a5cdb61 (This connection has been closed.). Possibly consider using a shorter maxLifetime value.
2025-11-30 19:00:31 WARN  com.zaxxer.hikari.pool.PoolBase - HikariPool-2 - Failed to validate connection org.postgresql.jdbc.PgConnection@209c5b2d (This connection has been closed.). Possibly consider using a shorter maxLifetime value.
2025-11-30 19:00:35 WARN  com.zaxxer.hikari.pool.PoolBase - HikariPool-2 - Failed to validate connection org.postgresql.jdbc.PgConnection@762d337 (This connection has been closed.). Possibly consider using a shorter maxLifetime value.
2025-11-30 19:00:35 WARN  com.zaxxer.hikari.pool.PoolBase - HikariPool-2 - Failed to validate connection org.postgresql.jdbc.PgConnection@6b099769 (This connection has been closed.). Possibly consider using a shorter maxLifetime value.
2025-11-30 19:00:43 WARN  com.zaxxer.hikari.pool.PoolBase - HikariPool-2 - Failed to validate connection org.postgresql.jdbc.PgConnection@64a70fa5 (This connection has been closed.). Possibly consider using a shorter maxLifetime value.
2025-11-30 19:01:24 WARN  com.zaxxer.hikari.pool.PoolBase - HikariPool-2 - Failed to validate connection org.postgresql.jdbc.PgConnection@374af1b7 (This connection has been closed.). Possibly consider using a shorter maxLifetime value.
2025-11-30 19:01:28 WARN  com.zaxxer.hikari.pool.PoolBase - HikariPool-2 - Failed to validate connection org.postgresql.jdbc.PgConnection@4c596571 (This connection has been closed.). Possibly consider using a shorter maxLifetime value.
2025-11-30 19:03:40 WARN  com.zaxxer.hikari.pool.HikariPool - HikariPool-2 - Thread starvation or clock leap detected (housekeeper delta=2m32s735ms).
2025-11-30 19:03:51 WARN  com.zaxxer.hikari.pool.PoolBase - HikariPool-2 - Failed to validate connection org.postgresql.jdbc.PgConnection@6975e8d8 (This connection has been closed.). Possibly consider using a shorter maxLifetime value.
2025-11-30 19:04:14 WARN  com.zaxxer.hikari.pool.PoolBase - HikariPool-2 - Failed to validate connection org.postgresql.jdbc.PgConnection@6536b800 (This connection has been closed.). Possibly consider using a shorter maxLifetime value.
2025-11-30 19:04:20 WARN  com.zaxxer.hikari.pool.PoolBase - HikariPool-2 - Failed to validate connection org.postgresql.jdbc.PgConnection@24b62c92 (This connection has been closed.). Possibly consider using a shorter maxLifetime value.
2025-11-30 19:04:25 WARN  com.zaxxer.hikari.pool.PoolBase - HikariPool-2 - Failed to validate connection org.postgresql.jdbc.PgConnection@6e80505b (This connection has been closed.). Possibly consider using a shorter maxLifetime value.
2025-11-30 19:04:29 WARN  com.zaxxer.hikari.pool.PoolBase - HikariPool-2 - Failed to validate connection org.postgresql.jdbc.PgConnection@2640d8 (This connection has been closed.). Possibly consider using a shorter maxLifetime value.
2025-11-30 19:04:32 WARN  com.zaxxer.hikari.pool.PoolBase - HikariPool-2 - Failed to validate connection org.postgresql.jdbc.PgConnection@e470e5a (This connection has been closed.). Possibly consider using a shorter maxLifetime value.
2025-11-30 19:04:43 WARN  com.zaxxer.hikari.pool.PoolBase - HikariPool-2 - Failed to validate connection org.postgresql.jdbc.PgConnection@62298541 (This connection has been closed.). Possibly consider using a shorter maxLifetime value.
2025-11-30 19:05:31 WARN  com.zaxxer.hikari.pool.PoolBase - HikariPool-2 - Failed to validate connection org.postgresql.jdbc.PgConnection@4c2459ac (This connection has been closed.). Possibly consider using a shorter maxLifetime value.
2025-11-30 21:39:07 WARN  com.zaxxer.hikari.pool.HikariPool - HikariPool-2 - Thread starvation or clock leap detected (housekeeper delta=2m18s846ms).
2025-11-30 21:39:35 INFO  o.a.c.c.C.[Tomcat].[localhost].[/] - Initializing Spring DispatcherServlet 'dispatcherServlet'
2025-11-30 21:39:35 INFO  o.s.web.servlet.DispatcherServlet - Initializing Servlet 'dispatcherServlet'
2025-11-30 21:39:35 INFO  o.s.web.servlet.DispatcherServlet - Completed initialization in 7 ms
2025-11-30 21:39:45 WARN  com.zaxxer.hikari.pool.PoolBase - HikariPool-2 - Failed to validate connection org.postgresql.jdbc.PgConnection@35b32378 (This connection has been closed.). Possibly consider using a shorter maxLifetime value.
2025-11-30 22:09:42 WARN  com.zaxxer.hikari.pool.PoolBase - HikariPool-2 - Failed to validate connection org.postgresql.jdbc.PgConnection@5fd9d4a0 (This connection has been closed.). Possibly consider using a shorter maxLifetime value.
2025-11-30 22:09:47 WARN  com.zaxxer.hikari.pool.PoolBase - HikariPool-2 - Failed to validate connection org.postgresql.jdbc.PgConnection@5cfe951d (This connection has been closed.). Possibly consider using a shorter maxLifetime value.
2025-11-30 22:11:00 WARN  com.zaxxer.hikari.pool.HikariPool - HikariPool-2 - Thread starvation or clock leap detected (housekeeper delta=1m18s221ms).
2025-11-30 22:11:12 WARN  com.zaxxer.hikari.pool.PoolBase - HikariPool-2 - Failed to validate connection org.postgresql.jdbc.PgConnection@4d1336f6 (This connection has been closed.). Possibly consider using a shorter maxLifetime value.
2025-11-30 22:11:17 WARN  com.zaxxer.hikari.pool.PoolBase - HikariPool-2 - Failed to validate connection org.postgresql.jdbc.PgConnection@8ea4e1e (This connection has been closed.). Possibly consider using a shorter maxLifetime value.
2025-11-30 22:11:24 WARN  com.zaxxer.hikari.pool.PoolBase - HikariPool-2 - Failed to validate connection org.postgresql.jdbc.PgConnection@20147463 (This connection has been closed.). Possibly consider using a shorter maxLifetime value.
2025-11-30 22:11:29 WARN  com.zaxxer.hikari.pool.PoolBase - HikariPool-2 - Failed to validate connection org.postgresql.jdbc.PgConnection@18201c75 (This connection has been closed.). Possibly consider using a shorter maxLifetime value.
2025-11-30 22:11:53 WARN  com.zaxxer.hikari.pool.PoolBase - HikariPool-2 - Failed to validate connection org.postgresql.jdbc.PgConnection@42602bd1 (This connection has been closed.). Possibly consider using a shorter maxLifetime value.
2025-11-30 22:12:02 WARN  com.zaxxer.hikari.pool.PoolBase - HikariPool-2 - Failed to validate connection org.postgresql.jdbc.PgConnection@17764e73 (This connection has been closed.). Possibly consider using a shorter maxLifetime value.
2025-11-30 22:12:07 WARN  com.zaxxer.hikari.pool.PoolBase - HikariPool-2 - Failed to validate connection org.postgresql.jdbc.PgConnection@2aa646bb (This connection has been closed.). Possibly consider using a shorter maxLifetime value.
2025-11-30 22:12:12 WARN  com.zaxxer.hikari.pool.PoolBase - HikariPool-2 - Failed to validate connection org.postgresql.jdbc.PgConnection@69972d2d (This connection has been closed.). Possibly consider using a shorter maxLifetime value.
2025-11-30 22:31:06 WARN  com.zaxxer.hikari.pool.PoolBase - HikariPool-2 - Failed to validate connection org.postgresql.jdbc.PgConnection@383b3808 (This connection has been closed.). Possibly consider using a shorter maxLifetime value.
2025-11-30 22:31:07 WARN  com.zaxxer.hikari.pool.HikariPool - HikariPool-2 - Thread starvation or clock leap detected (housekeeper delta=7m5s52ms).
2025-11-30 22:48:49 WARN  com.zaxxer.hikari.pool.PoolBase - HikariPool-2 - Failed to validate connection org.postgresql.jdbc.PgConnection@532a408d (This connection has been closed.). Possibly consider using a shorter maxLifetime value.
2025-11-30 22:48:51 WARN  com.zaxxer.hikari.pool.PoolBase - HikariPool-2 - Failed to validate connection org.postgresql.jdbc.PgConnection@1328870c (This connection has been closed.). Possibly consider using a shorter maxLifetime value.
2025-11-30 23:36:14 WARN  com.zaxxer.hikari.pool.PoolBase - HikariPool-2 - Failed to validate connection org.postgresql.jdbc.PgConnection@37d41e2f (This connection has been closed.). Possibly consider using a shorter maxLifetime value.
2025-11-30 23:36:16 WARN  com.zaxxer.hikari.pool.PoolBase - HikariPool-2 - Failed to validate connection org.postgresql.jdbc.PgConnection@54faa1df (This connection has been closed.). Possibly consider using a shorter maxLifetime value.
2025-11-30 23:51:38 WARN  com.zaxxer.hikari.pool.HikariPool - HikariPool-2 - Thread starvation or clock leap detected (housekeeper delta=1h20m31s510ms).
