2026-01-25 00:09:13 WARN  com.zaxxer.hikari.pool.PoolBase - HikariPool-1 - Failed to validate connection org.postgresql.jdbc.PgConnection@50c2698e (This connection has been closed.). Possibly consider using a shorter maxLifetime value.
2026-01-25 00:09:16 WARN  com.zaxxer.hikari.pool.PoolBase - HikariPool-1 - Failed to validate connection org.postgresql.jdbc.PgConnection@62b7a88e (This connection has been closed.). Possibly consider using a shorter maxLifetime value.
2026-01-25 01:00:00 WARN  com.zaxxer.hikari.pool.HikariPool - HikariPool-1 - Thread starvation or clock leap detected (housekeeper delta=1h21m32s52ms).
2026-01-25 01:39:31 WARN  com.zaxxer.hikari.pool.PoolBase - HikariPool-1 - Failed to validate connection org.postgresql.jdbc.PgConnection@76267fa0 (This connection has been closed.). Possibly consider using a shorter maxLifetime value.
2026-01-25 01:39:44 WARN  com.zaxxer.hikari.pool.HikariPool - HikariPool-1 - Thread starvation or clock leap detected (housekeeper delta=39m43s840ms).
2026-01-25 01:40:00 WARN  com.zaxxer.hikari.pool.PoolBase - HikariPool-1 - Failed to validate connection org.postgresql.jdbc.PgConnection@599a6417 (This connection has been closed.). Possibly consider using a shorter maxLifetime value.
2026-01-25 01:57:51 WARN  com.zaxxer.hikari.pool.PoolBase - HikariPool-1 - Failed to validate connection org.postgresql.jdbc.PgConnection@439428c9 (This connection has been closed.). Possibly consider using a shorter maxLifetime value.
2026-01-25 02:15:45 WARN  com.zaxxer.hikari.pool.PoolBase - HikariPool-1 - Failed to validate connection org.postgresql.jdbc.PgConnection@3284d09e (This connection has been closed.). Possibly consider using a shorter maxLifetime value.
2026-01-25 02:47:34 WARN  com.zaxxer.hikari.pool.PoolBase - HikariPool-1 - Failed to validate connection org.postgresql.jdbc.PgConnection@20ab083 (This connection has been closed.). Possibly consider using a shorter maxLifetime value.
2026-01-25 02:47:39 WARN  com.zaxxer.hikari.pool.PoolBase - HikariPool-1 - Failed to validate connection org.postgresql.jdbc.PgConnection@bbd9473 (This connection has been closed.). Possibly consider using a shorter maxLifetime value.
2026-01-25 03:03:49 WARN  com.zaxxer.hikari.pool.PoolBase - HikariPool-1 - Failed to validate connection org.postgresql.jdbc.PgConnection@3bc638cf (This connection has been closed.). Possibly consider using a shorter maxLifetime value.
2026-01-25 03:18:53 WARN  com.zaxxer.hikari.pool.HikariPool - HikariPool-1 - Thread starvation or clock leap detected (housekeeper delta=1h38m39s122ms).
2026-01-25 03:18:56 WARN  com.zaxxer.hikari.pool.PoolBase - HikariPool-1 - Failed to validate connection org.postgresql.jdbc.PgConnection@3eddf350 (This connection has been closed.). Possibly consider using a shorter maxLifetime value.
2026-01-25 04:26:07 WARN  com.zaxxer.hikari.pool.PoolBase - HikariPool-1 - Failed to validate connection org.postgresql.jdbc.PgConnection@59a4f6f4 (This connection has been closed.). Possibly consider using a shorter maxLifetime value.
2026-01-25 04:26:10 WARN  com.zaxxer.hikari.pool.PoolBase - HikariPool-1 - Failed to validate connection org.postgresql.jdbc.PgConnection@47699d5f (This connection has been closed.). Possibly consider using a shorter maxLifetime value.
2026-01-25 04:26:15 WARN  com.zaxxer.hikari.pool.HikariPool - HikariPool-1 - Thread starvation or clock leap detected (housekeeper delta=1h7m21s525ms).
2026-01-25 04:26:21 WARN  com.zaxxer.hikari.pool.PoolBase - HikariPool-1 - Failed to validate connection org.postgresql.jdbc.PgConnection@167fb191 (This connection has been closed.). Possibly consider using a shorter maxLifetime value.
2026-01-25 04:43:20 WARN  com.zaxxer.hikari.pool.PoolBase - HikariPool-1 - Failed to validate connection org.postgresql.jdbc.PgConnection@4ef07a74 (This connection has been closed.). Possibly consider using a shorter maxLifetime value.
2026-01-25 05:00:47 WARN  com.zaxxer.hikari.pool.PoolBase - HikariPool-1 - Failed to validate connection org.postgresql.jdbc.PgConnection@2e604787 (This connection has been closed.). Possibly consider using a shorter maxLifetime value.
2026-01-25 05:34:42 WARN  com.zaxxer.hikari.pool.PoolBase - HikariPool-1 - Failed to validate connection org.postgresql.jdbc.PgConnection@1cd40238 (This connection has been closed.). Possibly consider using a shorter maxLifetime value.
2026-01-25 05:34:44 WARN  com.zaxxer.hikari.pool.HikariPool - HikariPool-1 - Thread starvation or clock leap detected (housekeeper delta=1h7m59s619ms).
2026-01-25 05:37:12 WARN  com.zaxxer.hikari.pool.PoolBase - HikariPool-1 - Failed to validate connection org.postgresql.jdbc.PgConnection@3171606f (This connection has been closed.). Possibly consider using a shorter maxLifetime value.
2026-01-25 05:37:21 WARN  com.zaxxer.hikari.pool.PoolBase - HikariPool-1 - Failed to validate connection org.postgresql.jdbc.PgConnection@bb9b99b (This connection has been closed.). Possibly consider using a shorter maxLifetime value.
2026-01-25 05:37:31 WARN  com.zaxxer.hikari.pool.HikariPool - HikariPool-1 - Thread starvation or clock leap detected (housekeeper delta=2m46s612ms).
2026-01-25 05:39:30 WARN  com.zaxxer.hikari.pool.HikariPool - HikariPool-1 - Thread starvation or clock leap detected (housekeeper delta=1m59s132ms).
2026-01-25 06:25:25 WARN  com.zaxxer.hikari.pool.HikariPool - HikariPool-1 - Thread starvation or clock leap detected (housekeeper delta=45m24s984ms).
2026-01-25 06:25:48 WARN  com.zaxxer.hikari.pool.PoolBase - HikariPool-1 - Failed to validate connection org.postgresql.jdbc.PgConnection@26e6a951 (This connection has been closed.). Possibly consider using a shorter maxLifetime value.
2026-01-25 06:25:50 WARN  com.zaxxer.hikari.pool.PoolBase - HikariPool-1 - Failed to validate connection org.postgresql.jdbc.PgConnection@52634f94 (This connection has been closed.). Possibly consider using a shorter maxLifetime value.
2026-01-25 06:25:52 WARN  com.zaxxer.hikari.pool.PoolBase - HikariPool-1 - Failed to validate connection org.postgresql.jdbc.PgConnection@3822b6a3 (This connection has been closed.). Possibly consider using a shorter maxLifetime value.
2026-01-25 06:25:55 WARN  com.zaxxer.hikari.pool.PoolBase - HikariPool-1 - Failed to validate connection org.postgresql.jdbc.PgConnection@2b1d3cd7 (This connection has been closed.). Possibly consider using a shorter maxLifetime value.
2026-01-25 06:25:56 WARN  com.zaxxer.hikari.pool.PoolBase - HikariPool-1 - Failed to validate connection org.postgresql.jdbc.PgConnection@3d14cf29 (This connection has been closed.). Possibly consider using a shorter maxLifetime value.
2026-01-25 06:41:44 WARN  com.zaxxer.hikari.pool.PoolBase - HikariPool-1 - Failed to validate connection org.postgresql.jdbc.PgConnection@754338f0 (This connection has been closed.). Possibly consider using a shorter maxLifetime value.
2026-01-25 06:41:47 WARN  com.zaxxer.hikari.pool.PoolBase - HikariPool-1 - Failed to validate connection org.postgresql.jdbc.PgConnection@58f90f55 (This connection has been closed.). Possibly consider using a shorter maxLifetime value.
2026-01-25 06:41:47 WARN  com.zaxxer.hikari.pool.PoolBase - HikariPool-1 - Failed to validate connection org.postgresql.jdbc.PgConnection@1a407b19 (This connection has been closed.). Possibly consider using a shorter maxLifetime value.
2026-01-25 06:41:48 WARN  com.zaxxer.hikari.pool.PoolBase - HikariPool-1 - Failed to validate connection org.postgresql.jdbc.PgConnection@1b692ff (This connection has been closed.). Possibly consider using a shorter maxLifetime value.
2026-01-25 06:57:33 WARN  com.zaxxer.hikari.pool.PoolBase - HikariPool-1 - Failed to validate connection org.postgresql.jdbc.PgConnection@6d5ebe81 (This connection has been closed.). Possibly consider using a shorter maxLifetime value.
2026-01-25 07:38:08 WARN  com.zaxxer.hikari.pool.HikariPool - HikariPool-1 - Thread starvation or clock leap detected (housekeeper delta=1h12m12s424ms).
2026-01-25 08:39:04 WARN  com.zaxxer.hikari.pool.HikariPool - HikariPool-1 - Thread starvation or clock leap detected (housekeeper delta=1h26s860ms).
2026-01-25 08:39:09 WARN  com.zaxxer.hikari.pool.PoolBase - HikariPool-1 - Failed to validate connection org.postgresql.jdbc.PgConnection@7d4d87d8 (This connection has been closed.). Possibly consider using a shorter maxLifetime value.
2026-01-25 08:39:10 WARN  com.zaxxer.hikari.pool.PoolBase - HikariPool-1 - Failed to validate connection org.postgresql.jdbc.PgConnection@51d8e4d7 (This connection has been closed.). Possibly consider using a shorter maxLifetime value.
2026-01-25 08:39:12 WARN  com.zaxxer.hikari.pool.PoolBase - HikariPool-1 - Failed to validate connection org.postgresql.jdbc.PgConnection@496af2db (This connection has been closed.). Possibly consider using a shorter maxLifetime value.
2026-01-25 08:39:19 WARN  com.zaxxer.hikari.pool.PoolBase - HikariPool-1 - Failed to validate connection org.postgresql.jdbc.PgConnection@5808cf69 (This connection has been closed.). Possibly consider using a shorter maxLifetime value.
2026-01-25 08:39:22 WARN  com.zaxxer.hikari.pool.PoolBase - HikariPool-1 - Failed to validate connection org.postgresql.jdbc.PgConnection@4fb3c478 (This connection has been closed.). Possibly consider using a shorter maxLifetime value.
2026-01-25 08:39:24 WARN  com.zaxxer.hikari.pool.PoolBase - HikariPool-1 - Failed to validate connection org.postgresql.jdbc.PgConnection@51510b7f (This connection has been closed.). Possibly consider using a shorter maxLifetime value.
2026-01-25 08:39:24 WARN  com.zaxxer.hikari.pool.PoolBase - HikariPool-1 - Failed to validate connection org.postgresql.jdbc.PgConnection@4f3ce5bb (This connection has been closed.). Possibly consider using a shorter maxLifetime value.
2026-01-25 08:39:26 WARN  com.zaxxer.hikari.pool.PoolBase - HikariPool-1 - Failed to validate connection org.postgresql.jdbc.PgConnection@4d0b64b9 (This connection has been closed.). Possibly consider using a shorter maxLifetime value.
2026-01-25 09:40:01 WARN  com.zaxxer.hikari.pool.HikariPool - HikariPool-1 - Thread starvation or clock leap detected (housekeeper delta=1h26s775ms).
2026-01-25 10:19:04 WARN  com.zaxxer.hikari.pool.HikariPool - HikariPool-1 - Thread starvation or clock leap detected (housekeeper delta=38m32s727ms).
2026-01-25 10:41:11 WARN  com.zaxxer.hikari.pool.HikariPool - HikariPool-1 - Thread starvation or clock leap detected (housekeeper delta=21m37s5ms).
2026-01-25 11:34:08 WARN  com.zaxxer.hikari.pool.HikariPool - HikariPool-1 - Thread starvation or clock leap detected (housekeeper delta=52m27s135ms).
2026-01-25 11:42:03 WARN  com.zaxxer.hikari.pool.HikariPool - HikariPool-1 - Thread starvation or clock leap detected (housekeeper delta=5m4s643ms).
2026-01-25 11:42:12 WARN  com.zaxxer.hikari.pool.PoolBase - HikariPool-1 - Failed to validate connection org.postgresql.jdbc.PgConnection@1ccaf964 (This connection has been closed.). Possibly consider using a shorter maxLifetime value.
2026-01-25 11:42:17 WARN  com.zaxxer.hikari.pool.PoolBase - HikariPool-1 - Failed to validate connection org.postgresql.jdbc.PgConnection@6da02744 (This connection has been closed.). Possibly consider using a shorter maxLifetime value.
2026-01-25 11:42:19 WARN  com.zaxxer.hikari.pool.PoolBase - HikariPool-1 - Failed to validate connection org.postgresql.jdbc.PgConnection@7b98a8e5 (This connection has been closed.). Possibly consider using a shorter maxLifetime value.
2026-01-25 11:42:23 WARN  com.zaxxer.hikari.pool.PoolBase - HikariPool-1 - Failed to validate connection org.postgresql.jdbc.PgConnection@30d27f2b (This connection has been closed.). Possibly consider using a shorter maxLifetime value.
2026-01-25 11:42:24 WARN  com.zaxxer.hikari.pool.PoolBase - HikariPool-1 - Failed to validate connection org.postgresql.jdbc.PgConnection@3ddd70cb (This connection has been closed.). Possibly consider using a shorter maxLifetime value.
2026-01-25 11:42:34 WARN  com.zaxxer.hikari.pool.PoolBase - HikariPool-1 - Failed to validate connection org.postgresql.jdbc.PgConnection@512bfa33 (This connection has been closed.). Possibly consider using a shorter maxLifetime value.
2026-01-25 11:42:41 WARN  com.zaxxer.hikari.pool.PoolBase - HikariPool-1 - Failed to validate connection org.postgresql.jdbc.PgConnection@4cc2be96 (This connection has been closed.). Possibly consider using a shorter maxLifetime value.
2026-01-25 11:58:47 WARN  com.zaxxer.hikari.pool.PoolBase - HikariPool-1 - Failed to validate connection org.postgresql.jdbc.PgConnection@14bb5fe5 (This connection has been closed.). Possibly consider using a shorter maxLifetime value.
2026-01-25 12:15:22 WARN  com.zaxxer.hikari.pool.PoolBase - HikariPool-1 - Failed to validate connection org.postgresql.jdbc.PgConnection@77dff678 (This connection has been closed.). Possibly consider using a shorter maxLifetime value.
2026-01-25 12:32:00 WARN  com.zaxxer.hikari.pool.PoolBase - HikariPool-1 - Failed to validate connection org.postgresql.jdbc.PgConnection@13533cd2 (This connection has been closed.). Possibly consider using a shorter maxLifetime value.
2026-01-25 12:32:03 WARN  com.zaxxer.hikari.pool.HikariPool - HikariPool-1 - Thread starvation or clock leap detected (housekeeper delta=49m30s150ms).
2026-01-25 12:43:30 WARN  com.zaxxer.hikari.pool.HikariPool - HikariPool-1 - Thread starvation or clock leap detected (housekeeper delta=11m26s661ms).
2026-01-25 12:43:45 WARN  com.zaxxer.hikari.pool.PoolBase - HikariPool-1 - Failed to validate connection org.postgresql.jdbc.PgConnection@5dd90d2a (This connection has been closed.). Possibly consider using a shorter maxLifetime value.
2026-01-25 13:34:11 WARN  com.zaxxer.hikari.pool.HikariPool - HikariPool-1 - Thread starvation or clock leap detected (housekeeper delta=50m41s111ms).
2026-01-25 13:34:14 WARN  com.zaxxer.hikari.pool.PoolBase - HikariPool-1 - Failed to validate connection org.postgresql.jdbc.PgConnection@7d7cd0a1 (This connection has been closed.). Possibly consider using a shorter maxLifetime value.
2026-01-25 13:44:07 WARN  com.zaxxer.hikari.pool.PoolBase - HikariPool-1 - Failed to validate connection org.postgresql.jdbc.PgConnection@62e635ef (This connection has been closed.). Possibly consider using a shorter maxLifetime value.
2026-01-25 13:44:07 WARN  com.zaxxer.hikari.pool.PoolBase - HikariPool-1 - Failed to validate connection org.postgresql.jdbc.PgConnection@480fdc0f (This connection has been closed.). Possibly consider using a shorter maxLifetime value.
2026-01-25 13:44:11 WARN  com.zaxxer.hikari.pool.PoolBase - HikariPool-1 - Failed to validate connection org.postgresql.jdbc.PgConnection@2196f338 (This connection has been closed.). Possibly consider using a shorter maxLifetime value.
2026-01-25 13:44:12 WARN  com.zaxxer.hikari.pool.PoolBase - HikariPool-1 - Failed to validate connection org.postgresql.jdbc.PgConnection@720cf3a8 (This connection has been closed.). Possibly consider using a shorter maxLifetime value.
2026-01-25 13:44:25 WARN  com.zaxxer.hikari.pool.PoolBase - HikariPool-1 - Failed to validate connection org.postgresql.jdbc.PgConnection@4ee517dd (This connection has been closed.). Possibly consider using a shorter maxLifetime value.
2026-01-25 13:44:25 WARN  com.zaxxer.hikari.pool.PoolBase - HikariPool-1 - Failed to validate connection org.postgresql.jdbc.PgConnection@6e2576b6 (This connection has been closed.). Possibly consider using a shorter maxLifetime value.
2026-01-25 13:44:27 WARN  com.zaxxer.hikari.pool.HikariPool - HikariPool-1 - Thread starvation or clock leap detected (housekeeper delta=10m15s625ms).
2026-01-25 13:44:36 WARN  com.zaxxer.hikari.pool.PoolBase - HikariPool-1 - Failed to validate connection org.postgresql.jdbc.PgConnection@7b214969 (This connection has been closed.). Possibly consider using a shorter maxLifetime value.
2026-01-25 13:44:40 WARN  com.zaxxer.hikari.pool.PoolBase - HikariPool-1 - Failed to validate connection org.postgresql.jdbc.PgConnection@7977523 (This connection has been closed.). Possibly consider using a shorter maxLifetime value.
2026-01-25 14:18:02 WARN  com.zaxxer.hikari.pool.HikariPool - HikariPool-1 - Thread starvation or clock leap detected (housekeeper delta=33m35s504ms).
2026-01-25 14:38:33 WARN  com.zaxxer.hikari.pool.HikariPool - HikariPool-1 - Thread starvation or clock leap detected (housekeeper delta=20m30s208ms).
2026-01-25 14:38:33 WARN  com.zaxxer.hikari.pool.PoolBase - HikariPool-1 - Failed to validate connection org.postgresql.jdbc.PgConnection@42c223a1 (This connection has been closed.). Possibly consider using a shorter maxLifetime value.
2026-01-25 14:45:16 WARN  com.zaxxer.hikari.pool.PoolBase - HikariPool-1 - Failed to validate connection org.postgresql.jdbc.PgConnection@492e515f (This connection has been closed.). Possibly consider using a shorter maxLifetime value.
2026-01-25 14:45:18 WARN  com.zaxxer.hikari.pool.PoolBase - HikariPool-1 - Failed to validate connection org.postgresql.jdbc.PgConnection@26a0e10b (This connection has been closed.). Possibly consider using a shorter maxLifetime value.
2026-01-25 14:45:20 WARN  com.zaxxer.hikari.pool.PoolBase - HikariPool-1 - Failed to validate connection org.postgresql.jdbc.PgConnection@5f847096 (This connection has been closed.). Possibly consider using a shorter maxLifetime value.
2026-01-25 14:45:22 WARN  com.zaxxer.hikari.pool.HikariPool - HikariPool-1 - Thread starvation or clock leap detected (housekeeper delta=6m49s321ms).
2026-01-25 14:45:23 WARN  com.zaxxer.hikari.pool.PoolBase - HikariPool-1 - Failed to validate connection org.postgresql.jdbc.PgConnection@649b6690 (This connection has been closed.). Possibly consider using a shorter maxLifetime value.
2026-01-25 14:45:27 WARN  com.zaxxer.hikari.pool.PoolBase - HikariPool-1 - Failed to validate connection org.postgresql.jdbc.PgConnection@71fba48c (This connection has been closed.). Possibly consider using a shorter maxLifetime value.
2026-01-25 14:45:30 WARN  com.zaxxer.hikari.pool.PoolBase - HikariPool-1 - Failed to validate connection org.postgresql.jdbc.PgConnection@50f2bb01 (This connection has been closed.). Possibly consider using a shorter maxLifetime value.
2026-01-25 14:45:38 WARN  com.zaxxer.hikari.pool.PoolBase - HikariPool-1 - Failed to validate connection org.postgresql.jdbc.PgConnection@2c0e6149 (This connection has been closed.). Possibly consider using a shorter maxLifetime value.
2026-01-25 14:45:43 WARN  com.zaxxer.hikari.pool.PoolBase - HikariPool-1 - Failed to validate connection org.postgresql.jdbc.PgConnection@3f6d2495 (This connection has been closed.). Possibly consider using a shorter maxLifetime value.
2026-01-25 15:01:25 WARN  com.zaxxer.hikari.pool.HikariPool - HikariPool-1 - Thread starvation or clock leap detected (housekeeper delta=16m2s911ms).
2026-01-25 15:18:32 WARN  com.zaxxer.hikari.pool.PoolBase - HikariPool-1 - Failed to validate connection org.postgresql.jdbc.PgConnection@7a02baca (This connection has been closed.). Possibly consider using a shorter maxLifetime value.
2026-01-25 15:19:05 WARN  com.zaxxer.hikari.pool.HikariPool - HikariPool-1 - Thread starvation or clock leap detected (housekeeper delta=17m40s579ms).
2026-01-25 15:34:48 WARN  com.zaxxer.hikari.pool.PoolBase - HikariPool-1 - Failed to validate connection org.postgresql.jdbc.PgConnection@47483222 (This connection has been closed.). Possibly consider using a shorter maxLifetime value.
2026-01-25 15:46:09 WARN  com.zaxxer.hikari.pool.HikariPool - HikariPool-1 - Thread starvation or clock leap detected (housekeeper delta=27m3s726ms).
2026-01-25 15:46:13 WARN  com.zaxxer.hikari.pool.PoolBase - HikariPool-1 - Failed to validate connection org.postgresql.jdbc.PgConnection@7eecc3d8 (This connection has been closed.). Possibly consider using a shorter maxLifetime value.
2026-01-25 15:46:21 WARN  com.zaxxer.hikari.pool.PoolBase - HikariPool-1 - Failed to validate connection org.postgresql.jdbc.PgConnection@114473d4 (This connection has been closed.). Possibly consider using a shorter maxLifetime value.
2026-01-25 15:46:22 WARN  com.zaxxer.hikari.pool.PoolBase - HikariPool-1 - Failed to validate connection org.postgresql.jdbc.PgConnection@27a95172 (This connection has been closed.). Possibly consider using a shorter maxLifetime value.
2026-01-25 15:46:30 WARN  com.zaxxer.hikari.pool.PoolBase - HikariPool-1 - Failed to validate connection org.postgresql.jdbc.PgConnection@6ca8bd02 (This connection has been closed.). Possibly consider using a shorter maxLifetime value.
2026-01-25 15:46:35 WARN  com.zaxxer.hikari.pool.PoolBase - HikariPool-1 - Failed to validate connection org.postgresql.jdbc.PgConnection@7c9b74a6 (This connection has been closed.). Possibly consider using a shorter maxLifetime value.
2026-01-25 15:46:37 WARN  com.zaxxer.hikari.pool.PoolBase - HikariPool-1 - Failed to validate connection org.postgresql.jdbc.PgConnection@38bd7713 (This connection has been closed.). Possibly consider using a shorter maxLifetime value.
2026-01-25 15:46:38 WARN  com.zaxxer.hikari.pool.PoolBase - HikariPool-1 - Failed to validate connection org.postgresql.jdbc.PgConnection@636a55ad (This connection has been closed.). Possibly consider using a shorter maxLifetime value.
2026-01-25 15:46:43 WARN  com.zaxxer.hikari.pool.PoolBase - HikariPool-1 - Failed to validate connection org.postgresql.jdbc.PgConnection@44732322 (This connection has been closed.). Possibly consider using a shorter maxLifetime value.
2026-01-25 15:49:15 WARN  com.zaxxer.hikari.pool.HikariPool - HikariPool-1 - Thread starvation or clock leap detected (housekeeper delta=2m35s986ms).
2026-01-25 15:49:17 WARN  com.zaxxer.hikari.pool.PoolBase - HikariPool-1 - Failed to validate connection org.postgresql.jdbc.PgConnection@71d60392 (This connection has been closed.). Possibly consider using a shorter maxLifetime value.
2026-01-25 15:51:50 WARN  com.zaxxer.hikari.pool.HikariPool - HikariPool-1 - Thread starvation or clock leap detected (housekeeper delta=2m35s192ms).
2026-01-25 15:51:55 WARN  com.zaxxer.hikari.pool.PoolBase - HikariPool-1 - Failed to validate connection org.postgresql.jdbc.PgConnection@13761994 (This connection has been closed.). Possibly consider using a shorter maxLifetime value.
2026-01-25 16:09:01 WARN  com.zaxxer.hikari.pool.PoolBase - HikariPool-1 - Failed to validate connection org.postgresql.jdbc.PgConnection@fca0232 (This connection has been closed.). Possibly consider using a shorter maxLifetime value.
2026-01-25 16:09:03 WARN  com.zaxxer.hikari.pool.HikariPool - HikariPool-1 - Thread starvation or clock leap detected (housekeeper delta=17m12s898ms).
2026-01-25 16:24:52 WARN  com.zaxxer.hikari.pool.PoolBase - HikariPool-1 - Failed to validate connection org.postgresql.jdbc.PgConnection@94cf8bf (This connection has been closed.). Possibly consider using a shorter maxLifetime value.
2026-01-25 16:24:53 WARN  com.zaxxer.hikari.pool.PoolBase - HikariPool-1 - Failed to validate connection org.postgresql.jdbc.PgConnection@12da656c (This connection has been closed.). Possibly consider using a shorter maxLifetime value.
2026-01-25 16:39:56 WARN  com.zaxxer.hikari.pool.PoolBase - HikariPool-1 - Failed to validate connection org.postgresql.jdbc.PgConnection@17fcfad1 (This connection has been closed.). Possibly consider using a shorter maxLifetime value.
2026-01-25 16:39:58 WARN  com.zaxxer.hikari.pool.PoolBase - HikariPool-1 - Failed to validate connection org.postgresql.jdbc.PgConnection@799b6191 (This connection has been closed.). Possibly consider using a shorter maxLifetime value.
2026-01-25 16:39:59 WARN  com.zaxxer.hikari.pool.PoolBase - HikariPool-1 - Failed to validate connection org.postgresql.jdbc.PgConnection@455206d8 (This connection has been closed.). Possibly consider using a shorter maxLifetime value.
2026-01-25 16:42:27 WARN  com.zaxxer.hikari.pool.PoolBase - HikariPool-1 - Failed to validate connection org.postgresql.jdbc.PgConnection@462ea1b (This connection has been closed.). Possibly consider using a shorter maxLifetime value.
2026-01-25 16:42:29 WARN  com.zaxxer.hikari.pool.PoolBase - HikariPool-1 - Failed to validate connection org.postgresql.jdbc.PgConnection@560dc2cb (This connection has been closed.). Possibly consider using a shorter maxLifetime value.
2026-01-25 16:42:33 WARN  com.zaxxer.hikari.pool.HikariPool - HikariPool-1 - Thread starvation or clock leap detected (housekeeper delta=33m29s678ms).
2026-01-25 16:42:42 WARN  com.zaxxer.hikari.pool.PoolBase - HikariPool-1 - Failed to validate connection org.postgresql.jdbc.PgConnection@33c7a14 (This connection has been closed.). Possibly consider using a shorter maxLifetime value.
2026-01-25 16:47:03 WARN  com.zaxxer.hikari.pool.HikariPool - HikariPool-1 - Thread starvation or clock leap detected (housekeeper delta=4m30s290ms).
2026-01-25 16:47:17 WARN  com.zaxxer.hikari.pool.PoolBase - HikariPool-1 - Failed to validate connection org.postgresql.jdbc.PgConnection@2105c37f (This connection has been closed.). Possibly consider using a shorter maxLifetime value.
2026-01-25 17:23:23 WARN  com.zaxxer.hikari.pool.PoolBase - HikariPool-1 - Failed to validate connection org.postgresql.jdbc.PgConnection@792a63f4 (This connection has been closed.). Possibly consider using a shorter maxLifetime value.
2026-01-25 17:23:24 WARN  com.zaxxer.hikari.pool.PoolBase - HikariPool-1 - Failed to validate connection org.postgresql.jdbc.PgConnection@d0fbc36 (This connection has been closed.). Possibly consider using a shorter maxLifetime value.
2026-01-25 17:39:13 WARN  com.zaxxer.hikari.pool.PoolBase - HikariPool-1 - Failed to validate connection org.postgresql.jdbc.PgConnection@26320daf (This connection has been closed.). Possibly consider using a shorter maxLifetime value.
2026-01-25 17:39:16 WARN  com.zaxxer.hikari.pool.PoolBase - HikariPool-1 - Failed to validate connection org.postgresql.jdbc.PgConnection@cadff5e (This connection has been closed.). Possibly consider using a shorter maxLifetime value.
2026-01-25 17:39:16 WARN  com.zaxxer.hikari.pool.HikariPool - HikariPool-1 - Thread starvation or clock leap detected (housekeeper delta=51m43s131ms).
2026-01-25 17:40:13 WARN  com.zaxxer.hikari.pool.PoolBase - HikariPool-1 - Failed to validate connection org.postgresql.jdbc.PgConnection@7a8cb8fb (This connection has been closed.). Possibly consider using a shorter maxLifetime value.
2026-01-25 17:40:15 WARN  com.zaxxer.hikari.pool.PoolBase - HikariPool-1 - Failed to validate connection org.postgresql.jdbc.PgConnection@3c7b6e18 (This connection has been closed.). Possibly consider using a shorter maxLifetime value.
2026-01-25 17:40:15 WARN  com.zaxxer.hikari.pool.PoolBase - HikariPool-1 - Failed to validate connection org.postgresql.jdbc.PgConnection@5fcf21c6 (This connection has been closed.). Possibly consider using a shorter maxLifetime value.
2026-01-25 17:40:24 WARN  com.zaxxer.hikari.pool.PoolBase - HikariPool-1 - Failed to validate connection org.postgresql.jdbc.PgConnection@401b01a4 (This connection has been closed.). Possibly consider using a shorter maxLifetime value.
2026-01-25 17:40:31 WARN  com.zaxxer.hikari.pool.PoolBase - HikariPool-1 - Failed to validate connection org.postgresql.jdbc.PgConnection@3f51cc43 (This connection has been closed.). Possibly consider using a shorter maxLifetime value.
2026-01-25 17:40:38 WARN  com.zaxxer.hikari.pool.HikariPool - HikariPool-1 - Thread starvation or clock leap detected (housekeeper delta=1m21s311ms).
2026-01-25 17:41:39 WARN  com.zaxxer.hikari.pool.PoolBase - HikariPool-1 - Failed to validate connection org.postgresql.jdbc.PgConnection@1b82fcd (This connection has been closed.). Possibly consider using a shorter maxLifetime value.
2026-01-25 17:41:42 WARN  com.zaxxer.hikari.pool.HikariPool - HikariPool-1 - Thread starvation or clock leap detected (housekeeper delta=1m4s897ms).
2026-01-25 17:48:05 WARN  com.zaxxer.hikari.pool.HikariPool - HikariPool-1 - Thread starvation or clock leap detected (housekeeper delta=6m22s219ms).
2026-01-25 17:48:11 WARN  com.zaxxer.hikari.pool.PoolBase - HikariPool-1 - Failed to validate connection org.postgresql.jdbc.PgConnection@3a30629 (This connection has been closed.). Possibly consider using a shorter maxLifetime value.
2026-01-25 17:48:22 WARN  com.zaxxer.hikari.pool.PoolBase - HikariPool-1 - Failed to validate connection org.postgresql.jdbc.PgConnection@6a61140e (This connection has been closed.). Possibly consider using a shorter maxLifetime value.
2026-01-25 17:48:26 WARN  com.zaxxer.hikari.pool.PoolBase - HikariPool-1 - Failed to validate connection org.postgresql.jdbc.PgConnection@4ccb6610 (This connection has been closed.). Possibly consider using a shorter maxLifetime value.
2026-01-25 17:48:28 WARN  com.zaxxer.hikari.pool.PoolBase - HikariPool-1 - Failed to validate connection org.postgresql.jdbc.PgConnection@5a3cde81 (This connection has been closed.). Possibly consider using a shorter maxLifetime value.
2026-01-25 17:48:30 WARN  com.zaxxer.hikari.pool.PoolBase - HikariPool-1 - Failed to validate connection org.postgresql.jdbc.PgConnection@389f70ac (This connection has been closed.). Possibly consider using a shorter maxLifetime value.
2026-01-25 17:48:31 WARN  com.zaxxer.hikari.pool.PoolBase - HikariPool-1 - Failed to validate connection org.postgresql.jdbc.PgConnection@7a1b6978 (This connection has been closed.). Possibly consider using a shorter maxLifetime value.
2026-01-25 17:48:32 WARN  com.zaxxer.hikari.pool.PoolBase - HikariPool-1 - Failed to validate connection org.postgresql.jdbc.PgConnection@6d776bcd (This connection has been closed.). Possibly consider using a shorter maxLifetime value.
2026-01-25 17:48:41 WARN  com.zaxxer.hikari.pool.PoolBase - HikariPool-1 - Failed to validate connection org.postgresql.jdbc.PgConnection@51037834 (This connection has been closed.). Possibly consider using a shorter maxLifetime value.
2026-01-25 17:56:42 WARN  com.zaxxer.hikari.pool.PoolBase - HikariPool-1 - Failed to validate connection org.postgresql.jdbc.PgConnection@33ab9322 (This connection has been closed.). Possibly consider using a shorter maxLifetime value.
2026-01-25 17:56:58 WARN  com.zaxxer.hikari.pool.HikariPool - HikariPool-1 - Thread starvation or clock leap detected (housekeeper delta=8m23s372ms).
2026-01-25 17:57:08 WARN  com.zaxxer.hikari.pool.PoolBase - HikariPool-1 - Failed to validate connection org.postgresql.jdbc.PgConnection@2f5cb9df (This connection has been closed.). Possibly consider using a shorter maxLifetime value.
2026-01-25 18:05:53 WARN  com.zaxxer.hikari.pool.HikariPool - HikariPool-1 - Thread starvation or clock leap detected (housekeeper delta=8m54s793ms).
2026-01-25 18:06:10 WARN  com.zaxxer.hikari.pool.PoolBase - HikariPool-1 - Failed to validate connection org.postgresql.jdbc.PgConnection@15fa7d5 (This connection has been closed.). Possibly consider using a shorter maxLifetime value.
2026-01-25 18:06:30 WARN  com.zaxxer.hikari.pool.PoolBase - HikariPool-1 - Failed to validate connection org.postgresql.jdbc.PgConnection@befa3b8 (This connection has been closed.). Possibly consider using a shorter maxLifetime value.
2026-01-25 18:06:30 WARN  com.zaxxer.hikari.pool.PoolBase - HikariPool-1 - Failed to validate connection org.postgresql.jdbc.PgConnection@95326a9 (This connection has been closed.). Possibly consider using a shorter maxLifetime value.
2026-01-25 18:06:33 WARN  com.zaxxer.hikari.pool.PoolBase - HikariPool-1 - Failed to validate connection org.postgresql.jdbc.PgConnection@73de287b (This connection has been closed.). Possibly consider using a shorter maxLifetime value.
2026-01-25 18:06:34 WARN  com.zaxxer.hikari.pool.PoolBase - HikariPool-1 - Failed to validate connection org.postgresql.jdbc.PgConnection@55aa7db (This connection has been closed.). Possibly consider using a shorter maxLifetime value.
2026-01-25 18:06:35 WARN  com.zaxxer.hikari.pool.PoolBase - HikariPool-1 - Failed to validate connection org.postgresql.jdbc.PgConnection@225c92c (This connection has been closed.). Possibly consider using a shorter maxLifetime value.
2026-01-25 18:15:45 WARN  com.zaxxer.hikari.pool.PoolBase - HikariPool-1 - Failed to validate connection org.postgresql.jdbc.PgConnection@1253c1af (This connection has been closed.). Possibly consider using a shorter maxLifetime value.
2026-01-25 18:15:48 WARN  com.zaxxer.hikari.pool.PoolBase - HikariPool-1 - Failed to validate connection org.postgresql.jdbc.PgConnection@10ccae6e (This connection has been closed.). Possibly consider using a shorter maxLifetime value.
2026-01-25 18:15:55 WARN  com.zaxxer.hikari.pool.PoolBase - HikariPool-1 - Failed to validate connection org.postgresql.jdbc.PgConnection@40f8b7d3 (This connection has been closed.). Possibly consider using a shorter maxLifetime value.
2026-01-25 18:15:59 WARN  com.zaxxer.hikari.pool.HikariPool - HikariPool-1 - Thread starvation or clock leap detected (housekeeper delta=9m36s506ms).
2026-01-25 18:18:35 WARN  com.zaxxer.hikari.pool.PoolBase - HikariPool-1 - Failed to validate connection org.postgresql.jdbc.PgConnection@606a90c8 (This connection has been closed.). Possibly consider using a shorter maxLifetime value.
2026-01-25 18:18:55 WARN  com.zaxxer.hikari.pool.HikariPool - HikariPool-1 - Thread starvation or clock leap detected (housekeeper delta=2m25s807ms).
2026-01-25 18:19:01 WARN  com.zaxxer.hikari.pool.PoolBase - HikariPool-1 - Failed to validate connection org.postgresql.jdbc.PgConnection@1063963d (This connection has been closed.). Possibly consider using a shorter maxLifetime value.
2026-01-25 18:19:14 WARN  com.zaxxer.hikari.pool.PoolBase - HikariPool-1 - Failed to validate connection org.postgresql.jdbc.PgConnection@bfee7a6 (This connection has been closed.). Possibly consider using a shorter maxLifetime value.
2026-01-25 18:19:52 WARN  com.zaxxer.hikari.pool.PoolBase - HikariPool-1 - Failed to validate connection org.postgresql.jdbc.PgConnection@1579d79e (This connection has been closed.). Possibly consider using a shorter maxLifetime value.
2026-01-25 18:19:55 WARN  com.zaxxer.hikari.pool.HikariPool - HikariPool-1 - Thread starvation or clock leap detected (housekeeper delta=1m22ms).
2026-01-25 18:20:00 WARN  com.zaxxer.hikari.pool.PoolBase - HikariPool-1 - Failed to validate connection org.postgresql.jdbc.PgConnection@600b8a10 (This connection has been closed.). Possibly consider using a shorter maxLifetime value.
2026-01-25 18:20:02 WARN  com.zaxxer.hikari.pool.PoolBase - HikariPool-1 - Failed to validate connection org.postgresql.jdbc.PgConnection@19d7bc28 (This connection has been closed.). Possibly consider using a shorter maxLifetime value.
2026-01-25 18:20:03 WARN  com.zaxxer.hikari.pool.PoolBase - HikariPool-1 - Failed to validate connection org.postgresql.jdbc.PgConnection@21b4c150 (This connection has been closed.). Possibly consider using a shorter maxLifetime value.
2026-01-25 18:31:27 WARN  com.zaxxer.hikari.pool.HikariPool - HikariPool-1 - Thread starvation or clock leap detected (housekeeper delta=11m1s826ms).
2026-01-25 18:49:02 WARN  com.zaxxer.hikari.pool.PoolBase - HikariPool-1 - Failed to validate connection org.postgresql.jdbc.PgConnection@1d53847c (This connection has been closed.). Possibly consider using a shorter maxLifetime value.
2026-01-25 18:49:21 WARN  com.zaxxer.hikari.pool.HikariPool - HikariPool-1 - Thread starvation or clock leap detected (housekeeper delta=17m54s119ms).
2026-01-25 18:49:22 WARN  com.zaxxer.hikari.pool.PoolBase - HikariPool-1 - Failed to validate connection org.postgresql.jdbc.PgConnection@313626f8 (This connection has been closed.). Possibly consider using a shorter maxLifetime value.
2026-01-25 18:49:27 WARN  com.zaxxer.hikari.pool.PoolBase - HikariPool-1 - Failed to validate connection org.postgresql.jdbc.PgConnection@377ecd06 (This connection has been closed.). Possibly consider using a shorter maxLifetime value.
2026-01-25 18:49:31 WARN  com.zaxxer.hikari.pool.PoolBase - HikariPool-1 - Failed to validate connection org.postgresql.jdbc.PgConnection@59c355f (This connection has been closed.). Possibly consider using a shorter maxLifetime value.
2026-01-25 18:49:31 WARN  com.zaxxer.hikari.pool.PoolBase - HikariPool-1 - Failed to validate connection org.postgresql.jdbc.PgConnection@59dd2f2 (This connection has been closed.). Possibly consider using a shorter maxLifetime value.
2026-01-25 18:49:34 WARN  com.zaxxer.hikari.pool.PoolBase - HikariPool-1 - Failed to validate connection org.postgresql.jdbc.PgConnection@4da49439 (This connection has been closed.). Possibly consider using a shorter maxLifetime value.
2026-01-25 18:49:39 WARN  com.zaxxer.hikari.pool.PoolBase - HikariPool-1 - Failed to validate connection org.postgresql.jdbc.PgConnection@c736676 (This connection has been closed.). Possibly consider using a shorter maxLifetime value.
2026-01-25 18:52:58 WARN  com.zaxxer.hikari.pool.HikariPool - HikariPool-1 - Thread starvation or clock leap detected (housekeeper delta=3m36s475ms).
2026-01-25 18:52:58 WARN  com.zaxxer.hikari.pool.PoolBase - HikariPool-1 - Failed to validate connection org.postgresql.jdbc.PgConnection@340c9ce (This connection has been closed.). Possibly consider using a shorter maxLifetime value.
2026-01-25 18:52:59 WARN  com.zaxxer.hikari.pool.PoolBase - HikariPool-1 - Failed to validate connection org.postgresql.jdbc.PgConnection@7d7b1b36 (This connection has been closed.). Possibly consider using a shorter maxLifetime value.
2026-01-25 18:53:05 WARN  com.zaxxer.hikari.pool.PoolBase - HikariPool-1 - Failed to validate connection org.postgresql.jdbc.PgConnection@19dd9a3f (This connection has been closed.). Possibly consider using a shorter maxLifetime value.
2026-01-25 19:10:27 WARN  com.zaxxer.hikari.pool.HikariPool - HikariPool-1 - Thread starvation or clock leap detected (housekeeper delta=16m59s262ms).
2026-01-25 19:10:30 WARN  com.zaxxer.hikari.pool.PoolBase - HikariPool-1 - Failed to validate connection org.postgresql.jdbc.PgConnection@12728fa2 (This connection has been closed.). Possibly consider using a shorter maxLifetime value.
2026-01-25 19:10:40 WARN  com.zaxxer.hikari.pool.PoolBase - HikariPool-1 - Failed to validate connection org.postgresql.jdbc.PgConnection@420cfcc2 (This connection has been closed.). Possibly consider using a shorter maxLifetime value.
2026-01-25 19:25:49 WARN  com.zaxxer.hikari.pool.PoolBase - HikariPool-1 - Failed to validate connection org.postgresql.jdbc.PgConnection@698dea8b (This connection has been closed.). Possibly consider using a shorter maxLifetime value.
2026-01-25 19:25:50 WARN  com.zaxxer.hikari.pool.PoolBase - HikariPool-1 - Failed to validate connection org.postgresql.jdbc.PgConnection@578fb5b1 (This connection has been closed.). Possibly consider using a shorter maxLifetime value.
2026-01-25 19:43:32 WARN  com.zaxxer.hikari.pool.PoolBase - HikariPool-1 - Failed to validate connection org.postgresql.jdbc.PgConnection@1b7d46c1 (This connection has been closed.). Possibly consider using a shorter maxLifetime value.
2026-01-25 19:43:35 WARN  com.zaxxer.hikari.pool.PoolBase - HikariPool-1 - Failed to validate connection org.postgresql.jdbc.PgConnection@1da22e97 (This connection has been closed.). Possibly consider using a shorter maxLifetime value.
2026-01-25 19:50:01 WARN  com.zaxxer.hikari.pool.HikariPool - HikariPool-1 - Thread starvation or clock leap detected (housekeeper delta=39m34s139ms).
2026-01-25 19:50:06 WARN  com.zaxxer.hikari.pool.PoolBase - HikariPool-1 - Failed to validate connection org.postgresql.jdbc.PgConnection@6afb8661 (This connection has been closed.). Possibly consider using a shorter maxLifetime value.
2026-01-25 19:50:11 WARN  com.zaxxer.hikari.pool.PoolBase - HikariPool-1 - Failed to validate connection org.postgresql.jdbc.PgConnection@31c98933 (This connection has been closed.). Possibly consider using a shorter maxLifetime value.
2026-01-25 19:50:27 WARN  com.zaxxer.hikari.pool.PoolBase - HikariPool-1 - Failed to validate connection org.postgresql.jdbc.PgConnection@b6d8e46 (This connection has been closed.). Possibly consider using a shorter maxLifetime value.
2026-01-25 19:50:30 WARN  com.zaxxer.hikari.pool.PoolBase - HikariPool-1 - Failed to validate connection org.postgresql.jdbc.PgConnection@2a1ac643 (This connection has been closed.). Possibly consider using a shorter maxLifetime value.
2026-01-25 20:10:46 WARN  com.zaxxer.hikari.pool.HikariPool - HikariPool-1 - Thread starvation or clock leap detected (housekeeper delta=20m14s639ms).
2026-01-25 20:11:06 WARN  com.zaxxer.hikari.pool.PoolBase - HikariPool-1 - Failed to validate connection org.postgresql.jdbc.PgConnection@9d22f9c (This connection has been closed.). Possibly consider using a shorter maxLifetime value.
2026-01-25 20:11:11 WARN  com.zaxxer.hikari.pool.PoolBase - HikariPool-1 - Failed to validate connection org.postgresql.jdbc.PgConnection@34cbca3 (This connection has been closed.). Possibly consider using a shorter maxLifetime value.
2026-01-25 20:11:29 WARN  com.zaxxer.hikari.pool.PoolBase - HikariPool-1 - Failed to validate connection org.postgresql.jdbc.PgConnection@7f184a57 (This connection has been closed.). Possibly consider using a shorter maxLifetime value.
2026-01-25 20:11:30 WARN  com.zaxxer.hikari.pool.PoolBase - HikariPool-1 - Failed to validate connection org.postgresql.jdbc.PgConnection@5dc41723 (This connection has been closed.). Possibly consider using a shorter maxLifetime value.
2026-01-25 20:11:33 WARN  com.zaxxer.hikari.pool.PoolBase - HikariPool-1 - Failed to validate connection org.postgresql.jdbc.PgConnection@3b0b119c (This connection has been closed.). Possibly consider using a shorter maxLifetime value.
2026-01-25 20:11:37 WARN  com.zaxxer.hikari.pool.PoolBase - HikariPool-1 - Failed to validate connection org.postgresql.jdbc.PgConnection@6fcae58 (This connection has been closed.). Possibly consider using a shorter maxLifetime value.
2026-01-25 20:11:38 WARN  com.zaxxer.hikari.pool.PoolBase - HikariPool-1 - Failed to validate connection org.postgresql.jdbc.PgConnection@1063ab7c (This connection has been closed.). Possibly consider using a shorter maxLifetime value.
2026-01-25 20:11:40 WARN  com.zaxxer.hikari.pool.PoolBase - HikariPool-1 - Failed to validate connection org.postgresql.jdbc.PgConnection@6d63db5c (This connection has been closed.). Possibly consider using a shorter maxLifetime value.
2026-01-25 20:11:49 WARN  com.zaxxer.hikari.pool.PoolBase - HikariPool-1 - Failed to validate connection org.postgresql.jdbc.PgConnection@e87a09d (This connection has been closed.). Possibly consider using a shorter maxLifetime value.
2026-01-25 20:12:13 WARN  com.zaxxer.hikari.pool.PoolBase - HikariPool-1 - Failed to validate connection org.postgresql.jdbc.PgConnection@605f3fe1 (This connection has been closed.). Possibly consider using a shorter maxLifetime value.
2026-01-25 20:15:44 WARN  com.zaxxer.hikari.pool.PoolBase - HikariPool-1 - Failed to validate connection org.postgresql.jdbc.PgConnection@2025782a (This connection has been closed.). Possibly consider using a shorter maxLifetime value.
2026-01-25 20:15:44 WARN  com.zaxxer.hikari.pool.HikariPool - HikariPool-1 - Thread starvation or clock leap detected (housekeeper delta=2m55s235ms).
2026-01-25 20:15:50 WARN  com.zaxxer.hikari.pool.PoolBase - HikariPool-1 - Failed to validate connection org.postgresql.jdbc.PgConnection@64210f5 (This connection has been closed.). Possibly consider using a shorter maxLifetime value.
2026-01-25 20:15:56 WARN  com.zaxxer.hikari.pool.PoolBase - HikariPool-1 - Failed to validate connection org.postgresql.jdbc.PgConnection@330a0b77 (This connection has been closed.). Possibly consider using a shorter maxLifetime value.
2026-01-25 20:15:56 WARN  com.zaxxer.hikari.pool.PoolBase - HikariPool-1 - Failed to validate connection org.postgresql.jdbc.PgConnection@66c7d761 (This connection has been closed.). Possibly consider using a shorter maxLifetime value.
2026-01-25 20:15:56 WARN  com.zaxxer.hikari.pool.PoolBase - HikariPool-1 - Failed to validate connection org.postgresql.jdbc.PgConnection@7037b558 (This connection has been closed.). Possibly consider using a shorter maxLifetime value.
2026-01-25 20:15:56 WARN  com.zaxxer.hikari.pool.PoolBase - HikariPool-1 - Failed to validate connection org.postgresql.jdbc.PgConnection@1305599a (This connection has been closed.). Possibly consider using a shorter maxLifetime value.
2026-01-25 20:15:57 WARN  com.zaxxer.hikari.pool.PoolBase - HikariPool-1 - Failed to validate connection org.postgresql.jdbc.PgConnection@46652a80 (This connection has been closed.). Possibly consider using a shorter maxLifetime value.
2026-01-25 20:20:54 WARN  com.zaxxer.hikari.pool.PoolBase - HikariPool-1 - Failed to validate connection org.postgresql.jdbc.PgConnection@1e4181f2 (This connection has been closed.). Possibly consider using a shorter maxLifetime value.
2026-01-25 20:20:56 WARN  com.zaxxer.hikari.pool.HikariPool - HikariPool-1 - Thread starvation or clock leap detected (housekeeper delta=4m42s43ms).
2026-01-25 20:21:02 WARN  com.zaxxer.hikari.pool.PoolBase - HikariPool-1 - Failed to validate connection org.postgresql.jdbc.PgConnection@6ae13066 (This connection has been closed.). Possibly consider using a shorter maxLifetime value.
2026-01-25 20:21:54 WARN  com.zaxxer.hikari.pool.PoolBase - HikariPool-1 - Failed to validate connection org.postgresql.jdbc.PgConnection@17e379c4 (This connection has been closed.). Possibly consider using a shorter maxLifetime value.
2026-01-25 20:21:55 WARN  com.zaxxer.hikari.pool.PoolBase - HikariPool-1 - Failed to validate connection org.postgresql.jdbc.PgConnection@2c7b8364 (This connection has been closed.). Possibly consider using a shorter maxLifetime value.
2026-01-25 20:21:58 WARN  com.zaxxer.hikari.pool.PoolBase - HikariPool-1 - Failed to validate connection org.postgresql.jdbc.PgConnection@500c3bcd (This connection has been closed.). Possibly consider using a shorter maxLifetime value.
2026-01-25 20:22:02 WARN  com.zaxxer.hikari.pool.PoolBase - HikariPool-1 - Failed to validate connection org.postgresql.jdbc.PgConnection@5cad4551 (This connection has been closed.). Possibly consider using a shorter maxLifetime value.
2026-01-25 20:22:05 WARN  com.zaxxer.hikari.pool.PoolBase - HikariPool-1 - Failed to validate connection org.postgresql.jdbc.PgConnection@44887329 (This connection has been closed.). Possibly consider using a shorter maxLifetime value.
2026-01-25 20:22:12 WARN  com.zaxxer.hikari.pool.PoolBase - HikariPool-1 - Failed to validate connection org.postgresql.jdbc.PgConnection@3418a87f (This connection has been closed.). Possibly consider using a shorter maxLifetime value.
2026-01-25 20:22:18 WARN  com.zaxxer.hikari.pool.PoolBase - HikariPool-1 - Failed to validate connection org.postgresql.jdbc.PgConnection@33ca6541 (This connection has been closed.). Possibly consider using a shorter maxLifetime value.
2026-01-25 20:22:19 WARN  com.zaxxer.hikari.pool.PoolBase - HikariPool-1 - Failed to validate connection org.postgresql.jdbc.PgConnection@45f6548e (This connection has been closed.). Possibly consider using a shorter maxLifetime value.
2026-01-25 21:32:11 WARN  com.zaxxer.hikari.pool.PoolBase - HikariPool-1 - Failed to validate connection org.postgresql.jdbc.PgConnection@5325f887 (This connection has been closed.). Possibly consider using a shorter maxLifetime value.
2026-01-25 21:36:14 WARN  com.zaxxer.hikari.pool.PoolBase - HikariPool-1 - Failed to validate connection org.postgresql.jdbc.PgConnection@475a4133 (This connection has been closed.). Possibly consider using a shorter maxLifetime value.
2026-01-25 21:36:14 WARN  com.zaxxer.hikari.pool.PoolBase - HikariPool-1 - Failed to validate connection org.postgresql.jdbc.PgConnection@7a32510 (This connection has been closed.). Possibly consider using a shorter maxLifetime value.
2026-01-25 21:36:23 WARN  com.zaxxer.hikari.pool.PoolBase - HikariPool-1 - Failed to validate connection org.postgresql.jdbc.PgConnection@54c0235f (This connection has been closed.). Possibly consider using a shorter maxLifetime value.
2026-01-25 21:36:34 WARN  com.zaxxer.hikari.pool.HikariPool - HikariPool-1 - Thread starvation or clock leap detected (housekeeper delta=3m52s382ms).
2026-01-25 21:36:48 WARN  com.zaxxer.hikari.pool.PoolBase - HikariPool-1 - Failed to validate connection org.postgresql.jdbc.PgConnection@41052802 (This connection has been closed.). Possibly consider using a shorter maxLifetime value.
2026-01-25 21:36:49 WARN  com.zaxxer.hikari.pool.PoolBase - HikariPool-1 - Failed to validate connection org.postgresql.jdbc.PgConnection@a1f14f1 (This connection has been closed.). Possibly consider using a shorter maxLifetime value.
2026-01-25 21:41:16 WARN  com.zaxxer.hikari.pool.HikariPool - HikariPool-1 - Thread starvation or clock leap detected (housekeeper delta=4m42s37ms).
2026-01-25 21:41:29 WARN  com.zaxxer.hikari.pool.PoolBase - HikariPool-1 - Failed to validate connection org.postgresql.jdbc.PgConnection@7ef4d144 (This connection has been closed.). Possibly consider using a shorter maxLifetime value.
2026-01-25 21:41:49 WARN  com.zaxxer.hikari.pool.PoolBase - HikariPool-1 - Failed to validate connection org.postgresql.jdbc.PgConnection@49e2735a (This connection has been closed.). Possibly consider using a shorter maxLifetime value.
2026-01-25 21:42:50 WARN  com.zaxxer.hikari.pool.PoolBase - HikariPool-1 - Failed to validate connection org.postgresql.jdbc.PgConnection@638ec6cb (This connection has been closed.). Possibly consider using a shorter maxLifetime value.
2026-01-25 21:42:52 WARN  com.zaxxer.hikari.pool.PoolBase - HikariPool-1 - Failed to validate connection org.postgresql.jdbc.PgConnection@6233e142 (This connection has been closed.). Possibly consider using a shorter maxLifetime value.
2026-01-25 21:43:02 WARN  com.zaxxer.hikari.pool.PoolBase - HikariPool-1 - Failed to validate connection org.postgresql.jdbc.PgConnection@1b923319 (This connection has been closed.). Possibly consider using a shorter maxLifetime value.
2026-01-25 21:43:02 WARN  com.zaxxer.hikari.pool.PoolBase - HikariPool-1 - Failed to validate connection org.postgresql.jdbc.PgConnection@3ff21e25 (This connection has been closed.). Possibly consider using a shorter maxLifetime value.
2026-01-25 21:43:03 WARN  com.zaxxer.hikari.pool.HikariPool - HikariPool-1 - Thread starvation or clock leap detected (housekeeper delta=1m16s935ms).
2026-01-25 21:43:07 WARN  com.zaxxer.hikari.pool.PoolBase - HikariPool-1 - Failed to validate connection org.postgresql.jdbc.PgConnection@42b6d168 (This connection has been closed.). Possibly consider using a shorter maxLifetime value.
2026-01-25 21:43:08 WARN  com.zaxxer.hikari.pool.PoolBase - HikariPool-1 - Failed to validate connection org.postgresql.jdbc.PgConnection@48b628dc (This connection has been closed.). Possibly consider using a shorter maxLifetime value.
2026-01-25 21:43:25 WARN  com.zaxxer.hikari.pool.PoolBase - HikariPool-1 - Failed to validate connection org.postgresql.jdbc.PgConnection@3eced902 (This connection has been closed.). Possibly consider using a shorter maxLifetime value.
2026-01-25 21:43:34 WARN  com.zaxxer.hikari.pool.PoolBase - HikariPool-1 - Failed to validate connection org.postgresql.jdbc.PgConnection@65ab551d (This connection has been closed.). Possibly consider using a shorter maxLifetime value.
2026-01-25 21:54:45 WARN  com.zaxxer.hikari.pool.HikariPool - HikariPool-1 - Thread starvation or clock leap detected (housekeeper delta=1m12s360ms).
2026-01-25 21:55:03 WARN  com.zaxxer.hikari.pool.PoolBase - HikariPool-1 - Failed to validate connection org.postgresql.jdbc.PgConnection@54ecbde3 (This connection has been closed.). Possibly consider using a shorter maxLifetime value.
2026-01-25 21:55:08 WARN  com.zaxxer.hikari.pool.PoolBase - HikariPool-1 - Failed to validate connection org.postgresql.jdbc.PgConnection@6d6a84f7 (This connection has been closed.). Possibly consider using a shorter maxLifetime value.
2026-01-25 21:55:13 WARN  com.zaxxer.hikari.pool.PoolBase - HikariPool-1 - Failed to validate connection org.postgresql.jdbc.PgConnection@53f81d68 (This connection has been closed.). Possibly consider using a shorter maxLifetime value.
2026-01-25 21:55:18 WARN  com.zaxxer.hikari.pool.PoolBase - HikariPool-1 - Failed to validate connection org.postgresql.jdbc.PgConnection@9b97e00 (This connection has been closed.). Possibly consider using a shorter maxLifetime value.
2026-01-25 21:55:23 WARN  com.zaxxer.hikari.pool.PoolBase - HikariPool-1 - Failed to validate connection org.postgresql.jdbc.PgConnection@3e7f81cf (This connection has been closed.). Possibly consider using a shorter maxLifetime value.
2026-01-25 21:55:38 WARN  com.zaxxer.hikari.pool.PoolBase - HikariPool-1 - Failed to validate connection org.postgresql.jdbc.PgConnection@752457d1 (This connection has been closed.). Possibly consider using a shorter maxLifetime value.
2026-01-25 21:55:43 WARN  com.zaxxer.hikari.pool.PoolBase - HikariPool-1 - Failed to validate connection org.postgresql.jdbc.PgConnection@759ce0d8 (This connection has been closed.). Possibly consider using a shorter maxLifetime value.
2026-01-25 21:55:48 WARN  com.zaxxer.hikari.pool.PoolBase - HikariPool-1 - Failed to validate connection org.postgresql.jdbc.PgConnection@2671203e (This connection has been closed.). Possibly consider using a shorter maxLifetime value.
2026-01-25 21:55:53 WARN  com.zaxxer.hikari.pool.PoolBase - HikariPool-1 - Failed to validate connection org.postgresql.jdbc.PgConnection@71bc71fe (This connection has been closed.). Possibly consider using a shorter maxLifetime value.
2026-01-25 21:56:30 WARN  com.zaxxer.hikari.pool.PoolBase - HikariPool-1 - Failed to validate connection org.postgresql.jdbc.PgConnection@3daf06f4 (This connection has been closed.). Possibly consider using a shorter maxLifetime value.
2026-01-25 22:07:49 WARN  com.zaxxer.hikari.pool.HikariPool - HikariPool-1 - Thread starvation or clock leap detected (housekeeper delta=56s263ms).
2026-01-25 22:25:34 WARN  com.zaxxer.hikari.pool.PoolBase - HikariPool-1 - Failed to validate connection org.postgresql.jdbc.PgConnection@781eb3 (This connection has been closed.). Possibly consider using a shorter maxLifetime value.
2026-01-25 22:30:13 WARN  com.zaxxer.hikari.pool.PoolBase - HikariPool-1 - Failed to validate connection org.postgresql.jdbc.PgConnection@570490da (This connection has been closed.). Possibly consider using a shorter maxLifetime value.
2026-01-25 22:30:17 WARN  com.zaxxer.hikari.pool.PoolBase - HikariPool-1 - Failed to validate connection org.postgresql.jdbc.PgConnection@45ec83e0 (This connection has been closed.). Possibly consider using a shorter maxLifetime value.
2026-01-25 22:30:23 WARN  com.zaxxer.hikari.pool.HikariPool - HikariPool-1 - Thread starvation or clock leap detected (housekeeper delta=22m4s374ms).
2026-01-25 22:30:26 WARN  com.zaxxer.hikari.pool.PoolBase - HikariPool-1 - Failed to validate connection org.postgresql.jdbc.PgConnection@5219068 (This connection has been closed.). Possibly consider using a shorter maxLifetime value.
2026-01-25 22:30:27 WARN  com.zaxxer.hikari.pool.PoolBase - HikariPool-1 - Failed to validate connection org.postgresql.jdbc.PgConnection@29304269 (This connection has been closed.). Possibly consider using a shorter maxLifetime value.
2026-01-25 22:30:33 WARN  com.zaxxer.hikari.pool.PoolBase - HikariPool-1 - Failed to validate connection org.postgresql.jdbc.PgConnection@862272c (This connection has been closed.). Possibly consider using a shorter maxLifetime value.
2026-01-25 22:30:47 WARN  com.zaxxer.hikari.pool.PoolBase - HikariPool-1 - Failed to validate connection org.postgresql.jdbc.PgConnection@57839bd9 (This connection has been closed.). Possibly consider using a shorter maxLifetime value.
2026-01-25 22:36:58 WARN  com.zaxxer.hikari.pool.PoolBase - HikariPool-1 - Failed to validate connection org.postgresql.jdbc.PgConnection@65c9abb0 (This connection has been closed.). Possibly consider using a shorter maxLifetime value.
2026-01-25 22:37:11 WARN  com.zaxxer.hikari.pool.PoolBase - HikariPool-1 - Failed to validate connection org.postgresql.jdbc.PgConnection@65f9c552 (This connection has been closed.). Possibly consider using a shorter maxLifetime value.
2026-01-25 22:37:18 WARN  com.zaxxer.hikari.pool.HikariPool - HikariPool-1 - Thread starvation or clock leap detected (housekeeper delta=6m24s689ms).
2026-01-25 22:51:13 WARN  com.zaxxer.hikari.pool.PoolBase - HikariPool-1 - Failed to validate connection org.postgresql.jdbc.PgConnection@6c2ddf46 (This connection has been closed.). Possibly consider using a shorter maxLifetime value.
2026-01-25 22:51:19 WARN  com.zaxxer.hikari.pool.HikariPool - HikariPool-1 - Thread starvation or clock leap detected (housekeeper delta=14m693ms).
2026-01-25 22:51:33 WARN  com.zaxxer.hikari.pool.PoolBase - HikariPool-1 - Failed to validate connection org.postgresql.jdbc.PgConnection@171aaaab (This connection has been closed.). Possibly consider using a shorter maxLifetime value.
2026-01-25 22:51:34 WARN  com.zaxxer.hikari.pool.PoolBase - HikariPool-1 - Failed to validate connection org.postgresql.jdbc.PgConnection@5a53c8ae (This connection has been closed.). Possibly consider using a shorter maxLifetime value.
2026-01-25 22:51:34 WARN  com.zaxxer.hikari.pool.PoolBase - HikariPool-1 - Failed to validate connection org.postgresql.jdbc.PgConnection@77c5c37f (This connection has been closed.). Possibly consider using a shorter maxLifetime value.
2026-01-25 22:51:38 WARN  com.zaxxer.hikari.pool.PoolBase - HikariPool-1 - Failed to validate connection org.postgresql.jdbc.PgConnection@354860de (This connection has been closed.). Possibly consider using a shorter maxLifetime value.
2026-01-25 22:51:49 WARN  com.zaxxer.hikari.pool.PoolBase - HikariPool-1 - Failed to validate connection org.postgresql.jdbc.PgConnection@5af97bb3 (This connection has been closed.). Possibly consider using a shorter maxLifetime value.
2026-01-25 22:51:52 WARN  com.zaxxer.hikari.pool.PoolBase - HikariPool-1 - Failed to validate connection org.postgresql.jdbc.PgConnection@47ac386b (This connection has been closed.). Possibly consider using a shorter maxLifetime value.
2026-01-25 23:58:07 WARN  com.zaxxer.hikari.pool.PoolBase - HikariPool-1 - Failed to validate connection org.postgresql.jdbc.PgConnection@3194fed0 (This connection has been closed.). Possibly consider using a shorter maxLifetime value.
