2026-01-24 10:24:18 INFO  o.h.validator.internal.util.Version - HV000001: Hibernate Validator 8.0.3.Final
2026-01-24 10:24:18 INFO  com.alexd.movieS.MovieSApplication - Starting MovieSApplication using Java 24.0.1 with PID 20506 (/Users/alekd/eclipse-workspace/movieS/target/classes started by alekd in /Users/alekd/eclipse-workspace/movieS)
2026-01-24 10:24:18 INFO  com.alexd.movieS.MovieSApplication - No active profile set, falling back to 1 default profile: "default"
2026-01-24 10:24:18 INFO  o.s.b.d.e.DevToolsPropertyDefaultsPostProcessor - Devtools property defaults active! Set 'spring.devtools.add-properties' to 'false' to disable
2026-01-24 10:24:18 INFO  o.s.b.d.e.DevToolsPropertyDefaultsPostProcessor - For additional web related logging consider setting the 'logging.level.web' property to 'DEBUG'
2026-01-24 10:24:18 INFO  o.s.d.r.c.RepositoryConfigurationDelegate - Multiple Spring Data modules found, entering strict repository configuration mode
2026-01-24 10:24:18 INFO  o.s.d.r.c.RepositoryConfigurationDelegate - Bootstrapping Spring Data JPA repositories in DEFAULT mode.
2026-01-24 10:24:19 INFO  o.s.d.r.c.RepositoryConfigurationDelegate - Finished Spring Data repository scanning in 47 ms. Found 2 JPA repository interfaces.
2026-01-24 10:24:19 INFO  o.s.d.r.c.RepositoryConfigurationDelegate - Multiple Spring Data modules found, entering strict repository configuration mode
2026-01-24 10:24:19 INFO  o.s.d.r.c.RepositoryConfigurationDelegate - Bootstrapping Spring Data Redis repositories in DEFAULT mode.
2026-01-24 10:24:19 INFO  o.s.d.r.c.RepositoryConfigurationExtensionSupport - Spring Data Redis - Could not safely identify store assignment for repository candidate interface com.alexd.movieS.repo.MoviesRepository; If you want this repository to be a Redis repository, consider annotating your entities with one of these annotations: org.springframework.data.redis.core.RedisHash (preferred), or consider extending one of the following types with your repository: org.springframework.data.keyvalue.repository.KeyValueRepository
2026-01-24 10:24:19 INFO  o.s.d.r.c.RepositoryConfigurationExtensionSupport - Spring Data Redis - Could not safely identify store assignment for repository candidate interface com.alexd.movieS.repo.UsersRepository; If you want this repository to be a Redis repository, consider annotating your entities with one of these annotations: org.springframework.data.redis.core.RedisHash (preferred), or consider extending one of the following types with your repository: org.springframework.data.keyvalue.repository.KeyValueRepository
2026-01-24 10:24:19 INFO  o.s.d.r.c.RepositoryConfigurationDelegate - Finished Spring Data repository scanning in 2 ms. Found 0 Redis repository interfaces.
2026-01-24 10:24:19 INFO  o.s.b.w.e.tomcat.TomcatWebServer - Tomcat initialized with port 8080 (http)
2026-01-24 10:24:19 INFO  o.a.coyote.http11.Http11NioProtocol - Initializing ProtocolHandler ["http-nio-8080"]
2026-01-24 10:24:19 INFO  o.a.catalina.core.StandardService - Starting service [Tomcat]
2026-01-24 10:24:19 INFO  o.a.catalina.core.StandardEngine - Starting Servlet engine: [Apache Tomcat/10.1.44]
2026-01-24 10:24:19 INFO  o.a.c.c.C.[Tomcat].[localhost].[/] - Initializing Spring embedded WebApplicationContext
2026-01-24 10:24:19 INFO  o.s.b.w.s.c.ServletWebServerApplicationContext - Root WebApplicationContext: initialization completed in 543 ms
2026-01-24 10:24:19 INFO  com.zaxxer.hikari.HikariDataSource - HikariPool-1 - Starting...
2026-01-24 10:24:19 INFO  com.zaxxer.hikari.pool.HikariPool - HikariPool-1 - Added connection org.postgresql.jdbc.PgConnection@d827f7d
2026-01-24 10:24:19 INFO  com.zaxxer.hikari.HikariDataSource - HikariPool-1 - Start completed.
2026-01-24 10:24:20 INFO  o.h.jpa.internal.util.LogHelper - HHH000204: Processing PersistenceUnitInfo [name: default]
2026-01-24 10:24:20 INFO  org.hibernate.Version - HHH000412: Hibernate ORM core version 6.6.26.Final
2026-01-24 10:24:20 INFO  o.h.c.i.RegionFactoryInitiator - HHH000026: Second-level cache disabled
2026-01-24 10:24:20 INFO  o.s.o.j.p.SpringPersistenceUnitInfo - No LoadTimeWeaver setup: ignoring JPA class transformer
2026-01-24 10:24:20 WARN  org.hibernate.orm.deprecation - HHH90000025: PostgreSQLDialect does not need to be specified explicitly using 'hibernate.dialect' (remove the property setting and it will be selected by default)
2026-01-24 10:24:20 INFO  o.hibernate.orm.connections.pooling - HHH10001005: Database info:
	Database JDBC URL [Connecting through datasource 'HikariDataSource (HikariPool-1)']
	Database driver: undefined/unknown
	Database version: 18.1
	Autocommit mode: undefined/unknown
	Isolation level: undefined/unknown
	Minimum pool size: undefined/unknown
	Maximum pool size: undefined/unknown
2026-01-24 10:24:20 INFO  o.h.e.t.j.p.i.JtaPlatformInitiator - HHH000489: No JTA platform available (set 'hibernate.transaction.jta.platform' to enable JTA platform integration)
2026-01-24 10:24:21 INFO  o.s.o.j.LocalContainerEntityManagerFactoryBean - Initialized JPA EntityManagerFactory for persistence unit 'default'
2026-01-24 10:24:21 WARN  o.s.b.a.o.j.JpaBaseConfiguration$JpaWebConfiguration - spring.jpa.open-in-view is enabled by default. Therefore, database queries may be performed during view rendering. Explicitly configure spring.jpa.open-in-view to disable this warning
2026-01-24 10:24:21 INFO  o.s.b.d.a.OptionalLiveReloadServer - LiveReload server is running on port 35729
2026-01-24 10:24:21 INFO  o.a.coyote.http11.Http11NioProtocol - Starting ProtocolHandler ["http-nio-8080"]
2026-01-24 10:24:21 INFO  o.s.b.w.e.tomcat.TomcatWebServer - Tomcat started on port 8080 (http) with context path '/'
2026-01-24 10:24:21 INFO  com.alexd.movieS.MovieSApplication - Started MovieSApplication in 3.07 seconds (process running for 3.411)
2026-01-24 10:24:52 INFO  o.a.c.c.C.[Tomcat].[localhost].[/] - Initializing Spring DispatcherServlet 'dispatcherServlet'
2026-01-24 10:24:52 INFO  o.s.web.servlet.DispatcherServlet - Initializing Servlet 'dispatcherServlet'
2026-01-24 10:24:52 INFO  o.s.web.servlet.DispatcherServlet - Completed initialization in 1 ms
2026-01-24 10:51:04 WARN  com.zaxxer.hikari.pool.PoolBase - HikariPool-1 - Failed to validate connection org.postgresql.jdbc.PgConnection@5c593622 (This connection has been closed.). Possibly consider using a shorter maxLifetime value.
2026-01-24 10:51:05 WARN  com.zaxxer.hikari.pool.PoolBase - HikariPool-1 - Failed to validate connection org.postgresql.jdbc.PgConnection@44379155 (This connection has been closed.). Possibly consider using a shorter maxLifetime value.
2026-01-24 10:51:14 WARN  com.zaxxer.hikari.pool.PoolBase - HikariPool-1 - Failed to validate connection org.postgresql.jdbc.PgConnection@51ca47d7 (This connection has been closed.). Possibly consider using a shorter maxLifetime value.
2026-01-24 10:51:22 WARN  com.zaxxer.hikari.pool.HikariPool - HikariPool-1 - Thread starvation or clock leap detected (housekeeper delta=3m2s399ms).
2026-01-24 10:51:22 WARN  com.zaxxer.hikari.pool.PoolBase - HikariPool-1 - Failed to validate connection org.postgresql.jdbc.PgConnection@d827f7d (This connection has been closed.). Possibly consider using a shorter maxLifetime value.
2026-01-24 10:51:25 WARN  com.zaxxer.hikari.pool.PoolBase - HikariPool-1 - Failed to validate connection org.postgresql.jdbc.PgConnection@4dbf6685 (This connection has been closed.). Possibly consider using a shorter maxLifetime value.
2026-01-24 11:06:51 WARN  com.zaxxer.hikari.pool.HikariPool - HikariPool-1 - Thread starvation or clock leap detected (housekeeper delta=15m29s265ms).
2026-01-24 11:06:59 WARN  com.zaxxer.hikari.pool.PoolBase - HikariPool-1 - Failed to validate connection org.postgresql.jdbc.PgConnection@43854624 (This connection has been closed.). Possibly consider using a shorter maxLifetime value.
2026-01-24 11:07:08 WARN  com.zaxxer.hikari.pool.PoolBase - HikariPool-1 - Failed to validate connection org.postgresql.jdbc.PgConnection@78ddc986 (This connection has been closed.). Possibly consider using a shorter maxLifetime value.
2026-01-24 11:07:17 WARN  com.zaxxer.hikari.pool.PoolBase - HikariPool-1 - Failed to validate connection org.postgresql.jdbc.PgConnection@4e948df1 (This connection has been closed.). Possibly consider using a shorter maxLifetime value.
2026-01-24 11:23:10 WARN  com.zaxxer.hikari.pool.PoolBase - HikariPool-1 - Failed to validate connection org.postgresql.jdbc.PgConnection@69467458 (This connection has been closed.). Possibly consider using a shorter maxLifetime value.
2026-01-24 11:23:12 WARN  com.zaxxer.hikari.pool.PoolBase - HikariPool-1 - Failed to validate connection org.postgresql.jdbc.PgConnection@6ea99fc2 (This connection has been closed.). Possibly consider using a shorter maxLifetime value.
2026-01-24 11:23:12 WARN  com.zaxxer.hikari.pool.HikariPool - HikariPool-1 - Thread starvation or clock leap detected (housekeeper delta=15m50s921ms).
2026-01-24 11:23:19 WARN  com.zaxxer.hikari.pool.PoolBase - HikariPool-1 - Failed to validate connection org.postgresql.jdbc.PgConnection@190126b3 (This connection has been closed.). Possibly consider using a shorter maxLifetime value.
2026-01-24 11:23:24 WARN  com.zaxxer.hikari.pool.PoolBase - HikariPool-1 - Failed to validate connection org.postgresql.jdbc.PgConnection@44d21c0 (This connection has been closed.). Possibly consider using a shorter maxLifetime value.
2026-01-24 11:23:24 WARN  com.zaxxer.hikari.pool.PoolBase - HikariPool-1 - Failed to validate connection org.postgresql.jdbc.PgConnection@361c77ce (This connection has been closed.). Possibly consider using a shorter maxLifetime value.
2026-01-24 11:38:44 WARN  com.zaxxer.hikari.pool.HikariPool - HikariPool-1 - Thread starvation or clock leap detected (housekeeper delta=15m31s874ms).
2026-01-24 11:38:51 WARN  com.zaxxer.hikari.pool.PoolBase - HikariPool-1 - Failed to validate connection org.postgresql.jdbc.PgConnection@eb078ff (This connection has been closed.). Possibly consider using a shorter maxLifetime value.
2026-01-24 11:38:56 WARN  com.zaxxer.hikari.pool.PoolBase - HikariPool-1 - Failed to validate connection org.postgresql.jdbc.PgConnection@20fbe66 (This connection has been closed.). Possibly consider using a shorter maxLifetime value.
2026-01-24 11:39:15 WARN  com.zaxxer.hikari.pool.PoolBase - HikariPool-1 - Failed to validate connection org.postgresql.jdbc.PgConnection@57f81bee (This connection has been closed.). Possibly consider using a shorter maxLifetime value.
2026-01-24 11:56:29 WARN  com.zaxxer.hikari.pool.PoolBase - HikariPool-1 - Failed to validate connection org.postgresql.jdbc.PgConnection@4951e6bd (This connection has been closed.). Possibly consider using a shorter maxLifetime value.
2026-01-24 11:56:31 WARN  com.zaxxer.hikari.pool.PoolBase - HikariPool-1 - Failed to validate connection org.postgresql.jdbc.PgConnection@2162d720 (This connection has been closed.). Possibly consider using a shorter maxLifetime value.
2026-01-24 11:56:38 WARN  com.zaxxer.hikari.pool.HikariPool - HikariPool-1 - Thread starvation or clock leap detected (housekeeper delta=17m23s397ms).
2026-01-24 11:56:45 WARN  com.zaxxer.hikari.pool.PoolBase - HikariPool-1 - Failed to validate connection org.postgresql.jdbc.PgConnection@6c9ef4f4 (This connection has been closed.). Possibly consider using a shorter maxLifetime value.
2026-01-24 11:56:51 WARN  com.zaxxer.hikari.pool.PoolBase - HikariPool-1 - Failed to validate connection org.postgresql.jdbc.PgConnection@8275a89 (This connection has been closed.). Possibly consider using a shorter maxLifetime value.
2026-01-24 11:56:56 WARN  com.zaxxer.hikari.pool.PoolBase - HikariPool-1 - Failed to validate connection org.postgresql.jdbc.PgConnection@24693d23 (This connection has been closed.). Possibly consider using a shorter maxLifetime value.
2026-01-24 11:56:59 WARN  com.zaxxer.hikari.pool.PoolBase - HikariPool-1 - Failed to validate connection org.postgresql.jdbc.PgConnection@6a853849 (This connection has been closed.). Possibly consider using a shorter maxLifetime value.
2026-01-24 11:57:13 WARN  com.zaxxer.hikari.pool.PoolBase - HikariPool-1 - Failed to validate connection org.postgresql.jdbc.PgConnection@5844d482 (This connection has been closed.). Possibly consider using a shorter maxLifetime value.
2026-01-24 11:57:29 WARN  com.zaxxer.hikari.pool.PoolBase - HikariPool-1 - Failed to validate connection org.postgresql.jdbc.PgConnection@503c8adb (This connection has been closed.). Possibly consider using a shorter maxLifetime value.
2026-01-24 11:57:35 WARN  com.zaxxer.hikari.pool.PoolBase - HikariPool-1 - Failed to validate connection org.postgresql.jdbc.PgConnection@6da691c4 (This connection has been closed.). Possibly consider using a shorter maxLifetime value.
2026-01-24 11:57:52 WARN  com.zaxxer.hikari.pool.PoolBase - HikariPool-1 - Failed to validate connection org.postgresql.jdbc.PgConnection@6d5e3d3e (This connection has been closed.). Possibly consider using a shorter maxLifetime value.
2026-01-24 12:35:59 WARN  com.zaxxer.hikari.pool.PoolBase - HikariPool-1 - Failed to validate connection org.postgresql.jdbc.PgConnection@62fe26eb (This connection has been closed.). Possibly consider using a shorter maxLifetime value.
2026-01-24 12:36:05 WARN  com.zaxxer.hikari.pool.PoolBase - HikariPool-1 - Failed to validate connection org.postgresql.jdbc.PgConnection@27f8951c (This connection has been closed.). Possibly consider using a shorter maxLifetime value.
2026-01-24 12:36:07 WARN  com.zaxxer.hikari.pool.PoolBase - HikariPool-1 - Failed to validate connection org.postgresql.jdbc.PgConnection@72aca2e7 (This connection has been closed.). Possibly consider using a shorter maxLifetime value.
2026-01-24 12:36:07 WARN  com.zaxxer.hikari.pool.HikariPool - HikariPool-1 - Thread starvation or clock leap detected (housekeeper delta=16m29s142ms).
2026-01-24 12:36:16 WARN  com.zaxxer.hikari.pool.PoolBase - HikariPool-1 - Failed to validate connection org.postgresql.jdbc.PgConnection@569feb77 (This connection has been closed.). Possibly consider using a shorter maxLifetime value.
2026-01-24 12:44:15 WARN  com.zaxxer.hikari.pool.PoolBase - HikariPool-1 - Failed to validate connection org.postgresql.jdbc.PgConnection@644197cd (This connection has been closed.). Possibly consider using a shorter maxLifetime value.
2026-01-24 12:44:25 WARN  com.zaxxer.hikari.pool.PoolBase - HikariPool-1 - Failed to validate connection org.postgresql.jdbc.PgConnection@5a802361 (This connection has been closed.). Possibly consider using a shorter maxLifetime value.
2026-01-24 12:44:34 WARN  com.zaxxer.hikari.pool.HikariPool - HikariPool-1 - Thread starvation or clock leap detected (housekeeper delta=7m57s375ms).
2026-01-24 12:44:44 WARN  com.zaxxer.hikari.pool.PoolBase - HikariPool-1 - Failed to validate connection org.postgresql.jdbc.PgConnection@61ce9f49 (This connection has been closed.). Possibly consider using a shorter maxLifetime value.
2026-01-24 12:44:46 WARN  com.zaxxer.hikari.pool.PoolBase - HikariPool-1 - Failed to validate connection org.postgresql.jdbc.PgConnection@24ac6a85 (This connection has been closed.). Possibly consider using a shorter maxLifetime value.
2026-01-24 13:00:34 WARN  com.zaxxer.hikari.pool.HikariPool - HikariPool-1 - Thread starvation or clock leap detected (housekeeper delta=15m59s876ms).
2026-01-24 13:00:38 WARN  com.zaxxer.hikari.pool.PoolBase - HikariPool-1 - Failed to validate connection org.postgresql.jdbc.PgConnection@61c2cb5e (This connection has been closed.). Possibly consider using a shorter maxLifetime value.
2026-01-24 13:00:38 WARN  com.zaxxer.hikari.pool.PoolBase - HikariPool-1 - Failed to validate connection org.postgresql.jdbc.PgConnection@6dbf2a13 (This connection has been closed.). Possibly consider using a shorter maxLifetime value.
2026-01-24 13:00:47 WARN  com.zaxxer.hikari.pool.PoolBase - HikariPool-1 - Failed to validate connection org.postgresql.jdbc.PgConnection@2a809d63 (This connection has been closed.). Possibly consider using a shorter maxLifetime value.
2026-01-24 13:00:51 WARN  com.zaxxer.hikari.pool.PoolBase - HikariPool-1 - Failed to validate connection org.postgresql.jdbc.PgConnection@30c610e7 (This connection has been closed.). Possibly consider using a shorter maxLifetime value.
2026-01-24 13:00:57 WARN  com.zaxxer.hikari.pool.PoolBase - HikariPool-1 - Failed to validate connection org.postgresql.jdbc.PgConnection@24bd5b5e (This connection has been closed.). Possibly consider using a shorter maxLifetime value.
2026-01-24 13:17:08 WARN  com.zaxxer.hikari.pool.PoolBase - HikariPool-1 - Failed to validate connection org.postgresql.jdbc.PgConnection@2ee90ead (This connection has been closed.). Possibly consider using a shorter maxLifetime value.
2026-01-24 13:17:10 WARN  com.zaxxer.hikari.pool.PoolBase - HikariPool-1 - Failed to validate connection org.postgresql.jdbc.PgConnection@6081bb8f (This connection has been closed.). Possibly consider using a shorter maxLifetime value.
2026-01-24 13:17:11 WARN  com.zaxxer.hikari.pool.HikariPool - HikariPool-1 - Thread starvation or clock leap detected (housekeeper delta=16m6s252ms).
2026-01-24 13:17:17 WARN  com.zaxxer.hikari.pool.PoolBase - HikariPool-1 - Failed to validate connection org.postgresql.jdbc.PgConnection@2f3f8f79 (This connection has been closed.). Possibly consider using a shorter maxLifetime value.
2026-01-24 13:17:30 WARN  com.zaxxer.hikari.pool.PoolBase - HikariPool-1 - Failed to validate connection org.postgresql.jdbc.PgConnection@2415de48 (This connection has been closed.). Possibly consider using a shorter maxLifetime value.
2026-01-24 13:17:38 WARN  com.zaxxer.hikari.pool.PoolBase - HikariPool-1 - Failed to validate connection org.postgresql.jdbc.PgConnection@1ab24e9c (This connection has been closed.). Possibly consider using a shorter maxLifetime value.
2026-01-24 13:35:21 WARN  com.zaxxer.hikari.pool.PoolBase - HikariPool-1 - Failed to validate connection org.postgresql.jdbc.PgConnection@727aa483 (This connection has been closed.). Possibly consider using a shorter maxLifetime value.
2026-01-24 13:35:31 WARN  com.zaxxer.hikari.pool.HikariPool - HikariPool-1 - Thread starvation or clock leap detected (housekeeper delta=17m50s882ms).
2026-01-24 13:35:32 WARN  com.zaxxer.hikari.pool.PoolBase - HikariPool-1 - Failed to validate connection org.postgresql.jdbc.PgConnection@1956353f (This connection has been closed.). Possibly consider using a shorter maxLifetime value.
2026-01-24 13:35:42 WARN  com.zaxxer.hikari.pool.PoolBase - HikariPool-1 - Failed to validate connection org.postgresql.jdbc.PgConnection@786c2075 (This connection has been closed.). Possibly consider using a shorter maxLifetime value.
2026-01-24 13:35:43 WARN  com.zaxxer.hikari.pool.PoolBase - HikariPool-1 - Failed to validate connection org.postgresql.jdbc.PgConnection@30946f0 (This connection has been closed.). Possibly consider using a shorter maxLifetime value.
2026-01-24 13:35:54 WARN  com.zaxxer.hikari.pool.PoolBase - HikariPool-1 - Failed to validate connection org.postgresql.jdbc.PgConnection@72201730 (This connection has been closed.). Possibly consider using a shorter maxLifetime value.
2026-01-24 13:45:11 WARN  com.zaxxer.hikari.pool.HikariPool - HikariPool-1 - Thread starvation or clock leap detected (housekeeper delta=9m39s888ms).
2026-01-24 13:45:24 WARN  com.zaxxer.hikari.pool.PoolBase - HikariPool-1 - Failed to validate connection org.postgresql.jdbc.PgConnection@335b1fb3 (This connection has been closed.). Possibly consider using a shorter maxLifetime value.
2026-01-24 13:45:35 WARN  com.zaxxer.hikari.pool.PoolBase - HikariPool-1 - Failed to validate connection org.postgresql.jdbc.PgConnection@8c7f01c (This connection has been closed.). Possibly consider using a shorter maxLifetime value.
2026-01-24 13:45:40 WARN  com.zaxxer.hikari.pool.PoolBase - HikariPool-1 - Failed to validate connection org.postgresql.jdbc.PgConnection@3ff45e88 (This connection has been closed.). Possibly consider using a shorter maxLifetime value.
2026-01-24 13:45:40 WARN  com.zaxxer.hikari.pool.PoolBase - HikariPool-1 - Failed to validate connection org.postgresql.jdbc.PgConnection@22ca7b09 (This connection has been closed.). Possibly consider using a shorter maxLifetime value.
2026-01-24 13:45:53 WARN  com.zaxxer.hikari.pool.PoolBase - HikariPool-1 - Failed to validate connection org.postgresql.jdbc.PgConnection@15ba285c (This connection has been closed.). Possibly consider using a shorter maxLifetime value.
2026-01-24 13:59:26 WARN  com.zaxxer.hikari.pool.HikariPool - HikariPool-1 - Thread starvation or clock leap detected (housekeeper delta=13m44s878ms).
2026-01-24 13:59:31 WARN  com.zaxxer.hikari.pool.PoolBase - HikariPool-1 - Failed to validate connection org.postgresql.jdbc.PgConnection@1728183d (This connection has been closed.). Possibly consider using a shorter maxLifetime value.
2026-01-24 13:59:51 WARN  com.zaxxer.hikari.pool.PoolBase - HikariPool-1 - Failed to validate connection org.postgresql.jdbc.PgConnection@227707bf (This connection has been closed.). Possibly consider using a shorter maxLifetime value.
2026-01-24 13:59:54 WARN  com.zaxxer.hikari.pool.PoolBase - HikariPool-1 - Failed to validate connection org.postgresql.jdbc.PgConnection@57e1efb5 (This connection has been closed.). Possibly consider using a shorter maxLifetime value.
2026-01-24 13:59:55 WARN  com.zaxxer.hikari.pool.PoolBase - HikariPool-1 - Failed to validate connection org.postgresql.jdbc.PgConnection@684ada90 (This connection has been closed.). Possibly consider using a shorter maxLifetime value.
2026-01-24 13:59:56 WARN  com.zaxxer.hikari.pool.PoolBase - HikariPool-1 - Failed to validate connection org.postgresql.jdbc.PgConnection@729a62d9 (This connection has been closed.). Possibly consider using a shorter maxLifetime value.
2026-01-24 14:00:27 WARN  com.zaxxer.hikari.pool.PoolBase - HikariPool-1 - Failed to validate connection org.postgresql.jdbc.PgConnection@d09fe07 (This connection has been closed.). Possibly consider using a shorter maxLifetime value.
2026-01-24 14:00:29 WARN  com.zaxxer.hikari.pool.PoolBase - HikariPool-1 - Failed to validate connection org.postgresql.jdbc.PgConnection@6bedfa37 (This connection has been closed.). Possibly consider using a shorter maxLifetime value.
2026-01-24 14:17:46 WARN  com.zaxxer.hikari.pool.PoolBase - HikariPool-1 - Failed to validate connection org.postgresql.jdbc.PgConnection@4a40c139 (This connection has been closed.). Possibly consider using a shorter maxLifetime value.
2026-01-24 14:17:49 WARN  com.zaxxer.hikari.pool.PoolBase - HikariPool-1 - Failed to validate connection org.postgresql.jdbc.PgConnection@34281d7f (This connection has been closed.). Possibly consider using a shorter maxLifetime value.
2026-01-24 14:17:58 WARN  com.zaxxer.hikari.pool.PoolBase - HikariPool-1 - Failed to validate connection org.postgresql.jdbc.PgConnection@3090658f (This connection has been closed.). Possibly consider using a shorter maxLifetime value.
2026-01-24 14:18:00 WARN  com.zaxxer.hikari.pool.HikariPool - HikariPool-1 - Thread starvation or clock leap detected (housekeeper delta=17m33s683ms).
2026-01-24 14:18:24 WARN  com.zaxxer.hikari.pool.PoolBase - HikariPool-1 - Failed to validate connection org.postgresql.jdbc.PgConnection@2b849df8 (This connection has been closed.). Possibly consider using a shorter maxLifetime value.
2026-01-24 14:33:42 WARN  com.zaxxer.hikari.pool.HikariPool - HikariPool-1 - Thread starvation or clock leap detected (housekeeper delta=15m42s424ms).
2026-01-24 14:33:56 WARN  com.zaxxer.hikari.pool.PoolBase - HikariPool-1 - Failed to validate connection org.postgresql.jdbc.PgConnection@6cbc1466 (This connection has been closed.). Possibly consider using a shorter maxLifetime value.
2026-01-24 14:34:08 WARN  com.zaxxer.hikari.pool.PoolBase - HikariPool-1 - Failed to validate connection org.postgresql.jdbc.PgConnection@3685eb9e (This connection has been closed.). Possibly consider using a shorter maxLifetime value.
2026-01-24 14:34:09 WARN  com.zaxxer.hikari.pool.PoolBase - HikariPool-1 - Failed to validate connection org.postgresql.jdbc.PgConnection@781725a0 (This connection has been closed.). Possibly consider using a shorter maxLifetime value.
2026-01-24 14:34:12 WARN  com.zaxxer.hikari.pool.PoolBase - HikariPool-1 - Failed to validate connection org.postgresql.jdbc.PgConnection@4f117957 (This connection has been closed.). Possibly consider using a shorter maxLifetime value.
2026-01-24 14:46:24 WARN  com.zaxxer.hikari.pool.PoolBase - HikariPool-1 - Failed to validate connection org.postgresql.jdbc.PgConnection@5651b230 (This connection has been closed.). Possibly consider using a shorter maxLifetime value.
2026-01-24 14:46:26 WARN  com.zaxxer.hikari.pool.HikariPool - HikariPool-1 - Thread starvation or clock leap detected (housekeeper delta=12m13s323ms).
2026-01-24 14:46:28 WARN  com.zaxxer.hikari.pool.PoolBase - HikariPool-1 - Failed to validate connection org.postgresql.jdbc.PgConnection@437920cd (This connection has been closed.). Possibly consider using a shorter maxLifetime value.
2026-01-24 14:46:35 WARN  com.zaxxer.hikari.pool.PoolBase - HikariPool-1 - Failed to validate connection org.postgresql.jdbc.PgConnection@7662234 (This connection has been closed.). Possibly consider using a shorter maxLifetime value.
2026-01-24 14:46:38 WARN  com.zaxxer.hikari.pool.PoolBase - HikariPool-1 - Failed to validate connection org.postgresql.jdbc.PgConnection@4f14ce22 (This connection has been closed.). Possibly consider using a shorter maxLifetime value.
2026-01-24 14:46:40 WARN  com.zaxxer.hikari.pool.PoolBase - HikariPool-1 - Failed to validate connection org.postgresql.jdbc.PgConnection@4561e045 (This connection has been closed.). Possibly consider using a shorter maxLifetime value.
2026-01-24 15:03:43 WARN  com.zaxxer.hikari.pool.PoolBase - HikariPool-1 - Failed to validate connection org.postgresql.jdbc.PgConnection@73200d5f (This connection has been closed.). Possibly consider using a shorter maxLifetime value.
2026-01-24 15:03:44 WARN  com.zaxxer.hikari.pool.PoolBase - HikariPool-1 - Failed to validate connection org.postgresql.jdbc.PgConnection@28e5db20 (This connection has been closed.). Possibly consider using a shorter maxLifetime value.
2026-01-24 15:03:51 WARN  com.zaxxer.hikari.pool.HikariPool - HikariPool-1 - Thread starvation or clock leap detected (housekeeper delta=16m55s391ms).
2026-01-24 15:04:01 WARN  com.zaxxer.hikari.pool.PoolBase - HikariPool-1 - Failed to validate connection org.postgresql.jdbc.PgConnection@624c75b1 (This connection has been closed.). Possibly consider using a shorter maxLifetime value.
2026-01-24 15:04:08 WARN  com.zaxxer.hikari.pool.PoolBase - HikariPool-1 - Failed to validate connection org.postgresql.jdbc.PgConnection@1b511aed (This connection has been closed.). Possibly consider using a shorter maxLifetime value.
2026-01-24 15:04:11 WARN  com.zaxxer.hikari.pool.PoolBase - HikariPool-1 - Failed to validate connection org.postgresql.jdbc.PgConnection@1c0be19d (This connection has been closed.). Possibly consider using a shorter maxLifetime value.
2026-01-24 15:19:43 WARN  com.zaxxer.hikari.pool.PoolBase - HikariPool-1 - Failed to validate connection org.postgresql.jdbc.PgConnection@23f3f308 (This connection has been closed.). Possibly consider using a shorter maxLifetime value.
2026-01-24 15:19:44 WARN  com.zaxxer.hikari.pool.PoolBase - HikariPool-1 - Failed to validate connection org.postgresql.jdbc.PgConnection@723c9397 (This connection has been closed.). Possibly consider using a shorter maxLifetime value.
2026-01-24 15:19:56 WARN  com.zaxxer.hikari.pool.HikariPool - HikariPool-1 - Thread starvation or clock leap detected (housekeeper delta=15m34s694ms).
2026-01-24 15:19:57 WARN  com.zaxxer.hikari.pool.PoolBase - HikariPool-1 - Failed to validate connection org.postgresql.jdbc.PgConnection@31f88344 (This connection has been closed.). Possibly consider using a shorter maxLifetime value.
2026-01-24 15:19:57 WARN  com.zaxxer.hikari.pool.PoolBase - HikariPool-1 - Failed to validate connection org.postgresql.jdbc.PgConnection@d56fec7 (This connection has been closed.). Possibly consider using a shorter maxLifetime value.
2026-01-24 15:19:58 WARN  com.zaxxer.hikari.pool.PoolBase - HikariPool-1 - Failed to validate connection org.postgresql.jdbc.PgConnection@1be074d1 (This connection has been closed.). Possibly consider using a shorter maxLifetime value.
2026-01-24 15:35:42 WARN  com.zaxxer.hikari.pool.HikariPool - HikariPool-1 - Thread starvation or clock leap detected (housekeeper delta=15m46s401ms).
2026-01-24 15:36:00 WARN  com.zaxxer.hikari.pool.PoolBase - HikariPool-1 - Failed to validate connection org.postgresql.jdbc.PgConnection@6ef7364a (This connection has been closed.). Possibly consider using a shorter maxLifetime value.
2026-01-24 15:36:00 WARN  com.zaxxer.hikari.pool.PoolBase - HikariPool-1 - Failed to validate connection org.postgresql.jdbc.PgConnection@23dbd230 (This connection has been closed.). Possibly consider using a shorter maxLifetime value.
2026-01-24 15:36:05 WARN  com.zaxxer.hikari.pool.PoolBase - HikariPool-1 - Failed to validate connection org.postgresql.jdbc.PgConnection@3b857c66 (This connection has been closed.). Possibly consider using a shorter maxLifetime value.
2026-01-24 15:36:10 WARN  com.zaxxer.hikari.pool.PoolBase - HikariPool-1 - Failed to validate connection org.postgresql.jdbc.PgConnection@6c97483a (This connection has been closed.). Possibly consider using a shorter maxLifetime value.
2026-01-24 15:47:18 WARN  com.zaxxer.hikari.pool.PoolBase - HikariPool-1 - Failed to validate connection org.postgresql.jdbc.PgConnection@5cdd423 (This connection has been closed.). Possibly consider using a shorter maxLifetime value.
2026-01-24 15:47:31 WARN  com.zaxxer.hikari.pool.HikariPool - HikariPool-1 - Thread starvation or clock leap detected (housekeeper delta=11m18s367ms).
2026-01-24 15:47:34 WARN  com.zaxxer.hikari.pool.PoolBase - HikariPool-1 - Failed to validate connection org.postgresql.jdbc.PgConnection@43bba2b5 (This connection has been closed.). Possibly consider using a shorter maxLifetime value.
2026-01-24 15:47:41 WARN  com.zaxxer.hikari.pool.PoolBase - HikariPool-1 - Failed to validate connection org.postgresql.jdbc.PgConnection@67244ee (This connection has been closed.). Possibly consider using a shorter maxLifetime value.
2026-01-24 15:47:43 WARN  com.zaxxer.hikari.pool.PoolBase - HikariPool-1 - Failed to validate connection org.postgresql.jdbc.PgConnection@52c6d9df (This connection has been closed.). Possibly consider using a shorter maxLifetime value.
2026-01-24 15:47:48 WARN  com.zaxxer.hikari.pool.PoolBase - HikariPool-1 - Failed to validate connection org.postgresql.jdbc.PgConnection@10bc6a29 (This connection has been closed.). Possibly consider using a shorter maxLifetime value.
2026-01-24 16:05:12 WARN  com.zaxxer.hikari.pool.PoolBase - HikariPool-1 - Failed to validate connection org.postgresql.jdbc.PgConnection@7b53dc01 (This connection has been closed.). Possibly consider using a shorter maxLifetime value.
2026-01-24 16:05:12 WARN  com.zaxxer.hikari.pool.HikariPool - HikariPool-1 - Thread starvation or clock leap detected (housekeeper delta=17m41s722ms).
2026-01-24 16:05:39 WARN  com.zaxxer.hikari.pool.PoolBase - HikariPool-1 - Failed to validate connection org.postgresql.jdbc.PgConnection@6ca12669 (This connection has been closed.). Possibly consider using a shorter maxLifetime value.
2026-01-24 16:05:48 WARN  com.zaxxer.hikari.pool.PoolBase - HikariPool-1 - Failed to validate connection org.postgresql.jdbc.PgConnection@6529c7fa (This connection has been closed.). Possibly consider using a shorter maxLifetime value.
2026-01-24 16:05:53 WARN  com.zaxxer.hikari.pool.PoolBase - HikariPool-1 - Failed to validate connection org.postgresql.jdbc.PgConnection@60558e2b (This connection has been closed.). Possibly consider using a shorter maxLifetime value.
2026-01-24 16:22:01 WARN  com.zaxxer.hikari.pool.PoolBase - HikariPool-1 - Failed to validate connection org.postgresql.jdbc.PgConnection@1d565c31 (This connection has been closed.). Possibly consider using a shorter maxLifetime value.
2026-01-24 16:22:09 WARN  com.zaxxer.hikari.pool.HikariPool - HikariPool-1 - Thread starvation or clock leap detected (housekeeper delta=16m26s402ms).
2026-01-24 16:22:25 WARN  com.zaxxer.hikari.pool.PoolBase - HikariPool-1 - Failed to validate connection org.postgresql.jdbc.PgConnection@20cb4c11 (This connection has been closed.). Possibly consider using a shorter maxLifetime value.
2026-01-24 16:22:29 WARN  com.zaxxer.hikari.pool.PoolBase - HikariPool-1 - Failed to validate connection org.postgresql.jdbc.PgConnection@43bbc494 (This connection has been closed.). Possibly consider using a shorter maxLifetime value.
2026-01-24 16:38:11 WARN  com.zaxxer.hikari.pool.HikariPool - HikariPool-1 - Thread starvation or clock leap detected (housekeeper delta=16m2s329ms).
2026-01-24 16:38:17 WARN  com.zaxxer.hikari.pool.PoolBase - HikariPool-1 - Failed to validate connection org.postgresql.jdbc.PgConnection@2f4f3a6b (This connection has been closed.). Possibly consider using a shorter maxLifetime value.
2026-01-24 16:38:22 WARN  com.zaxxer.hikari.pool.PoolBase - HikariPool-1 - Failed to validate connection org.postgresql.jdbc.PgConnection@249bbc03 (This connection has been closed.). Possibly consider using a shorter maxLifetime value.
2026-01-24 16:38:26 WARN  com.zaxxer.hikari.pool.PoolBase - HikariPool-1 - Failed to validate connection org.postgresql.jdbc.PgConnection@39195360 (This connection has been closed.). Possibly consider using a shorter maxLifetime value.
2026-01-24 16:38:41 WARN  com.zaxxer.hikari.pool.PoolBase - HikariPool-1 - Failed to validate connection org.postgresql.jdbc.PgConnection@6fd3ba4a (This connection has been closed.). Possibly consider using a shorter maxLifetime value.
2026-01-24 16:38:54 WARN  com.zaxxer.hikari.pool.PoolBase - HikariPool-1 - Failed to validate connection org.postgresql.jdbc.PgConnection@316a85a5 (This connection has been closed.). Possibly consider using a shorter maxLifetime value.
2026-01-24 16:39:02 WARN  com.zaxxer.hikari.pool.PoolBase - HikariPool-1 - Failed to validate connection org.postgresql.jdbc.PgConnection@30e8b148 (This connection has been closed.). Possibly consider using a shorter maxLifetime value.
2026-01-24 16:39:13 WARN  com.zaxxer.hikari.pool.PoolBase - HikariPool-1 - Failed to validate connection org.postgresql.jdbc.PgConnection@5f30813b (This connection has been closed.). Possibly consider using a shorter maxLifetime value.
2026-01-24 16:48:11 WARN  com.zaxxer.hikari.pool.PoolBase - HikariPool-1 - Failed to validate connection org.postgresql.jdbc.PgConnection@32b185a1 (This connection has been closed.). Possibly consider using a shorter maxLifetime value.
2026-01-24 16:48:37 WARN  com.zaxxer.hikari.pool.HikariPool - HikariPool-1 - Thread starvation or clock leap detected (housekeeper delta=9m25s534ms).
2026-01-24 16:48:38 WARN  com.zaxxer.hikari.pool.PoolBase - HikariPool-1 - Failed to validate connection org.postgresql.jdbc.PgConnection@1b690662 (This connection has been closed.). Possibly consider using a shorter maxLifetime value.
2026-01-24 16:48:41 WARN  com.zaxxer.hikari.pool.PoolBase - HikariPool-1 - Failed to validate connection org.postgresql.jdbc.PgConnection@37adc2fe (This connection has been closed.). Possibly consider using a shorter maxLifetime value.
2026-01-24 16:48:50 WARN  com.zaxxer.hikari.pool.PoolBase - HikariPool-1 - Failed to validate connection org.postgresql.jdbc.PgConnection@90fd527 (This connection has been closed.). Possibly consider using a shorter maxLifetime value.
2026-01-24 16:49:12 WARN  com.zaxxer.hikari.pool.PoolBase - HikariPool-1 - Failed to validate connection org.postgresql.jdbc.PgConnection@413d3e52 (This connection has been closed.). Possibly consider using a shorter maxLifetime value.
2026-01-24 17:04:28 WARN  com.zaxxer.hikari.pool.PoolBase - HikariPool-1 - Failed to validate connection org.postgresql.jdbc.PgConnection@6f0ff668 (This connection has been closed.). Possibly consider using a shorter maxLifetime value.
2026-01-24 17:04:47 WARN  com.zaxxer.hikari.pool.PoolBase - HikariPool-1 - Failed to validate connection org.postgresql.jdbc.PgConnection@1a426f3 (This connection has been closed.). Possibly consider using a shorter maxLifetime value.
2026-01-24 17:04:50 WARN  com.zaxxer.hikari.pool.HikariPool - HikariPool-1 - Thread starvation or clock leap detected (housekeeper delta=15m43s628ms).
2026-01-24 17:05:00 WARN  com.zaxxer.hikari.pool.PoolBase - HikariPool-1 - Failed to validate connection org.postgresql.jdbc.PgConnection@44858fcc (This connection has been closed.). Possibly consider using a shorter maxLifetime value.
2026-01-24 17:05:02 WARN  com.zaxxer.hikari.pool.PoolBase - HikariPool-1 - Failed to validate connection org.postgresql.jdbc.PgConnection@749aba5a (This connection has been closed.). Possibly consider using a shorter maxLifetime value.
2026-01-24 17:05:03 WARN  com.zaxxer.hikari.pool.PoolBase - HikariPool-1 - Failed to validate connection org.postgresql.jdbc.PgConnection@47d3d17d (This connection has been closed.). Possibly consider using a shorter maxLifetime value.
2026-01-24 17:22:05 WARN  com.zaxxer.hikari.pool.HikariPool - HikariPool-1 - Thread starvation or clock leap detected (housekeeper delta=17m14s902ms).
2026-01-24 17:22:09 WARN  com.zaxxer.hikari.pool.PoolBase - HikariPool-1 - Failed to validate connection org.postgresql.jdbc.PgConnection@2fc0cda4 (This connection has been closed.). Possibly consider using a shorter maxLifetime value.
2026-01-24 17:22:23 WARN  com.zaxxer.hikari.pool.PoolBase - HikariPool-1 - Failed to validate connection org.postgresql.jdbc.PgConnection@16f42490 (This connection has been closed.). Possibly consider using a shorter maxLifetime value.
2026-01-24 17:22:28 WARN  com.zaxxer.hikari.pool.PoolBase - HikariPool-1 - Failed to validate connection org.postgresql.jdbc.PgConnection@66711ead (This connection has been closed.). Possibly consider using a shorter maxLifetime value.
2026-01-24 17:22:31 WARN  com.zaxxer.hikari.pool.PoolBase - HikariPool-1 - Failed to validate connection org.postgresql.jdbc.PgConnection@ed6f6aa (This connection has been closed.). Possibly consider using a shorter maxLifetime value.
2026-01-24 17:22:58 WARN  com.zaxxer.hikari.pool.PoolBase - HikariPool-1 - Failed to validate connection org.postgresql.jdbc.PgConnection@6bfe2d7d (This connection has been closed.). Possibly consider using a shorter maxLifetime value.
2026-01-24 17:23:00 WARN  com.zaxxer.hikari.pool.PoolBase - HikariPool-1 - Failed to validate connection org.postgresql.jdbc.PgConnection@30bd1b96 (This connection has been closed.). Possibly consider using a shorter maxLifetime value.
2026-01-24 17:39:43 WARN  com.zaxxer.hikari.pool.HikariPool - HikariPool-1 - Thread starvation or clock leap detected (housekeeper delta=17m7s766ms).
2026-01-24 17:39:57 WARN  com.zaxxer.hikari.pool.PoolBase - HikariPool-1 - Failed to validate connection org.postgresql.jdbc.PgConnection@9e7d88d (This connection has been closed.). Possibly consider using a shorter maxLifetime value.
2026-01-24 17:40:02 WARN  com.zaxxer.hikari.pool.PoolBase - HikariPool-1 - Failed to validate connection org.postgresql.jdbc.PgConnection@30c903b7 (This connection has been closed.). Possibly consider using a shorter maxLifetime value.
2026-01-24 17:40:17 WARN  com.zaxxer.hikari.pool.PoolBase - HikariPool-1 - Failed to validate connection org.postgresql.jdbc.PgConnection@5f6441a0 (This connection has been closed.). Possibly consider using a shorter maxLifetime value.
2026-01-24 17:40:20 WARN  com.zaxxer.hikari.pool.PoolBase - HikariPool-1 - Failed to validate connection org.postgresql.jdbc.PgConnection@70bf558a (This connection has been closed.). Possibly consider using a shorter maxLifetime value.
2026-01-24 17:40:24 WARN  com.zaxxer.hikari.pool.PoolBase - HikariPool-1 - Failed to validate connection org.postgresql.jdbc.PgConnection@1edd0059 (This connection has been closed.). Possibly consider using a shorter maxLifetime value.
2026-01-24 17:40:47 WARN  com.zaxxer.hikari.pool.PoolBase - HikariPool-1 - Failed to validate connection org.postgresql.jdbc.PgConnection@63492b63 (This connection has been closed.). Possibly consider using a shorter maxLifetime value.
2026-01-24 17:41:01 WARN  com.zaxxer.hikari.pool.PoolBase - HikariPool-1 - Failed to validate connection org.postgresql.jdbc.PgConnection@788efb58 (This connection has been closed.). Possibly consider using a shorter maxLifetime value.
2026-01-24 17:41:01 WARN  com.zaxxer.hikari.pool.PoolBase - HikariPool-1 - Failed to validate connection org.postgresql.jdbc.PgConnection@241fd35c (This connection has been closed.). Possibly consider using a shorter maxLifetime value.
2026-01-24 17:49:17 WARN  com.zaxxer.hikari.pool.PoolBase - HikariPool-1 - Failed to validate connection org.postgresql.jdbc.PgConnection@69d98701 (This connection has been closed.). Possibly consider using a shorter maxLifetime value.
2026-01-24 17:49:26 WARN  com.zaxxer.hikari.pool.PoolBase - HikariPool-1 - Failed to validate connection org.postgresql.jdbc.PgConnection@570af372 (This connection has been closed.). Possibly consider using a shorter maxLifetime value.
2026-01-24 17:49:31 WARN  com.zaxxer.hikari.pool.HikariPool - HikariPool-1 - Thread starvation or clock leap detected (housekeeper delta=8m17s980ms).
2026-01-24 17:49:41 WARN  com.zaxxer.hikari.pool.PoolBase - HikariPool-1 - Failed to validate connection org.postgresql.jdbc.PgConnection@289120c8 (This connection has been closed.). Possibly consider using a shorter maxLifetime value.
2026-01-24 17:49:47 WARN  com.zaxxer.hikari.pool.PoolBase - HikariPool-1 - Failed to validate connection org.postgresql.jdbc.PgConnection@5959c996 (This connection has been closed.). Possibly consider using a shorter maxLifetime value.
2026-01-24 17:49:50 WARN  com.zaxxer.hikari.pool.PoolBase - HikariPool-1 - Failed to validate connection org.postgresql.jdbc.PgConnection@5f62af9c (This connection has been closed.). Possibly consider using a shorter maxLifetime value.
2026-01-24 17:50:05 WARN  com.zaxxer.hikari.pool.PoolBase - HikariPool-1 - Failed to validate connection org.postgresql.jdbc.PgConnection@47b7a98e (This connection has been closed.). Possibly consider using a shorter maxLifetime value.
2026-01-24 17:50:09 WARN  com.zaxxer.hikari.pool.PoolBase - HikariPool-1 - Failed to validate connection org.postgresql.jdbc.PgConnection@c029bc8 (This connection has been closed.). Possibly consider using a shorter maxLifetime value.
2026-01-24 18:05:21 WARN  com.zaxxer.hikari.pool.PoolBase - HikariPool-1 - Failed to validate connection org.postgresql.jdbc.PgConnection@46d6cb9b (This connection has been closed.). Possibly consider using a shorter maxLifetime value.
2026-01-24 18:05:33 WARN  com.zaxxer.hikari.pool.HikariPool - HikariPool-1 - Thread starvation or clock leap detected (housekeeper delta=15m31s977ms).
2026-01-24 18:05:33 WARN  com.zaxxer.hikari.pool.PoolBase - HikariPool-1 - Failed to validate connection org.postgresql.jdbc.PgConnection@42f0da6e (This connection has been closed.). Possibly consider using a shorter maxLifetime value.
2026-01-24 18:05:34 WARN  com.zaxxer.hikari.pool.PoolBase - HikariPool-1 - Failed to validate connection org.postgresql.jdbc.PgConnection@2ace47ed (This connection has been closed.). Possibly consider using a shorter maxLifetime value.
2026-01-24 18:05:57 WARN  com.zaxxer.hikari.pool.PoolBase - HikariPool-1 - Failed to validate connection org.postgresql.jdbc.PgConnection@29125ce3 (This connection has been closed.). Possibly consider using a shorter maxLifetime value.
2026-01-24 18:22:00 WARN  com.zaxxer.hikari.pool.HikariPool - HikariPool-1 - Thread starvation or clock leap detected (housekeeper delta=16m27s398ms).
2026-01-24 18:22:10 WARN  com.zaxxer.hikari.pool.PoolBase - HikariPool-1 - Failed to validate connection org.postgresql.jdbc.PgConnection@11949d55 (This connection has been closed.). Possibly consider using a shorter maxLifetime value.
2026-01-24 18:22:18 WARN  com.zaxxer.hikari.pool.PoolBase - HikariPool-1 - Failed to validate connection org.postgresql.jdbc.PgConnection@72f3f925 (This connection has been closed.). Possibly consider using a shorter maxLifetime value.
2026-01-24 18:22:42 WARN  com.zaxxer.hikari.pool.PoolBase - HikariPool-1 - Failed to validate connection org.postgresql.jdbc.PgConnection@48eb7ce (This connection has been closed.). Possibly consider using a shorter maxLifetime value.
2026-01-24 18:22:44 WARN  com.zaxxer.hikari.pool.PoolBase - HikariPool-1 - Failed to validate connection org.postgresql.jdbc.PgConnection@4a4a9194 (This connection has been closed.). Possibly consider using a shorter maxLifetime value.
2026-01-24 18:39:05 WARN  com.zaxxer.hikari.pool.PoolBase - HikariPool-1 - Failed to validate connection org.postgresql.jdbc.PgConnection@5445c301 (This connection has been closed.). Possibly consider using a shorter maxLifetime value.
2026-01-24 18:39:05 WARN  com.zaxxer.hikari.pool.PoolBase - HikariPool-1 - Failed to validate connection org.postgresql.jdbc.PgConnection@6921b5c5 (This connection has been closed.). Possibly consider using a shorter maxLifetime value.
2026-01-24 18:39:07 WARN  com.zaxxer.hikari.pool.HikariPool - HikariPool-1 - Thread starvation or clock leap detected (housekeeper delta=16m36s349ms).
2026-01-24 18:39:11 WARN  com.zaxxer.hikari.pool.PoolBase - HikariPool-1 - Failed to validate connection org.postgresql.jdbc.PgConnection@77f95f44 (This connection has been closed.). Possibly consider using a shorter maxLifetime value.
2026-01-24 18:39:24 WARN  com.zaxxer.hikari.pool.PoolBase - HikariPool-1 - Failed to validate connection org.postgresql.jdbc.PgConnection@92a0874 (This connection has been closed.). Possibly consider using a shorter maxLifetime value.
2026-01-24 18:39:35 WARN  com.zaxxer.hikari.pool.PoolBase - HikariPool-1 - Failed to validate connection org.postgresql.jdbc.PgConnection@507f7a9a (This connection has been closed.). Possibly consider using a shorter maxLifetime value.
2026-01-24 18:50:28 WARN  com.zaxxer.hikari.pool.PoolBase - HikariPool-1 - Failed to validate connection org.postgresql.jdbc.PgConnection@72d18e0b (This connection has been closed.). Possibly consider using a shorter maxLifetime value.
2026-01-24 18:50:37 WARN  com.zaxxer.hikari.pool.HikariPool - HikariPool-1 - Thread starvation or clock leap detected (housekeeper delta=10m59s906ms).
2026-01-24 18:50:46 WARN  com.zaxxer.hikari.pool.PoolBase - HikariPool-1 - Failed to validate connection org.postgresql.jdbc.PgConnection@3cadd9de (This connection has been closed.). Possibly consider using a shorter maxLifetime value.
2026-01-24 18:50:51 WARN  com.zaxxer.hikari.pool.PoolBase - HikariPool-1 - Failed to validate connection org.postgresql.jdbc.PgConnection@63670c08 (This connection has been closed.). Possibly consider using a shorter maxLifetime value.
2026-01-24 19:06:25 WARN  com.zaxxer.hikari.pool.HikariPool - HikariPool-1 - Thread starvation or clock leap detected (housekeeper delta=15m48s302ms).
2026-01-24 19:06:32 WARN  com.zaxxer.hikari.pool.PoolBase - HikariPool-1 - Failed to validate connection org.postgresql.jdbc.PgConnection@4852b6d6 (This connection has been closed.). Possibly consider using a shorter maxLifetime value.
2026-01-24 19:06:35 WARN  com.zaxxer.hikari.pool.PoolBase - HikariPool-1 - Failed to validate connection org.postgresql.jdbc.PgConnection@4dabf54c (This connection has been closed.). Possibly consider using a shorter maxLifetime value.
2026-01-24 19:06:35 WARN  com.zaxxer.hikari.pool.PoolBase - HikariPool-1 - Failed to validate connection org.postgresql.jdbc.PgConnection@48366313 (This connection has been closed.). Possibly consider using a shorter maxLifetime value.
2026-01-24 19:06:43 WARN  com.zaxxer.hikari.pool.PoolBase - HikariPool-1 - Failed to validate connection org.postgresql.jdbc.PgConnection@158f98c5 (This connection has been closed.). Possibly consider using a shorter maxLifetime value.
2026-01-24 19:06:52 WARN  com.zaxxer.hikari.pool.PoolBase - HikariPool-1 - Failed to validate connection org.postgresql.jdbc.PgConnection@2c2604b1 (This connection has been closed.). Possibly consider using a shorter maxLifetime value.
2026-01-24 19:07:01 WARN  com.zaxxer.hikari.pool.PoolBase - HikariPool-1 - Failed to validate connection org.postgresql.jdbc.PgConnection@3ed32746 (This connection has been closed.). Possibly consider using a shorter maxLifetime value.
2026-01-24 19:22:26 WARN  com.zaxxer.hikari.pool.PoolBase - HikariPool-1 - Failed to validate connection org.postgresql.jdbc.PgConnection@30d6d571 (This connection has been closed.). Possibly consider using a shorter maxLifetime value.
2026-01-24 19:22:36 WARN  com.zaxxer.hikari.pool.HikariPool - HikariPool-1 - Thread starvation or clock leap detected (housekeeper delta=15m41s377ms).
2026-01-24 19:22:44 WARN  com.zaxxer.hikari.pool.PoolBase - HikariPool-1 - Failed to validate connection org.postgresql.jdbc.PgConnection@5e04dbe2 (This connection has been closed.). Possibly consider using a shorter maxLifetime value.
2026-01-24 19:39:23 WARN  com.zaxxer.hikari.pool.HikariPool - HikariPool-1 - Thread starvation or clock leap detected (housekeeper delta=16m46s393ms).
2026-01-24 19:39:29 WARN  com.zaxxer.hikari.pool.PoolBase - HikariPool-1 - Failed to validate connection org.postgresql.jdbc.PgConnection@3eae3726 (This connection has been closed.). Possibly consider using a shorter maxLifetime value.
2026-01-24 19:39:29 WARN  com.zaxxer.hikari.pool.PoolBase - HikariPool-1 - Failed to validate connection org.postgresql.jdbc.PgConnection@6e3b46f9 (This connection has been closed.). Possibly consider using a shorter maxLifetime value.
2026-01-24 19:39:38 WARN  com.zaxxer.hikari.pool.PoolBase - HikariPool-1 - Failed to validate connection org.postgresql.jdbc.PgConnection@7e7e1e3e (This connection has been closed.). Possibly consider using a shorter maxLifetime value.
2026-01-24 19:39:46 WARN  com.zaxxer.hikari.pool.PoolBase - HikariPool-1 - Failed to validate connection org.postgresql.jdbc.PgConnection@654ae33b (This connection has been closed.). Possibly consider using a shorter maxLifetime value.
2026-01-24 19:39:50 WARN  com.zaxxer.hikari.pool.PoolBase - HikariPool-1 - Failed to validate connection org.postgresql.jdbc.PgConnection@5ff3160b (This connection has been closed.). Possibly consider using a shorter maxLifetime value.
2026-01-24 19:39:55 WARN  com.zaxxer.hikari.pool.PoolBase - HikariPool-1 - Failed to validate connection org.postgresql.jdbc.PgConnection@5edab4a4 (This connection has been closed.). Possibly consider using a shorter maxLifetime value.
2026-01-24 19:39:59 WARN  com.zaxxer.hikari.pool.PoolBase - HikariPool-1 - Failed to validate connection org.postgresql.jdbc.PgConnection@2e640248 (This connection has been closed.). Possibly consider using a shorter maxLifetime value.
2026-01-24 19:51:20 WARN  com.zaxxer.hikari.pool.PoolBase - HikariPool-1 - Failed to validate connection org.postgresql.jdbc.PgConnection@69e00ac1 (This connection has been closed.). Possibly consider using a shorter maxLifetime value.
2026-01-24 19:51:25 WARN  com.zaxxer.hikari.pool.HikariPool - HikariPool-1 - Thread starvation or clock leap detected (housekeeper delta=11m31s906ms).
2026-01-24 19:51:31 WARN  com.zaxxer.hikari.pool.PoolBase - HikariPool-1 - Failed to validate connection org.postgresql.jdbc.PgConnection@50a6dfdf (This connection has been closed.). Possibly consider using a shorter maxLifetime value.
2026-01-24 19:51:40 WARN  com.zaxxer.hikari.pool.PoolBase - HikariPool-1 - Failed to validate connection org.postgresql.jdbc.PgConnection@37815ed9 (This connection has been closed.). Possibly consider using a shorter maxLifetime value.
2026-01-24 19:52:11 WARN  com.zaxxer.hikari.pool.PoolBase - HikariPool-1 - Failed to validate connection org.postgresql.jdbc.PgConnection@14085fde (This connection has been closed.). Possibly consider using a shorter maxLifetime value.
2026-01-24 20:08:02 WARN  com.zaxxer.hikari.pool.PoolBase - HikariPool-1 - Failed to validate connection org.postgresql.jdbc.PgConnection@3b1286 (This connection has been closed.). Possibly consider using a shorter maxLifetime value.
2026-01-24 20:08:05 WARN  com.zaxxer.hikari.pool.HikariPool - HikariPool-1 - Thread starvation or clock leap detected (housekeeper delta=16m10s184ms).
2026-01-24 20:08:07 WARN  com.zaxxer.hikari.pool.PoolBase - HikariPool-1 - Failed to validate connection org.postgresql.jdbc.PgConnection@159db859 (This connection has been closed.). Possibly consider using a shorter maxLifetime value.
2026-01-24 20:08:18 WARN  com.zaxxer.hikari.pool.PoolBase - HikariPool-1 - Failed to validate connection org.postgresql.jdbc.PgConnection@27fda441 (This connection has been closed.). Possibly consider using a shorter maxLifetime value.
2026-01-24 20:08:20 WARN  com.zaxxer.hikari.pool.PoolBase - HikariPool-1 - Failed to validate connection org.postgresql.jdbc.PgConnection@5351d435 (This connection has been closed.). Possibly consider using a shorter maxLifetime value.
2026-01-24 20:08:22 WARN  com.zaxxer.hikari.pool.PoolBase - HikariPool-1 - Failed to validate connection org.postgresql.jdbc.PgConnection@2bf6e176 (This connection has been closed.). Possibly consider using a shorter maxLifetime value.
2026-01-24 20:08:24 WARN  com.zaxxer.hikari.pool.PoolBase - HikariPool-1 - Failed to validate connection org.postgresql.jdbc.PgConnection@616397e5 (This connection has been closed.). Possibly consider using a shorter maxLifetime value.
2026-01-24 20:23:47 WARN  com.zaxxer.hikari.pool.PoolBase - HikariPool-1 - Failed to validate connection org.postgresql.jdbc.PgConnection@4f2f143e (This connection has been closed.). Possibly consider using a shorter maxLifetime value.
2026-01-24 20:24:03 WARN  com.zaxxer.hikari.pool.HikariPool - HikariPool-1 - Thread starvation or clock leap detected (housekeeper delta=15m28s420ms).
2026-01-24 20:24:06 WARN  com.zaxxer.hikari.pool.PoolBase - HikariPool-1 - Failed to validate connection org.postgresql.jdbc.PgConnection@ee33fe5 (This connection has been closed.). Possibly consider using a shorter maxLifetime value.
2026-01-24 20:24:11 WARN  com.zaxxer.hikari.pool.PoolBase - HikariPool-1 - Failed to validate connection org.postgresql.jdbc.PgConnection@44fb39d1 (This connection has been closed.). Possibly consider using a shorter maxLifetime value.
2026-01-24 20:41:00 WARN  com.zaxxer.hikari.pool.PoolBase - HikariPool-1 - Failed to validate connection org.postgresql.jdbc.PgConnection@55783d71 (This connection has been closed.). Possibly consider using a shorter maxLifetime value.
2026-01-24 20:41:00 WARN  com.zaxxer.hikari.pool.HikariPool - HikariPool-1 - Thread starvation or clock leap detected (housekeeper delta=16m56s565ms).
2026-01-24 20:41:16 WARN  com.zaxxer.hikari.pool.PoolBase - HikariPool-1 - Failed to validate connection org.postgresql.jdbc.PgConnection@2998d91e (This connection has been closed.). Possibly consider using a shorter maxLifetime value.
2026-01-24 20:41:24 WARN  com.zaxxer.hikari.pool.PoolBase - HikariPool-1 - Failed to validate connection org.postgresql.jdbc.PgConnection@6641b7ba (This connection has been closed.). Possibly consider using a shorter maxLifetime value.
2026-01-24 20:41:28 WARN  com.zaxxer.hikari.pool.PoolBase - HikariPool-1 - Failed to validate connection org.postgresql.jdbc.PgConnection@3fa72cb5 (This connection has been closed.). Possibly consider using a shorter maxLifetime value.
2026-01-24 20:41:29 WARN  com.zaxxer.hikari.pool.PoolBase - HikariPool-1 - Failed to validate connection org.postgresql.jdbc.PgConnection@795e2b48 (This connection has been closed.). Possibly consider using a shorter maxLifetime value.
2026-01-24 20:41:36 WARN  com.zaxxer.hikari.pool.PoolBase - HikariPool-1 - Failed to validate connection org.postgresql.jdbc.PgConnection@12c9afbe (This connection has been closed.). Possibly consider using a shorter maxLifetime value.
2026-01-24 20:52:15 WARN  com.zaxxer.hikari.pool.PoolBase - HikariPool-1 - Failed to validate connection org.postgresql.jdbc.PgConnection@6fb4897 (This connection has been closed.). Possibly consider using a shorter maxLifetime value.
2026-01-24 20:52:31 WARN  com.zaxxer.hikari.pool.HikariPool - HikariPool-1 - Thread starvation or clock leap detected (housekeeper delta=11m905ms).
2026-01-24 20:52:40 WARN  com.zaxxer.hikari.pool.PoolBase - HikariPool-1 - Failed to validate connection org.postgresql.jdbc.PgConnection@519ccd54 (This connection has been closed.). Possibly consider using a shorter maxLifetime value.
2026-01-24 20:52:46 WARN  com.zaxxer.hikari.pool.PoolBase - HikariPool-1 - Failed to validate connection org.postgresql.jdbc.PgConnection@754dd182 (This connection has been closed.). Possibly consider using a shorter maxLifetime value.
2026-01-24 20:52:50 WARN  com.zaxxer.hikari.pool.PoolBase - HikariPool-1 - Failed to validate connection org.postgresql.jdbc.PgConnection@75f7ef40 (This connection has been closed.). Possibly consider using a shorter maxLifetime value.
2026-01-24 21:08:41 WARN  com.zaxxer.hikari.pool.PoolBase - HikariPool-1 - Failed to validate connection org.postgresql.jdbc.PgConnection@285a8aa5 (This connection has been closed.). Possibly consider using a shorter maxLifetime value.
2026-01-24 21:08:50 WARN  com.zaxxer.hikari.pool.HikariPool - HikariPool-1 - Thread starvation or clock leap detected (housekeeper delta=15m48s938ms).
2026-01-24 21:08:59 WARN  com.zaxxer.hikari.pool.PoolBase - HikariPool-1 - Failed to validate connection org.postgresql.jdbc.PgConnection@4226ca36 (This connection has been closed.). Possibly consider using a shorter maxLifetime value.
2026-01-24 21:09:02 WARN  com.zaxxer.hikari.pool.PoolBase - HikariPool-1 - Failed to validate connection org.postgresql.jdbc.PgConnection@74921cd6 (This connection has been closed.). Possibly consider using a shorter maxLifetime value.
2026-01-24 21:09:05 WARN  com.zaxxer.hikari.pool.PoolBase - HikariPool-1 - Failed to validate connection org.postgresql.jdbc.PgConnection@435a8a4e (This connection has been closed.). Possibly consider using a shorter maxLifetime value.
2026-01-24 21:09:06 WARN  com.zaxxer.hikari.pool.PoolBase - HikariPool-1 - Failed to validate connection org.postgresql.jdbc.PgConnection@37599f69 (This connection has been closed.). Possibly consider using a shorter maxLifetime value.
2026-01-24 21:09:09 WARN  com.zaxxer.hikari.pool.PoolBase - HikariPool-1 - Failed to validate connection org.postgresql.jdbc.PgConnection@32bba617 (This connection has been closed.). Possibly consider using a shorter maxLifetime value.
2026-01-24 21:26:41 WARN  com.zaxxer.hikari.pool.HikariPool - HikariPool-1 - Thread starvation or clock leap detected (housekeeper delta=17m51s476ms).
2026-01-24 21:26:44 WARN  com.zaxxer.hikari.pool.PoolBase - HikariPool-1 - Failed to validate connection org.postgresql.jdbc.PgConnection@562b783a (This connection has been closed.). Possibly consider using a shorter maxLifetime value.
2026-01-24 21:27:09 WARN  com.zaxxer.hikari.pool.PoolBase - HikariPool-1 - Failed to validate connection org.postgresql.jdbc.PgConnection@3aedfdd3 (This connection has been closed.). Possibly consider using a shorter maxLifetime value.
2026-01-24 21:27:19 WARN  com.zaxxer.hikari.pool.PoolBase - HikariPool-1 - Failed to validate connection org.postgresql.jdbc.PgConnection@58ee37a4 (This connection has been closed.). Possibly consider using a shorter maxLifetime value.
2026-01-24 21:27:21 WARN  com.zaxxer.hikari.pool.PoolBase - HikariPool-1 - Failed to validate connection org.postgresql.jdbc.PgConnection@68eb232b (This connection has been closed.). Possibly consider using a shorter maxLifetime value.
2026-01-24 21:43:45 WARN  com.zaxxer.hikari.pool.HikariPool - HikariPool-1 - Thread starvation or clock leap detected (housekeeper delta=16m33s924ms).
2026-01-24 21:43:47 WARN  com.zaxxer.hikari.pool.PoolBase - HikariPool-1 - Failed to validate connection org.postgresql.jdbc.PgConnection@76801cf6 (This connection has been closed.). Possibly consider using a shorter maxLifetime value.
2026-01-24 21:44:08 WARN  com.zaxxer.hikari.pool.PoolBase - HikariPool-1 - Failed to validate connection org.postgresql.jdbc.PgConnection@88163c2 (This connection has been closed.). Possibly consider using a shorter maxLifetime value.
2026-01-24 21:44:10 WARN  com.zaxxer.hikari.pool.PoolBase - HikariPool-1 - Failed to validate connection org.postgresql.jdbc.PgConnection@4f5327f0 (This connection has been closed.). Possibly consider using a shorter maxLifetime value.
2026-01-24 21:44:13 WARN  com.zaxxer.hikari.pool.PoolBase - HikariPool-1 - Failed to validate connection org.postgresql.jdbc.PgConnection@42900e71 (This connection has been closed.). Possibly consider using a shorter maxLifetime value.
2026-01-24 21:44:14 WARN  com.zaxxer.hikari.pool.PoolBase - HikariPool-1 - Failed to validate connection org.postgresql.jdbc.PgConnection@418cfa92 (This connection has been closed.). Possibly consider using a shorter maxLifetime value.
2026-01-24 21:53:18 WARN  com.zaxxer.hikari.pool.PoolBase - HikariPool-1 - Failed to validate connection org.postgresql.jdbc.PgConnection@6fbc87ca (This connection has been closed.). Possibly consider using a shorter maxLifetime value.
2026-01-24 21:53:24 WARN  com.zaxxer.hikari.pool.PoolBase - HikariPool-1 - Failed to validate connection org.postgresql.jdbc.PgConnection@7b2723ad (This connection has been closed.). Possibly consider using a shorter maxLifetime value.
2026-01-24 21:53:37 WARN  com.zaxxer.hikari.pool.HikariPool - HikariPool-1 - Thread starvation or clock leap detected (housekeeper delta=9m21s912ms).
2026-01-24 21:53:53 WARN  com.zaxxer.hikari.pool.PoolBase - HikariPool-1 - Failed to validate connection org.postgresql.jdbc.PgConnection@56d04087 (This connection has been closed.). Possibly consider using a shorter maxLifetime value.
2026-01-24 21:53:55 WARN  com.zaxxer.hikari.pool.PoolBase - HikariPool-1 - Failed to validate connection org.postgresql.jdbc.PgConnection@1fae2c7a (This connection has been closed.). Possibly consider using a shorter maxLifetime value.
2026-01-24 21:53:56 WARN  com.zaxxer.hikari.pool.PoolBase - HikariPool-1 - Failed to validate connection org.postgresql.jdbc.PgConnection@a939138 (This connection has been closed.). Possibly consider using a shorter maxLifetime value.
2026-01-24 21:54:38 WARN  com.zaxxer.hikari.pool.PoolBase - HikariPool-1 - Failed to validate connection org.postgresql.jdbc.PgConnection@5e132c95 (This connection has been closed.). Possibly consider using a shorter maxLifetime value.
2026-01-24 21:54:41 WARN  com.zaxxer.hikari.pool.PoolBase - HikariPool-1 - Failed to validate connection org.postgresql.jdbc.PgConnection@5f380122 (This connection has been closed.). Possibly consider using a shorter maxLifetime value.
2026-01-24 21:54:50 WARN  com.zaxxer.hikari.pool.PoolBase - HikariPool-1 - Failed to validate connection org.postgresql.jdbc.PgConnection@493451ac (This connection has been closed.). Possibly consider using a shorter maxLifetime value.
2026-01-24 21:55:02 WARN  com.zaxxer.hikari.pool.PoolBase - HikariPool-1 - Failed to validate connection org.postgresql.jdbc.PgConnection@66430bd2 (This connection has been closed.). Possibly consider using a shorter maxLifetime value.
2026-01-24 21:55:06 WARN  com.zaxxer.hikari.pool.PoolBase - HikariPool-1 - Failed to validate connection org.postgresql.jdbc.PgConnection@12bfa099 (This connection has been closed.). Possibly consider using a shorter maxLifetime value.
2026-01-24 22:12:17 WARN  com.zaxxer.hikari.pool.PoolBase - HikariPool-1 - Failed to validate connection org.postgresql.jdbc.PgConnection@39cc1936 (This connection has been closed.). Possibly consider using a shorter maxLifetime value.
2026-01-24 22:12:34 WARN  com.zaxxer.hikari.pool.HikariPool - HikariPool-1 - Thread starvation or clock leap detected (housekeeper delta=14m56s681ms).
2026-01-24 22:12:37 WARN  com.zaxxer.hikari.pool.PoolBase - HikariPool-1 - Failed to validate connection org.postgresql.jdbc.PgConnection@57ebabf5 (This connection has been closed.). Possibly consider using a shorter maxLifetime value.
2026-01-24 22:12:54 WARN  com.zaxxer.hikari.pool.PoolBase - HikariPool-1 - Failed to validate connection org.postgresql.jdbc.PgConnection@6163c971 (This connection has been closed.). Possibly consider using a shorter maxLifetime value.
2026-01-24 22:13:00 WARN  com.zaxxer.hikari.pool.PoolBase - HikariPool-1 - Failed to validate connection org.postgresql.jdbc.PgConnection@500b3c13 (This connection has been closed.). Possibly consider using a shorter maxLifetime value.
2026-01-24 22:13:08 WARN  com.zaxxer.hikari.pool.PoolBase - HikariPool-1 - Failed to validate connection org.postgresql.jdbc.PgConnection@6cb74f1d (This connection has been closed.). Possibly consider using a shorter maxLifetime value.
2026-01-24 22:13:12 WARN  com.zaxxer.hikari.pool.PoolBase - HikariPool-1 - Failed to validate connection org.postgresql.jdbc.PgConnection@1313b649 (This connection has been closed.). Possibly consider using a shorter maxLifetime value.
2026-01-24 22:13:35 WARN  com.zaxxer.hikari.pool.PoolBase - HikariPool-1 - Failed to validate connection org.postgresql.jdbc.PgConnection@143ca46 (This connection has been closed.). Possibly consider using a shorter maxLifetime value.
2026-01-24 22:13:39 WARN  com.zaxxer.hikari.pool.PoolBase - HikariPool-1 - Failed to validate connection org.postgresql.jdbc.PgConnection@42eb76e5 (This connection has been closed.). Possibly consider using a shorter maxLifetime value.
2026-01-24 22:13:48 WARN  com.zaxxer.hikari.pool.PoolBase - HikariPool-1 - Failed to validate connection org.postgresql.jdbc.PgConnection@4c44210f (This connection has been closed.). Possibly consider using a shorter maxLifetime value.
2026-01-24 22:14:01 WARN  com.zaxxer.hikari.pool.PoolBase - HikariPool-1 - Failed to validate connection org.postgresql.jdbc.PgConnection@51848784 (This connection has been closed.). Possibly consider using a shorter maxLifetime value.
2026-01-24 22:16:22 WARN  com.zaxxer.hikari.pool.HikariPool - HikariPool-1 - Thread starvation or clock leap detected (housekeeper delta=47s636ms).
2026-01-24 22:20:20 WARN  com.zaxxer.hikari.pool.PoolBase - HikariPool-1 - Failed to validate connection org.postgresql.jdbc.PgConnection@25e09341 (This connection has been closed.). Possibly consider using a shorter maxLifetime value.
2026-01-24 22:55:38 WARN  com.zaxxer.hikari.pool.HikariPool - HikariPool-1 - Thread starvation or clock leap detected (housekeeper delta=2m45s929ms).
2026-01-24 22:55:58 WARN  com.zaxxer.hikari.pool.PoolBase - HikariPool-1 - Failed to validate connection org.postgresql.jdbc.PgConnection@7d82d614 (This connection has been closed.). Possibly consider using a shorter maxLifetime value.
2026-01-24 22:55:59 WARN  com.zaxxer.hikari.pool.PoolBase - HikariPool-1 - Failed to validate connection org.postgresql.jdbc.PgConnection@d60f0ed (This connection has been closed.). Possibly consider using a shorter maxLifetime value.
2026-01-24 22:56:13 WARN  com.zaxxer.hikari.pool.PoolBase - HikariPool-1 - Failed to validate connection org.postgresql.jdbc.PgConnection@7e7a0950 (This connection has been closed.). Possibly consider using a shorter maxLifetime value.
2026-01-24 22:56:35 WARN  com.zaxxer.hikari.pool.PoolBase - HikariPool-1 - Failed to validate connection org.postgresql.jdbc.PgConnection@ff81d04 (This connection has been closed.). Possibly consider using a shorter maxLifetime value.
2026-01-24 22:56:49 WARN  com.zaxxer.hikari.pool.PoolBase - HikariPool-1 - Failed to validate connection org.postgresql.jdbc.PgConnection@2b8bcae5 (This connection has been closed.). Possibly consider using a shorter maxLifetime value.
2026-01-24 22:56:54 WARN  com.zaxxer.hikari.pool.PoolBase - HikariPool-1 - Failed to validate connection org.postgresql.jdbc.PgConnection@6beff87c (This connection has been closed.). Possibly consider using a shorter maxLifetime value.
2026-01-24 22:56:57 WARN  com.zaxxer.hikari.pool.PoolBase - HikariPool-1 - Failed to validate connection org.postgresql.jdbc.PgConnection@30e1d922 (This connection has been closed.). Possibly consider using a shorter maxLifetime value.
2026-01-24 22:56:59 WARN  com.zaxxer.hikari.pool.PoolBase - HikariPool-1 - Failed to validate connection org.postgresql.jdbc.PgConnection@127d38b4 (This connection has been closed.). Possibly consider using a shorter maxLifetime value.
2026-01-24 22:57:06 WARN  com.zaxxer.hikari.pool.PoolBase - HikariPool-1 - Failed to validate connection org.postgresql.jdbc.PgConnection@6c50e9f (This connection has been closed.). Possibly consider using a shorter maxLifetime value.
2026-01-24 22:57:07 WARN  com.zaxxer.hikari.pool.PoolBase - HikariPool-1 - Failed to validate connection org.postgresql.jdbc.PgConnection@3ae55431 (This connection has been closed.). Possibly consider using a shorter maxLifetime value.
2026-01-24 23:15:28 WARN  com.zaxxer.hikari.pool.PoolBase - HikariPool-1 - Failed to validate connection org.postgresql.jdbc.PgConnection@41a66341 (This connection has been closed.). Possibly consider using a shorter maxLifetime value.
2026-01-24 23:15:28 WARN  com.zaxxer.hikari.pool.HikariPool - HikariPool-1 - Thread starvation or clock leap detected (housekeeper delta=1m20s16ms).
2026-01-24 23:15:38 WARN  com.zaxxer.hikari.pool.PoolBase - HikariPool-1 - Failed to validate connection org.postgresql.jdbc.PgConnection@76796d2a (This connection has been closed.). Possibly consider using a shorter maxLifetime value.
2026-01-24 23:15:44 WARN  com.zaxxer.hikari.pool.PoolBase - HikariPool-1 - Failed to validate connection org.postgresql.jdbc.PgConnection@146330f7 (This connection has been closed.). Possibly consider using a shorter maxLifetime value.
2026-01-24 23:15:49 WARN  com.zaxxer.hikari.pool.PoolBase - HikariPool-1 - Failed to validate connection org.postgresql.jdbc.PgConnection@fb10cef (This connection has been closed.). Possibly consider using a shorter maxLifetime value.
2026-01-24 23:15:54 WARN  com.zaxxer.hikari.pool.PoolBase - HikariPool-1 - Failed to validate connection org.postgresql.jdbc.PgConnection@ba43f0c (This connection has been closed.). Possibly consider using a shorter maxLifetime value.
2026-01-24 23:16:16 WARN  com.zaxxer.hikari.pool.PoolBase - HikariPool-1 - Failed to validate connection org.postgresql.jdbc.PgConnection@5f87592d (This connection has been closed.). Possibly consider using a shorter maxLifetime value.
2026-01-24 23:16:28 WARN  com.zaxxer.hikari.pool.PoolBase - HikariPool-1 - Failed to validate connection org.postgresql.jdbc.PgConnection@194d04d0 (This connection has been closed.). Possibly consider using a shorter maxLifetime value.
2026-01-24 23:16:50 WARN  com.zaxxer.hikari.pool.PoolBase - HikariPool-1 - Failed to validate connection org.postgresql.jdbc.PgConnection@780532a9 (This connection has been closed.). Possibly consider using a shorter maxLifetime value.
2026-01-24 23:16:55 WARN  com.zaxxer.hikari.pool.PoolBase - HikariPool-1 - Failed to validate connection org.postgresql.jdbc.PgConnection@75b478f7 (This connection has been closed.). Possibly consider using a shorter maxLifetime value.
2026-01-24 23:17:09 WARN  com.zaxxer.hikari.pool.PoolBase - HikariPool-1 - Failed to validate connection org.postgresql.jdbc.PgConnection@66c5e5e8 (This connection has been closed.). Possibly consider using a shorter maxLifetime value.
