2025-04-15 22:15:38 INFO  com.alexd.movieS.MovieSApplication - Starting MovieSApplication using Java 22.0.1 with PID 33825 (/Users/alexd/MyDocuments/movieS/target/classes started by alexd in /Users/alexd/MyDocuments/movieS)
2025-04-15 22:15:38 INFO  com.alexd.movieS.MovieSApplication - No active profile set, falling back to 1 default profile: "default"
2025-04-15 22:15:38 INFO  o.s.b.d.e.DevToolsPropertyDefaultsPostProcessor - Devtools property defaults active! Set 'spring.devtools.add-properties' to 'false' to disable
2025-04-15 22:15:38 INFO  o.s.b.d.e.DevToolsPropertyDefaultsPostProcessor - For additional web related logging consider setting the 'logging.level.web' property to 'DEBUG'
2025-04-15 22:15:40 INFO  o.s.d.r.c.RepositoryConfigurationDelegate - Bootstrapping Spring Data JPA repositories in DEFAULT mode.
2025-04-15 22:15:40 INFO  o.s.d.r.c.RepositoryConfigurationDelegate - Finished Spring Data repository scanning in 64 ms. Found 1 JPA repository interface.
2025-04-15 22:15:41 INFO  o.s.b.w.e.tomcat.TomcatWebServer - Tomcat initialized with port 8080 (http)
2025-04-15 22:15:41 INFO  o.a.coyote.http11.Http11NioProtocol - Initializing ProtocolHandler ["http-nio-8080"]
2025-04-15 22:15:41 INFO  o.a.catalina.core.StandardService - Starting service [Tomcat]
2025-04-15 22:15:41 INFO  o.a.catalina.core.StandardEngine - Starting Servlet engine: [Apache Tomcat/10.1.28]
2025-04-15 22:15:41 INFO  o.a.c.c.C.[Tomcat].[localhost].[/] - Initializing Spring embedded WebApplicationContext
2025-04-15 22:15:41 INFO  o.s.b.w.s.c.ServletWebServerApplicationContext - Root WebApplicationContext: initialization completed in 2308 ms
2025-04-15 22:15:41 INFO  com.zaxxer.hikari.HikariDataSource - HikariPool-1 - Starting...
2025-04-15 22:15:41 WARN  org.postgresql.util.PGPropertyUtil - JDBC URL invalid port number: Iy3iJZ0SssAaeE4NClkWWFVqBhmQ6ByQ@dpg-cvvjo16uk2gs73dcig80-a.oregon-postgres.render.com
2025-04-15 22:15:41 WARN  o.s.b.w.s.c.AnnotationConfigServletWebServerApplicationContext - Exception encountered during context initialization - cancelling refresh attempt: org.springframework.beans.factory.BeanCreationException: Error creating bean with name 'entityManagerFactory' defined in class path resource [org/springframework/boot/autoconfigure/orm/jpa/HibernateJpaConfiguration.class]: Failed to initialize dependency 'jdbcSessionDataSourceScriptDatabaseInitializer' of LoadTimeWeaverAware bean 'entityManagerFactory': Error creating bean with name 'jdbcSessionDataSourceScriptDatabaseInitializer' defined in class path resource [org/springframework/boot/autoconfigure/session/JdbcSessionConfiguration.class]: Failed to instantiate [org.springframework.boot.autoconfigure.session.JdbcSessionDataSourceScriptDatabaseInitializer]: Factory method 'jdbcSessionDataSourceScriptDatabaseInitializer' threw exception with message: Failed to determine DatabaseDriver
2025-04-15 22:15:41 INFO  o.a.catalina.core.StandardService - Stopping service [Tomcat]
2025-04-15 22:15:41 INFO  o.s.b.a.l.ConditionEvaluationReportLogger - 

Error starting ApplicationContext. To display the condition evaluation report re-run your application with 'debug' enabled.
2025-04-15 22:15:41 ERROR o.s.boot.SpringApplication - Application run failed
org.springframework.beans.factory.BeanCreationException: Error creating bean with name 'entityManagerFactory' defined in class path resource [org/springframework/boot/autoconfigure/orm/jpa/HibernateJpaConfiguration.class]: Failed to initialize dependency 'jdbcSessionDataSourceScriptDatabaseInitializer' of LoadTimeWeaverAware bean 'entityManagerFactory': Error creating bean with name 'jdbcSessionDataSourceScriptDatabaseInitializer' defined in class path resource [org/springframework/boot/autoconfigure/session/JdbcSessionConfiguration.class]: Failed to instantiate [org.springframework.boot.autoconfigure.session.JdbcSessionDataSourceScriptDatabaseInitializer]: Factory method 'jdbcSessionDataSourceScriptDatabaseInitializer' threw exception with message: Failed to determine DatabaseDriver
	at org.springframework.beans.factory.support.AbstractBeanFactory.doGetBean(AbstractBeanFactory.java:326)
	at org.springframework.beans.factory.support.AbstractBeanFactory.getBean(AbstractBeanFactory.java:205)
	at org.springframework.context.support.AbstractApplicationContext.finishBeanFactoryInitialization(AbstractApplicationContext.java:954)
	at org.springframework.context.support.AbstractApplicationContext.refresh(AbstractApplicationContext.java:625)
	at org.springframework.boot.web.servlet.context.ServletWebServerApplicationContext.refresh(ServletWebServerApplicationContext.java:146)
	at org.springframework.boot.SpringApplication.refresh(SpringApplication.java:754)
	at org.springframework.boot.SpringApplication.refreshContext(SpringApplication.java:456)
	at org.springframework.boot.SpringApplication.run(SpringApplication.java:335)
	at org.springframework.boot.SpringApplication.run(SpringApplication.java:1363)
	at org.springframework.boot.SpringApplication.run(SpringApplication.java:1352)
	at com.alexd.movieS.MovieSApplication.main(MovieSApplication.java:10)
	at java.base/jdk.internal.reflect.DirectMethodHandleAccessor.invoke(DirectMethodHandleAccessor.java:103)
	at java.base/java.lang.reflect.Method.invoke(Method.java:580)
	at org.springframework.boot.devtools.restart.RestartLauncher.run(RestartLauncher.java:50)
Caused by: org.springframework.beans.factory.BeanCreationException: Error creating bean with name 'jdbcSessionDataSourceScriptDatabaseInitializer' defined in class path resource [org/springframework/boot/autoconfigure/session/JdbcSessionConfiguration.class]: Failed to instantiate [org.springframework.boot.autoconfigure.session.JdbcSessionDataSourceScriptDatabaseInitializer]: Factory method 'jdbcSessionDataSourceScriptDatabaseInitializer' threw exception with message: Failed to determine DatabaseDriver
	at org.springframework.beans.factory.support.ConstructorResolver.instantiate(ConstructorResolver.java:648)
	at org.springframework.beans.factory.support.ConstructorResolver.instantiateUsingFactoryMethod(ConstructorResolver.java:636)
	at org.springframework.beans.factory.support.AbstractAutowireCapableBeanFactory.instantiateUsingFactoryMethod(AbstractAutowireCapableBeanFactory.java:1355)
	at org.springframework.beans.factory.support.AbstractAutowireCapableBeanFactory.createBeanInstance(AbstractAutowireCapableBeanFactory.java:1185)
	at org.springframework.beans.factory.support.AbstractAutowireCapableBeanFactory.doCreateBean(AbstractAutowireCapableBeanFactory.java:562)
	at org.springframework.beans.factory.support.AbstractAutowireCapableBeanFactory.createBean(AbstractAutowireCapableBeanFactory.java:522)
	at org.springframework.beans.factory.support.AbstractBeanFactory.lambda$doGetBean$0(AbstractBeanFactory.java:337)
	at org.springframework.beans.factory.support.DefaultSingletonBeanRegistry.getSingleton(DefaultSingletonBeanRegistry.java:234)
	at org.springframework.beans.factory.support.AbstractBeanFactory.doGetBean(AbstractBeanFactory.java:335)
	at org.springframework.beans.factory.support.AbstractBeanFactory.getBean(AbstractBeanFactory.java:200)
	at org.springframework.beans.factory.support.AbstractBeanFactory.doGetBean(AbstractBeanFactory.java:313)
	... 13 common frames omitted
Caused by: org.springframework.beans.BeanInstantiationException: Failed to instantiate [org.springframework.boot.autoconfigure.session.JdbcSessionDataSourceScriptDatabaseInitializer]: Factory method 'jdbcSessionDataSourceScriptDatabaseInitializer' threw exception with message: Failed to determine DatabaseDriver
	at org.springframework.beans.factory.support.SimpleInstantiationStrategy.instantiate(SimpleInstantiationStrategy.java:178)
	at org.springframework.beans.factory.support.ConstructorResolver.instantiate(ConstructorResolver.java:644)
	... 23 common frames omitted
Caused by: java.lang.IllegalStateException: Failed to determine DatabaseDriver
	at org.springframework.boot.jdbc.init.PlatformPlaceholderDatabaseDriverResolver.getDatabaseDriver(PlatformPlaceholderDatabaseDriverResolver.java:144)
	at org.springframework.boot.jdbc.init.PlatformPlaceholderDatabaseDriverResolver.determinePlatform(PlatformPlaceholderDatabaseDriverResolver.java:132)
	at org.springframework.boot.jdbc.init.PlatformPlaceholderDatabaseDriverResolver.lambda$resolveAll$0(PlatformPlaceholderDatabaseDriverResolver.java:97)
	at org.springframework.boot.jdbc.init.PlatformPlaceholderDatabaseDriverResolver.resolveAll(PlatformPlaceholderDatabaseDriverResolver.java:122)
	at org.springframework.boot.jdbc.init.PlatformPlaceholderDatabaseDriverResolver.resolveAll(PlatformPlaceholderDatabaseDriverResolver.java:97)
	at org.springframework.boot.autoconfigure.session.JdbcSessionDataSourceScriptDatabaseInitializer.resolveSchemaLocations(JdbcSessionDataSourceScriptDatabaseInitializer.java:86)
	at org.springframework.boot.autoconfigure.session.JdbcSessionDataSourceScriptDatabaseInitializer.getSettings(JdbcSessionDataSourceScriptDatabaseInitializer.java:74)
	at org.springframework.boot.autoconfigure.session.JdbcSessionDataSourceScriptDatabaseInitializer.<init>(JdbcSessionDataSourceScriptDatabaseInitializer.java:48)
	at org.springframework.boot.autoconfigure.session.JdbcSessionConfiguration.jdbcSessionDataSourceScriptDatabaseInitializer(JdbcSessionConfiguration.java:65)
	at java.base/jdk.internal.reflect.DirectMethodHandleAccessor.invoke(DirectMethodHandleAccessor.java:103)
	at java.base/java.lang.reflect.Method.invoke(Method.java:580)
	at org.springframework.beans.factory.support.SimpleInstantiationStrategy.instantiate(SimpleInstantiationStrategy.java:146)
	... 24 common frames omitted
Caused by: java.lang.RuntimeException: Driver org.postgresql.Driver claims to not accept jdbcUrl, jdbc:postgresql://movies_mld4_user:Iy3iJZ0SssAaeE4NClkWWFVqBhmQ6ByQ@dpg-cvvjo16uk2gs73dcig80-a.oregon-postgres.render.com/movies_mld4
	at com.zaxxer.hikari.util.DriverDataSource.<init>(DriverDataSource.java:109)
	at com.zaxxer.hikari.pool.PoolBase.initializeDataSource(PoolBase.java:327)
	at com.zaxxer.hikari.pool.PoolBase.<init>(PoolBase.java:113)
	at com.zaxxer.hikari.pool.HikariPool.<init>(HikariPool.java:91)
	at com.zaxxer.hikari.HikariDataSource.getConnection(HikariDataSource.java:111)
	at org.springframework.jdbc.datasource.DataSourceUtils.fetchConnection(DataSourceUtils.java:160)
	at org.springframework.jdbc.datasource.DataSourceUtils.doGetConnection(DataSourceUtils.java:118)
	at org.springframework.jdbc.datasource.DataSourceUtils.getConnection(DataSourceUtils.java:81)
	at org.springframework.jdbc.support.JdbcUtils.extractDatabaseMetaData(JdbcUtils.java:331)
	at org.springframework.boot.jdbc.init.PlatformPlaceholderDatabaseDriverResolver.getDatabaseDriver(PlatformPlaceholderDatabaseDriverResolver.java:140)
	... 35 common frames omitted
2025-04-15 22:18:19 INFO  com.alexd.movieS.MovieSApplication - Starting MovieSApplication using Java 22.0.1 with PID 33872 (/Users/alexd/MyDocuments/movieS/target/classes started by alexd in /Users/alexd/MyDocuments/movieS)
2025-04-15 22:18:19 INFO  com.alexd.movieS.MovieSApplication - No active profile set, falling back to 1 default profile: "default"
2025-04-15 22:18:19 INFO  o.s.b.d.e.DevToolsPropertyDefaultsPostProcessor - Devtools property defaults active! Set 'spring.devtools.add-properties' to 'false' to disable
2025-04-15 22:18:19 INFO  o.s.b.d.e.DevToolsPropertyDefaultsPostProcessor - For additional web related logging consider setting the 'logging.level.web' property to 'DEBUG'
2025-04-15 22:18:20 INFO  o.s.d.r.c.RepositoryConfigurationDelegate - Bootstrapping Spring Data JPA repositories in DEFAULT mode.
2025-04-15 22:18:20 INFO  o.s.d.r.c.RepositoryConfigurationDelegate - Finished Spring Data repository scanning in 59 ms. Found 1 JPA repository interface.
2025-04-15 22:18:21 INFO  o.s.b.w.e.tomcat.TomcatWebServer - Tomcat initialized with port 8080 (http)
2025-04-15 22:18:21 INFO  o.a.coyote.http11.Http11NioProtocol - Initializing ProtocolHandler ["http-nio-8080"]
2025-04-15 22:18:21 INFO  o.a.catalina.core.StandardService - Starting service [Tomcat]
2025-04-15 22:18:21 INFO  o.a.catalina.core.StandardEngine - Starting Servlet engine: [Apache Tomcat/10.1.28]
2025-04-15 22:18:21 INFO  o.a.c.c.C.[Tomcat].[localhost].[/] - Initializing Spring embedded WebApplicationContext
2025-04-15 22:18:21 INFO  o.s.b.w.s.c.ServletWebServerApplicationContext - Root WebApplicationContext: initialization completed in 1693 ms
2025-04-15 22:18:21 INFO  com.zaxxer.hikari.HikariDataSource - HikariPool-1 - Starting...
2025-04-15 22:18:21 WARN  org.postgresql.util.PGPropertyUtil - JDBC URL invalid port number: Iy3iJZ0SssAaeE4NClkWWFVqBhmQ6ByQ@dpg-cvvjo16uk2gs73dcig80-a.oregon-postgres.render.com
2025-04-15 22:18:21 WARN  o.s.b.w.s.c.AnnotationConfigServletWebServerApplicationContext - Exception encountered during context initialization - cancelling refresh attempt: org.springframework.beans.factory.BeanCreationException: Error creating bean with name 'entityManagerFactory' defined in class path resource [org/springframework/boot/autoconfigure/orm/jpa/HibernateJpaConfiguration.class]: Failed to initialize dependency 'jdbcSessionDataSourceScriptDatabaseInitializer' of LoadTimeWeaverAware bean 'entityManagerFactory': Error creating bean with name 'jdbcSessionDataSourceScriptDatabaseInitializer' defined in class path resource [org/springframework/boot/autoconfigure/session/JdbcSessionConfiguration.class]: Failed to instantiate [org.springframework.boot.autoconfigure.session.JdbcSessionDataSourceScriptDatabaseInitializer]: Factory method 'jdbcSessionDataSourceScriptDatabaseInitializer' threw exception with message: Failed to determine DatabaseDriver
2025-04-15 22:18:21 INFO  o.a.catalina.core.StandardService - Stopping service [Tomcat]
2025-04-15 22:18:21 INFO  o.s.b.a.l.ConditionEvaluationReportLogger - 

Error starting ApplicationContext. To display the condition evaluation report re-run your application with 'debug' enabled.
2025-04-15 22:18:21 ERROR o.s.boot.SpringApplication - Application run failed
org.springframework.beans.factory.BeanCreationException: Error creating bean with name 'entityManagerFactory' defined in class path resource [org/springframework/boot/autoconfigure/orm/jpa/HibernateJpaConfiguration.class]: Failed to initialize dependency 'jdbcSessionDataSourceScriptDatabaseInitializer' of LoadTimeWeaverAware bean 'entityManagerFactory': Error creating bean with name 'jdbcSessionDataSourceScriptDatabaseInitializer' defined in class path resource [org/springframework/boot/autoconfigure/session/JdbcSessionConfiguration.class]: Failed to instantiate [org.springframework.boot.autoconfigure.session.JdbcSessionDataSourceScriptDatabaseInitializer]: Factory method 'jdbcSessionDataSourceScriptDatabaseInitializer' threw exception with message: Failed to determine DatabaseDriver
	at org.springframework.beans.factory.support.AbstractBeanFactory.doGetBean(AbstractBeanFactory.java:326)
	at org.springframework.beans.factory.support.AbstractBeanFactory.getBean(AbstractBeanFactory.java:205)
	at org.springframework.context.support.AbstractApplicationContext.finishBeanFactoryInitialization(AbstractApplicationContext.java:954)
	at org.springframework.context.support.AbstractApplicationContext.refresh(AbstractApplicationContext.java:625)
	at org.springframework.boot.web.servlet.context.ServletWebServerApplicationContext.refresh(ServletWebServerApplicationContext.java:146)
	at org.springframework.boot.SpringApplication.refresh(SpringApplication.java:754)
	at org.springframework.boot.SpringApplication.refreshContext(SpringApplication.java:456)
	at org.springframework.boot.SpringApplication.run(SpringApplication.java:335)
	at org.springframework.boot.SpringApplication.run(SpringApplication.java:1363)
	at org.springframework.boot.SpringApplication.run(SpringApplication.java:1352)
	at com.alexd.movieS.MovieSApplication.main(MovieSApplication.java:10)
	at java.base/jdk.internal.reflect.DirectMethodHandleAccessor.invoke(DirectMethodHandleAccessor.java:103)
	at java.base/java.lang.reflect.Method.invoke(Method.java:580)
	at org.springframework.boot.devtools.restart.RestartLauncher.run(RestartLauncher.java:50)
Caused by: org.springframework.beans.factory.BeanCreationException: Error creating bean with name 'jdbcSessionDataSourceScriptDatabaseInitializer' defined in class path resource [org/springframework/boot/autoconfigure/session/JdbcSessionConfiguration.class]: Failed to instantiate [org.springframework.boot.autoconfigure.session.JdbcSessionDataSourceScriptDatabaseInitializer]: Factory method 'jdbcSessionDataSourceScriptDatabaseInitializer' threw exception with message: Failed to determine DatabaseDriver
	at org.springframework.beans.factory.support.ConstructorResolver.instantiate(ConstructorResolver.java:648)
	at org.springframework.beans.factory.support.ConstructorResolver.instantiateUsingFactoryMethod(ConstructorResolver.java:636)
	at org.springframework.beans.factory.support.AbstractAutowireCapableBeanFactory.instantiateUsingFactoryMethod(AbstractAutowireCapableBeanFactory.java:1355)
	at org.springframework.beans.factory.support.AbstractAutowireCapableBeanFactory.createBeanInstance(AbstractAutowireCapableBeanFactory.java:1185)
	at org.springframework.beans.factory.support.AbstractAutowireCapableBeanFactory.doCreateBean(AbstractAutowireCapableBeanFactory.java:562)
	at org.springframework.beans.factory.support.AbstractAutowireCapableBeanFactory.createBean(AbstractAutowireCapableBeanFactory.java:522)
	at org.springframework.beans.factory.support.AbstractBeanFactory.lambda$doGetBean$0(AbstractBeanFactory.java:337)
	at org.springframework.beans.factory.support.DefaultSingletonBeanRegistry.getSingleton(DefaultSingletonBeanRegistry.java:234)
	at org.springframework.beans.factory.support.AbstractBeanFactory.doGetBean(AbstractBeanFactory.java:335)
	at org.springframework.beans.factory.support.AbstractBeanFactory.getBean(AbstractBeanFactory.java:200)
	at org.springframework.beans.factory.support.AbstractBeanFactory.doGetBean(AbstractBeanFactory.java:313)
	... 13 common frames omitted
Caused by: org.springframework.beans.BeanInstantiationException: Failed to instantiate [org.springframework.boot.autoconfigure.session.JdbcSessionDataSourceScriptDatabaseInitializer]: Factory method 'jdbcSessionDataSourceScriptDatabaseInitializer' threw exception with message: Failed to determine DatabaseDriver
	at org.springframework.beans.factory.support.SimpleInstantiationStrategy.instantiate(SimpleInstantiationStrategy.java:178)
	at org.springframework.beans.factory.support.ConstructorResolver.instantiate(ConstructorResolver.java:644)
	... 23 common frames omitted
Caused by: java.lang.IllegalStateException: Failed to determine DatabaseDriver
	at org.springframework.boot.jdbc.init.PlatformPlaceholderDatabaseDriverResolver.getDatabaseDriver(PlatformPlaceholderDatabaseDriverResolver.java:144)
	at org.springframework.boot.jdbc.init.PlatformPlaceholderDatabaseDriverResolver.determinePlatform(PlatformPlaceholderDatabaseDriverResolver.java:132)
	at org.springframework.boot.jdbc.init.PlatformPlaceholderDatabaseDriverResolver.lambda$resolveAll$0(PlatformPlaceholderDatabaseDriverResolver.java:97)
	at org.springframework.boot.jdbc.init.PlatformPlaceholderDatabaseDriverResolver.resolveAll(PlatformPlaceholderDatabaseDriverResolver.java:122)
	at org.springframework.boot.jdbc.init.PlatformPlaceholderDatabaseDriverResolver.resolveAll(PlatformPlaceholderDatabaseDriverResolver.java:97)
	at org.springframework.boot.autoconfigure.session.JdbcSessionDataSourceScriptDatabaseInitializer.resolveSchemaLocations(JdbcSessionDataSourceScriptDatabaseInitializer.java:86)
	at org.springframework.boot.autoconfigure.session.JdbcSessionDataSourceScriptDatabaseInitializer.getSettings(JdbcSessionDataSourceScriptDatabaseInitializer.java:74)
	at org.springframework.boot.autoconfigure.session.JdbcSessionDataSourceScriptDatabaseInitializer.<init>(JdbcSessionDataSourceScriptDatabaseInitializer.java:48)
	at org.springframework.boot.autoconfigure.session.JdbcSessionConfiguration.jdbcSessionDataSourceScriptDatabaseInitializer(JdbcSessionConfiguration.java:65)
	at java.base/jdk.internal.reflect.DirectMethodHandleAccessor.invoke(DirectMethodHandleAccessor.java:103)
	at java.base/java.lang.reflect.Method.invoke(Method.java:580)
	at org.springframework.beans.factory.support.SimpleInstantiationStrategy.instantiate(SimpleInstantiationStrategy.java:146)
	... 24 common frames omitted
Caused by: java.lang.RuntimeException: Driver org.postgresql.Driver claims to not accept jdbcUrl, jdbc:postgresql://movies_mld4_user:Iy3iJZ0SssAaeE4NClkWWFVqBhmQ6ByQ@dpg-cvvjo16uk2gs73dcig80-a.oregon-postgres.render.com/movies_mld4
	at com.zaxxer.hikari.util.DriverDataSource.<init>(DriverDataSource.java:109)
	at com.zaxxer.hikari.pool.PoolBase.initializeDataSource(PoolBase.java:327)
	at com.zaxxer.hikari.pool.PoolBase.<init>(PoolBase.java:113)
	at com.zaxxer.hikari.pool.HikariPool.<init>(HikariPool.java:91)
	at com.zaxxer.hikari.HikariDataSource.getConnection(HikariDataSource.java:111)
	at org.springframework.jdbc.datasource.DataSourceUtils.fetchConnection(DataSourceUtils.java:160)
	at org.springframework.jdbc.datasource.DataSourceUtils.doGetConnection(DataSourceUtils.java:118)
	at org.springframework.jdbc.datasource.DataSourceUtils.getConnection(DataSourceUtils.java:81)
	at org.springframework.jdbc.support.JdbcUtils.extractDatabaseMetaData(JdbcUtils.java:331)
	at org.springframework.boot.jdbc.init.PlatformPlaceholderDatabaseDriverResolver.getDatabaseDriver(PlatformPlaceholderDatabaseDriverResolver.java:140)
	... 35 common frames omitted
2025-04-15 22:23:32 INFO  com.alexd.movieS.MovieSApplication - Starting MovieSApplication using Java 22.0.1 with PID 33956 (/Users/alexd/MyDocuments/movieS/target/classes started by alexd in /Users/alexd/MyDocuments/movieS)
2025-04-15 22:23:32 INFO  com.alexd.movieS.MovieSApplication - No active profile set, falling back to 1 default profile: "default"
2025-04-15 22:23:32 INFO  o.s.b.d.e.DevToolsPropertyDefaultsPostProcessor - Devtools property defaults active! Set 'spring.devtools.add-properties' to 'false' to disable
2025-04-15 22:23:32 INFO  o.s.b.d.e.DevToolsPropertyDefaultsPostProcessor - For additional web related logging consider setting the 'logging.level.web' property to 'DEBUG'
2025-04-15 22:23:33 INFO  o.s.d.r.c.RepositoryConfigurationDelegate - Bootstrapping Spring Data JPA repositories in DEFAULT mode.
2025-04-15 22:23:33 INFO  o.s.d.r.c.RepositoryConfigurationDelegate - Finished Spring Data repository scanning in 63 ms. Found 1 JPA repository interface.
2025-04-15 22:23:34 INFO  o.s.b.w.e.tomcat.TomcatWebServer - Tomcat initialized with port 8080 (http)
2025-04-15 22:23:34 INFO  o.a.coyote.http11.Http11NioProtocol - Initializing ProtocolHandler ["http-nio-8080"]
2025-04-15 22:23:35 INFO  o.a.catalina.core.StandardService - Starting service [Tomcat]
2025-04-15 22:23:35 INFO  o.a.catalina.core.StandardEngine - Starting Servlet engine: [Apache Tomcat/10.1.28]
2025-04-15 22:23:35 INFO  o.a.c.c.C.[Tomcat].[localhost].[/] - Initializing Spring embedded WebApplicationContext
2025-04-15 22:23:35 INFO  o.s.b.w.s.c.ServletWebServerApplicationContext - Root WebApplicationContext: initialization completed in 2477 ms
2025-04-15 22:23:35 INFO  com.zaxxer.hikari.HikariDataSource - HikariPool-1 - Starting...
2025-04-15 22:23:46 WARN  o.s.b.w.s.c.AnnotationConfigServletWebServerApplicationContext - Exception encountered during context initialization - cancelling refresh attempt: org.springframework.beans.factory.BeanCreationException: Error creating bean with name 'entityManagerFactory' defined in class path resource [org/springframework/boot/autoconfigure/orm/jpa/HibernateJpaConfiguration.class]: Failed to initialize dependency 'jdbcSessionDataSourceScriptDatabaseInitializer' of LoadTimeWeaverAware bean 'entityManagerFactory': Error creating bean with name 'jdbcSessionDataSourceScriptDatabaseInitializer' defined in class path resource [org/springframework/boot/autoconfigure/session/JdbcSessionConfiguration.class]: Failed to instantiate [org.springframework.boot.autoconfigure.session.JdbcSessionDataSourceScriptDatabaseInitializer]: Factory method 'jdbcSessionDataSourceScriptDatabaseInitializer' threw exception with message: Failed to determine DatabaseDriver
2025-04-15 22:23:46 INFO  o.a.catalina.core.StandardService - Stopping service [Tomcat]
2025-04-15 22:23:46 INFO  o.s.b.a.l.ConditionEvaluationReportLogger - 

Error starting ApplicationContext. To display the condition evaluation report re-run your application with 'debug' enabled.
2025-04-15 22:23:46 ERROR o.s.boot.SpringApplication - Application run failed
org.springframework.beans.factory.BeanCreationException: Error creating bean with name 'entityManagerFactory' defined in class path resource [org/springframework/boot/autoconfigure/orm/jpa/HibernateJpaConfiguration.class]: Failed to initialize dependency 'jdbcSessionDataSourceScriptDatabaseInitializer' of LoadTimeWeaverAware bean 'entityManagerFactory': Error creating bean with name 'jdbcSessionDataSourceScriptDatabaseInitializer' defined in class path resource [org/springframework/boot/autoconfigure/session/JdbcSessionConfiguration.class]: Failed to instantiate [org.springframework.boot.autoconfigure.session.JdbcSessionDataSourceScriptDatabaseInitializer]: Factory method 'jdbcSessionDataSourceScriptDatabaseInitializer' threw exception with message: Failed to determine DatabaseDriver
	at org.springframework.beans.factory.support.AbstractBeanFactory.doGetBean(AbstractBeanFactory.java:326)
	at org.springframework.beans.factory.support.AbstractBeanFactory.getBean(AbstractBeanFactory.java:205)
	at org.springframework.context.support.AbstractApplicationContext.finishBeanFactoryInitialization(AbstractApplicationContext.java:954)
	at org.springframework.context.support.AbstractApplicationContext.refresh(AbstractApplicationContext.java:625)
	at org.springframework.boot.web.servlet.context.ServletWebServerApplicationContext.refresh(ServletWebServerApplicationContext.java:146)
	at org.springframework.boot.SpringApplication.refresh(SpringApplication.java:754)
	at org.springframework.boot.SpringApplication.refreshContext(SpringApplication.java:456)
	at org.springframework.boot.SpringApplication.run(SpringApplication.java:335)
	at org.springframework.boot.SpringApplication.run(SpringApplication.java:1363)
	at org.springframework.boot.SpringApplication.run(SpringApplication.java:1352)
	at com.alexd.movieS.MovieSApplication.main(MovieSApplication.java:10)
	at java.base/jdk.internal.reflect.DirectMethodHandleAccessor.invoke(DirectMethodHandleAccessor.java:103)
	at java.base/java.lang.reflect.Method.invoke(Method.java:580)
	at org.springframework.boot.devtools.restart.RestartLauncher.run(RestartLauncher.java:50)
Caused by: org.springframework.beans.factory.BeanCreationException: Error creating bean with name 'jdbcSessionDataSourceScriptDatabaseInitializer' defined in class path resource [org/springframework/boot/autoconfigure/session/JdbcSessionConfiguration.class]: Failed to instantiate [org.springframework.boot.autoconfigure.session.JdbcSessionDataSourceScriptDatabaseInitializer]: Factory method 'jdbcSessionDataSourceScriptDatabaseInitializer' threw exception with message: Failed to determine DatabaseDriver
	at org.springframework.beans.factory.support.ConstructorResolver.instantiate(ConstructorResolver.java:648)
	at org.springframework.beans.factory.support.ConstructorResolver.instantiateUsingFactoryMethod(ConstructorResolver.java:636)
	at org.springframework.beans.factory.support.AbstractAutowireCapableBeanFactory.instantiateUsingFactoryMethod(AbstractAutowireCapableBeanFactory.java:1355)
	at org.springframework.beans.factory.support.AbstractAutowireCapableBeanFactory.createBeanInstance(AbstractAutowireCapableBeanFactory.java:1185)
	at org.springframework.beans.factory.support.AbstractAutowireCapableBeanFactory.doCreateBean(AbstractAutowireCapableBeanFactory.java:562)
	at org.springframework.beans.factory.support.AbstractAutowireCapableBeanFactory.createBean(AbstractAutowireCapableBeanFactory.java:522)
	at org.springframework.beans.factory.support.AbstractBeanFactory.lambda$doGetBean$0(AbstractBeanFactory.java:337)
	at org.springframework.beans.factory.support.DefaultSingletonBeanRegistry.getSingleton(DefaultSingletonBeanRegistry.java:234)
	at org.springframework.beans.factory.support.AbstractBeanFactory.doGetBean(AbstractBeanFactory.java:335)
	at org.springframework.beans.factory.support.AbstractBeanFactory.getBean(AbstractBeanFactory.java:200)
	at org.springframework.beans.factory.support.AbstractBeanFactory.doGetBean(AbstractBeanFactory.java:313)
	... 13 common frames omitted
Caused by: org.springframework.beans.BeanInstantiationException: Failed to instantiate [org.springframework.boot.autoconfigure.session.JdbcSessionDataSourceScriptDatabaseInitializer]: Factory method 'jdbcSessionDataSourceScriptDatabaseInitializer' threw exception with message: Failed to determine DatabaseDriver
	at org.springframework.beans.factory.support.SimpleInstantiationStrategy.instantiate(SimpleInstantiationStrategy.java:178)
	at org.springframework.beans.factory.support.ConstructorResolver.instantiate(ConstructorResolver.java:644)
	... 23 common frames omitted
Caused by: java.lang.IllegalStateException: Failed to determine DatabaseDriver
	at org.springframework.boot.jdbc.init.PlatformPlaceholderDatabaseDriverResolver.getDatabaseDriver(PlatformPlaceholderDatabaseDriverResolver.java:144)
	at org.springframework.boot.jdbc.init.PlatformPlaceholderDatabaseDriverResolver.determinePlatform(PlatformPlaceholderDatabaseDriverResolver.java:132)
	at org.springframework.boot.jdbc.init.PlatformPlaceholderDatabaseDriverResolver.lambda$resolveAll$0(PlatformPlaceholderDatabaseDriverResolver.java:97)
	at org.springframework.boot.jdbc.init.PlatformPlaceholderDatabaseDriverResolver.resolveAll(PlatformPlaceholderDatabaseDriverResolver.java:122)
	at org.springframework.boot.jdbc.init.PlatformPlaceholderDatabaseDriverResolver.resolveAll(PlatformPlaceholderDatabaseDriverResolver.java:97)
	at org.springframework.boot.autoconfigure.session.JdbcSessionDataSourceScriptDatabaseInitializer.resolveSchemaLocations(JdbcSessionDataSourceScriptDatabaseInitializer.java:86)
	at org.springframework.boot.autoconfigure.session.JdbcSessionDataSourceScriptDatabaseInitializer.getSettings(JdbcSessionDataSourceScriptDatabaseInitializer.java:74)
	at org.springframework.boot.autoconfigure.session.JdbcSessionDataSourceScriptDatabaseInitializer.<init>(JdbcSessionDataSourceScriptDatabaseInitializer.java:48)
	at org.springframework.boot.autoconfigure.session.JdbcSessionConfiguration.jdbcSessionDataSourceScriptDatabaseInitializer(JdbcSessionConfiguration.java:65)
	at java.base/jdk.internal.reflect.DirectMethodHandleAccessor.invoke(DirectMethodHandleAccessor.java:103)
	at java.base/java.lang.reflect.Method.invoke(Method.java:580)
	at org.springframework.beans.factory.support.SimpleInstantiationStrategy.instantiate(SimpleInstantiationStrategy.java:146)
	... 24 common frames omitted
Caused by: org.springframework.jdbc.support.MetaDataAccessException: Could not get Connection for extracting meta-data
	at org.springframework.jdbc.support.JdbcUtils.extractDatabaseMetaData(JdbcUtils.java:357)
	at org.springframework.boot.jdbc.init.PlatformPlaceholderDatabaseDriverResolver.getDatabaseDriver(PlatformPlaceholderDatabaseDriverResolver.java:140)
	... 35 common frames omitted
Caused by: org.springframework.jdbc.CannotGetJdbcConnectionException: Failed to obtain JDBC Connection
	at org.springframework.jdbc.datasource.DataSourceUtils.getConnection(DataSourceUtils.java:84)
	at org.springframework.jdbc.support.JdbcUtils.extractDatabaseMetaData(JdbcUtils.java:331)
	... 36 common frames omitted
Caused by: org.postgresql.util.PSQLException: The connection attempt failed.
	at org.postgresql.core.v3.ConnectionFactoryImpl.openConnectionImpl(ConnectionFactoryImpl.java:358)
	at org.postgresql.core.ConnectionFactory.openConnection(ConnectionFactory.java:54)
	at org.postgresql.jdbc.PgConnection.<init>(PgConnection.java:273)
	at org.postgresql.Driver.makeConnection(Driver.java:446)
	at org.postgresql.Driver.connect(Driver.java:298)
	at com.zaxxer.hikari.util.DriverDataSource.getConnection(DriverDataSource.java:137)
	at com.zaxxer.hikari.pool.PoolBase.newConnection(PoolBase.java:360)
	at com.zaxxer.hikari.pool.PoolBase.newPoolEntry(PoolBase.java:202)
	at com.zaxxer.hikari.pool.HikariPool.createPoolEntry(HikariPool.java:461)
	at com.zaxxer.hikari.pool.HikariPool.checkFailFast(HikariPool.java:550)
	at com.zaxxer.hikari.pool.HikariPool.<init>(HikariPool.java:98)
	at com.zaxxer.hikari.HikariDataSource.getConnection(HikariDataSource.java:111)
	at org.springframework.jdbc.datasource.DataSourceUtils.fetchConnection(DataSourceUtils.java:160)
	at org.springframework.jdbc.datasource.DataSourceUtils.doGetConnection(DataSourceUtils.java:118)
	at org.springframework.jdbc.datasource.DataSourceUtils.getConnection(DataSourceUtils.java:81)
	... 37 common frames omitted
Caused by: java.net.SocketTimeoutException: Connect timed out
	at java.base/sun.nio.ch.NioSocketImpl.timedFinishConnect(NioSocketImpl.java:546)
	at java.base/sun.nio.ch.NioSocketImpl.connect(NioSocketImpl.java:592)
	at java.base/java.net.SocksSocketImpl.connect(SocksSocketImpl.java:327)
	at java.base/java.net.Socket.connect(Socket.java:752)
	at org.postgresql.core.PGStream.createSocket(PGStream.java:243)
	at org.postgresql.core.PGStream.<init>(PGStream.java:98)
	at org.postgresql.core.v3.ConnectionFactoryImpl.tryConnect(ConnectionFactoryImpl.java:136)
	at org.postgresql.core.v3.ConnectionFactoryImpl.openConnectionImpl(ConnectionFactoryImpl.java:262)
	... 51 common frames omitted
2025-04-15 22:26:24 INFO  com.alexd.movieS.MovieSApplication - Starting MovieSApplication using Java 22.0.1 with PID 34007 (/Users/alexd/MyDocuments/movieS/target/classes started by alexd in /Users/alexd/MyDocuments/movieS)
2025-04-15 22:26:24 INFO  com.alexd.movieS.MovieSApplication - No active profile set, falling back to 1 default profile: "default"
2025-04-15 22:26:24 INFO  o.s.b.d.e.DevToolsPropertyDefaultsPostProcessor - Devtools property defaults active! Set 'spring.devtools.add-properties' to 'false' to disable
2025-04-15 22:26:24 INFO  o.s.b.d.e.DevToolsPropertyDefaultsPostProcessor - For additional web related logging consider setting the 'logging.level.web' property to 'DEBUG'
2025-04-15 22:26:25 INFO  o.s.d.r.c.RepositoryConfigurationDelegate - Bootstrapping Spring Data JPA repositories in DEFAULT mode.
2025-04-15 22:26:25 INFO  o.s.d.r.c.RepositoryConfigurationDelegate - Finished Spring Data repository scanning in 55 ms. Found 1 JPA repository interface.
2025-04-15 22:26:26 INFO  o.s.b.w.e.tomcat.TomcatWebServer - Tomcat initialized with port 8080 (http)
2025-04-15 22:26:26 INFO  o.a.coyote.http11.Http11NioProtocol - Initializing ProtocolHandler ["http-nio-8080"]
2025-04-15 22:26:26 INFO  o.a.catalina.core.StandardService - Starting service [Tomcat]
2025-04-15 22:26:26 INFO  o.a.catalina.core.StandardEngine - Starting Servlet engine: [Apache Tomcat/10.1.28]
2025-04-15 22:26:26 INFO  o.a.c.c.C.[Tomcat].[localhost].[/] - Initializing Spring embedded WebApplicationContext
2025-04-15 22:26:26 INFO  o.s.b.w.s.c.ServletWebServerApplicationContext - Root WebApplicationContext: initialization completed in 1734 ms
2025-04-15 22:26:26 INFO  com.zaxxer.hikari.HikariDataSource - HikariPool-1 - Starting...
2025-04-15 22:26:37 WARN  o.s.b.w.s.c.AnnotationConfigServletWebServerApplicationContext - Exception encountered during context initialization - cancelling refresh attempt: org.springframework.beans.factory.BeanCreationException: Error creating bean with name 'entityManagerFactory' defined in class path resource [org/springframework/boot/autoconfigure/orm/jpa/HibernateJpaConfiguration.class]: Failed to initialize dependency 'jdbcSessionDataSourceScriptDatabaseInitializer' of LoadTimeWeaverAware bean 'entityManagerFactory': Error creating bean with name 'jdbcSessionDataSourceScriptDatabaseInitializer' defined in class path resource [org/springframework/boot/autoconfigure/session/JdbcSessionConfiguration.class]: Failed to instantiate [org.springframework.boot.autoconfigure.session.JdbcSessionDataSourceScriptDatabaseInitializer]: Factory method 'jdbcSessionDataSourceScriptDatabaseInitializer' threw exception with message: Failed to determine DatabaseDriver
2025-04-15 22:26:37 INFO  o.a.catalina.core.StandardService - Stopping service [Tomcat]
2025-04-15 22:26:37 INFO  o.s.b.a.l.ConditionEvaluationReportLogger - 

Error starting ApplicationContext. To display the condition evaluation report re-run your application with 'debug' enabled.
2025-04-15 22:26:37 ERROR o.s.boot.SpringApplication - Application run failed
org.springframework.beans.factory.BeanCreationException: Error creating bean with name 'entityManagerFactory' defined in class path resource [org/springframework/boot/autoconfigure/orm/jpa/HibernateJpaConfiguration.class]: Failed to initialize dependency 'jdbcSessionDataSourceScriptDatabaseInitializer' of LoadTimeWeaverAware bean 'entityManagerFactory': Error creating bean with name 'jdbcSessionDataSourceScriptDatabaseInitializer' defined in class path resource [org/springframework/boot/autoconfigure/session/JdbcSessionConfiguration.class]: Failed to instantiate [org.springframework.boot.autoconfigure.session.JdbcSessionDataSourceScriptDatabaseInitializer]: Factory method 'jdbcSessionDataSourceScriptDatabaseInitializer' threw exception with message: Failed to determine DatabaseDriver
	at org.springframework.beans.factory.support.AbstractBeanFactory.doGetBean(AbstractBeanFactory.java:326)
	at org.springframework.beans.factory.support.AbstractBeanFactory.getBean(AbstractBeanFactory.java:205)
	at org.springframework.context.support.AbstractApplicationContext.finishBeanFactoryInitialization(AbstractApplicationContext.java:954)
	at org.springframework.context.support.AbstractApplicationContext.refresh(AbstractApplicationContext.java:625)
	at org.springframework.boot.web.servlet.context.ServletWebServerApplicationContext.refresh(ServletWebServerApplicationContext.java:146)
	at org.springframework.boot.SpringApplication.refresh(SpringApplication.java:754)
	at org.springframework.boot.SpringApplication.refreshContext(SpringApplication.java:456)
	at org.springframework.boot.SpringApplication.run(SpringApplication.java:335)
	at org.springframework.boot.SpringApplication.run(SpringApplication.java:1363)
	at org.springframework.boot.SpringApplication.run(SpringApplication.java:1352)
	at com.alexd.movieS.MovieSApplication.main(MovieSApplication.java:10)
	at java.base/jdk.internal.reflect.DirectMethodHandleAccessor.invoke(DirectMethodHandleAccessor.java:103)
	at java.base/java.lang.reflect.Method.invoke(Method.java:580)
	at org.springframework.boot.devtools.restart.RestartLauncher.run(RestartLauncher.java:50)
Caused by: org.springframework.beans.factory.BeanCreationException: Error creating bean with name 'jdbcSessionDataSourceScriptDatabaseInitializer' defined in class path resource [org/springframework/boot/autoconfigure/session/JdbcSessionConfiguration.class]: Failed to instantiate [org.springframework.boot.autoconfigure.session.JdbcSessionDataSourceScriptDatabaseInitializer]: Factory method 'jdbcSessionDataSourceScriptDatabaseInitializer' threw exception with message: Failed to determine DatabaseDriver
	at org.springframework.beans.factory.support.ConstructorResolver.instantiate(ConstructorResolver.java:648)
	at org.springframework.beans.factory.support.ConstructorResolver.instantiateUsingFactoryMethod(ConstructorResolver.java:636)
	at org.springframework.beans.factory.support.AbstractAutowireCapableBeanFactory.instantiateUsingFactoryMethod(AbstractAutowireCapableBeanFactory.java:1355)
	at org.springframework.beans.factory.support.AbstractAutowireCapableBeanFactory.createBeanInstance(AbstractAutowireCapableBeanFactory.java:1185)
	at org.springframework.beans.factory.support.AbstractAutowireCapableBeanFactory.doCreateBean(AbstractAutowireCapableBeanFactory.java:562)
	at org.springframework.beans.factory.support.AbstractAutowireCapableBeanFactory.createBean(AbstractAutowireCapableBeanFactory.java:522)
	at org.springframework.beans.factory.support.AbstractBeanFactory.lambda$doGetBean$0(AbstractBeanFactory.java:337)
	at org.springframework.beans.factory.support.DefaultSingletonBeanRegistry.getSingleton(DefaultSingletonBeanRegistry.java:234)
	at org.springframework.beans.factory.support.AbstractBeanFactory.doGetBean(AbstractBeanFactory.java:335)
	at org.springframework.beans.factory.support.AbstractBeanFactory.getBean(AbstractBeanFactory.java:200)
	at org.springframework.beans.factory.support.AbstractBeanFactory.doGetBean(AbstractBeanFactory.java:313)
	... 13 common frames omitted
Caused by: org.springframework.beans.BeanInstantiationException: Failed to instantiate [org.springframework.boot.autoconfigure.session.JdbcSessionDataSourceScriptDatabaseInitializer]: Factory method 'jdbcSessionDataSourceScriptDatabaseInitializer' threw exception with message: Failed to determine DatabaseDriver
	at org.springframework.beans.factory.support.SimpleInstantiationStrategy.instantiate(SimpleInstantiationStrategy.java:178)
	at org.springframework.beans.factory.support.ConstructorResolver.instantiate(ConstructorResolver.java:644)
	... 23 common frames omitted
Caused by: java.lang.IllegalStateException: Failed to determine DatabaseDriver
	at org.springframework.boot.jdbc.init.PlatformPlaceholderDatabaseDriverResolver.getDatabaseDriver(PlatformPlaceholderDatabaseDriverResolver.java:144)
	at org.springframework.boot.jdbc.init.PlatformPlaceholderDatabaseDriverResolver.determinePlatform(PlatformPlaceholderDatabaseDriverResolver.java:132)
	at org.springframework.boot.jdbc.init.PlatformPlaceholderDatabaseDriverResolver.lambda$resolveAll$0(PlatformPlaceholderDatabaseDriverResolver.java:97)
	at org.springframework.boot.jdbc.init.PlatformPlaceholderDatabaseDriverResolver.resolveAll(PlatformPlaceholderDatabaseDriverResolver.java:122)
	at org.springframework.boot.jdbc.init.PlatformPlaceholderDatabaseDriverResolver.resolveAll(PlatformPlaceholderDatabaseDriverResolver.java:97)
	at org.springframework.boot.autoconfigure.session.JdbcSessionDataSourceScriptDatabaseInitializer.resolveSchemaLocations(JdbcSessionDataSourceScriptDatabaseInitializer.java:86)
	at org.springframework.boot.autoconfigure.session.JdbcSessionDataSourceScriptDatabaseInitializer.getSettings(JdbcSessionDataSourceScriptDatabaseInitializer.java:74)
	at org.springframework.boot.autoconfigure.session.JdbcSessionDataSourceScriptDatabaseInitializer.<init>(JdbcSessionDataSourceScriptDatabaseInitializer.java:48)
	at org.springframework.boot.autoconfigure.session.JdbcSessionConfiguration.jdbcSessionDataSourceScriptDatabaseInitializer(JdbcSessionConfiguration.java:65)
	at java.base/jdk.internal.reflect.DirectMethodHandleAccessor.invoke(DirectMethodHandleAccessor.java:103)
	at java.base/java.lang.reflect.Method.invoke(Method.java:580)
	at org.springframework.beans.factory.support.SimpleInstantiationStrategy.instantiate(SimpleInstantiationStrategy.java:146)
	... 24 common frames omitted
Caused by: org.springframework.jdbc.support.MetaDataAccessException: Could not get Connection for extracting meta-data
	at org.springframework.jdbc.support.JdbcUtils.extractDatabaseMetaData(JdbcUtils.java:357)
	at org.springframework.boot.jdbc.init.PlatformPlaceholderDatabaseDriverResolver.getDatabaseDriver(PlatformPlaceholderDatabaseDriverResolver.java:140)
	... 35 common frames omitted
Caused by: org.springframework.jdbc.CannotGetJdbcConnectionException: Failed to obtain JDBC Connection
	at org.springframework.jdbc.datasource.DataSourceUtils.getConnection(DataSourceUtils.java:84)
	at org.springframework.jdbc.support.JdbcUtils.extractDatabaseMetaData(JdbcUtils.java:331)
	... 36 common frames omitted
Caused by: org.postgresql.util.PSQLException: The connection attempt failed.
	at org.postgresql.core.v3.ConnectionFactoryImpl.openConnectionImpl(ConnectionFactoryImpl.java:358)
	at org.postgresql.core.ConnectionFactory.openConnection(ConnectionFactory.java:54)
	at org.postgresql.jdbc.PgConnection.<init>(PgConnection.java:273)
	at org.postgresql.Driver.makeConnection(Driver.java:446)
	at org.postgresql.Driver.connect(Driver.java:298)
	at com.zaxxer.hikari.util.DriverDataSource.getConnection(DriverDataSource.java:137)
	at com.zaxxer.hikari.pool.PoolBase.newConnection(PoolBase.java:360)
	at com.zaxxer.hikari.pool.PoolBase.newPoolEntry(PoolBase.java:202)
	at com.zaxxer.hikari.pool.HikariPool.createPoolEntry(HikariPool.java:461)
	at com.zaxxer.hikari.pool.HikariPool.checkFailFast(HikariPool.java:550)
	at com.zaxxer.hikari.pool.HikariPool.<init>(HikariPool.java:98)
	at com.zaxxer.hikari.HikariDataSource.getConnection(HikariDataSource.java:111)
	at org.springframework.jdbc.datasource.DataSourceUtils.fetchConnection(DataSourceUtils.java:160)
	at org.springframework.jdbc.datasource.DataSourceUtils.doGetConnection(DataSourceUtils.java:118)
	at org.springframework.jdbc.datasource.DataSourceUtils.getConnection(DataSourceUtils.java:81)
	... 37 common frames omitted
Caused by: java.net.SocketTimeoutException: Connect timed out
	at java.base/sun.nio.ch.NioSocketImpl.timedFinishConnect(NioSocketImpl.java:546)
	at java.base/sun.nio.ch.NioSocketImpl.connect(NioSocketImpl.java:592)
	at java.base/java.net.SocksSocketImpl.connect(SocksSocketImpl.java:327)
	at java.base/java.net.Socket.connect(Socket.java:752)
	at org.postgresql.core.PGStream.createSocket(PGStream.java:243)
	at org.postgresql.core.PGStream.<init>(PGStream.java:98)
	at org.postgresql.core.v3.ConnectionFactoryImpl.tryConnect(ConnectionFactoryImpl.java:136)
	at org.postgresql.core.v3.ConnectionFactoryImpl.openConnectionImpl(ConnectionFactoryImpl.java:262)
	... 51 common frames omitted
2025-04-15 22:31:45 INFO  com.alexd.movieS.MovieSApplication - Starting MovieSApplication using Java 22.0.1 with PID 34455 (/Users/alexd/MyDocuments/movieS/target/classes started by alexd in /Users/alexd/MyDocuments/movieS)
2025-04-15 22:31:45 INFO  com.alexd.movieS.MovieSApplication - No active profile set, falling back to 1 default profile: "default"
2025-04-15 22:31:45 INFO  o.s.b.d.e.DevToolsPropertyDefaultsPostProcessor - Devtools property defaults active! Set 'spring.devtools.add-properties' to 'false' to disable
2025-04-15 22:31:45 INFO  o.s.b.d.e.DevToolsPropertyDefaultsPostProcessor - For additional web related logging consider setting the 'logging.level.web' property to 'DEBUG'
2025-04-15 22:31:46 INFO  o.s.d.r.c.RepositoryConfigurationDelegate - Bootstrapping Spring Data JPA repositories in DEFAULT mode.
2025-04-15 22:31:46 INFO  o.s.d.r.c.RepositoryConfigurationDelegate - Finished Spring Data repository scanning in 61 ms. Found 1 JPA repository interface.
2025-04-15 22:31:47 INFO  o.s.b.w.e.tomcat.TomcatWebServer - Tomcat initialized with port 8080 (http)
2025-04-15 22:31:47 INFO  o.a.coyote.http11.Http11NioProtocol - Initializing ProtocolHandler ["http-nio-8080"]
2025-04-15 22:31:47 INFO  o.a.catalina.core.StandardService - Starting service [Tomcat]
2025-04-15 22:31:47 INFO  o.a.catalina.core.StandardEngine - Starting Servlet engine: [Apache Tomcat/10.1.28]
2025-04-15 22:31:47 INFO  o.a.c.c.C.[Tomcat].[localhost].[/] - Initializing Spring embedded WebApplicationContext
2025-04-15 22:31:47 INFO  o.s.b.w.s.c.ServletWebServerApplicationContext - Root WebApplicationContext: initialization completed in 1704 ms
2025-04-15 22:31:47 INFO  com.zaxxer.hikari.HikariDataSource - HikariPool-1 - Starting...
2025-04-15 22:31:59 WARN  o.s.b.w.s.c.AnnotationConfigServletWebServerApplicationContext - Exception encountered during context initialization - cancelling refresh attempt: org.springframework.beans.factory.BeanCreationException: Error creating bean with name 'entityManagerFactory' defined in class path resource [org/springframework/boot/autoconfigure/orm/jpa/HibernateJpaConfiguration.class]: Failed to initialize dependency 'jdbcSessionDataSourceScriptDatabaseInitializer' of LoadTimeWeaverAware bean 'entityManagerFactory': Error creating bean with name 'jdbcSessionDataSourceScriptDatabaseInitializer' defined in class path resource [org/springframework/boot/autoconfigure/session/JdbcSessionConfiguration.class]: Failed to instantiate [org.springframework.boot.autoconfigure.session.JdbcSessionDataSourceScriptDatabaseInitializer]: Factory method 'jdbcSessionDataSourceScriptDatabaseInitializer' threw exception with message: Failed to determine DatabaseDriver
2025-04-15 22:31:59 INFO  o.a.catalina.core.StandardService - Stopping service [Tomcat]
2025-04-15 22:31:59 INFO  o.s.b.a.l.ConditionEvaluationReportLogger - 

Error starting ApplicationContext. To display the condition evaluation report re-run your application with 'debug' enabled.
2025-04-15 22:31:59 ERROR o.s.boot.SpringApplication - Application run failed
org.springframework.beans.factory.BeanCreationException: Error creating bean with name 'entityManagerFactory' defined in class path resource [org/springframework/boot/autoconfigure/orm/jpa/HibernateJpaConfiguration.class]: Failed to initialize dependency 'jdbcSessionDataSourceScriptDatabaseInitializer' of LoadTimeWeaverAware bean 'entityManagerFactory': Error creating bean with name 'jdbcSessionDataSourceScriptDatabaseInitializer' defined in class path resource [org/springframework/boot/autoconfigure/session/JdbcSessionConfiguration.class]: Failed to instantiate [org.springframework.boot.autoconfigure.session.JdbcSessionDataSourceScriptDatabaseInitializer]: Factory method 'jdbcSessionDataSourceScriptDatabaseInitializer' threw exception with message: Failed to determine DatabaseDriver
	at org.springframework.beans.factory.support.AbstractBeanFactory.doGetBean(AbstractBeanFactory.java:326)
	at org.springframework.beans.factory.support.AbstractBeanFactory.getBean(AbstractBeanFactory.java:205)
	at org.springframework.context.support.AbstractApplicationContext.finishBeanFactoryInitialization(AbstractApplicationContext.java:954)
	at org.springframework.context.support.AbstractApplicationContext.refresh(AbstractApplicationContext.java:625)
	at org.springframework.boot.web.servlet.context.ServletWebServerApplicationContext.refresh(ServletWebServerApplicationContext.java:146)
	at org.springframework.boot.SpringApplication.refresh(SpringApplication.java:754)
	at org.springframework.boot.SpringApplication.refreshContext(SpringApplication.java:456)
	at org.springframework.boot.SpringApplication.run(SpringApplication.java:335)
	at org.springframework.boot.SpringApplication.run(SpringApplication.java:1363)
	at org.springframework.boot.SpringApplication.run(SpringApplication.java:1352)
	at com.alexd.movieS.MovieSApplication.main(MovieSApplication.java:10)
	at java.base/jdk.internal.reflect.DirectMethodHandleAccessor.invoke(DirectMethodHandleAccessor.java:103)
	at java.base/java.lang.reflect.Method.invoke(Method.java:580)
	at org.springframework.boot.devtools.restart.RestartLauncher.run(RestartLauncher.java:50)
Caused by: org.springframework.beans.factory.BeanCreationException: Error creating bean with name 'jdbcSessionDataSourceScriptDatabaseInitializer' defined in class path resource [org/springframework/boot/autoconfigure/session/JdbcSessionConfiguration.class]: Failed to instantiate [org.springframework.boot.autoconfigure.session.JdbcSessionDataSourceScriptDatabaseInitializer]: Factory method 'jdbcSessionDataSourceScriptDatabaseInitializer' threw exception with message: Failed to determine DatabaseDriver
	at org.springframework.beans.factory.support.ConstructorResolver.instantiate(ConstructorResolver.java:648)
	at org.springframework.beans.factory.support.ConstructorResolver.instantiateUsingFactoryMethod(ConstructorResolver.java:636)
	at org.springframework.beans.factory.support.AbstractAutowireCapableBeanFactory.instantiateUsingFactoryMethod(AbstractAutowireCapableBeanFactory.java:1355)
	at org.springframework.beans.factory.support.AbstractAutowireCapableBeanFactory.createBeanInstance(AbstractAutowireCapableBeanFactory.java:1185)
	at org.springframework.beans.factory.support.AbstractAutowireCapableBeanFactory.doCreateBean(AbstractAutowireCapableBeanFactory.java:562)
	at org.springframework.beans.factory.support.AbstractAutowireCapableBeanFactory.createBean(AbstractAutowireCapableBeanFactory.java:522)
	at org.springframework.beans.factory.support.AbstractBeanFactory.lambda$doGetBean$0(AbstractBeanFactory.java:337)
	at org.springframework.beans.factory.support.DefaultSingletonBeanRegistry.getSingleton(DefaultSingletonBeanRegistry.java:234)
	at org.springframework.beans.factory.support.AbstractBeanFactory.doGetBean(AbstractBeanFactory.java:335)
	at org.springframework.beans.factory.support.AbstractBeanFactory.getBean(AbstractBeanFactory.java:200)
	at org.springframework.beans.factory.support.AbstractBeanFactory.doGetBean(AbstractBeanFactory.java:313)
	... 13 common frames omitted
Caused by: org.springframework.beans.BeanInstantiationException: Failed to instantiate [org.springframework.boot.autoconfigure.session.JdbcSessionDataSourceScriptDatabaseInitializer]: Factory method 'jdbcSessionDataSourceScriptDatabaseInitializer' threw exception with message: Failed to determine DatabaseDriver
	at org.springframework.beans.factory.support.SimpleInstantiationStrategy.instantiate(SimpleInstantiationStrategy.java:178)
	at org.springframework.beans.factory.support.ConstructorResolver.instantiate(ConstructorResolver.java:644)
	... 23 common frames omitted
Caused by: java.lang.IllegalStateException: Failed to determine DatabaseDriver
	at org.springframework.boot.jdbc.init.PlatformPlaceholderDatabaseDriverResolver.getDatabaseDriver(PlatformPlaceholderDatabaseDriverResolver.java:144)
	at org.springframework.boot.jdbc.init.PlatformPlaceholderDatabaseDriverResolver.determinePlatform(PlatformPlaceholderDatabaseDriverResolver.java:132)
	at org.springframework.boot.jdbc.init.PlatformPlaceholderDatabaseDriverResolver.lambda$resolveAll$0(PlatformPlaceholderDatabaseDriverResolver.java:97)
	at org.springframework.boot.jdbc.init.PlatformPlaceholderDatabaseDriverResolver.resolveAll(PlatformPlaceholderDatabaseDriverResolver.java:122)
	at org.springframework.boot.jdbc.init.PlatformPlaceholderDatabaseDriverResolver.resolveAll(PlatformPlaceholderDatabaseDriverResolver.java:97)
	at org.springframework.boot.autoconfigure.session.JdbcSessionDataSourceScriptDatabaseInitializer.resolveSchemaLocations(JdbcSessionDataSourceScriptDatabaseInitializer.java:86)
	at org.springframework.boot.autoconfigure.session.JdbcSessionDataSourceScriptDatabaseInitializer.getSettings(JdbcSessionDataSourceScriptDatabaseInitializer.java:74)
	at org.springframework.boot.autoconfigure.session.JdbcSessionDataSourceScriptDatabaseInitializer.<init>(JdbcSessionDataSourceScriptDatabaseInitializer.java:48)
	at org.springframework.boot.autoconfigure.session.JdbcSessionConfiguration.jdbcSessionDataSourceScriptDatabaseInitializer(JdbcSessionConfiguration.java:65)
	at java.base/jdk.internal.reflect.DirectMethodHandleAccessor.invoke(DirectMethodHandleAccessor.java:103)
	at java.base/java.lang.reflect.Method.invoke(Method.java:580)
	at org.springframework.beans.factory.support.SimpleInstantiationStrategy.instantiate(SimpleInstantiationStrategy.java:146)
	... 24 common frames omitted
Caused by: org.springframework.jdbc.support.MetaDataAccessException: Could not get Connection for extracting meta-data
	at org.springframework.jdbc.support.JdbcUtils.extractDatabaseMetaData(JdbcUtils.java:357)
	at org.springframework.boot.jdbc.init.PlatformPlaceholderDatabaseDriverResolver.getDatabaseDriver(PlatformPlaceholderDatabaseDriverResolver.java:140)
	... 35 common frames omitted
Caused by: org.springframework.jdbc.CannotGetJdbcConnectionException: Failed to obtain JDBC Connection
	at org.springframework.jdbc.datasource.DataSourceUtils.getConnection(DataSourceUtils.java:84)
	at org.springframework.jdbc.support.JdbcUtils.extractDatabaseMetaData(JdbcUtils.java:331)
	... 36 common frames omitted
Caused by: org.postgresql.util.PSQLException: The connection attempt failed.
	at org.postgresql.core.v3.ConnectionFactoryImpl.openConnectionImpl(ConnectionFactoryImpl.java:358)
	at org.postgresql.core.ConnectionFactory.openConnection(ConnectionFactory.java:54)
	at org.postgresql.jdbc.PgConnection.<init>(PgConnection.java:273)
	at org.postgresql.Driver.makeConnection(Driver.java:446)
	at org.postgresql.Driver.connect(Driver.java:298)
	at com.zaxxer.hikari.util.DriverDataSource.getConnection(DriverDataSource.java:137)
	at com.zaxxer.hikari.pool.PoolBase.newConnection(PoolBase.java:360)
	at com.zaxxer.hikari.pool.PoolBase.newPoolEntry(PoolBase.java:202)
	at com.zaxxer.hikari.pool.HikariPool.createPoolEntry(HikariPool.java:461)
	at com.zaxxer.hikari.pool.HikariPool.checkFailFast(HikariPool.java:550)
	at com.zaxxer.hikari.pool.HikariPool.<init>(HikariPool.java:98)
	at com.zaxxer.hikari.HikariDataSource.getConnection(HikariDataSource.java:111)
	at org.springframework.jdbc.datasource.DataSourceUtils.fetchConnection(DataSourceUtils.java:160)
	at org.springframework.jdbc.datasource.DataSourceUtils.doGetConnection(DataSourceUtils.java:118)
	at org.springframework.jdbc.datasource.DataSourceUtils.getConnection(DataSourceUtils.java:81)
	... 37 common frames omitted
Caused by: java.net.SocketTimeoutException: Connect timed out
	at java.base/sun.nio.ch.NioSocketImpl.timedFinishConnect(NioSocketImpl.java:546)
	at java.base/sun.nio.ch.NioSocketImpl.connect(NioSocketImpl.java:592)
	at java.base/java.net.SocksSocketImpl.connect(SocksSocketImpl.java:327)
	at java.base/java.net.Socket.connect(Socket.java:752)
	at org.postgresql.core.PGStream.createSocket(PGStream.java:243)
	at org.postgresql.core.PGStream.<init>(PGStream.java:98)
	at org.postgresql.core.v3.ConnectionFactoryImpl.tryConnect(ConnectionFactoryImpl.java:136)
	at org.postgresql.core.v3.ConnectionFactoryImpl.openConnectionImpl(ConnectionFactoryImpl.java:262)
	... 51 common frames omitted
2025-04-15 22:39:19 INFO  com.alexd.movieS.MovieSApplication - Starting MovieSApplication using Java 22.0.1 with PID 34920 (/Users/alexd/MyDocuments/movieS/target/classes started by alexd in /Users/alexd/MyDocuments/movieS)
2025-04-15 22:39:19 INFO  com.alexd.movieS.MovieSApplication - No active profile set, falling back to 1 default profile: "default"
2025-04-15 22:39:19 INFO  o.s.b.d.e.DevToolsPropertyDefaultsPostProcessor - Devtools property defaults active! Set 'spring.devtools.add-properties' to 'false' to disable
2025-04-15 22:39:19 INFO  o.s.b.d.e.DevToolsPropertyDefaultsPostProcessor - For additional web related logging consider setting the 'logging.level.web' property to 'DEBUG'
2025-04-15 22:39:20 INFO  o.s.d.r.c.RepositoryConfigurationDelegate - Bootstrapping Spring Data JPA repositories in DEFAULT mode.
2025-04-15 22:39:20 INFO  o.s.d.r.c.RepositoryConfigurationDelegate - Finished Spring Data repository scanning in 45 ms. Found 1 JPA repository interface.
2025-04-15 22:39:21 INFO  o.s.b.w.e.tomcat.TomcatWebServer - Tomcat initialized with port 8080 (http)
2025-04-15 22:39:21 INFO  o.a.coyote.http11.Http11NioProtocol - Initializing ProtocolHandler ["http-nio-8080"]
2025-04-15 22:39:21 INFO  o.a.catalina.core.StandardService - Starting service [Tomcat]
2025-04-15 22:39:21 INFO  o.a.catalina.core.StandardEngine - Starting Servlet engine: [Apache Tomcat/10.1.28]
2025-04-15 22:39:21 INFO  o.a.c.c.C.[Tomcat].[localhost].[/] - Initializing Spring embedded WebApplicationContext
2025-04-15 22:39:21 INFO  o.s.b.w.s.c.ServletWebServerApplicationContext - Root WebApplicationContext: initialization completed in 1597 ms
2025-04-15 22:39:21 INFO  com.zaxxer.hikari.HikariDataSource - HikariPool-1 - Starting...
2025-04-15 22:39:32 WARN  o.s.b.w.s.c.AnnotationConfigServletWebServerApplicationContext - Exception encountered during context initialization - cancelling refresh attempt: org.springframework.beans.factory.BeanCreationException: Error creating bean with name 'entityManagerFactory' defined in class path resource [org/springframework/boot/autoconfigure/orm/jpa/HibernateJpaConfiguration.class]: Failed to initialize dependency 'jdbcSessionDataSourceScriptDatabaseInitializer' of LoadTimeWeaverAware bean 'entityManagerFactory': Error creating bean with name 'jdbcSessionDataSourceScriptDatabaseInitializer' defined in class path resource [org/springframework/boot/autoconfigure/session/JdbcSessionConfiguration.class]: Failed to instantiate [org.springframework.boot.autoconfigure.session.JdbcSessionDataSourceScriptDatabaseInitializer]: Factory method 'jdbcSessionDataSourceScriptDatabaseInitializer' threw exception with message: Failed to determine DatabaseDriver
2025-04-15 22:39:32 INFO  o.a.catalina.core.StandardService - Stopping service [Tomcat]
2025-04-15 22:39:32 INFO  o.s.b.a.l.ConditionEvaluationReportLogger - 

Error starting ApplicationContext. To display the condition evaluation report re-run your application with 'debug' enabled.
2025-04-15 22:39:32 ERROR o.s.boot.SpringApplication - Application run failed
org.springframework.beans.factory.BeanCreationException: Error creating bean with name 'entityManagerFactory' defined in class path resource [org/springframework/boot/autoconfigure/orm/jpa/HibernateJpaConfiguration.class]: Failed to initialize dependency 'jdbcSessionDataSourceScriptDatabaseInitializer' of LoadTimeWeaverAware bean 'entityManagerFactory': Error creating bean with name 'jdbcSessionDataSourceScriptDatabaseInitializer' defined in class path resource [org/springframework/boot/autoconfigure/session/JdbcSessionConfiguration.class]: Failed to instantiate [org.springframework.boot.autoconfigure.session.JdbcSessionDataSourceScriptDatabaseInitializer]: Factory method 'jdbcSessionDataSourceScriptDatabaseInitializer' threw exception with message: Failed to determine DatabaseDriver
	at org.springframework.beans.factory.support.AbstractBeanFactory.doGetBean(AbstractBeanFactory.java:326)
	at org.springframework.beans.factory.support.AbstractBeanFactory.getBean(AbstractBeanFactory.java:205)
	at org.springframework.context.support.AbstractApplicationContext.finishBeanFactoryInitialization(AbstractApplicationContext.java:954)
	at org.springframework.context.support.AbstractApplicationContext.refresh(AbstractApplicationContext.java:625)
	at org.springframework.boot.web.servlet.context.ServletWebServerApplicationContext.refresh(ServletWebServerApplicationContext.java:146)
	at org.springframework.boot.SpringApplication.refresh(SpringApplication.java:754)
	at org.springframework.boot.SpringApplication.refreshContext(SpringApplication.java:456)
	at org.springframework.boot.SpringApplication.run(SpringApplication.java:335)
	at org.springframework.boot.SpringApplication.run(SpringApplication.java:1363)
	at org.springframework.boot.SpringApplication.run(SpringApplication.java:1352)
	at com.alexd.movieS.MovieSApplication.main(MovieSApplication.java:10)
	at java.base/jdk.internal.reflect.DirectMethodHandleAccessor.invoke(DirectMethodHandleAccessor.java:103)
	at java.base/java.lang.reflect.Method.invoke(Method.java:580)
	at org.springframework.boot.devtools.restart.RestartLauncher.run(RestartLauncher.java:50)
Caused by: org.springframework.beans.factory.BeanCreationException: Error creating bean with name 'jdbcSessionDataSourceScriptDatabaseInitializer' defined in class path resource [org/springframework/boot/autoconfigure/session/JdbcSessionConfiguration.class]: Failed to instantiate [org.springframework.boot.autoconfigure.session.JdbcSessionDataSourceScriptDatabaseInitializer]: Factory method 'jdbcSessionDataSourceScriptDatabaseInitializer' threw exception with message: Failed to determine DatabaseDriver
	at org.springframework.beans.factory.support.ConstructorResolver.instantiate(ConstructorResolver.java:648)
	at org.springframework.beans.factory.support.ConstructorResolver.instantiateUsingFactoryMethod(ConstructorResolver.java:636)
	at org.springframework.beans.factory.support.AbstractAutowireCapableBeanFactory.instantiateUsingFactoryMethod(AbstractAutowireCapableBeanFactory.java:1355)
	at org.springframework.beans.factory.support.AbstractAutowireCapableBeanFactory.createBeanInstance(AbstractAutowireCapableBeanFactory.java:1185)
	at org.springframework.beans.factory.support.AbstractAutowireCapableBeanFactory.doCreateBean(AbstractAutowireCapableBeanFactory.java:562)
	at org.springframework.beans.factory.support.AbstractAutowireCapableBeanFactory.createBean(AbstractAutowireCapableBeanFactory.java:522)
	at org.springframework.beans.factory.support.AbstractBeanFactory.lambda$doGetBean$0(AbstractBeanFactory.java:337)
	at org.springframework.beans.factory.support.DefaultSingletonBeanRegistry.getSingleton(DefaultSingletonBeanRegistry.java:234)
	at org.springframework.beans.factory.support.AbstractBeanFactory.doGetBean(AbstractBeanFactory.java:335)
	at org.springframework.beans.factory.support.AbstractBeanFactory.getBean(AbstractBeanFactory.java:200)
	at org.springframework.beans.factory.support.AbstractBeanFactory.doGetBean(AbstractBeanFactory.java:313)
	... 13 common frames omitted
Caused by: org.springframework.beans.BeanInstantiationException: Failed to instantiate [org.springframework.boot.autoconfigure.session.JdbcSessionDataSourceScriptDatabaseInitializer]: Factory method 'jdbcSessionDataSourceScriptDatabaseInitializer' threw exception with message: Failed to determine DatabaseDriver
	at org.springframework.beans.factory.support.SimpleInstantiationStrategy.instantiate(SimpleInstantiationStrategy.java:178)
	at org.springframework.beans.factory.support.ConstructorResolver.instantiate(ConstructorResolver.java:644)
	... 23 common frames omitted
Caused by: java.lang.IllegalStateException: Failed to determine DatabaseDriver
	at org.springframework.boot.jdbc.init.PlatformPlaceholderDatabaseDriverResolver.getDatabaseDriver(PlatformPlaceholderDatabaseDriverResolver.java:144)
	at org.springframework.boot.jdbc.init.PlatformPlaceholderDatabaseDriverResolver.determinePlatform(PlatformPlaceholderDatabaseDriverResolver.java:132)
	at org.springframework.boot.jdbc.init.PlatformPlaceholderDatabaseDriverResolver.lambda$resolveAll$0(PlatformPlaceholderDatabaseDriverResolver.java:97)
	at org.springframework.boot.jdbc.init.PlatformPlaceholderDatabaseDriverResolver.resolveAll(PlatformPlaceholderDatabaseDriverResolver.java:122)
	at org.springframework.boot.jdbc.init.PlatformPlaceholderDatabaseDriverResolver.resolveAll(PlatformPlaceholderDatabaseDriverResolver.java:97)
	at org.springframework.boot.autoconfigure.session.JdbcSessionDataSourceScriptDatabaseInitializer.resolveSchemaLocations(JdbcSessionDataSourceScriptDatabaseInitializer.java:86)
	at org.springframework.boot.autoconfigure.session.JdbcSessionDataSourceScriptDatabaseInitializer.getSettings(JdbcSessionDataSourceScriptDatabaseInitializer.java:74)
	at org.springframework.boot.autoconfigure.session.JdbcSessionDataSourceScriptDatabaseInitializer.<init>(JdbcSessionDataSourceScriptDatabaseInitializer.java:48)
	at org.springframework.boot.autoconfigure.session.JdbcSessionConfiguration.jdbcSessionDataSourceScriptDatabaseInitializer(JdbcSessionConfiguration.java:65)
	at java.base/jdk.internal.reflect.DirectMethodHandleAccessor.invoke(DirectMethodHandleAccessor.java:103)
	at java.base/java.lang.reflect.Method.invoke(Method.java:580)
	at org.springframework.beans.factory.support.SimpleInstantiationStrategy.instantiate(SimpleInstantiationStrategy.java:146)
	... 24 common frames omitted
Caused by: org.springframework.jdbc.support.MetaDataAccessException: Could not get Connection for extracting meta-data
	at org.springframework.jdbc.support.JdbcUtils.extractDatabaseMetaData(JdbcUtils.java:357)
	at org.springframework.boot.jdbc.init.PlatformPlaceholderDatabaseDriverResolver.getDatabaseDriver(PlatformPlaceholderDatabaseDriverResolver.java:140)
	... 35 common frames omitted
Caused by: org.springframework.jdbc.CannotGetJdbcConnectionException: Failed to obtain JDBC Connection
	at org.springframework.jdbc.datasource.DataSourceUtils.getConnection(DataSourceUtils.java:84)
	at org.springframework.jdbc.support.JdbcUtils.extractDatabaseMetaData(JdbcUtils.java:331)
	... 36 common frames omitted
Caused by: org.postgresql.util.PSQLException: The connection attempt failed.
	at org.postgresql.core.v3.ConnectionFactoryImpl.openConnectionImpl(ConnectionFactoryImpl.java:358)
	at org.postgresql.core.ConnectionFactory.openConnection(ConnectionFactory.java:54)
	at org.postgresql.jdbc.PgConnection.<init>(PgConnection.java:273)
	at org.postgresql.Driver.makeConnection(Driver.java:446)
	at org.postgresql.Driver.connect(Driver.java:298)
	at com.zaxxer.hikari.util.DriverDataSource.getConnection(DriverDataSource.java:137)
	at com.zaxxer.hikari.pool.PoolBase.newConnection(PoolBase.java:360)
	at com.zaxxer.hikari.pool.PoolBase.newPoolEntry(PoolBase.java:202)
	at com.zaxxer.hikari.pool.HikariPool.createPoolEntry(HikariPool.java:461)
	at com.zaxxer.hikari.pool.HikariPool.checkFailFast(HikariPool.java:550)
	at com.zaxxer.hikari.pool.HikariPool.<init>(HikariPool.java:98)
	at com.zaxxer.hikari.HikariDataSource.getConnection(HikariDataSource.java:111)
	at org.springframework.jdbc.datasource.DataSourceUtils.fetchConnection(DataSourceUtils.java:160)
	at org.springframework.jdbc.datasource.DataSourceUtils.doGetConnection(DataSourceUtils.java:118)
	at org.springframework.jdbc.datasource.DataSourceUtils.getConnection(DataSourceUtils.java:81)
	... 37 common frames omitted
Caused by: java.net.SocketTimeoutException: Connect timed out
	at java.base/sun.nio.ch.NioSocketImpl.timedFinishConnect(NioSocketImpl.java:546)
	at java.base/sun.nio.ch.NioSocketImpl.connect(NioSocketImpl.java:592)
	at java.base/java.net.SocksSocketImpl.connect(SocksSocketImpl.java:327)
	at java.base/java.net.Socket.connect(Socket.java:752)
	at org.postgresql.core.PGStream.createSocket(PGStream.java:243)
	at org.postgresql.core.PGStream.<init>(PGStream.java:98)
	at org.postgresql.core.v3.ConnectionFactoryImpl.tryConnect(ConnectionFactoryImpl.java:136)
	at org.postgresql.core.v3.ConnectionFactoryImpl.openConnectionImpl(ConnectionFactoryImpl.java:262)
	... 51 common frames omitted
2025-04-15 22:48:29 INFO  com.alexd.movieS.MovieSApplication - Starting MovieSApplication using Java 22.0.1 with PID 35081 (/Users/alexd/MyDocuments/movieS/target/classes started by alexd in /Users/alexd/MyDocuments/movieS)
2025-04-15 22:48:29 INFO  com.alexd.movieS.MovieSApplication - No active profile set, falling back to 1 default profile: "default"
2025-04-15 22:48:29 INFO  o.s.b.d.e.DevToolsPropertyDefaultsPostProcessor - Devtools property defaults active! Set 'spring.devtools.add-properties' to 'false' to disable
2025-04-15 22:48:29 INFO  o.s.b.d.e.DevToolsPropertyDefaultsPostProcessor - For additional web related logging consider setting the 'logging.level.web' property to 'DEBUG'
2025-04-15 22:48:29 INFO  o.s.d.r.c.RepositoryConfigurationDelegate - Bootstrapping Spring Data JPA repositories in DEFAULT mode.
2025-04-15 22:48:29 INFO  o.s.d.r.c.RepositoryConfigurationDelegate - Finished Spring Data repository scanning in 40 ms. Found 1 JPA repository interface.
2025-04-15 22:48:30 INFO  o.s.b.w.e.tomcat.TomcatWebServer - Tomcat initialized with port 8080 (http)
2025-04-15 22:48:30 INFO  o.a.coyote.http11.Http11NioProtocol - Initializing ProtocolHandler ["http-nio-8080"]
2025-04-15 22:48:30 INFO  o.a.catalina.core.StandardService - Starting service [Tomcat]
2025-04-15 22:48:30 INFO  o.a.catalina.core.StandardEngine - Starting Servlet engine: [Apache Tomcat/10.1.28]
2025-04-15 22:48:30 INFO  o.a.c.c.C.[Tomcat].[localhost].[/] - Initializing Spring embedded WebApplicationContext
2025-04-15 22:48:30 INFO  o.s.b.w.s.c.ServletWebServerApplicationContext - Root WebApplicationContext: initialization completed in 1176 ms
2025-04-15 22:48:30 INFO  com.zaxxer.hikari.HikariDataSource - HikariPool-1 - Starting...
2025-04-15 22:48:31 INFO  com.zaxxer.hikari.pool.HikariPool - HikariPool-1 - Added connection org.postgresql.jdbc.PgConnection@699269b8
2025-04-15 22:48:31 INFO  com.zaxxer.hikari.HikariDataSource - HikariPool-1 - Start completed.
2025-04-15 22:48:31 INFO  o.h.jpa.internal.util.LogHelper - HHH000204: Processing PersistenceUnitInfo [name: default]
2025-04-15 22:48:31 INFO  org.hibernate.Version - HHH000412: Hibernate ORM core version 6.5.2.Final
2025-04-15 22:48:31 INFO  o.h.c.i.RegionFactoryInitiator - HHH000026: Second-level cache disabled
2025-04-15 22:48:32 INFO  o.s.o.j.p.SpringPersistenceUnitInfo - No LoadTimeWeaver setup: ignoring JPA class transformer
2025-04-15 22:48:32 WARN  org.hibernate.orm.deprecation - HHH90000025: PostgreSQLDialect does not need to be specified explicitly using 'hibernate.dialect' (remove the property setting and it will be selected by default)
2025-04-15 22:48:33 INFO  o.h.e.t.j.p.i.JtaPlatformInitiator - HHH000489: No JTA platform available (set 'hibernate.transaction.jta.platform' to enable JTA platform integration)
2025-04-15 22:48:33 INFO  o.s.o.j.LocalContainerEntityManagerFactoryBean - Initialized JPA EntityManagerFactory for persistence unit 'default'
2025-04-15 22:48:33 WARN  o.s.b.a.o.j.JpaBaseConfiguration$JpaWebConfiguration - spring.jpa.open-in-view is enabled by default. Therefore, database queries may be performed during view rendering. Explicitly configure spring.jpa.open-in-view to disable this warning
2025-04-15 22:48:33 WARN  o.s.b.w.s.c.AnnotationConfigServletWebServerApplicationContext - Exception encountered during context initialization - cancelling refresh attempt: org.springframework.beans.factory.UnsatisfiedDependencyException: Error creating bean with name 'org.springframework.security.config.annotation.web.configuration.WebSecurityConfiguration': Unsatisfied dependency expressed through field 'httpSecurity': Error creating bean with name 'org.springframework.security.config.annotation.web.configuration.HttpSecurityConfiguration.httpSecurity' defined in class path resource [org/springframework/security/config/annotation/web/configuration/HttpSecurityConfiguration.class]: Failed to instantiate [org.springframework.security.config.annotation.web.builders.HttpSecurity]: Factory method 'httpSecurity' threw exception with message: Error creating bean with name 'users' defined in class path resource [com/alexd/movieS/config/SecurityConfig.class]: Failed to instantiate [org.springframework.security.provisioning.JdbcUserDetailsManager]: Factory method 'users' threw exception with message: PreparedStatementCallback; bad SQL grammar [insert into users (username, password, enabled) values (?,?,?)]
2025-04-15 22:48:33 INFO  o.s.o.j.LocalContainerEntityManagerFactoryBean - Closing JPA EntityManagerFactory for persistence unit 'default'
2025-04-15 22:48:33 INFO  com.zaxxer.hikari.HikariDataSource - HikariPool-1 - Shutdown initiated...
2025-04-15 22:48:34 INFO  com.zaxxer.hikari.HikariDataSource - HikariPool-1 - Shutdown completed.
2025-04-15 22:48:34 INFO  o.a.catalina.core.StandardService - Stopping service [Tomcat]
2025-04-15 22:48:34 INFO  o.s.b.a.l.ConditionEvaluationReportLogger - 

Error starting ApplicationContext. To display the condition evaluation report re-run your application with 'debug' enabled.
2025-04-15 22:48:34 ERROR o.s.boot.SpringApplication - Application run failed
org.springframework.beans.factory.UnsatisfiedDependencyException: Error creating bean with name 'org.springframework.security.config.annotation.web.configuration.WebSecurityConfiguration': Unsatisfied dependency expressed through field 'httpSecurity': Error creating bean with name 'org.springframework.security.config.annotation.web.configuration.HttpSecurityConfiguration.httpSecurity' defined in class path resource [org/springframework/security/config/annotation/web/configuration/HttpSecurityConfiguration.class]: Failed to instantiate [org.springframework.security.config.annotation.web.builders.HttpSecurity]: Factory method 'httpSecurity' threw exception with message: Error creating bean with name 'users' defined in class path resource [com/alexd/movieS/config/SecurityConfig.class]: Failed to instantiate [org.springframework.security.provisioning.JdbcUserDetailsManager]: Factory method 'users' threw exception with message: PreparedStatementCallback; bad SQL grammar [insert into users (username, password, enabled) values (?,?,?)]
	at org.springframework.beans.factory.annotation.AutowiredAnnotationBeanPostProcessor$AutowiredFieldElement.resolveFieldValue(AutowiredAnnotationBeanPostProcessor.java:788)
	at org.springframework.beans.factory.annotation.AutowiredAnnotationBeanPostProcessor$AutowiredFieldElement.inject(AutowiredAnnotationBeanPostProcessor.java:768)
	at org.springframework.beans.factory.annotation.InjectionMetadata.inject(InjectionMetadata.java:145)
	at org.springframework.beans.factory.annotation.AutowiredAnnotationBeanPostProcessor.postProcessProperties(AutowiredAnnotationBeanPostProcessor.java:509)
	at org.springframework.beans.factory.support.AbstractAutowireCapableBeanFactory.populateBean(AbstractAutowireCapableBeanFactory.java:1439)
	at org.springframework.beans.factory.support.AbstractAutowireCapableBeanFactory.doCreateBean(AbstractAutowireCapableBeanFactory.java:599)
	at org.springframework.beans.factory.support.AbstractAutowireCapableBeanFactory.createBean(AbstractAutowireCapableBeanFactory.java:522)
	at org.springframework.beans.factory.support.AbstractBeanFactory.lambda$doGetBean$0(AbstractBeanFactory.java:337)
	at org.springframework.beans.factory.support.DefaultSingletonBeanRegistry.getSingleton(DefaultSingletonBeanRegistry.java:234)
	at org.springframework.beans.factory.support.AbstractBeanFactory.doGetBean(AbstractBeanFactory.java:335)
	at org.springframework.beans.factory.support.AbstractBeanFactory.getBean(AbstractBeanFactory.java:200)
	at org.springframework.beans.factory.support.DefaultListableBeanFactory.preInstantiateSingletons(DefaultListableBeanFactory.java:975)
	at org.springframework.context.support.AbstractApplicationContext.finishBeanFactoryInitialization(AbstractApplicationContext.java:971)
	at org.springframework.context.support.AbstractApplicationContext.refresh(AbstractApplicationContext.java:625)
	at org.springframework.boot.web.servlet.context.ServletWebServerApplicationContext.refresh(ServletWebServerApplicationContext.java:146)
	at org.springframework.boot.SpringApplication.refresh(SpringApplication.java:754)
	at org.springframework.boot.SpringApplication.refreshContext(SpringApplication.java:456)
	at org.springframework.boot.SpringApplication.run(SpringApplication.java:335)
	at org.springframework.boot.SpringApplication.run(SpringApplication.java:1363)
	at org.springframework.boot.SpringApplication.run(SpringApplication.java:1352)
	at com.alexd.movieS.MovieSApplication.main(MovieSApplication.java:10)
	at java.base/jdk.internal.reflect.DirectMethodHandleAccessor.invoke(DirectMethodHandleAccessor.java:103)
	at java.base/java.lang.reflect.Method.invoke(Method.java:580)
	at org.springframework.boot.devtools.restart.RestartLauncher.run(RestartLauncher.java:50)
Caused by: org.springframework.beans.factory.BeanCreationException: Error creating bean with name 'org.springframework.security.config.annotation.web.configuration.HttpSecurityConfiguration.httpSecurity' defined in class path resource [org/springframework/security/config/annotation/web/configuration/HttpSecurityConfiguration.class]: Failed to instantiate [org.springframework.security.config.annotation.web.builders.HttpSecurity]: Factory method 'httpSecurity' threw exception with message: Error creating bean with name 'users' defined in class path resource [com/alexd/movieS/config/SecurityConfig.class]: Failed to instantiate [org.springframework.security.provisioning.JdbcUserDetailsManager]: Factory method 'users' threw exception with message: PreparedStatementCallback; bad SQL grammar [insert into users (username, password, enabled) values (?,?,?)]
	at org.springframework.beans.factory.support.ConstructorResolver.instantiate(ConstructorResolver.java:648)
	at org.springframework.beans.factory.support.ConstructorResolver.instantiateUsingFactoryMethod(ConstructorResolver.java:485)
	at org.springframework.beans.factory.support.AbstractAutowireCapableBeanFactory.instantiateUsingFactoryMethod(AbstractAutowireCapableBeanFactory.java:1355)
	at org.springframework.beans.factory.support.AbstractAutowireCapableBeanFactory.createBeanInstance(AbstractAutowireCapableBeanFactory.java:1185)
	at org.springframework.beans.factory.support.AbstractAutowireCapableBeanFactory.doCreateBean(AbstractAutowireCapableBeanFactory.java:562)
	at org.springframework.beans.factory.support.AbstractAutowireCapableBeanFactory.createBean(AbstractAutowireCapableBeanFactory.java:522)
	at org.springframework.beans.factory.support.AbstractBeanFactory.doGetBean(AbstractBeanFactory.java:355)
	at org.springframework.beans.factory.support.AbstractBeanFactory.getBean(AbstractBeanFactory.java:200)
	at org.springframework.beans.factory.config.DependencyDescriptor.resolveCandidate(DependencyDescriptor.java:254)
	at org.springframework.beans.factory.support.DefaultListableBeanFactory.doResolveDependency(DefaultListableBeanFactory.java:1443)
	at org.springframework.beans.factory.support.DefaultListableBeanFactory.resolveDependency(DefaultListableBeanFactory.java:1353)
	at org.springframework.beans.factory.annotation.AutowiredAnnotationBeanPostProcessor$AutowiredFieldElement.resolveFieldValue(AutowiredAnnotationBeanPostProcessor.java:785)
	... 23 common frames omitted
Caused by: org.springframework.beans.BeanInstantiationException: Failed to instantiate [org.springframework.security.config.annotation.web.builders.HttpSecurity]: Factory method 'httpSecurity' threw exception with message: Error creating bean with name 'users' defined in class path resource [com/alexd/movieS/config/SecurityConfig.class]: Failed to instantiate [org.springframework.security.provisioning.JdbcUserDetailsManager]: Factory method 'users' threw exception with message: PreparedStatementCallback; bad SQL grammar [insert into users (username, password, enabled) values (?,?,?)]
	at org.springframework.beans.factory.support.SimpleInstantiationStrategy.instantiate(SimpleInstantiationStrategy.java:178)
	at org.springframework.beans.factory.support.ConstructorResolver.instantiate(ConstructorResolver.java:644)
	... 34 common frames omitted
Caused by: org.springframework.beans.factory.BeanCreationException: Error creating bean with name 'users' defined in class path resource [com/alexd/movieS/config/SecurityConfig.class]: Failed to instantiate [org.springframework.security.provisioning.JdbcUserDetailsManager]: Factory method 'users' threw exception with message: PreparedStatementCallback; bad SQL grammar [insert into users (username, password, enabled) values (?,?,?)]
	at org.springframework.beans.factory.support.ConstructorResolver.instantiate(ConstructorResolver.java:648)
	at org.springframework.beans.factory.support.ConstructorResolver.instantiateUsingFactoryMethod(ConstructorResolver.java:636)
	at org.springframework.beans.factory.support.AbstractAutowireCapableBeanFactory.instantiateUsingFactoryMethod(AbstractAutowireCapableBeanFactory.java:1355)
	at org.springframework.beans.factory.support.AbstractAutowireCapableBeanFactory.createBeanInstance(AbstractAutowireCapableBeanFactory.java:1185)
	at org.springframework.beans.factory.support.AbstractAutowireCapableBeanFactory.doCreateBean(AbstractAutowireCapableBeanFactory.java:562)
	at org.springframework.beans.factory.support.AbstractAutowireCapableBeanFactory.createBean(AbstractAutowireCapableBeanFactory.java:522)
	at org.springframework.beans.factory.support.AbstractBeanFactory.lambda$doGetBean$0(AbstractBeanFactory.java:337)
	at org.springframework.beans.factory.support.DefaultSingletonBeanRegistry.getSingleton(DefaultSingletonBeanRegistry.java:234)
	at org.springframework.beans.factory.support.AbstractBeanFactory.doGetBean(AbstractBeanFactory.java:335)
	at org.springframework.beans.factory.support.AbstractBeanFactory.getBean(AbstractBeanFactory.java:205)
	at org.springframework.context.support.AbstractApplicationContext.getBean(AbstractApplicationContext.java:1249)
	at org.springframework.security.config.annotation.authentication.configuration.InitializeUserDetailsBeanManagerConfigurer$InitializeUserDetailsManagerConfigurer.getBeansWithName(InitializeUserDetailsBeanManagerConfigurer.java:138)
	at org.springframework.security.config.annotation.authentication.configuration.InitializeUserDetailsBeanManagerConfigurer$InitializeUserDetailsManagerConfigurer.configure(InitializeUserDetailsBeanManagerConfigurer.java:69)
	at org.springframework.security.config.annotation.authentication.configuration.InitializeUserDetailsBeanManagerConfigurer$InitializeUserDetailsManagerConfigurer.configure(InitializeUserDetailsBeanManagerConfigurer.java:63)
	at org.springframework.security.config.annotation.AbstractConfiguredSecurityBuilder.configure(AbstractConfiguredSecurityBuilder.java:376)
	at org.springframework.security.config.annotation.AbstractConfiguredSecurityBuilder.doBuild(AbstractConfiguredSecurityBuilder.java:330)
	at org.springframework.security.config.annotation.AbstractSecurityBuilder.build(AbstractSecurityBuilder.java:38)
	at org.springframework.security.config.annotation.authentication.configuration.AuthenticationConfiguration.getAuthenticationManager(AuthenticationConfiguration.java:121)
	at org.springframework.security.config.annotation.web.configuration.HttpSecurityConfiguration.authenticationManager(HttpSecurityConfiguration.java:141)
	at org.springframework.security.config.annotation.web.configuration.HttpSecurityConfiguration.httpSecurity(HttpSecurityConfiguration.java:110)
	at java.base/jdk.internal.reflect.DirectMethodHandleAccessor.invoke(DirectMethodHandleAccessor.java:103)
	at java.base/java.lang.reflect.Method.invoke(Method.java:580)
	at org.springframework.beans.factory.support.SimpleInstantiationStrategy.instantiate(SimpleInstantiationStrategy.java:146)
	... 35 common frames omitted
Caused by: org.springframework.beans.BeanInstantiationException: Failed to instantiate [org.springframework.security.provisioning.JdbcUserDetailsManager]: Factory method 'users' threw exception with message: PreparedStatementCallback; bad SQL grammar [insert into users (username, password, enabled) values (?,?,?)]
	at org.springframework.beans.factory.support.SimpleInstantiationStrategy.instantiate(SimpleInstantiationStrategy.java:178)
	at org.springframework.beans.factory.support.ConstructorResolver.instantiate(ConstructorResolver.java:644)
	... 57 common frames omitted
Caused by: org.springframework.jdbc.BadSqlGrammarException: PreparedStatementCallback; bad SQL grammar [insert into users (username, password, enabled) values (?,?,?)]
	at org.springframework.jdbc.support.SQLStateSQLExceptionTranslator.doTranslate(SQLStateSQLExceptionTranslator.java:112)
	at org.springframework.jdbc.support.AbstractFallbackSQLExceptionTranslator.translate(AbstractFallbackSQLExceptionTranslator.java:107)
	at org.springframework.jdbc.support.AbstractFallbackSQLExceptionTranslator.translate(AbstractFallbackSQLExceptionTranslator.java:116)
	at org.springframework.jdbc.core.JdbcTemplate.translateException(JdbcTemplate.java:1548)
	at org.springframework.jdbc.core.JdbcTemplate.execute(JdbcTemplate.java:677)
	at org.springframework.jdbc.core.JdbcTemplate.update(JdbcTemplate.java:970)
	at org.springframework.jdbc.core.JdbcTemplate.update(JdbcTemplate.java:1014)
	at org.springframework.security.provisioning.JdbcUserDetailsManager.createUser(JdbcUserDetailsManager.java:204)
	at com.alexd.movieS.config.SecurityConfig.users(SecurityConfig.java:36)
	at com.alexd.movieS.config.SecurityConfig$$SpringCGLIB$$0.CGLIB$users$2(<generated>)
	at com.alexd.movieS.config.SecurityConfig$$SpringCGLIB$$FastClass$$1.invoke(<generated>)
	at org.springframework.cglib.proxy.MethodProxy.invokeSuper(MethodProxy.java:258)
	at org.springframework.context.annotation.ConfigurationClassEnhancer$BeanMethodInterceptor.intercept(ConfigurationClassEnhancer.java:348)
	at com.alexd.movieS.config.SecurityConfig$$SpringCGLIB$$0.users(<generated>)
	at java.base/jdk.internal.reflect.DirectMethodHandleAccessor.invoke(DirectMethodHandleAccessor.java:103)
	at java.base/java.lang.reflect.Method.invoke(Method.java:580)
	at org.springframework.beans.factory.support.SimpleInstantiationStrategy.instantiate(SimpleInstantiationStrategy.java:146)
	... 58 common frames omitted
Caused by: org.postgresql.util.PSQLException: ERROR: relation "users" does not exist
  Position: 13
	at org.postgresql.core.v3.QueryExecutorImpl.receiveErrorResponse(QueryExecutorImpl.java:2725)
	at org.postgresql.core.v3.QueryExecutorImpl.processResults(QueryExecutorImpl.java:2412)
	at org.postgresql.core.v3.QueryExecutorImpl.execute(QueryExecutorImpl.java:371)
	at org.postgresql.core.v3.QueryExecutorImpl.execute(QueryExecutorImpl.java:329)
	at org.postgresql.jdbc.PgPreparedStatement.getParameterMetaData(PgPreparedStatement.java:1755)
	at com.zaxxer.hikari.pool.HikariProxyPreparedStatement.getParameterMetaData(HikariProxyPreparedStatement.java)
	at org.springframework.security.provisioning.JdbcUserDetailsManager.lambda$createUser$0(JdbcUserDetailsManager.java:208)
	at org.springframework.jdbc.core.JdbcTemplate.lambda$update$2(JdbcTemplate.java:973)
	at org.springframework.jdbc.core.JdbcTemplate.execute(JdbcTemplate.java:658)
	... 70 common frames omitted
