2026-01-27 00:14:53 WARN  com.zaxxer.hikari.pool.HikariPool - HikariPool-1 - Thread starvation or clock leap detected (housekeeper delta=33m38s421ms).
2026-01-27 00:46:32 WARN  com.zaxxer.hikari.pool.PoolBase - HikariPool-1 - Failed to validate connection org.postgresql.jdbc.PgConnection@64a5edfc (This connection has been closed.). Possibly consider using a shorter maxLifetime value.
2026-01-27 00:46:36 WARN  com.zaxxer.hikari.pool.PoolBase - HikariPool-1 - Failed to validate connection org.postgresql.jdbc.PgConnection@1329052a (This connection has been closed.). Possibly consider using a shorter maxLifetime value.
2026-01-27 01:02:12 WARN  com.zaxxer.hikari.pool.PoolBase - HikariPool-1 - Failed to validate connection org.postgresql.jdbc.PgConnection@53f1bb5c (This connection has been closed.). Possibly consider using a shorter maxLifetime value.
2026-01-27 01:19:19 WARN  com.zaxxer.hikari.pool.HikariPool - HikariPool-1 - Thread starvation or clock leap detected (housekeeper delta=1h4m25s519ms).
2026-01-27 01:42:42 WARN  com.zaxxer.hikari.pool.PoolBase - HikariPool-1 - Failed to validate connection org.postgresql.jdbc.PgConnection@187076d3 (This connection has been closed.). Possibly consider using a shorter maxLifetime value.
2026-01-27 01:42:48 WARN  com.zaxxer.hikari.pool.PoolBase - HikariPool-1 - Failed to validate connection org.postgresql.jdbc.PgConnection@10718598 (This connection has been closed.). Possibly consider using a shorter maxLifetime value.
2026-01-27 01:42:53 WARN  com.zaxxer.hikari.pool.PoolBase - HikariPool-1 - Failed to validate connection org.postgresql.jdbc.PgConnection@55d9c67c (This connection has been closed.). Possibly consider using a shorter maxLifetime value.
2026-01-27 01:42:55 WARN  com.zaxxer.hikari.pool.HikariPool - HikariPool-1 - Thread starvation or clock leap detected (housekeeper delta=23m36s219ms).
2026-01-27 01:42:57 WARN  com.zaxxer.hikari.pool.PoolBase - HikariPool-1 - Failed to validate connection org.postgresql.jdbc.PgConnection@4822639c (This connection has been closed.). Possibly consider using a shorter maxLifetime value.
2026-01-27 01:42:59 WARN  com.zaxxer.hikari.pool.PoolBase - HikariPool-1 - Failed to validate connection org.postgresql.jdbc.PgConnection@54637245 (This connection has been closed.). Possibly consider using a shorter maxLifetime value.
2026-01-27 01:43:06 WARN  com.zaxxer.hikari.pool.PoolBase - HikariPool-1 - Failed to validate connection org.postgresql.jdbc.PgConnection@3db2af37 (This connection has been closed.). Possibly consider using a shorter maxLifetime value.
2026-01-27 01:43:15 WARN  com.zaxxer.hikari.pool.PoolBase - HikariPool-1 - Failed to validate connection org.postgresql.jdbc.PgConnection@7d26dd0c (This connection has been closed.). Possibly consider using a shorter maxLifetime value.
2026-01-27 02:16:30 WARN  com.zaxxer.hikari.pool.HikariPool - HikariPool-1 - Thread starvation or clock leap detected (housekeeper delta=33m35s486ms).
2026-01-27 02:37:34 WARN  com.zaxxer.hikari.pool.PoolBase - HikariPool-1 - Failed to validate connection org.postgresql.jdbc.PgConnection@1afba3c4 (This connection has been closed.). Possibly consider using a shorter maxLifetime value.
2026-01-27 02:37:36 WARN  com.zaxxer.hikari.pool.HikariPool - HikariPool-1 - Thread starvation or clock leap detected (housekeeper delta=21m5s777ms).
2026-01-27 02:37:40 WARN  com.zaxxer.hikari.pool.PoolBase - HikariPool-1 - Failed to validate connection org.postgresql.jdbc.PgConnection@6c260eb9 (This connection has been closed.). Possibly consider using a shorter maxLifetime value.
2026-01-27 02:37:44 WARN  com.zaxxer.hikari.pool.PoolBase - HikariPool-1 - Failed to validate connection org.postgresql.jdbc.PgConnection@5a20e2bc (This connection has been closed.). Possibly consider using a shorter maxLifetime value.
2026-01-27 02:54:40 WARN  com.zaxxer.hikari.pool.HikariPool - HikariPool-1 - Thread starvation or clock leap detected (housekeeper delta=17m4s365ms).
2026-01-27 02:54:41 WARN  com.zaxxer.hikari.pool.PoolBase - HikariPool-1 - Failed to validate connection org.postgresql.jdbc.PgConnection@66708c8d (This connection has been closed.). Possibly consider using a shorter maxLifetime value.
2026-01-27 03:06:08 WARN  com.zaxxer.hikari.pool.PoolBase - HikariPool-1 - Failed to validate connection org.postgresql.jdbc.PgConnection@334e65f7 (This connection has been closed.). Possibly consider using a shorter maxLifetime value.
2026-01-27 03:06:12 WARN  com.zaxxer.hikari.pool.PoolBase - HikariPool-1 - Failed to validate connection org.postgresql.jdbc.PgConnection@c50a98d (This connection has been closed.). Possibly consider using a shorter maxLifetime value.
2026-01-27 03:06:15 WARN  com.zaxxer.hikari.pool.PoolBase - HikariPool-1 - Failed to validate connection org.postgresql.jdbc.PgConnection@4e449bde (This connection has been closed.). Possibly consider using a shorter maxLifetime value.
2026-01-27 03:06:20 WARN  com.zaxxer.hikari.pool.PoolBase - HikariPool-1 - Failed to validate connection org.postgresql.jdbc.PgConnection@e653e3c (This connection has been closed.). Possibly consider using a shorter maxLifetime value.
2026-01-27 03:06:24 WARN  com.zaxxer.hikari.pool.HikariPool - HikariPool-1 - Thread starvation or clock leap detected (housekeeper delta=11m43s493ms).
2026-01-27 03:06:27 WARN  com.zaxxer.hikari.pool.PoolBase - HikariPool-1 - Failed to validate connection org.postgresql.jdbc.PgConnection@5b2b3b9f (This connection has been closed.). Possibly consider using a shorter maxLifetime value.
2026-01-27 03:06:31 WARN  com.zaxxer.hikari.pool.PoolBase - HikariPool-1 - Failed to validate connection org.postgresql.jdbc.PgConnection@16689d86 (This connection has been closed.). Possibly consider using a shorter maxLifetime value.
2026-01-27 03:53:33 WARN  com.zaxxer.hikari.pool.HikariPool - HikariPool-1 - Thread starvation or clock leap detected (housekeeper delta=47m8s742ms).
2026-01-27 05:01:44 WARN  com.zaxxer.hikari.pool.PoolBase - HikariPool-1 - Failed to validate connection org.postgresql.jdbc.PgConnection@33171913 (This connection has been closed.). Possibly consider using a shorter maxLifetime value.
2026-01-27 05:18:58 WARN  com.zaxxer.hikari.pool.PoolBase - HikariPool-1 - Failed to validate connection org.postgresql.jdbc.PgConnection@5edcc5e7 (This connection has been closed.). Possibly consider using a shorter maxLifetime value.
2026-01-27 05:18:58 WARN  com.zaxxer.hikari.pool.PoolBase - HikariPool-1 - Failed to validate connection org.postgresql.jdbc.PgConnection@c0ae717 (This connection has been closed.). Possibly consider using a shorter maxLifetime value.
2026-01-27 05:34:00 WARN  com.zaxxer.hikari.pool.HikariPool - HikariPool-1 - Thread starvation or clock leap detected (housekeeper delta=1h40m27s690ms).
2026-01-27 05:41:18 WARN  com.zaxxer.hikari.pool.HikariPool - HikariPool-1 - Thread starvation or clock leap detected (housekeeper delta=7m17s642ms).
2026-01-27 05:41:22 WARN  com.zaxxer.hikari.pool.PoolBase - HikariPool-1 - Failed to validate connection org.postgresql.jdbc.PgConnection@75eb804 (This connection has been closed.). Possibly consider using a shorter maxLifetime value.
2026-01-27 05:41:25 WARN  com.zaxxer.hikari.pool.PoolBase - HikariPool-1 - Failed to validate connection org.postgresql.jdbc.PgConnection@1f8e4a63 (This connection has been closed.). Possibly consider using a shorter maxLifetime value.
2026-01-27 05:41:26 WARN  com.zaxxer.hikari.pool.PoolBase - HikariPool-1 - Failed to validate connection org.postgresql.jdbc.PgConnection@44e724da (This connection has been closed.). Possibly consider using a shorter maxLifetime value.
2026-01-27 05:41:31 WARN  com.zaxxer.hikari.pool.PoolBase - HikariPool-1 - Failed to validate connection org.postgresql.jdbc.PgConnection@360b2ada (This connection has been closed.). Possibly consider using a shorter maxLifetime value.
2026-01-27 05:41:35 WARN  com.zaxxer.hikari.pool.PoolBase - HikariPool-1 - Failed to validate connection org.postgresql.jdbc.PgConnection@3bc735c2 (This connection has been closed.). Possibly consider using a shorter maxLifetime value.
2026-01-27 05:57:19 WARN  com.zaxxer.hikari.pool.PoolBase - HikariPool-1 - Failed to validate connection org.postgresql.jdbc.PgConnection@5677ad8b (This connection has been closed.). Possibly consider using a shorter maxLifetime value.
2026-01-27 05:57:20 WARN  com.zaxxer.hikari.pool.PoolBase - HikariPool-1 - Failed to validate connection org.postgresql.jdbc.PgConnection@2bcb826b (This connection has been closed.). Possibly consider using a shorter maxLifetime value.
2026-01-27 06:15:21 WARN  com.zaxxer.hikari.pool.HikariPool - HikariPool-1 - Thread starvation or clock leap detected (housekeeper delta=34m2s526ms).
2026-01-27 07:41:53 WARN  com.zaxxer.hikari.pool.HikariPool - HikariPool-1 - Thread starvation or clock leap detected (housekeeper delta=1h26m32s740ms).
2026-01-27 07:42:02 WARN  com.zaxxer.hikari.pool.PoolBase - HikariPool-1 - Failed to validate connection org.postgresql.jdbc.PgConnection@44f93032 (This connection has been closed.). Possibly consider using a shorter maxLifetime value.
2026-01-27 07:42:06 WARN  com.zaxxer.hikari.pool.PoolBase - HikariPool-1 - Failed to validate connection org.postgresql.jdbc.PgConnection@2d6282f6 (This connection has been closed.). Possibly consider using a shorter maxLifetime value.
2026-01-27 07:42:18 WARN  com.zaxxer.hikari.pool.PoolBase - HikariPool-1 - Failed to validate connection org.postgresql.jdbc.PgConnection@5a4d85eb (This connection has been closed.). Possibly consider using a shorter maxLifetime value.
2026-01-27 07:43:19 WARN  com.zaxxer.hikari.pool.PoolBase - HikariPool-1 - Failed to validate connection org.postgresql.jdbc.PgConnection@2dd58a9 (This connection has been closed.). Possibly consider using a shorter maxLifetime value.
2026-01-27 07:43:21 WARN  com.zaxxer.hikari.pool.PoolBase - HikariPool-1 - Failed to validate connection org.postgresql.jdbc.PgConnection@d45a772 (This connection has been closed.). Possibly consider using a shorter maxLifetime value.
2026-01-27 07:43:26 WARN  com.zaxxer.hikari.pool.HikariPool - HikariPool-1 - Thread starvation or clock leap detected (housekeeper delta=1m2s916ms).
2026-01-27 07:43:26 WARN  com.zaxxer.hikari.pool.PoolBase - HikariPool-1 - Failed to validate connection org.postgresql.jdbc.PgConnection@1859792c (This connection has been closed.). Possibly consider using a shorter maxLifetime value.
2026-01-27 07:43:27 WARN  com.zaxxer.hikari.pool.PoolBase - HikariPool-1 - Failed to validate connection org.postgresql.jdbc.PgConnection@4372ab12 (This connection has been closed.). Possibly consider using a shorter maxLifetime value.
2026-01-27 07:43:28 WARN  com.zaxxer.hikari.pool.PoolBase - HikariPool-1 - Failed to validate connection org.postgresql.jdbc.PgConnection@63acfa39 (This connection has been closed.). Possibly consider using a shorter maxLifetime value.
2026-01-27 07:43:30 WARN  com.zaxxer.hikari.pool.PoolBase - HikariPool-1 - Failed to validate connection org.postgresql.jdbc.PgConnection@306f7f79 (This connection has been closed.). Possibly consider using a shorter maxLifetime value.
2026-01-27 08:00:32 WARN  com.zaxxer.hikari.pool.PoolBase - HikariPool-1 - Failed to validate connection org.postgresql.jdbc.PgConnection@be95678 (This connection has been closed.). Possibly consider using a shorter maxLifetime value.
2026-01-27 08:42:55 WARN  com.zaxxer.hikari.pool.HikariPool - HikariPool-1 - Thread starvation or clock leap detected (housekeeper delta=59m28s715ms).
2026-01-27 08:43:20 WARN  com.zaxxer.hikari.pool.PoolBase - HikariPool-1 - Failed to validate connection org.postgresql.jdbc.PgConnection@59ec0295 (This connection has been closed.). Possibly consider using a shorter maxLifetime value.
2026-01-27 08:43:25 WARN  com.zaxxer.hikari.pool.PoolBase - HikariPool-1 - Failed to validate connection org.postgresql.jdbc.PgConnection@5328e4ce (This connection has been closed.). Possibly consider using a shorter maxLifetime value.
2026-01-27 09:00:09 WARN  com.zaxxer.hikari.pool.PoolBase - HikariPool-1 - Failed to validate connection org.postgresql.jdbc.PgConnection@247b6ca1 (This connection has been closed.). Possibly consider using a shorter maxLifetime value.
2026-01-27 09:43:52 WARN  com.zaxxer.hikari.pool.HikariPool - HikariPool-1 - Thread starvation or clock leap detected (housekeeper delta=1h26s805ms).
2026-01-27 09:43:55 WARN  com.zaxxer.hikari.pool.PoolBase - HikariPool-1 - Failed to validate connection org.postgresql.jdbc.PgConnection@165143da (This connection has been closed.). Possibly consider using a shorter maxLifetime value.
2026-01-27 09:43:57 WARN  com.zaxxer.hikari.pool.PoolBase - HikariPool-1 - Failed to validate connection org.postgresql.jdbc.PgConnection@7d2aa1c6 (This connection has been closed.). Possibly consider using a shorter maxLifetime value.
2026-01-27 09:43:59 WARN  com.zaxxer.hikari.pool.PoolBase - HikariPool-1 - Failed to validate connection org.postgresql.jdbc.PgConnection@318ce6d0 (This connection has been closed.). Possibly consider using a shorter maxLifetime value.
2026-01-27 09:44:00 WARN  com.zaxxer.hikari.pool.PoolBase - HikariPool-1 - Failed to validate connection org.postgresql.jdbc.PgConnection@2d5f3ca8 (This connection has been closed.). Possibly consider using a shorter maxLifetime value.
2026-01-27 09:44:04 WARN  com.zaxxer.hikari.pool.PoolBase - HikariPool-1 - Failed to validate connection org.postgresql.jdbc.PgConnection@719233c2 (This connection has been closed.). Possibly consider using a shorter maxLifetime value.
2026-01-27 09:44:19 WARN  com.zaxxer.hikari.pool.PoolBase - HikariPool-1 - Failed to validate connection org.postgresql.jdbc.PgConnection@599e98a7 (This connection has been closed.). Possibly consider using a shorter maxLifetime value.
2026-01-27 09:44:20 WARN  com.zaxxer.hikari.pool.PoolBase - HikariPool-1 - Failed to validate connection org.postgresql.jdbc.PgConnection@5b9c8818 (This connection has been closed.). Possibly consider using a shorter maxLifetime value.
2026-01-27 09:54:02 WARN  com.zaxxer.hikari.pool.HikariPool - HikariPool-1 - Thread starvation or clock leap detected (housekeeper delta=9m40s571ms).
2026-01-27 09:54:07 WARN  com.zaxxer.hikari.pool.PoolBase - HikariPool-1 - Failed to validate connection org.postgresql.jdbc.PgConnection@3bf0bc8a (This connection has been closed.). Possibly consider using a shorter maxLifetime value.
2026-01-27 09:54:29 WARN  com.zaxxer.hikari.pool.PoolBase - HikariPool-1 - Failed to validate connection org.postgresql.jdbc.PgConnection@b10864e (This connection has been closed.). Possibly consider using a shorter maxLifetime value.
2026-01-27 10:11:09 WARN  com.zaxxer.hikari.pool.PoolBase - HikariPool-1 - Failed to validate connection org.postgresql.jdbc.PgConnection@ad9ed84 (This connection has been closed.). Possibly consider using a shorter maxLifetime value.
2026-01-27 10:44:56 WARN  com.zaxxer.hikari.pool.PoolBase - HikariPool-1 - Failed to validate connection org.postgresql.jdbc.PgConnection@2151e493 (This connection has been closed.). Possibly consider using a shorter maxLifetime value.
2026-01-27 10:45:01 WARN  com.zaxxer.hikari.pool.PoolBase - HikariPool-1 - Failed to validate connection org.postgresql.jdbc.PgConnection@486592dd (This connection has been closed.). Possibly consider using a shorter maxLifetime value.
2026-01-27 10:45:05 WARN  com.zaxxer.hikari.pool.PoolBase - HikariPool-1 - Failed to validate connection org.postgresql.jdbc.PgConnection@29a24420 (This connection has been closed.). Possibly consider using a shorter maxLifetime value.
2026-01-27 10:45:07 WARN  com.zaxxer.hikari.pool.HikariPool - HikariPool-1 - Thread starvation or clock leap detected (housekeeper delta=50m34s404ms).
2026-01-27 10:45:08 WARN  com.zaxxer.hikari.pool.PoolBase - HikariPool-1 - Failed to validate connection org.postgresql.jdbc.PgConnection@bcc56e9 (This connection has been closed.). Possibly consider using a shorter maxLifetime value.
2026-01-27 10:45:10 WARN  com.zaxxer.hikari.pool.PoolBase - HikariPool-1 - Failed to validate connection org.postgresql.jdbc.PgConnection@6f5bce37 (This connection has been closed.). Possibly consider using a shorter maxLifetime value.
2026-01-27 10:45:15 WARN  com.zaxxer.hikari.pool.PoolBase - HikariPool-1 - Failed to validate connection org.postgresql.jdbc.PgConnection@22861ea1 (This connection has been closed.). Possibly consider using a shorter maxLifetime value.
2026-01-27 10:45:26 WARN  com.zaxxer.hikari.pool.PoolBase - HikariPool-1 - Failed to validate connection org.postgresql.jdbc.PgConnection@193ecd95 (This connection has been closed.). Possibly consider using a shorter maxLifetime value.
2026-01-27 10:49:03 WARN  com.zaxxer.hikari.pool.PoolBase - HikariPool-1 - Failed to validate connection org.postgresql.jdbc.PgConnection@41b7e911 (This connection has been closed.). Possibly consider using a shorter maxLifetime value.
2026-01-27 10:49:07 WARN  com.zaxxer.hikari.pool.HikariPool - HikariPool-1 - Thread starvation or clock leap detected (housekeeper delta=3m30s240ms).
2026-01-27 11:20:22 WARN  com.zaxxer.hikari.pool.PoolBase - HikariPool-1 - Failed to validate connection org.postgresql.jdbc.PgConnection@3c6ba90a (This connection has been closed.). Possibly consider using a shorter maxLifetime value.
2026-01-27 11:37:20 WARN  com.zaxxer.hikari.pool.PoolBase - HikariPool-1 - Failed to validate connection org.postgresql.jdbc.PgConnection@5709d000 (This connection has been closed.). Possibly consider using a shorter maxLifetime value.
2026-01-27 11:37:22 WARN  com.zaxxer.hikari.pool.PoolBase - HikariPool-1 - Failed to validate connection org.postgresql.jdbc.PgConnection@301cac75 (This connection has been closed.). Possibly consider using a shorter maxLifetime value.
2026-01-27 11:54:36 WARN  com.zaxxer.hikari.pool.HikariPool - HikariPool-1 - Thread starvation or clock leap detected (housekeeper delta=1h5m29s12ms).
2026-01-27 12:11:22 WARN  com.zaxxer.hikari.pool.PoolBase - HikariPool-1 - Failed to validate connection org.postgresql.jdbc.PgConnection@51de7085 (This connection has been closed.). Possibly consider using a shorter maxLifetime value.
2026-01-27 12:11:23 WARN  com.zaxxer.hikari.pool.PoolBase - HikariPool-1 - Failed to validate connection org.postgresql.jdbc.PgConnection@237735b0 (This connection has been closed.). Possibly consider using a shorter maxLifetime value.
2026-01-27 12:12:01 WARN  com.zaxxer.hikari.pool.PoolBase - HikariPool-1 - Failed to validate connection org.postgresql.jdbc.PgConnection@76dd4aaf (This connection has been closed.). Possibly consider using a shorter maxLifetime value.
2026-01-27 12:12:05 WARN  com.zaxxer.hikari.pool.PoolBase - HikariPool-1 - Failed to validate connection org.postgresql.jdbc.PgConnection@54a556a9 (This connection has been closed.). Possibly consider using a shorter maxLifetime value.
2026-01-27 12:12:18 WARN  com.zaxxer.hikari.pool.HikariPool - HikariPool-1 - Thread starvation or clock leap detected (housekeeper delta=17m42s427ms).
2026-01-27 12:12:23 WARN  com.zaxxer.hikari.pool.PoolBase - HikariPool-1 - Failed to validate connection org.postgresql.jdbc.PgConnection@551a798a (This connection has been closed.). Possibly consider using a shorter maxLifetime value.
2026-01-27 12:12:27 WARN  com.zaxxer.hikari.pool.PoolBase - HikariPool-1 - Failed to validate connection org.postgresql.jdbc.PgConnection@53cebf5a (This connection has been closed.). Possibly consider using a shorter maxLifetime value.
2026-01-27 12:29:07 WARN  com.zaxxer.hikari.pool.HikariPool - HikariPool-1 - Thread starvation or clock leap detected (housekeeper delta=16m48s751ms).
2026-01-27 12:30:50 WARN  com.zaxxer.hikari.pool.PoolBase - HikariPool-1 - Failed to validate connection org.postgresql.jdbc.PgConnection@2d20bb94 (This connection has been closed.). Possibly consider using a shorter maxLifetime value.
2026-01-27 12:31:16 WARN  com.zaxxer.hikari.pool.HikariPool - HikariPool-1 - Thread starvation or clock leap detected (housekeeper delta=2m8s435ms).
2026-01-27 12:31:16 WARN  com.zaxxer.hikari.pool.PoolBase - HikariPool-1 - Failed to validate connection org.postgresql.jdbc.PgConnection@345413ad (This connection has been closed.). Possibly consider using a shorter maxLifetime value.
2026-01-27 12:49:24 WARN  com.zaxxer.hikari.pool.PoolBase - HikariPool-1 - Failed to validate connection org.postgresql.jdbc.PgConnection@3a12abd5 (This connection has been closed.). Possibly consider using a shorter maxLifetime value.
2026-01-27 12:49:26 WARN  com.zaxxer.hikari.pool.PoolBase - HikariPool-1 - Failed to validate connection org.postgresql.jdbc.PgConnection@71aa973 (This connection has been closed.). Possibly consider using a shorter maxLifetime value.
2026-01-27 12:49:29 WARN  com.zaxxer.hikari.pool.PoolBase - HikariPool-1 - Failed to validate connection org.postgresql.jdbc.PgConnection@270c415c (This connection has been closed.). Possibly consider using a shorter maxLifetime value.
2026-01-27 13:21:34 WARN  com.zaxxer.hikari.pool.HikariPool - HikariPool-1 - Thread starvation or clock leap detected (housekeeper delta=50m18s332ms).
2026-01-27 13:51:14 WARN  com.zaxxer.hikari.pool.PoolBase - HikariPool-1 - Failed to validate connection org.postgresql.jdbc.PgConnection@86f0a6b (This connection has been closed.). Possibly consider using a shorter maxLifetime value.
2026-01-27 13:51:14 WARN  com.zaxxer.hikari.pool.PoolBase - HikariPool-1 - Failed to validate connection org.postgresql.jdbc.PgConnection@714e17f1 (This connection has been closed.). Possibly consider using a shorter maxLifetime value.
2026-01-27 13:51:15 WARN  com.zaxxer.hikari.pool.PoolBase - HikariPool-1 - Failed to validate connection org.postgresql.jdbc.PgConnection@340dbe25 (This connection has been closed.). Possibly consider using a shorter maxLifetime value.
2026-01-27 13:51:28 WARN  com.zaxxer.hikari.pool.HikariPool - HikariPool-1 - Thread starvation or clock leap detected (housekeeper delta=29m54s32ms).
2026-01-27 13:51:32 WARN  com.zaxxer.hikari.pool.PoolBase - HikariPool-1 - Failed to validate connection org.postgresql.jdbc.PgConnection@4441d69d (This connection has been closed.). Possibly consider using a shorter maxLifetime value.
2026-01-27 13:51:35 WARN  com.zaxxer.hikari.pool.PoolBase - HikariPool-1 - Failed to validate connection org.postgresql.jdbc.PgConnection@daa4109 (This connection has been closed.). Possibly consider using a shorter maxLifetime value.
2026-01-27 13:51:48 WARN  com.zaxxer.hikari.pool.PoolBase - HikariPool-1 - Failed to validate connection org.postgresql.jdbc.PgConnection@540f3a0f (This connection has been closed.). Possibly consider using a shorter maxLifetime value.
2026-01-27 14:08:58 WARN  com.zaxxer.hikari.pool.HikariPool - HikariPool-1 - Thread starvation or clock leap detected (housekeeper delta=17m30s84ms).
2026-01-27 14:10:15 WARN  com.zaxxer.hikari.pool.PoolBase - HikariPool-1 - Failed to validate connection org.postgresql.jdbc.PgConnection@43400b49 (This connection has been closed.). Possibly consider using a shorter maxLifetime value.
2026-01-27 14:10:31 WARN  com.zaxxer.hikari.pool.HikariPool - HikariPool-1 - Thread starvation or clock leap detected (housekeeper delta=1m33s261ms).
2026-01-27 14:18:42 WARN  com.zaxxer.hikari.pool.PoolBase - HikariPool-1 - Failed to validate connection org.postgresql.jdbc.PgConnection@314f26eb (This connection has been closed.). Possibly consider using a shorter maxLifetime value.
2026-01-27 14:18:43 WARN  com.zaxxer.hikari.pool.PoolBase - HikariPool-1 - Failed to validate connection org.postgresql.jdbc.PgConnection@6b661671 (This connection has been closed.). Possibly consider using a shorter maxLifetime value.
2026-01-27 14:18:44 WARN  com.zaxxer.hikari.pool.PoolBase - HikariPool-1 - Failed to validate connection org.postgresql.jdbc.PgConnection@1a6b578c (This connection has been closed.). Possibly consider using a shorter maxLifetime value.
2026-01-27 14:19:01 WARN  com.zaxxer.hikari.pool.HikariPool - HikariPool-1 - Thread starvation or clock leap detected (housekeeper delta=8m29s734ms).
2026-01-27 14:19:04 WARN  com.zaxxer.hikari.pool.PoolBase - HikariPool-1 - Failed to validate connection org.postgresql.jdbc.PgConnection@52db4254 (This connection has been closed.). Possibly consider using a shorter maxLifetime value.
2026-01-27 14:19:10 WARN  com.zaxxer.hikari.pool.PoolBase - HikariPool-1 - Failed to validate connection org.postgresql.jdbc.PgConnection@5b6b55aa (This connection has been closed.). Possibly consider using a shorter maxLifetime value.
2026-01-27 14:19:11 WARN  com.zaxxer.hikari.pool.PoolBase - HikariPool-1 - Failed to validate connection org.postgresql.jdbc.PgConnection@133d86a5 (This connection has been closed.). Possibly consider using a shorter maxLifetime value.
2026-01-27 14:19:38 WARN  com.zaxxer.hikari.pool.PoolBase - HikariPool-1 - Failed to validate connection org.postgresql.jdbc.PgConnection@3b02454d (This connection has been closed.). Possibly consider using a shorter maxLifetime value.
2026-01-27 14:19:43 WARN  com.zaxxer.hikari.pool.PoolBase - HikariPool-1 - Failed to validate connection org.postgresql.jdbc.PgConnection@443457f8 (This connection has been closed.). Possibly consider using a shorter maxLifetime value.
2026-01-27 14:19:45 WARN  com.zaxxer.hikari.pool.PoolBase - HikariPool-1 - Failed to validate connection org.postgresql.jdbc.PgConnection@3bc3f975 (This connection has been closed.). Possibly consider using a shorter maxLifetime value.
2026-01-27 14:20:00 WARN  com.zaxxer.hikari.pool.PoolBase - HikariPool-1 - Failed to validate connection org.postgresql.jdbc.PgConnection@12c2eb6d (This connection has been closed.). Possibly consider using a shorter maxLifetime value.
2026-01-27 14:22:57 WARN  com.zaxxer.hikari.pool.HikariPool - HikariPool-1 - Thread starvation or clock leap detected (housekeeper delta=2m39s507ms).
2026-01-27 14:23:06 WARN  com.zaxxer.hikari.pool.PoolBase - HikariPool-1 - Failed to validate connection org.postgresql.jdbc.PgConnection@6270adca (This connection has been closed.). Possibly consider using a shorter maxLifetime value.
2026-01-27 14:23:20 WARN  com.zaxxer.hikari.pool.PoolBase - HikariPool-1 - Failed to validate connection org.postgresql.jdbc.PgConnection@43c0fa95 (This connection has been closed.). Possibly consider using a shorter maxLifetime value.
2026-01-27 14:23:25 WARN  com.zaxxer.hikari.pool.PoolBase - HikariPool-1 - Failed to validate connection org.postgresql.jdbc.PgConnection@4d44913a (This connection has been closed.). Possibly consider using a shorter maxLifetime value.
2026-01-27 14:29:13 WARN  com.zaxxer.hikari.pool.PoolBase - HikariPool-1 - Failed to validate connection org.postgresql.jdbc.PgConnection@6c7c69ca (This connection has been closed.). Possibly consider using a shorter maxLifetime value.
2026-01-27 14:29:22 WARN  com.zaxxer.hikari.pool.PoolBase - HikariPool-1 - Failed to validate connection org.postgresql.jdbc.PgConnection@69ea877a (This connection has been closed.). Possibly consider using a shorter maxLifetime value.
2026-01-27 14:29:32 WARN  com.zaxxer.hikari.pool.PoolBase - HikariPool-1 - Failed to validate connection org.postgresql.jdbc.PgConnection@ff31dd6 (This connection has been closed.). Possibly consider using a shorter maxLifetime value.
2026-01-27 14:29:32 WARN  com.zaxxer.hikari.pool.PoolBase - HikariPool-1 - Failed to validate connection org.postgresql.jdbc.PgConnection@7b6e1875 (This connection has been closed.). Possibly consider using a shorter maxLifetime value.
2026-01-27 14:29:34 WARN  com.zaxxer.hikari.pool.HikariPool - HikariPool-1 - Thread starvation or clock leap detected (housekeeper delta=6m6s50ms).
2026-01-27 14:29:54 WARN  com.zaxxer.hikari.pool.PoolBase - HikariPool-1 - Failed to validate connection org.postgresql.jdbc.PgConnection@b610ec2 (This connection has been closed.). Possibly consider using a shorter maxLifetime value.
2026-01-27 14:30:26 WARN  com.zaxxer.hikari.pool.PoolBase - HikariPool-1 - Failed to validate connection org.postgresql.jdbc.PgConnection@4e0f5c06 (This connection has been closed.). Possibly consider using a shorter maxLifetime value.
2026-01-27 14:30:27 WARN  com.zaxxer.hikari.pool.HikariPool - HikariPool-1 - Thread starvation or clock leap detected (housekeeper delta=53s552ms).
2026-01-27 14:37:25 WARN  com.zaxxer.hikari.pool.PoolBase - HikariPool-1 - Failed to validate connection org.postgresql.jdbc.PgConnection@463d496b (This connection has been closed.). Possibly consider using a shorter maxLifetime value.
2026-01-27 14:37:49 WARN  com.zaxxer.hikari.pool.HikariPool - HikariPool-1 - Thread starvation or clock leap detected (housekeeper delta=7m22s302ms).
2026-01-27 14:37:49 WARN  com.zaxxer.hikari.pool.PoolBase - HikariPool-1 - Failed to validate connection org.postgresql.jdbc.PgConnection@33b2c0e9 (This connection has been closed.). Possibly consider using a shorter maxLifetime value.
2026-01-27 14:37:52 WARN  com.zaxxer.hikari.pool.PoolBase - HikariPool-1 - Failed to validate connection org.postgresql.jdbc.PgConnection@108e9725 (This connection has been closed.). Possibly consider using a shorter maxLifetime value.
2026-01-27 14:37:57 WARN  com.zaxxer.hikari.pool.PoolBase - HikariPool-1 - Failed to validate connection org.postgresql.jdbc.PgConnection@5d3144e9 (This connection has been closed.). Possibly consider using a shorter maxLifetime value.
2026-01-27 14:52:21 WARN  com.zaxxer.hikari.pool.HikariPool - HikariPool-1 - Thread starvation or clock leap detected (housekeeper delta=14m31s368ms).
2026-01-27 14:52:25 WARN  com.zaxxer.hikari.pool.PoolBase - HikariPool-1 - Failed to validate connection org.postgresql.jdbc.PgConnection@7821622e (This connection has been closed.). Possibly consider using a shorter maxLifetime value.
2026-01-27 14:52:28 WARN  com.zaxxer.hikari.pool.PoolBase - HikariPool-1 - Failed to validate connection org.postgresql.jdbc.PgConnection@703cc40 (This connection has been closed.). Possibly consider using a shorter maxLifetime value.
2026-01-27 14:52:29 WARN  com.zaxxer.hikari.pool.PoolBase - HikariPool-1 - Failed to validate connection org.postgresql.jdbc.PgConnection@5042d645 (This connection has been closed.). Possibly consider using a shorter maxLifetime value.
2026-01-27 14:52:39 WARN  com.zaxxer.hikari.pool.PoolBase - HikariPool-1 - Failed to validate connection org.postgresql.jdbc.PgConnection@2301fe71 (This connection has been closed.). Possibly consider using a shorter maxLifetime value.
2026-01-27 14:54:03 WARN  com.zaxxer.hikari.pool.PoolBase - HikariPool-1 - Failed to validate connection org.postgresql.jdbc.PgConnection@5b8d92bb (This connection has been closed.). Possibly consider using a shorter maxLifetime value.
2026-01-27 14:54:10 WARN  com.zaxxer.hikari.pool.PoolBase - HikariPool-1 - Failed to validate connection org.postgresql.jdbc.PgConnection@31e510d1 (This connection has been closed.). Possibly consider using a shorter maxLifetime value.
2026-01-27 14:54:18 WARN  com.zaxxer.hikari.pool.HikariPool - HikariPool-1 - Thread starvation or clock leap detected (housekeeper delta=1m23s874ms).
2026-01-27 14:54:20 WARN  com.zaxxer.hikari.pool.PoolBase - HikariPool-1 - Failed to validate connection org.postgresql.jdbc.PgConnection@6defee52 (This connection has been closed.). Possibly consider using a shorter maxLifetime value.
2026-01-27 14:54:29 WARN  com.zaxxer.hikari.pool.PoolBase - HikariPool-1 - Failed to validate connection org.postgresql.jdbc.PgConnection@3554124d (This connection has been closed.). Possibly consider using a shorter maxLifetime value.
2026-01-27 14:54:43 WARN  com.zaxxer.hikari.pool.PoolBase - HikariPool-1 - Failed to validate connection org.postgresql.jdbc.PgConnection@787b6a81 (This connection has been closed.). Possibly consider using a shorter maxLifetime value.
2026-01-27 14:54:45 WARN  com.zaxxer.hikari.pool.PoolBase - HikariPool-1 - Failed to validate connection org.postgresql.jdbc.PgConnection@36397331 (This connection has been closed.). Possibly consider using a shorter maxLifetime value.
2026-01-27 15:18:17 WARN  com.zaxxer.hikari.pool.PoolBase - HikariPool-1 - Failed to validate connection org.postgresql.jdbc.PgConnection@7824ba19 (This connection has been closed.). Possibly consider using a shorter maxLifetime value.
2026-01-27 15:18:20 WARN  com.zaxxer.hikari.pool.PoolBase - HikariPool-1 - Failed to validate connection org.postgresql.jdbc.PgConnection@2e6c41e3 (This connection has been closed.). Possibly consider using a shorter maxLifetime value.
2026-01-27 15:18:24 WARN  com.zaxxer.hikari.pool.PoolBase - HikariPool-1 - Failed to validate connection org.postgresql.jdbc.PgConnection@53311fe4 (This connection has been closed.). Possibly consider using a shorter maxLifetime value.
2026-01-27 15:18:26 WARN  com.zaxxer.hikari.pool.HikariPool - HikariPool-1 - Thread starvation or clock leap detected (housekeeper delta=23m37s612ms).
2026-01-27 15:18:42 WARN  com.zaxxer.hikari.pool.PoolBase - HikariPool-1 - Failed to validate connection org.postgresql.jdbc.PgConnection@e1883e9 (This connection has been closed.). Possibly consider using a shorter maxLifetime value.
2026-01-27 15:19:17 WARN  com.zaxxer.hikari.pool.PoolBase - HikariPool-1 - Failed to validate connection org.postgresql.jdbc.PgConnection@5ec44d2b (This connection has been closed.). Possibly consider using a shorter maxLifetime value.
2026-01-27 15:19:21 WARN  com.zaxxer.hikari.pool.PoolBase - HikariPool-1 - Failed to validate connection org.postgresql.jdbc.PgConnection@4f9c7ba0 (This connection has been closed.). Possibly consider using a shorter maxLifetime value.
2026-01-27 15:19:27 WARN  com.zaxxer.hikari.pool.PoolBase - HikariPool-1 - Failed to validate connection org.postgresql.jdbc.PgConnection@690328a (This connection has been closed.). Possibly consider using a shorter maxLifetime value.
2026-01-27 15:19:42 WARN  com.zaxxer.hikari.pool.PoolBase - HikariPool-1 - Failed to validate connection org.postgresql.jdbc.PgConnection@72219af1 (This connection has been closed.). Possibly consider using a shorter maxLifetime value.
2026-01-27 15:35:42 WARN  com.zaxxer.hikari.pool.PoolBase - HikariPool-1 - Failed to validate connection org.postgresql.jdbc.PgConnection@594fc34f (This connection has been closed.). Possibly consider using a shorter maxLifetime value.
2026-01-27 15:52:26 WARN  com.zaxxer.hikari.pool.PoolBase - HikariPool-1 - Failed to validate connection org.postgresql.jdbc.PgConnection@51a301ac (This connection has been closed.). Possibly consider using a shorter maxLifetime value.
2026-01-27 15:56:19 WARN  com.zaxxer.hikari.pool.HikariPool - HikariPool-1 - Thread starvation or clock leap detected (housekeeper delta=36m44s128ms).
2026-01-27 15:56:30 WARN  com.zaxxer.hikari.pool.PoolBase - HikariPool-1 - Failed to validate connection org.postgresql.jdbc.PgConnection@4dd50988 (This connection has been closed.). Possibly consider using a shorter maxLifetime value.
2026-01-27 15:56:39 WARN  com.zaxxer.hikari.pool.PoolBase - HikariPool-1 - Failed to validate connection org.postgresql.jdbc.PgConnection@74ecd644 (This connection has been closed.). Possibly consider using a shorter maxLifetime value.
2026-01-27 15:56:42 WARN  com.zaxxer.hikari.pool.PoolBase - HikariPool-1 - Failed to validate connection org.postgresql.jdbc.PgConnection@44b3d0a3 (This connection has been closed.). Possibly consider using a shorter maxLifetime value.
2026-01-27 15:56:53 WARN  com.zaxxer.hikari.pool.PoolBase - HikariPool-1 - Failed to validate connection org.postgresql.jdbc.PgConnection@21ac7cd3 (This connection has been closed.). Possibly consider using a shorter maxLifetime value.
2026-01-27 16:38:33 WARN  com.zaxxer.hikari.pool.PoolBase - HikariPool-1 - Failed to validate connection org.postgresql.jdbc.PgConnection@6a54f72f (This connection has been closed.). Possibly consider using a shorter maxLifetime value.
2026-01-27 16:38:34 WARN  com.zaxxer.hikari.pool.HikariPool - HikariPool-1 - Thread starvation or clock leap detected (housekeeper delta=41m45s215ms).
2026-01-27 16:38:38 WARN  com.zaxxer.hikari.pool.PoolBase - HikariPool-1 - Failed to validate connection org.postgresql.jdbc.PgConnection@72b0bc2e (This connection has been closed.). Possibly consider using a shorter maxLifetime value.
2026-01-27 16:38:44 WARN  com.zaxxer.hikari.pool.PoolBase - HikariPool-1 - Failed to validate connection org.postgresql.jdbc.PgConnection@a475a00 (This connection has been closed.). Possibly consider using a shorter maxLifetime value.
2026-01-27 16:39:05 WARN  com.zaxxer.hikari.pool.PoolBase - HikariPool-1 - Failed to validate connection org.postgresql.jdbc.PgConnection@d09a595 (This connection has been closed.). Possibly consider using a shorter maxLifetime value.
2026-01-27 16:39:09 WARN  com.zaxxer.hikari.pool.PoolBase - HikariPool-1 - Failed to validate connection org.postgresql.jdbc.PgConnection@43355290 (This connection has been closed.). Possibly consider using a shorter maxLifetime value.
2026-01-27 16:42:34 WARN  com.zaxxer.hikari.pool.PoolBase - HikariPool-1 - Failed to validate connection org.postgresql.jdbc.PgConnection@40207bf3 (This connection has been closed.). Possibly consider using a shorter maxLifetime value.
2026-01-27 16:42:51 WARN  com.zaxxer.hikari.pool.HikariPool - HikariPool-1 - Thread starvation or clock leap detected (housekeeper delta=3m47s230ms).
2026-01-27 16:43:38 WARN  com.zaxxer.hikari.pool.PoolBase - HikariPool-1 - Failed to validate connection org.postgresql.jdbc.PgConnection@67bd050e (This connection has been closed.). Possibly consider using a shorter maxLifetime value.
2026-01-27 16:43:39 WARN  com.zaxxer.hikari.pool.PoolBase - HikariPool-1 - Failed to validate connection org.postgresql.jdbc.PgConnection@4d496765 (This connection has been closed.). Possibly consider using a shorter maxLifetime value.
2026-01-27 16:43:44 WARN  com.zaxxer.hikari.pool.PoolBase - HikariPool-1 - Failed to validate connection org.postgresql.jdbc.PgConnection@67fdc390 (This connection has been closed.). Possibly consider using a shorter maxLifetime value.
2026-01-27 16:43:56 WARN  com.zaxxer.hikari.pool.PoolBase - HikariPool-1 - Failed to validate connection org.postgresql.jdbc.PgConnection@4d62b011 (This connection has been closed.). Possibly consider using a shorter maxLifetime value.
2026-01-27 16:43:59 WARN  com.zaxxer.hikari.pool.HikariPool - HikariPool-1 - Thread starvation or clock leap detected (housekeeper delta=1m8s106ms).
2026-01-27 16:46:08 WARN  com.zaxxer.hikari.pool.PoolBase - HikariPool-1 - Failed to validate connection org.postgresql.jdbc.PgConnection@427e2f26 (This connection has been closed.). Possibly consider using a shorter maxLifetime value.
2026-01-27 16:46:14 WARN  com.zaxxer.hikari.pool.PoolBase - HikariPool-1 - Failed to validate connection org.postgresql.jdbc.PgConnection@4b8a6fbd (This connection has been closed.). Possibly consider using a shorter maxLifetime value.
2026-01-27 16:46:17 WARN  com.zaxxer.hikari.pool.HikariPool - HikariPool-1 - Thread starvation or clock leap detected (housekeeper delta=2m17s649ms).
2026-01-27 16:46:17 WARN  com.zaxxer.hikari.pool.PoolBase - HikariPool-1 - Failed to validate connection org.postgresql.jdbc.PgConnection@77366d6 (This connection has been closed.). Possibly consider using a shorter maxLifetime value.
2026-01-27 16:47:19 WARN  com.zaxxer.hikari.pool.PoolBase - HikariPool-1 - Failed to validate connection org.postgresql.jdbc.PgConnection@116a5efd (This connection has been closed.). Possibly consider using a shorter maxLifetime value.
2026-01-27 16:47:19 WARN  com.zaxxer.hikari.pool.PoolBase - HikariPool-1 - Failed to validate connection org.postgresql.jdbc.PgConnection@68ef9ed (This connection has been closed.). Possibly consider using a shorter maxLifetime value.
2026-01-27 16:47:22 WARN  com.zaxxer.hikari.pool.HikariPool - HikariPool-1 - Thread starvation or clock leap detected (housekeeper delta=1m4s730ms).
2026-01-27 16:54:25 WARN  com.zaxxer.hikari.pool.HikariPool - HikariPool-1 - Thread starvation or clock leap detected (housekeeper delta=6m31s734ms).
2026-01-27 16:54:39 WARN  com.zaxxer.hikari.pool.PoolBase - HikariPool-1 - Failed to validate connection org.postgresql.jdbc.PgConnection@1a577a3c (This connection has been closed.). Possibly consider using a shorter maxLifetime value.
2026-01-27 16:54:40 WARN  com.zaxxer.hikari.pool.PoolBase - HikariPool-1 - Failed to validate connection org.postgresql.jdbc.PgConnection@794b479a (This connection has been closed.). Possibly consider using a shorter maxLifetime value.
2026-01-27 16:54:49 WARN  com.zaxxer.hikari.pool.PoolBase - HikariPool-1 - Failed to validate connection org.postgresql.jdbc.PgConnection@8fb88cf (This connection has been closed.). Possibly consider using a shorter maxLifetime value.
2026-01-27 16:55:02 WARN  com.zaxxer.hikari.pool.PoolBase - HikariPool-1 - Failed to validate connection org.postgresql.jdbc.PgConnection@3ad722ca (This connection has been closed.). Possibly consider using a shorter maxLifetime value.
2026-01-27 16:55:03 WARN  com.zaxxer.hikari.pool.PoolBase - HikariPool-1 - Failed to validate connection org.postgresql.jdbc.PgConnection@4d6a9b82 (This connection has been closed.). Possibly consider using a shorter maxLifetime value.
2026-01-27 17:05:49 WARN  com.zaxxer.hikari.pool.HikariPool - HikariPool-1 - Thread starvation or clock leap detected (housekeeper delta=10m54s384ms).
2026-01-27 17:05:54 WARN  com.zaxxer.hikari.pool.PoolBase - HikariPool-1 - Failed to validate connection org.postgresql.jdbc.PgConnection@50d07c (This connection has been closed.). Possibly consider using a shorter maxLifetime value.
2026-01-27 17:06:04 WARN  com.zaxxer.hikari.pool.PoolBase - HikariPool-1 - Failed to validate connection org.postgresql.jdbc.PgConnection@43af11c (This connection has been closed.). Possibly consider using a shorter maxLifetime value.
2026-01-27 17:06:06 WARN  com.zaxxer.hikari.pool.PoolBase - HikariPool-1 - Failed to validate connection org.postgresql.jdbc.PgConnection@1bc03c7c (This connection has been closed.). Possibly consider using a shorter maxLifetime value.
2026-01-27 17:06:09 WARN  com.zaxxer.hikari.pool.PoolBase - HikariPool-1 - Failed to validate connection org.postgresql.jdbc.PgConnection@bdc30c9 (This connection has been closed.). Possibly consider using a shorter maxLifetime value.
2026-01-27 17:06:24 WARN  com.zaxxer.hikari.pool.PoolBase - HikariPool-1 - Failed to validate connection org.postgresql.jdbc.PgConnection@583d92bf (This connection has been closed.). Possibly consider using a shorter maxLifetime value.
2026-01-27 17:06:54 WARN  com.zaxxer.hikari.pool.PoolBase - HikariPool-1 - Failed to validate connection org.postgresql.jdbc.PgConnection@7146c6a9 (This connection has been closed.). Possibly consider using a shorter maxLifetime value.
2026-01-27 17:06:55 WARN  com.zaxxer.hikari.pool.PoolBase - HikariPool-1 - Failed to validate connection org.postgresql.jdbc.PgConnection@2fea3b9b (This connection has been closed.). Possibly consider using a shorter maxLifetime value.
2026-01-27 17:06:57 WARN  com.zaxxer.hikari.pool.PoolBase - HikariPool-1 - Failed to validate connection org.postgresql.jdbc.PgConnection@3da46614 (This connection has been closed.). Possibly consider using a shorter maxLifetime value.
2026-01-27 17:07:07 WARN  com.zaxxer.hikari.pool.PoolBase - HikariPool-1 - Failed to validate connection org.postgresql.jdbc.PgConnection@7a108c87 (This connection has been closed.). Possibly consider using a shorter maxLifetime value.
2026-01-27 17:07:17 WARN  com.zaxxer.hikari.pool.PoolBase - HikariPool-1 - Failed to validate connection org.postgresql.jdbc.PgConnection@28531124 (This connection has been closed.). Possibly consider using a shorter maxLifetime value.
2026-01-27 17:12:35 INFO  o.s.b.a.SpringApplicationAdminMXBeanRegistrar$SpringApplicationAdmin - Application shutdown requested.
2026-01-27 17:12:35 INFO  o.s.b.w.e.tomcat.GracefulShutdown - Commencing graceful shutdown. Waiting for active requests to complete
2026-01-27 17:12:35 INFO  o.a.coyote.http11.Http11NioProtocol - Pausing ProtocolHandler ["http-nio-8080"]
2026-01-27 17:12:35 INFO  o.s.b.w.e.tomcat.GracefulShutdown - Graceful shutdown complete
2026-01-27 17:12:35 INFO  o.a.coyote.http11.Http11NioProtocol - Stopping ProtocolHandler ["http-nio-8080"]
2026-01-27 17:12:35 INFO  o.s.o.j.LocalContainerEntityManagerFactoryBean - Closing JPA EntityManagerFactory for persistence unit 'default'
2026-01-27 17:12:36 INFO  com.zaxxer.hikari.HikariDataSource - HikariPool-1 - Shutdown initiated...
2026-01-27 17:12:36 INFO  com.zaxxer.hikari.HikariDataSource - HikariPool-1 - Shutdown completed.
2026-01-27 17:17:18 INFO  o.h.validator.internal.util.Version - HV000001: Hibernate Validator 8.0.3.Final
2026-01-27 17:17:18 INFO  com.alexd.movieS.MovieSApplication - Starting MovieSApplication using Java 24.0.1 with PID 31322 (/Users/alekd/eclipse-workspace/movieS/target/classes started by alekd in /Users/alekd/eclipse-workspace/movieS)
2026-01-27 17:17:18 INFO  com.alexd.movieS.MovieSApplication - No active profile set, falling back to 1 default profile: "default"
2026-01-27 17:17:18 INFO  o.s.b.d.e.DevToolsPropertyDefaultsPostProcessor - Devtools property defaults active! Set 'spring.devtools.add-properties' to 'false' to disable
2026-01-27 17:17:18 INFO  o.s.b.d.e.DevToolsPropertyDefaultsPostProcessor - For additional web related logging consider setting the 'logging.level.web' property to 'DEBUG'
2026-01-27 17:17:18 INFO  o.s.d.r.c.RepositoryConfigurationDelegate - Multiple Spring Data modules found, entering strict repository configuration mode
2026-01-27 17:17:18 INFO  o.s.d.r.c.RepositoryConfigurationDelegate - Bootstrapping Spring Data JPA repositories in DEFAULT mode.
2026-01-27 17:17:18 INFO  o.s.d.r.c.RepositoryConfigurationDelegate - Finished Spring Data repository scanning in 45 ms. Found 2 JPA repository interfaces.
2026-01-27 17:17:18 INFO  o.s.d.r.c.RepositoryConfigurationDelegate - Multiple Spring Data modules found, entering strict repository configuration mode
2026-01-27 17:17:18 INFO  o.s.d.r.c.RepositoryConfigurationDelegate - Bootstrapping Spring Data Redis repositories in DEFAULT mode.
2026-01-27 17:17:18 INFO  o.s.d.r.c.RepositoryConfigurationExtensionSupport - Spring Data Redis - Could not safely identify store assignment for repository candidate interface com.alexd.movieS.repo.MoviesRepository; If you want this repository to be a Redis repository, consider annotating your entities with one of these annotations: org.springframework.data.redis.core.RedisHash (preferred), or consider extending one of the following types with your repository: org.springframework.data.keyvalue.repository.KeyValueRepository
2026-01-27 17:17:18 INFO  o.s.d.r.c.RepositoryConfigurationExtensionSupport - Spring Data Redis - Could not safely identify store assignment for repository candidate interface com.alexd.movieS.repo.UsersRepository; If you want this repository to be a Redis repository, consider annotating your entities with one of these annotations: org.springframework.data.redis.core.RedisHash (preferred), or consider extending one of the following types with your repository: org.springframework.data.keyvalue.repository.KeyValueRepository
2026-01-27 17:17:18 INFO  o.s.d.r.c.RepositoryConfigurationDelegate - Finished Spring Data repository scanning in 2 ms. Found 0 Redis repository interfaces.
2026-01-27 17:17:18 INFO  o.s.b.w.e.tomcat.TomcatWebServer - Tomcat initialized with port 8080 (http)
2026-01-27 17:17:18 INFO  o.a.coyote.http11.Http11NioProtocol - Initializing ProtocolHandler ["http-nio-8080"]
2026-01-27 17:17:18 INFO  o.a.catalina.core.StandardService - Starting service [Tomcat]
2026-01-27 17:17:18 INFO  o.a.catalina.core.StandardEngine - Starting Servlet engine: [Apache Tomcat/10.1.44]
2026-01-27 17:17:18 INFO  o.a.c.c.C.[Tomcat].[localhost].[/] - Initializing Spring embedded WebApplicationContext
2026-01-27 17:17:18 INFO  o.s.b.w.s.c.ServletWebServerApplicationContext - Root WebApplicationContext: initialization completed in 529 ms
2026-01-27 17:17:18 INFO  com.zaxxer.hikari.HikariDataSource - HikariPool-1 - Starting...
2026-01-27 17:17:19 INFO  com.zaxxer.hikari.pool.HikariPool - HikariPool-1 - Added connection org.postgresql.jdbc.PgConnection@5e24d1e7
2026-01-27 17:17:19 INFO  com.zaxxer.hikari.HikariDataSource - HikariPool-1 - Start completed.
2026-01-27 17:17:19 INFO  o.h.jpa.internal.util.LogHelper - HHH000204: Processing PersistenceUnitInfo [name: default]
2026-01-27 17:17:19 INFO  org.hibernate.Version - HHH000412: Hibernate ORM core version 6.6.26.Final
2026-01-27 17:17:19 INFO  o.h.c.i.RegionFactoryInitiator - HHH000026: Second-level cache disabled
2026-01-27 17:17:19 INFO  o.s.o.j.p.SpringPersistenceUnitInfo - No LoadTimeWeaver setup: ignoring JPA class transformer
2026-01-27 17:17:19 WARN  org.hibernate.orm.deprecation - HHH90000025: PostgreSQLDialect does not need to be specified explicitly using 'hibernate.dialect' (remove the property setting and it will be selected by default)
2026-01-27 17:17:19 INFO  o.hibernate.orm.connections.pooling - HHH10001005: Database info:
	Database JDBC URL [Connecting through datasource 'HikariDataSource (HikariPool-1)']
	Database driver: undefined/unknown
	Database version: 18.1
	Autocommit mode: undefined/unknown
	Isolation level: undefined/unknown
	Minimum pool size: undefined/unknown
	Maximum pool size: undefined/unknown
2026-01-27 17:17:20 INFO  o.h.e.t.j.p.i.JtaPlatformInitiator - HHH000489: No JTA platform available (set 'hibernate.transaction.jta.platform' to enable JTA platform integration)
2026-01-27 17:17:20 INFO  o.s.o.j.LocalContainerEntityManagerFactoryBean - Initialized JPA EntityManagerFactory for persistence unit 'default'
2026-01-27 17:17:20 WARN  o.s.b.a.o.j.JpaBaseConfiguration$JpaWebConfiguration - spring.jpa.open-in-view is enabled by default. Therefore, database queries may be performed during view rendering. Explicitly configure spring.jpa.open-in-view to disable this warning
2026-01-27 17:17:20 INFO  o.s.b.d.a.OptionalLiveReloadServer - LiveReload server is running on port 35729
2026-01-27 17:17:20 INFO  o.a.coyote.http11.Http11NioProtocol - Starting ProtocolHandler ["http-nio-8080"]
2026-01-27 17:17:20 INFO  o.s.b.w.e.tomcat.TomcatWebServer - Tomcat started on port 8080 (http) with context path '/'
2026-01-27 17:17:20 INFO  com.alexd.movieS.MovieSApplication - Started MovieSApplication in 2.668 seconds (process running for 3.024)
2026-01-27 17:27:58 WARN  com.zaxxer.hikari.pool.PoolBase - HikariPool-1 - Failed to validate connection org.postgresql.jdbc.PgConnection@66944fa4 (This connection has been closed.). Possibly consider using a shorter maxLifetime value.
2026-01-27 17:28:05 WARN  com.zaxxer.hikari.pool.PoolBase - HikariPool-1 - Failed to validate connection org.postgresql.jdbc.PgConnection@153d8d0c (This connection has been closed.). Possibly consider using a shorter maxLifetime value.
2026-01-27 17:28:06 WARN  com.zaxxer.hikari.pool.HikariPool - HikariPool-1 - Thread starvation or clock leap detected (housekeeper delta=47s91ms).
2026-01-27 17:31:03 WARN  com.zaxxer.hikari.pool.PoolBase - HikariPool-1 - Failed to validate connection org.postgresql.jdbc.PgConnection@2c688cd1 (This connection has been closed.). Possibly consider using a shorter maxLifetime value.
2026-01-27 17:31:09 WARN  com.zaxxer.hikari.pool.PoolBase - HikariPool-1 - Failed to validate connection org.postgresql.jdbc.PgConnection@7fcb3acf (This connection has been closed.). Possibly consider using a shorter maxLifetime value.
2026-01-27 17:31:23 WARN  com.zaxxer.hikari.pool.HikariPool - HikariPool-1 - Thread starvation or clock leap detected (housekeeper delta=2m46s819ms).
2026-01-27 17:31:37 WARN  com.zaxxer.hikari.pool.PoolBase - HikariPool-1 - Failed to validate connection org.postgresql.jdbc.PgConnection@63e9f0f4 (This connection has been closed.). Possibly consider using a shorter maxLifetime value.
2026-01-27 17:31:58 WARN  com.zaxxer.hikari.pool.PoolBase - HikariPool-1 - Failed to validate connection org.postgresql.jdbc.PgConnection@2a066ad5 (This connection has been closed.). Possibly consider using a shorter maxLifetime value.
2026-01-27 17:32:05 WARN  com.zaxxer.hikari.pool.PoolBase - HikariPool-1 - Failed to validate connection org.postgresql.jdbc.PgConnection@72e5f44e (This connection has been closed.). Possibly consider using a shorter maxLifetime value.
2026-01-27 17:32:07 WARN  com.zaxxer.hikari.pool.PoolBase - HikariPool-1 - Failed to validate connection org.postgresql.jdbc.PgConnection@ed22de5 (This connection has been closed.). Possibly consider using a shorter maxLifetime value.
2026-01-27 17:32:10 WARN  com.zaxxer.hikari.pool.PoolBase - HikariPool-1 - Failed to validate connection org.postgresql.jdbc.PgConnection@5e24d1e7 (This connection has been closed.). Possibly consider using a shorter maxLifetime value.
2026-01-27 17:32:10 WARN  com.zaxxer.hikari.pool.PoolBase - HikariPool-1 - Failed to validate connection org.postgresql.jdbc.PgConnection@6e1c2320 (This connection has been closed.). Possibly consider using a shorter maxLifetime value.
2026-01-27 17:32:22 WARN  com.zaxxer.hikari.pool.PoolBase - HikariPool-1 - Failed to validate connection org.postgresql.jdbc.PgConnection@3386fd29 (This connection has been closed.). Possibly consider using a shorter maxLifetime value.
2026-01-27 17:32:23 WARN  com.zaxxer.hikari.pool.PoolBase - HikariPool-1 - Failed to validate connection org.postgresql.jdbc.PgConnection@661d9a2a (This connection has been closed.). Possibly consider using a shorter maxLifetime value.
2026-01-27 17:32:41 INFO  o.a.c.c.C.[Tomcat].[localhost].[/] - Initializing Spring DispatcherServlet 'dispatcherServlet'
2026-01-27 17:32:41 INFO  o.s.web.servlet.DispatcherServlet - Initializing Servlet 'dispatcherServlet'
2026-01-27 17:32:41 INFO  o.s.web.servlet.DispatcherServlet - Completed initialization in 1 ms
2026-01-27 17:34:12 INFO  o.s.b.a.SpringApplicationAdminMXBeanRegistrar$SpringApplicationAdmin - Application shutdown requested.
2026-01-27 17:34:12 INFO  o.s.b.w.e.tomcat.GracefulShutdown - Commencing graceful shutdown. Waiting for active requests to complete
2026-01-27 17:34:12 INFO  o.a.coyote.http11.Http11NioProtocol - Pausing ProtocolHandler ["http-nio-8080"]
2026-01-27 17:34:12 INFO  o.s.b.w.e.tomcat.GracefulShutdown - Graceful shutdown complete
2026-01-27 17:34:12 INFO  o.a.coyote.http11.Http11NioProtocol - Stopping ProtocolHandler ["http-nio-8080"]
2026-01-27 17:34:12 INFO  o.s.o.j.LocalContainerEntityManagerFactoryBean - Closing JPA EntityManagerFactory for persistence unit 'default'
2026-01-27 17:34:12 INFO  com.zaxxer.hikari.HikariDataSource - HikariPool-1 - Shutdown initiated...
2026-01-27 17:34:12 INFO  com.zaxxer.hikari.HikariDataSource - HikariPool-1 - Shutdown completed.
2026-01-27 18:40:00 INFO  o.h.validator.internal.util.Version - HV000001: Hibernate Validator 8.0.3.Final
2026-01-27 18:40:00 INFO  com.alexd.movieS.MovieSApplication - Starting MovieSApplication using Java 24.0.1 with PID 1634 (/Users/alekd/eclipse-workspace/movieS/target/classes started by alekd in /Users/alekd/eclipse-workspace/movieS)
2026-01-27 18:40:00 INFO  com.alexd.movieS.MovieSApplication - No active profile set, falling back to 1 default profile: "default"
2026-01-27 18:40:00 INFO  o.s.b.d.e.DevToolsPropertyDefaultsPostProcessor - Devtools property defaults active! Set 'spring.devtools.add-properties' to 'false' to disable
2026-01-27 18:40:00 INFO  o.s.b.d.e.DevToolsPropertyDefaultsPostProcessor - For additional web related logging consider setting the 'logging.level.web' property to 'DEBUG'
2026-01-27 18:40:01 INFO  o.s.d.r.c.RepositoryConfigurationDelegate - Multiple Spring Data modules found, entering strict repository configuration mode
2026-01-27 18:40:01 INFO  o.s.d.r.c.RepositoryConfigurationDelegate - Bootstrapping Spring Data JPA repositories in DEFAULT mode.
2026-01-27 18:40:01 INFO  o.s.d.r.c.RepositoryConfigurationDelegate - Finished Spring Data repository scanning in 45 ms. Found 2 JPA repository interfaces.
2026-01-27 18:40:01 INFO  o.s.d.r.c.RepositoryConfigurationDelegate - Multiple Spring Data modules found, entering strict repository configuration mode
2026-01-27 18:40:01 INFO  o.s.d.r.c.RepositoryConfigurationDelegate - Bootstrapping Spring Data Redis repositories in DEFAULT mode.
2026-01-27 18:40:01 INFO  o.s.d.r.c.RepositoryConfigurationExtensionSupport - Spring Data Redis - Could not safely identify store assignment for repository candidate interface com.alexd.movieS.repo.MoviesRepository; If you want this repository to be a Redis repository, consider annotating your entities with one of these annotations: org.springframework.data.redis.core.RedisHash (preferred), or consider extending one of the following types with your repository: org.springframework.data.keyvalue.repository.KeyValueRepository
2026-01-27 18:40:01 INFO  o.s.d.r.c.RepositoryConfigurationExtensionSupport - Spring Data Redis - Could not safely identify store assignment for repository candidate interface com.alexd.movieS.repo.UsersRepository; If you want this repository to be a Redis repository, consider annotating your entities with one of these annotations: org.springframework.data.redis.core.RedisHash (preferred), or consider extending one of the following types with your repository: org.springframework.data.keyvalue.repository.KeyValueRepository
2026-01-27 18:40:01 INFO  o.s.d.r.c.RepositoryConfigurationDelegate - Finished Spring Data repository scanning in 2 ms. Found 0 Redis repository interfaces.
2026-01-27 18:40:01 INFO  o.s.b.w.e.tomcat.TomcatWebServer - Tomcat initialized with port 8080 (http)
2026-01-27 18:40:01 INFO  o.a.coyote.http11.Http11NioProtocol - Initializing ProtocolHandler ["http-nio-8080"]
2026-01-27 18:40:01 INFO  o.a.catalina.core.StandardService - Starting service [Tomcat]
2026-01-27 18:40:01 INFO  o.a.catalina.core.StandardEngine - Starting Servlet engine: [Apache Tomcat/10.1.44]
2026-01-27 18:40:01 INFO  o.a.c.c.C.[Tomcat].[localhost].[/] - Initializing Spring embedded WebApplicationContext
2026-01-27 18:40:01 INFO  o.s.b.w.s.c.ServletWebServerApplicationContext - Root WebApplicationContext: initialization completed in 535 ms
2026-01-27 18:40:01 INFO  com.zaxxer.hikari.HikariDataSource - HikariPool-1 - Starting...
2026-01-27 18:40:02 INFO  com.zaxxer.hikari.pool.HikariPool - HikariPool-1 - Added connection org.postgresql.jdbc.PgConnection@55e61a2d
2026-01-27 18:40:02 INFO  com.zaxxer.hikari.HikariDataSource - HikariPool-1 - Start completed.
2026-01-27 18:40:02 INFO  o.h.jpa.internal.util.LogHelper - HHH000204: Processing PersistenceUnitInfo [name: default]
2026-01-27 18:40:02 INFO  org.hibernate.Version - HHH000412: Hibernate ORM core version 6.6.26.Final
2026-01-27 18:40:02 INFO  o.h.c.i.RegionFactoryInitiator - HHH000026: Second-level cache disabled
2026-01-27 18:40:02 INFO  o.s.o.j.p.SpringPersistenceUnitInfo - No LoadTimeWeaver setup: ignoring JPA class transformer
2026-01-27 18:40:02 WARN  org.hibernate.orm.deprecation - HHH90000025: PostgreSQLDialect does not need to be specified explicitly using 'hibernate.dialect' (remove the property setting and it will be selected by default)
2026-01-27 18:40:02 INFO  o.hibernate.orm.connections.pooling - HHH10001005: Database info:
	Database JDBC URL [Connecting through datasource 'HikariDataSource (HikariPool-1)']
	Database driver: undefined/unknown
	Database version: 18.1
	Autocommit mode: undefined/unknown
	Isolation level: undefined/unknown
	Minimum pool size: undefined/unknown
	Maximum pool size: undefined/unknown
2026-01-27 18:40:02 INFO  o.h.e.t.j.p.i.JtaPlatformInitiator - HHH000489: No JTA platform available (set 'hibernate.transaction.jta.platform' to enable JTA platform integration)
2026-01-27 18:40:03 INFO  o.s.o.j.LocalContainerEntityManagerFactoryBean - Initialized JPA EntityManagerFactory for persistence unit 'default'
2026-01-27 18:40:03 WARN  o.s.b.a.o.j.JpaBaseConfiguration$JpaWebConfiguration - spring.jpa.open-in-view is enabled by default. Therefore, database queries may be performed during view rendering. Explicitly configure spring.jpa.open-in-view to disable this warning
2026-01-27 18:40:03 INFO  o.s.b.d.a.OptionalLiveReloadServer - LiveReload server is running on port 35729
2026-01-27 18:40:03 INFO  o.a.coyote.http11.Http11NioProtocol - Starting ProtocolHandler ["http-nio-8080"]
2026-01-27 18:40:03 INFO  o.s.b.w.e.tomcat.TomcatWebServer - Tomcat started on port 8080 (http) with context path '/'
2026-01-27 18:40:03 INFO  com.alexd.movieS.MovieSApplication - Started MovieSApplication in 2.914 seconds (process running for 3.278)
2026-01-27 18:40:40 INFO  o.a.c.c.C.[Tomcat].[localhost].[/] - Initializing Spring DispatcherServlet 'dispatcherServlet'
2026-01-27 18:40:40 INFO  o.s.web.servlet.DispatcherServlet - Initializing Servlet 'dispatcherServlet'
2026-01-27 18:40:40 INFO  o.s.web.servlet.DispatcherServlet - Completed initialization in 1 ms
2026-01-27 19:45:59 INFO  o.s.b.a.SpringApplicationAdminMXBeanRegistrar$SpringApplicationAdmin - Application shutdown requested.
2026-01-27 19:45:59 INFO  o.s.b.w.e.tomcat.GracefulShutdown - Commencing graceful shutdown. Waiting for active requests to complete
2026-01-27 19:45:59 INFO  o.a.coyote.http11.Http11NioProtocol - Pausing ProtocolHandler ["http-nio-8080"]
2026-01-27 19:45:59 INFO  o.s.b.w.e.tomcat.GracefulShutdown - Graceful shutdown complete
2026-01-27 19:45:59 INFO  o.a.coyote.http11.Http11NioProtocol - Stopping ProtocolHandler ["http-nio-8080"]
2026-01-27 19:45:59 INFO  o.s.o.j.LocalContainerEntityManagerFactoryBean - Closing JPA EntityManagerFactory for persistence unit 'default'
2026-01-27 19:45:59 INFO  com.zaxxer.hikari.HikariDataSource - HikariPool-1 - Shutdown initiated...
2026-01-27 19:46:00 INFO  com.zaxxer.hikari.HikariDataSource - HikariPool-1 - Shutdown completed.
