2024-12-25 22:07:44 INFO  com.alexd.movieS.MovieSApplication - Starting MovieSApplication using Java 22.0.1 with PID 58984 (/Users/alexd/MyDocuments/movieS/target/classes started by alexd in /Users/alexd/MyDocuments/movieS)
2024-12-25 22:07:44 INFO  com.alexd.movieS.MovieSApplication - No active profile set, falling back to 1 default profile: "default"
2024-12-25 22:07:44 INFO  o.s.b.d.e.DevToolsPropertyDefaultsPostProcessor - Devtools property defaults active! Set 'spring.devtools.add-properties' to 'false' to disable
2024-12-25 22:07:44 INFO  o.s.b.d.e.DevToolsPropertyDefaultsPostProcessor - For additional web related logging consider setting the 'logging.level.web' property to 'DEBUG'
2024-12-25 22:07:46 INFO  o.s.d.r.c.RepositoryConfigurationDelegate - Bootstrapping Spring Data JPA repositories in DEFAULT mode.
2024-12-25 22:07:46 INFO  o.s.d.r.c.RepositoryConfigurationDelegate - Finished Spring Data repository scanning in 82 ms. Found 1 JPA repository interface.
2024-12-25 22:07:47 INFO  o.s.b.w.e.tomcat.TomcatWebServer - Tomcat initialized with port 8080 (http)
2024-12-25 22:07:47 INFO  o.a.coyote.http11.Http11NioProtocol - Initializing ProtocolHandler ["http-nio-8080"]
2024-12-25 22:07:47 INFO  o.a.catalina.core.StandardService - Starting service [Tomcat]
2024-12-25 22:07:47 INFO  o.a.catalina.core.StandardEngine - Starting Servlet engine: [Apache Tomcat/10.1.28]
2024-12-25 22:07:47 INFO  o.a.c.c.C.[Tomcat].[localhost].[/] - Initializing Spring embedded WebApplicationContext
2024-12-25 22:07:47 INFO  o.s.b.w.s.c.ServletWebServerApplicationContext - Root WebApplicationContext: initialization completed in 2381 ms
2024-12-25 22:07:47 INFO  com.zaxxer.hikari.HikariDataSource - HikariPool-1 - Starting...
2024-12-25 22:07:48 WARN  o.s.b.w.s.c.AnnotationConfigServletWebServerApplicationContext - Exception encountered during context initialization - cancelling refresh attempt: org.springframework.beans.factory.BeanCreationException: Error creating bean with name 'entityManagerFactory' defined in class path resource [org/springframework/boot/autoconfigure/orm/jpa/HibernateJpaConfiguration.class]: Failed to initialize dependency 'jdbcSessionDataSourceScriptDatabaseInitializer' of LoadTimeWeaverAware bean 'entityManagerFactory': Error creating bean with name 'jdbcSessionDataSourceScriptDatabaseInitializer' defined in class path resource [org/springframework/boot/autoconfigure/session/JdbcSessionConfiguration.class]: Failed to instantiate [org.springframework.boot.autoconfigure.session.JdbcSessionDataSourceScriptDatabaseInitializer]: Factory method 'jdbcSessionDataSourceScriptDatabaseInitializer' threw exception with message: Failed to determine DatabaseDriver
2024-12-25 22:07:48 INFO  o.a.catalina.core.StandardService - Stopping service [Tomcat]
2024-12-25 22:07:48 INFO  o.s.b.a.l.ConditionEvaluationReportLogger - 

Error starting ApplicationContext. To display the condition evaluation report re-run your application with 'debug' enabled.
2024-12-25 22:07:49 ERROR o.s.boot.SpringApplication - Application run failed
org.springframework.beans.factory.BeanCreationException: Error creating bean with name 'entityManagerFactory' defined in class path resource [org/springframework/boot/autoconfigure/orm/jpa/HibernateJpaConfiguration.class]: Failed to initialize dependency 'jdbcSessionDataSourceScriptDatabaseInitializer' of LoadTimeWeaverAware bean 'entityManagerFactory': Error creating bean with name 'jdbcSessionDataSourceScriptDatabaseInitializer' defined in class path resource [org/springframework/boot/autoconfigure/session/JdbcSessionConfiguration.class]: Failed to instantiate [org.springframework.boot.autoconfigure.session.JdbcSessionDataSourceScriptDatabaseInitializer]: Factory method 'jdbcSessionDataSourceScriptDatabaseInitializer' threw exception with message: Failed to determine DatabaseDriver
	at org.springframework.beans.factory.support.AbstractBeanFactory.doGetBean(AbstractBeanFactory.java:326)
	at org.springframework.beans.factory.support.AbstractBeanFactory.getBean(AbstractBeanFactory.java:205)
	at org.springframework.context.support.AbstractApplicationContext.finishBeanFactoryInitialization(AbstractApplicationContext.java:954)
	at org.springframework.context.support.AbstractApplicationContext.refresh(AbstractApplicationContext.java:625)
	at org.springframework.boot.web.servlet.context.ServletWebServerApplicationContext.refresh(ServletWebServerApplicationContext.java:146)
	at org.springframework.boot.SpringApplication.refresh(SpringApplication.java:754)
	at org.springframework.boot.SpringApplication.refreshContext(SpringApplication.java:456)
	at org.springframework.boot.SpringApplication.run(SpringApplication.java:335)
	at org.springframework.boot.SpringApplication.run(SpringApplication.java:1363)
	at org.springframework.boot.SpringApplication.run(SpringApplication.java:1352)
	at com.alexd.movieS.MovieSApplication.main(MovieSApplication.java:10)
	at java.base/jdk.internal.reflect.DirectMethodHandleAccessor.invoke(DirectMethodHandleAccessor.java:103)
	at java.base/java.lang.reflect.Method.invoke(Method.java:580)
	at org.springframework.boot.devtools.restart.RestartLauncher.run(RestartLauncher.java:50)
Caused by: org.springframework.beans.factory.BeanCreationException: Error creating bean with name 'jdbcSessionDataSourceScriptDatabaseInitializer' defined in class path resource [org/springframework/boot/autoconfigure/session/JdbcSessionConfiguration.class]: Failed to instantiate [org.springframework.boot.autoconfigure.session.JdbcSessionDataSourceScriptDatabaseInitializer]: Factory method 'jdbcSessionDataSourceScriptDatabaseInitializer' threw exception with message: Failed to determine DatabaseDriver
	at org.springframework.beans.factory.support.ConstructorResolver.instantiate(ConstructorResolver.java:648)
	at org.springframework.beans.factory.support.ConstructorResolver.instantiateUsingFactoryMethod(ConstructorResolver.java:636)
	at org.springframework.beans.factory.support.AbstractAutowireCapableBeanFactory.instantiateUsingFactoryMethod(AbstractAutowireCapableBeanFactory.java:1355)
	at org.springframework.beans.factory.support.AbstractAutowireCapableBeanFactory.createBeanInstance(AbstractAutowireCapableBeanFactory.java:1185)
	at org.springframework.beans.factory.support.AbstractAutowireCapableBeanFactory.doCreateBean(AbstractAutowireCapableBeanFactory.java:562)
	at org.springframework.beans.factory.support.AbstractAutowireCapableBeanFactory.createBean(AbstractAutowireCapableBeanFactory.java:522)
	at org.springframework.beans.factory.support.AbstractBeanFactory.lambda$doGetBean$0(AbstractBeanFactory.java:337)
	at org.springframework.beans.factory.support.DefaultSingletonBeanRegistry.getSingleton(DefaultSingletonBeanRegistry.java:234)
	at org.springframework.beans.factory.support.AbstractBeanFactory.doGetBean(AbstractBeanFactory.java:335)
	at org.springframework.beans.factory.support.AbstractBeanFactory.getBean(AbstractBeanFactory.java:200)
	at org.springframework.beans.factory.support.AbstractBeanFactory.doGetBean(AbstractBeanFactory.java:313)
	... 13 common frames omitted
Caused by: org.springframework.beans.BeanInstantiationException: Failed to instantiate [org.springframework.boot.autoconfigure.session.JdbcSessionDataSourceScriptDatabaseInitializer]: Factory method 'jdbcSessionDataSourceScriptDatabaseInitializer' threw exception with message: Failed to determine DatabaseDriver
	at org.springframework.beans.factory.support.SimpleInstantiationStrategy.instantiate(SimpleInstantiationStrategy.java:178)
	at org.springframework.beans.factory.support.ConstructorResolver.instantiate(ConstructorResolver.java:644)
	... 23 common frames omitted
Caused by: java.lang.IllegalStateException: Failed to determine DatabaseDriver
	at org.springframework.boot.jdbc.init.PlatformPlaceholderDatabaseDriverResolver.getDatabaseDriver(PlatformPlaceholderDatabaseDriverResolver.java:144)
	at org.springframework.boot.jdbc.init.PlatformPlaceholderDatabaseDriverResolver.determinePlatform(PlatformPlaceholderDatabaseDriverResolver.java:132)
	at org.springframework.boot.jdbc.init.PlatformPlaceholderDatabaseDriverResolver.lambda$resolveAll$0(PlatformPlaceholderDatabaseDriverResolver.java:97)
	at org.springframework.boot.jdbc.init.PlatformPlaceholderDatabaseDriverResolver.resolveAll(PlatformPlaceholderDatabaseDriverResolver.java:122)
	at org.springframework.boot.jdbc.init.PlatformPlaceholderDatabaseDriverResolver.resolveAll(PlatformPlaceholderDatabaseDriverResolver.java:97)
	at org.springframework.boot.autoconfigure.session.JdbcSessionDataSourceScriptDatabaseInitializer.resolveSchemaLocations(JdbcSessionDataSourceScriptDatabaseInitializer.java:86)
	at org.springframework.boot.autoconfigure.session.JdbcSessionDataSourceScriptDatabaseInitializer.getSettings(JdbcSessionDataSourceScriptDatabaseInitializer.java:74)
	at org.springframework.boot.autoconfigure.session.JdbcSessionDataSourceScriptDatabaseInitializer.<init>(JdbcSessionDataSourceScriptDatabaseInitializer.java:48)
	at org.springframework.boot.autoconfigure.session.JdbcSessionConfiguration.jdbcSessionDataSourceScriptDatabaseInitializer(JdbcSessionConfiguration.java:65)
	at java.base/jdk.internal.reflect.DirectMethodHandleAccessor.invoke(DirectMethodHandleAccessor.java:103)
	at java.base/java.lang.reflect.Method.invoke(Method.java:580)
	at org.springframework.beans.factory.support.SimpleInstantiationStrategy.instantiate(SimpleInstantiationStrategy.java:146)
	... 24 common frames omitted
Caused by: org.springframework.jdbc.support.MetaDataAccessException: Could not get Connection for extracting meta-data
	at org.springframework.jdbc.support.JdbcUtils.extractDatabaseMetaData(JdbcUtils.java:357)
	at org.springframework.boot.jdbc.init.PlatformPlaceholderDatabaseDriverResolver.getDatabaseDriver(PlatformPlaceholderDatabaseDriverResolver.java:140)
	... 35 common frames omitted
Caused by: org.springframework.jdbc.CannotGetJdbcConnectionException: Failed to obtain JDBC Connection
	at org.springframework.jdbc.datasource.DataSourceUtils.getConnection(DataSourceUtils.java:84)
	at org.springframework.jdbc.support.JdbcUtils.extractDatabaseMetaData(JdbcUtils.java:331)
	... 36 common frames omitted
Caused by: org.postgresql.util.PSQLException: The connection attempt failed.
	at org.postgresql.core.v3.ConnectionFactoryImpl.openConnectionImpl(ConnectionFactoryImpl.java:358)
	at org.postgresql.core.ConnectionFactory.openConnection(ConnectionFactory.java:54)
	at org.postgresql.jdbc.PgConnection.<init>(PgConnection.java:273)
	at org.postgresql.Driver.makeConnection(Driver.java:446)
	at org.postgresql.Driver.connect(Driver.java:298)
	at com.zaxxer.hikari.util.DriverDataSource.getConnection(DriverDataSource.java:137)
	at com.zaxxer.hikari.pool.PoolBase.newConnection(PoolBase.java:360)
	at com.zaxxer.hikari.pool.PoolBase.newPoolEntry(PoolBase.java:202)
	at com.zaxxer.hikari.pool.HikariPool.createPoolEntry(HikariPool.java:461)
	at com.zaxxer.hikari.pool.HikariPool.checkFailFast(HikariPool.java:550)
	at com.zaxxer.hikari.pool.HikariPool.<init>(HikariPool.java:98)
	at com.zaxxer.hikari.HikariDataSource.getConnection(HikariDataSource.java:111)
	at org.springframework.jdbc.datasource.DataSourceUtils.fetchConnection(DataSourceUtils.java:160)
	at org.springframework.jdbc.datasource.DataSourceUtils.doGetConnection(DataSourceUtils.java:118)
	at org.springframework.jdbc.datasource.DataSourceUtils.getConnection(DataSourceUtils.java:81)
	... 37 common frames omitted
Caused by: java.io.EOFException: null
	at org.postgresql.core.PGStream.receiveChar(PGStream.java:469)
	at org.postgresql.core.v3.ConnectionFactoryImpl.doAuthentication(ConnectionFactoryImpl.java:683)
	at org.postgresql.core.v3.ConnectionFactoryImpl.tryConnect(ConnectionFactoryImpl.java:207)
	at org.postgresql.core.v3.ConnectionFactoryImpl.openConnectionImpl(ConnectionFactoryImpl.java:262)
	... 51 common frames omitted
2024-12-25 22:37:52 INFO  com.alexd.movieS.MovieSApplication - Starting MovieSApplication using Java 22.0.1 with PID 59482 (/Users/alexd/MyDocuments/movieS/target/classes started by alexd in /Users/alexd/MyDocuments/movieS)
2024-12-25 22:37:52 INFO  com.alexd.movieS.MovieSApplication - No active profile set, falling back to 1 default profile: "default"
2024-12-25 22:37:52 INFO  o.s.b.d.e.DevToolsPropertyDefaultsPostProcessor - Devtools property defaults active! Set 'spring.devtools.add-properties' to 'false' to disable
2024-12-25 22:37:52 INFO  o.s.b.d.e.DevToolsPropertyDefaultsPostProcessor - For additional web related logging consider setting the 'logging.level.web' property to 'DEBUG'
2024-12-25 22:37:52 INFO  o.s.d.r.c.RepositoryConfigurationDelegate - Bootstrapping Spring Data JPA repositories in DEFAULT mode.
2024-12-25 22:37:53 INFO  o.s.d.r.c.RepositoryConfigurationDelegate - Finished Spring Data repository scanning in 118 ms. Found 1 JPA repository interface.
2024-12-25 22:37:53 INFO  o.s.b.w.e.tomcat.TomcatWebServer - Tomcat initialized with port 8080 (http)
2024-12-25 22:37:53 INFO  o.a.coyote.http11.Http11NioProtocol - Initializing ProtocolHandler ["http-nio-8080"]
2024-12-25 22:37:53 INFO  o.a.catalina.core.StandardService - Starting service [Tomcat]
2024-12-25 22:37:53 INFO  o.a.catalina.core.StandardEngine - Starting Servlet engine: [Apache Tomcat/10.1.28]
2024-12-25 22:37:53 INFO  o.a.c.c.C.[Tomcat].[localhost].[/] - Initializing Spring embedded WebApplicationContext
2024-12-25 22:37:53 INFO  o.s.b.w.s.c.ServletWebServerApplicationContext - Root WebApplicationContext: initialization completed in 1643 ms
2024-12-25 22:37:53 INFO  com.zaxxer.hikari.HikariDataSource - HikariPool-1 - Starting...
2024-12-25 22:37:53 WARN  org.postgresql.util.PGPropertyUtil - JDBC URL invalid port number: ivUTO0U7iZRTwn3XLVjG7YWjl9BV4myR@dpg-ctmfhptumphs73deqrig-a.oregon-postgres.render.com
2024-12-25 22:37:53 WARN  o.s.b.w.s.c.AnnotationConfigServletWebServerApplicationContext - Exception encountered during context initialization - cancelling refresh attempt: org.springframework.beans.factory.BeanCreationException: Error creating bean with name 'entityManagerFactory' defined in class path resource [org/springframework/boot/autoconfigure/orm/jpa/HibernateJpaConfiguration.class]: Failed to initialize dependency 'jdbcSessionDataSourceScriptDatabaseInitializer' of LoadTimeWeaverAware bean 'entityManagerFactory': Error creating bean with name 'jdbcSessionDataSourceScriptDatabaseInitializer' defined in class path resource [org/springframework/boot/autoconfigure/session/JdbcSessionConfiguration.class]: Failed to instantiate [org.springframework.boot.autoconfigure.session.JdbcSessionDataSourceScriptDatabaseInitializer]: Factory method 'jdbcSessionDataSourceScriptDatabaseInitializer' threw exception with message: Failed to determine DatabaseDriver
2024-12-25 22:37:53 INFO  o.a.catalina.core.StandardService - Stopping service [Tomcat]
2024-12-25 22:37:53 INFO  o.s.b.a.l.ConditionEvaluationReportLogger - 

Error starting ApplicationContext. To display the condition evaluation report re-run your application with 'debug' enabled.
2024-12-25 22:37:53 ERROR o.s.boot.SpringApplication - Application run failed
org.springframework.beans.factory.BeanCreationException: Error creating bean with name 'entityManagerFactory' defined in class path resource [org/springframework/boot/autoconfigure/orm/jpa/HibernateJpaConfiguration.class]: Failed to initialize dependency 'jdbcSessionDataSourceScriptDatabaseInitializer' of LoadTimeWeaverAware bean 'entityManagerFactory': Error creating bean with name 'jdbcSessionDataSourceScriptDatabaseInitializer' defined in class path resource [org/springframework/boot/autoconfigure/session/JdbcSessionConfiguration.class]: Failed to instantiate [org.springframework.boot.autoconfigure.session.JdbcSessionDataSourceScriptDatabaseInitializer]: Factory method 'jdbcSessionDataSourceScriptDatabaseInitializer' threw exception with message: Failed to determine DatabaseDriver
	at org.springframework.beans.factory.support.AbstractBeanFactory.doGetBean(AbstractBeanFactory.java:326)
	at org.springframework.beans.factory.support.AbstractBeanFactory.getBean(AbstractBeanFactory.java:205)
	at org.springframework.context.support.AbstractApplicationContext.finishBeanFactoryInitialization(AbstractApplicationContext.java:954)
	at org.springframework.context.support.AbstractApplicationContext.refresh(AbstractApplicationContext.java:625)
	at org.springframework.boot.web.servlet.context.ServletWebServerApplicationContext.refresh(ServletWebServerApplicationContext.java:146)
	at org.springframework.boot.SpringApplication.refresh(SpringApplication.java:754)
	at org.springframework.boot.SpringApplication.refreshContext(SpringApplication.java:456)
	at org.springframework.boot.SpringApplication.run(SpringApplication.java:335)
	at org.springframework.boot.SpringApplication.run(SpringApplication.java:1363)
	at org.springframework.boot.SpringApplication.run(SpringApplication.java:1352)
	at com.alexd.movieS.MovieSApplication.main(MovieSApplication.java:10)
	at java.base/jdk.internal.reflect.DirectMethodHandleAccessor.invoke(DirectMethodHandleAccessor.java:103)
	at java.base/java.lang.reflect.Method.invoke(Method.java:580)
	at org.springframework.boot.devtools.restart.RestartLauncher.run(RestartLauncher.java:50)
Caused by: org.springframework.beans.factory.BeanCreationException: Error creating bean with name 'jdbcSessionDataSourceScriptDatabaseInitializer' defined in class path resource [org/springframework/boot/autoconfigure/session/JdbcSessionConfiguration.class]: Failed to instantiate [org.springframework.boot.autoconfigure.session.JdbcSessionDataSourceScriptDatabaseInitializer]: Factory method 'jdbcSessionDataSourceScriptDatabaseInitializer' threw exception with message: Failed to determine DatabaseDriver
	at org.springframework.beans.factory.support.ConstructorResolver.instantiate(ConstructorResolver.java:648)
	at org.springframework.beans.factory.support.ConstructorResolver.instantiateUsingFactoryMethod(ConstructorResolver.java:636)
	at org.springframework.beans.factory.support.AbstractAutowireCapableBeanFactory.instantiateUsingFactoryMethod(AbstractAutowireCapableBeanFactory.java:1355)
	at org.springframework.beans.factory.support.AbstractAutowireCapableBeanFactory.createBeanInstance(AbstractAutowireCapableBeanFactory.java:1185)
	at org.springframework.beans.factory.support.AbstractAutowireCapableBeanFactory.doCreateBean(AbstractAutowireCapableBeanFactory.java:562)
	at org.springframework.beans.factory.support.AbstractAutowireCapableBeanFactory.createBean(AbstractAutowireCapableBeanFactory.java:522)
	at org.springframework.beans.factory.support.AbstractBeanFactory.lambda$doGetBean$0(AbstractBeanFactory.java:337)
	at org.springframework.beans.factory.support.DefaultSingletonBeanRegistry.getSingleton(DefaultSingletonBeanRegistry.java:234)
	at org.springframework.beans.factory.support.AbstractBeanFactory.doGetBean(AbstractBeanFactory.java:335)
	at org.springframework.beans.factory.support.AbstractBeanFactory.getBean(AbstractBeanFactory.java:200)
	at org.springframework.beans.factory.support.AbstractBeanFactory.doGetBean(AbstractBeanFactory.java:313)
	... 13 common frames omitted
Caused by: org.springframework.beans.BeanInstantiationException: Failed to instantiate [org.springframework.boot.autoconfigure.session.JdbcSessionDataSourceScriptDatabaseInitializer]: Factory method 'jdbcSessionDataSourceScriptDatabaseInitializer' threw exception with message: Failed to determine DatabaseDriver
	at org.springframework.beans.factory.support.SimpleInstantiationStrategy.instantiate(SimpleInstantiationStrategy.java:178)
	at org.springframework.beans.factory.support.ConstructorResolver.instantiate(ConstructorResolver.java:644)
	... 23 common frames omitted
Caused by: java.lang.IllegalStateException: Failed to determine DatabaseDriver
	at org.springframework.boot.jdbc.init.PlatformPlaceholderDatabaseDriverResolver.getDatabaseDriver(PlatformPlaceholderDatabaseDriverResolver.java:144)
	at org.springframework.boot.jdbc.init.PlatformPlaceholderDatabaseDriverResolver.determinePlatform(PlatformPlaceholderDatabaseDriverResolver.java:132)
	at org.springframework.boot.jdbc.init.PlatformPlaceholderDatabaseDriverResolver.lambda$resolveAll$0(PlatformPlaceholderDatabaseDriverResolver.java:97)
	at org.springframework.boot.jdbc.init.PlatformPlaceholderDatabaseDriverResolver.resolveAll(PlatformPlaceholderDatabaseDriverResolver.java:122)
	at org.springframework.boot.jdbc.init.PlatformPlaceholderDatabaseDriverResolver.resolveAll(PlatformPlaceholderDatabaseDriverResolver.java:97)
	at org.springframework.boot.autoconfigure.session.JdbcSessionDataSourceScriptDatabaseInitializer.resolveSchemaLocations(JdbcSessionDataSourceScriptDatabaseInitializer.java:86)
	at org.springframework.boot.autoconfigure.session.JdbcSessionDataSourceScriptDatabaseInitializer.getSettings(JdbcSessionDataSourceScriptDatabaseInitializer.java:74)
	at org.springframework.boot.autoconfigure.session.JdbcSessionDataSourceScriptDatabaseInitializer.<init>(JdbcSessionDataSourceScriptDatabaseInitializer.java:48)
	at org.springframework.boot.autoconfigure.session.JdbcSessionConfiguration.jdbcSessionDataSourceScriptDatabaseInitializer(JdbcSessionConfiguration.java:65)
	at java.base/jdk.internal.reflect.DirectMethodHandleAccessor.invoke(DirectMethodHandleAccessor.java:103)
	at java.base/java.lang.reflect.Method.invoke(Method.java:580)
	at org.springframework.beans.factory.support.SimpleInstantiationStrategy.instantiate(SimpleInstantiationStrategy.java:146)
	... 24 common frames omitted
Caused by: java.lang.RuntimeException: Driver org.postgresql.Driver claims to not accept jdbcUrl, jdbc:postgresql://movies_azxn_user:ivUTO0U7iZRTwn3XLVjG7YWjl9BV4myR@dpg-ctmfhptumphs73deqrig-a.oregon-postgres.render.com/movies_azxn
	at com.zaxxer.hikari.util.DriverDataSource.<init>(DriverDataSource.java:109)
	at com.zaxxer.hikari.pool.PoolBase.initializeDataSource(PoolBase.java:327)
	at com.zaxxer.hikari.pool.PoolBase.<init>(PoolBase.java:113)
	at com.zaxxer.hikari.pool.HikariPool.<init>(HikariPool.java:91)
	at com.zaxxer.hikari.HikariDataSource.getConnection(HikariDataSource.java:111)
	at org.springframework.jdbc.datasource.DataSourceUtils.fetchConnection(DataSourceUtils.java:160)
	at org.springframework.jdbc.datasource.DataSourceUtils.doGetConnection(DataSourceUtils.java:118)
	at org.springframework.jdbc.datasource.DataSourceUtils.getConnection(DataSourceUtils.java:81)
	at org.springframework.jdbc.support.JdbcUtils.extractDatabaseMetaData(JdbcUtils.java:331)
	at org.springframework.boot.jdbc.init.PlatformPlaceholderDatabaseDriverResolver.getDatabaseDriver(PlatformPlaceholderDatabaseDriverResolver.java:140)
	... 35 common frames omitted
