2026-01-26 00:08:13 WARN  com.zaxxer.hikari.pool.HikariPool - HikariPool-1 - Thread starvation or clock leap detected (housekeeper delta=1h16m24s102ms).
2026-01-26 00:08:22 WARN  com.zaxxer.hikari.pool.PoolBase - HikariPool-1 - Failed to validate connection org.postgresql.jdbc.PgConnection@46f47a4e (This connection has been closed.). Possibly consider using a shorter maxLifetime value.
2026-01-26 00:08:29 WARN  com.zaxxer.hikari.pool.PoolBase - HikariPool-1 - Failed to validate connection org.postgresql.jdbc.PgConnection@79f58723 (This connection has been closed.). Possibly consider using a shorter maxLifetime value.
2026-01-26 00:08:54 WARN  com.zaxxer.hikari.pool.PoolBase - HikariPool-1 - Failed to validate connection org.postgresql.jdbc.PgConnection@17ca2423 (This connection has been closed.). Possibly consider using a shorter maxLifetime value.
2026-01-26 00:41:31 WARN  com.zaxxer.hikari.pool.PoolBase - HikariPool-1 - Failed to validate connection org.postgresql.jdbc.PgConnection@11f1925b (This connection has been closed.). Possibly consider using a shorter maxLifetime value.
2026-01-26 00:57:44 WARN  com.zaxxer.hikari.pool.PoolBase - HikariPool-1 - Failed to validate connection org.postgresql.jdbc.PgConnection@6dde4c94 (This connection has been closed.). Possibly consider using a shorter maxLifetime value.
2026-01-26 00:57:47 WARN  com.zaxxer.hikari.pool.HikariPool - HikariPool-1 - Thread starvation or clock leap detected (housekeeper delta=49m4s148ms).
2026-01-26 01:09:20 WARN  com.zaxxer.hikari.pool.PoolBase - HikariPool-1 - Failed to validate connection org.postgresql.jdbc.PgConnection@6fff7bcc (This connection has been closed.). Possibly consider using a shorter maxLifetime value.
2026-01-26 01:09:26 WARN  com.zaxxer.hikari.pool.PoolBase - HikariPool-1 - Failed to validate connection org.postgresql.jdbc.PgConnection@45b2f331 (This connection has been closed.). Possibly consider using a shorter maxLifetime value.
2026-01-26 01:09:29 WARN  com.zaxxer.hikari.pool.PoolBase - HikariPool-1 - Failed to validate connection org.postgresql.jdbc.PgConnection@4ea29c6a (This connection has been closed.). Possibly consider using a shorter maxLifetime value.
2026-01-26 01:09:31 WARN  com.zaxxer.hikari.pool.PoolBase - HikariPool-1 - Failed to validate connection org.postgresql.jdbc.PgConnection@36a2b2d3 (This connection has been closed.). Possibly consider using a shorter maxLifetime value.
2026-01-26 01:09:40 WARN  com.zaxxer.hikari.pool.HikariPool - HikariPool-1 - Thread starvation or clock leap detected (housekeeper delta=11m52s673ms).
2026-01-26 01:27:29 WARN  com.zaxxer.hikari.pool.PoolBase - HikariPool-1 - Failed to validate connection org.postgresql.jdbc.PgConnection@645bf44d (This connection has been closed.). Possibly consider using a shorter maxLifetime value.
2026-01-26 02:01:50 WARN  com.zaxxer.hikari.pool.PoolBase - HikariPool-1 - Failed to validate connection org.postgresql.jdbc.PgConnection@595f48b2 (This connection has been closed.). Possibly consider using a shorter maxLifetime value.
2026-01-26 02:01:50 WARN  com.zaxxer.hikari.pool.HikariPool - HikariPool-1 - Thread starvation or clock leap detected (housekeeper delta=52m10s185ms).
2026-01-26 02:01:53 WARN  com.zaxxer.hikari.pool.PoolBase - HikariPool-1 - Failed to validate connection org.postgresql.jdbc.PgConnection@418a27e8 (This connection has been closed.). Possibly consider using a shorter maxLifetime value.
2026-01-26 02:41:59 WARN  com.zaxxer.hikari.pool.HikariPool - HikariPool-1 - Thread starvation or clock leap detected (housekeeper delta=40m9s70ms).
2026-01-26 02:42:08 WARN  com.zaxxer.hikari.pool.PoolBase - HikariPool-1 - Failed to validate connection org.postgresql.jdbc.PgConnection@6440f500 (This connection has been closed.). Possibly consider using a shorter maxLifetime value.
2026-01-26 02:42:08 WARN  com.zaxxer.hikari.pool.PoolBase - HikariPool-1 - Failed to validate connection org.postgresql.jdbc.PgConnection@7f625d20 (This connection has been closed.). Possibly consider using a shorter maxLifetime value.
2026-01-26 02:42:19 WARN  com.zaxxer.hikari.pool.PoolBase - HikariPool-1 - Failed to validate connection org.postgresql.jdbc.PgConnection@6fc79043 (This connection has been closed.). Possibly consider using a shorter maxLifetime value.
2026-01-26 02:42:26 WARN  com.zaxxer.hikari.pool.PoolBase - HikariPool-1 - Failed to validate connection org.postgresql.jdbc.PgConnection@2e40c0e (This connection has been closed.). Possibly consider using a shorter maxLifetime value.
2026-01-26 03:17:53 WARN  com.zaxxer.hikari.pool.PoolBase - HikariPool-1 - Failed to validate connection org.postgresql.jdbc.PgConnection@3c140a14 (This connection has been closed.). Possibly consider using a shorter maxLifetime value.
2026-01-26 03:34:27 WARN  com.zaxxer.hikari.pool.PoolBase - HikariPool-1 - Failed to validate connection org.postgresql.jdbc.PgConnection@761451cc (This connection has been closed.). Possibly consider using a shorter maxLifetime value.
2026-01-26 03:34:31 WARN  com.zaxxer.hikari.pool.PoolBase - HikariPool-1 - Failed to validate connection org.postgresql.jdbc.PgConnection@fbe3e93 (This connection has been closed.). Possibly consider using a shorter maxLifetime value.
2026-01-26 04:22:59 WARN  com.zaxxer.hikari.pool.HikariPool - HikariPool-1 - Thread starvation or clock leap detected (housekeeper delta=1h40m29s873ms).
2026-01-26 04:58:01 WARN  com.zaxxer.hikari.pool.PoolBase - HikariPool-1 - Failed to validate connection org.postgresql.jdbc.PgConnection@13e6d1da (This connection has been closed.). Possibly consider using a shorter maxLifetime value.
2026-01-26 05:07:30 WARN  com.zaxxer.hikari.pool.PoolBase - HikariPool-1 - Failed to validate connection org.postgresql.jdbc.PgConnection@642aa51 (This connection has been closed.). Possibly consider using a shorter maxLifetime value.
2026-01-26 05:07:30 WARN  com.zaxxer.hikari.pool.PoolBase - HikariPool-1 - Failed to validate connection org.postgresql.jdbc.PgConnection@5dbb3069 (This connection has been closed.). Possibly consider using a shorter maxLifetime value.
2026-01-26 05:07:35 WARN  com.zaxxer.hikari.pool.HikariPool - HikariPool-1 - Thread starvation or clock leap detected (housekeeper delta=44m35s839ms).
2026-01-26 05:08:01 WARN  com.zaxxer.hikari.pool.PoolBase - HikariPool-1 - Failed to validate connection org.postgresql.jdbc.PgConnection@6fda0b50 (This connection has been closed.). Possibly consider using a shorter maxLifetime value.
2026-01-26 05:08:03 WARN  com.zaxxer.hikari.pool.PoolBase - HikariPool-1 - Failed to validate connection org.postgresql.jdbc.PgConnection@36d05ec9 (This connection has been closed.). Possibly consider using a shorter maxLifetime value.
2026-01-26 05:42:48 WARN  com.zaxxer.hikari.pool.PoolBase - HikariPool-1 - Failed to validate connection org.postgresql.jdbc.PgConnection@326c1802 (This connection has been closed.). Possibly consider using a shorter maxLifetime value.
2026-01-26 05:59:22 WARN  com.zaxxer.hikari.pool.PoolBase - HikariPool-1 - Failed to validate connection org.postgresql.jdbc.PgConnection@38990f12 (This connection has been closed.). Possibly consider using a shorter maxLifetime value.
2026-01-26 06:50:33 WARN  com.zaxxer.hikari.pool.HikariPool - HikariPool-1 - Thread starvation or clock leap detected (housekeeper delta=1h42m28s77ms).
2026-01-26 06:50:33 WARN  com.zaxxer.hikari.pool.PoolBase - HikariPool-1 - Failed to validate connection org.postgresql.jdbc.PgConnection@5e758d55 (This connection has been closed.). Possibly consider using a shorter maxLifetime value.
2026-01-26 06:59:07 WARN  com.zaxxer.hikari.pool.PoolBase - HikariPool-1 - Failed to validate connection org.postgresql.jdbc.PgConnection@3b8e3b54 (This connection has been closed.). Possibly consider using a shorter maxLifetime value.
2026-01-26 06:59:11 WARN  com.zaxxer.hikari.pool.PoolBase - HikariPool-1 - Failed to validate connection org.postgresql.jdbc.PgConnection@1c7b1e91 (This connection has been closed.). Possibly consider using a shorter maxLifetime value.
2026-01-26 06:59:26 WARN  com.zaxxer.hikari.pool.HikariPool - HikariPool-1 - Thread starvation or clock leap detected (housekeeper delta=8m53s174ms).
2026-01-26 06:59:29 WARN  com.zaxxer.hikari.pool.PoolBase - HikariPool-1 - Failed to validate connection org.postgresql.jdbc.PgConnection@2d306bb8 (This connection has been closed.). Possibly consider using a shorter maxLifetime value.
2026-01-26 06:59:30 WARN  com.zaxxer.hikari.pool.PoolBase - HikariPool-1 - Failed to validate connection org.postgresql.jdbc.PgConnection@382e53a6 (This connection has been closed.). Possibly consider using a shorter maxLifetime value.
2026-01-26 06:59:38 WARN  com.zaxxer.hikari.pool.PoolBase - HikariPool-1 - Failed to validate connection org.postgresql.jdbc.PgConnection@7c654da4 (This connection has been closed.). Possibly consider using a shorter maxLifetime value.
2026-01-26 07:04:18 WARN  com.zaxxer.hikari.pool.HikariPool - HikariPool-1 - Thread starvation or clock leap detected (housekeeper delta=4m52s429ms).
2026-01-26 07:04:21 WARN  com.zaxxer.hikari.pool.PoolBase - HikariPool-1 - Failed to validate connection org.postgresql.jdbc.PgConnection@40949797 (This connection has been closed.). Possibly consider using a shorter maxLifetime value.
2026-01-26 07:08:22 WARN  com.zaxxer.hikari.pool.PoolBase - HikariPool-1 - Failed to validate connection org.postgresql.jdbc.PgConnection@5cb32bc4 (This connection has been closed.). Possibly consider using a shorter maxLifetime value.
2026-01-26 07:08:25 WARN  com.zaxxer.hikari.pool.PoolBase - HikariPool-1 - Failed to validate connection org.postgresql.jdbc.PgConnection@5e1e6bc7 (This connection has been closed.). Possibly consider using a shorter maxLifetime value.
2026-01-26 07:08:33 WARN  com.zaxxer.hikari.pool.HikariPool - HikariPool-1 - Thread starvation or clock leap detected (housekeeper delta=4m14s511ms).
2026-01-26 07:08:45 WARN  com.zaxxer.hikari.pool.PoolBase - HikariPool-1 - Failed to validate connection org.postgresql.jdbc.PgConnection@3e69380b (This connection has been closed.). Possibly consider using a shorter maxLifetime value.
2026-01-26 07:08:48 WARN  com.zaxxer.hikari.pool.PoolBase - HikariPool-1 - Failed to validate connection org.postgresql.jdbc.PgConnection@52e38e07 (This connection has been closed.). Possibly consider using a shorter maxLifetime value.
2026-01-26 07:56:49 WARN  com.zaxxer.hikari.pool.HikariPool - HikariPool-1 - Thread starvation or clock leap detected (housekeeper delta=48m15s789ms).
2026-01-26 08:09:21 WARN  com.zaxxer.hikari.pool.PoolBase - HikariPool-1 - Failed to validate connection org.postgresql.jdbc.PgConnection@7f0e97cf (This connection has been closed.). Possibly consider using a shorter maxLifetime value.
2026-01-26 08:09:32 WARN  com.zaxxer.hikari.pool.PoolBase - HikariPool-1 - Failed to validate connection org.postgresql.jdbc.PgConnection@7dacc8c7 (This connection has been closed.). Possibly consider using a shorter maxLifetime value.
2026-01-26 08:09:32 WARN  com.zaxxer.hikari.pool.PoolBase - HikariPool-1 - Failed to validate connection org.postgresql.jdbc.PgConnection@384abb8d (This connection has been closed.). Possibly consider using a shorter maxLifetime value.
2026-01-26 08:09:42 WARN  com.zaxxer.hikari.pool.PoolBase - HikariPool-1 - Failed to validate connection org.postgresql.jdbc.PgConnection@329a0fa8 (This connection has been closed.). Possibly consider using a shorter maxLifetime value.
2026-01-26 08:09:47 WARN  com.zaxxer.hikari.pool.HikariPool - HikariPool-1 - Thread starvation or clock leap detected (housekeeper delta=12m58s593ms).
2026-01-26 08:09:48 WARN  com.zaxxer.hikari.pool.PoolBase - HikariPool-1 - Failed to validate connection org.postgresql.jdbc.PgConnection@15300bd8 (This connection has been closed.). Possibly consider using a shorter maxLifetime value.
2026-01-26 08:42:40 WARN  com.zaxxer.hikari.pool.HikariPool - HikariPool-1 - Thread starvation or clock leap detected (housekeeper delta=32m52s412ms).
2026-01-26 09:00:11 WARN  com.zaxxer.hikari.pool.PoolBase - HikariPool-1 - Failed to validate connection org.postgresql.jdbc.PgConnection@1aceebde (This connection has been closed.). Possibly consider using a shorter maxLifetime value.
2026-01-26 09:00:13 WARN  com.zaxxer.hikari.pool.PoolBase - HikariPool-1 - Failed to validate connection org.postgresql.jdbc.PgConnection@7e315642 (This connection has been closed.). Possibly consider using a shorter maxLifetime value.
2026-01-26 09:10:23 WARN  com.zaxxer.hikari.pool.PoolBase - HikariPool-1 - Failed to validate connection org.postgresql.jdbc.PgConnection@5cb93ff8 (This connection has been closed.). Possibly consider using a shorter maxLifetime value.
2026-01-26 09:10:44 WARN  com.zaxxer.hikari.pool.HikariPool - HikariPool-1 - Thread starvation or clock leap detected (housekeeper delta=28m4s279ms).
2026-01-26 09:10:47 WARN  com.zaxxer.hikari.pool.PoolBase - HikariPool-1 - Failed to validate connection org.postgresql.jdbc.PgConnection@3144bfaa (This connection has been closed.). Possibly consider using a shorter maxLifetime value.
2026-01-26 09:10:51 WARN  com.zaxxer.hikari.pool.PoolBase - HikariPool-1 - Failed to validate connection org.postgresql.jdbc.PgConnection@79347828 (This connection has been closed.). Possibly consider using a shorter maxLifetime value.
2026-01-26 09:11:04 WARN  com.zaxxer.hikari.pool.PoolBase - HikariPool-1 - Failed to validate connection org.postgresql.jdbc.PgConnection@6ce7de09 (This connection has been closed.). Possibly consider using a shorter maxLifetime value.
2026-01-26 09:27:59 WARN  com.zaxxer.hikari.pool.PoolBase - HikariPool-1 - Failed to validate connection org.postgresql.jdbc.PgConnection@687d2141 (This connection has been closed.). Possibly consider using a shorter maxLifetime value.
2026-01-26 09:44:41 WARN  com.zaxxer.hikari.pool.HikariPool - HikariPool-1 - Thread starvation or clock leap detected (housekeeper delta=33m56s544ms).
2026-01-26 10:11:22 WARN  com.zaxxer.hikari.pool.PoolBase - HikariPool-1 - Failed to validate connection org.postgresql.jdbc.PgConnection@6097669b (This connection has been closed.). Possibly consider using a shorter maxLifetime value.
2026-01-26 10:11:24 WARN  com.zaxxer.hikari.pool.PoolBase - HikariPool-1 - Failed to validate connection org.postgresql.jdbc.PgConnection@4da95caf (This connection has been closed.). Possibly consider using a shorter maxLifetime value.
2026-01-26 10:11:27 WARN  com.zaxxer.hikari.pool.PoolBase - HikariPool-1 - Failed to validate connection org.postgresql.jdbc.PgConnection@68d41c45 (This connection has been closed.). Possibly consider using a shorter maxLifetime value.
2026-01-26 10:11:41 WARN  com.zaxxer.hikari.pool.HikariPool - HikariPool-1 - Thread starvation or clock leap detected (housekeeper delta=27m235ms).
2026-01-26 10:11:59 WARN  com.zaxxer.hikari.pool.PoolBase - HikariPool-1 - Failed to validate connection org.postgresql.jdbc.PgConnection@332c1c7a (This connection has been closed.). Possibly consider using a shorter maxLifetime value.
2026-01-26 10:30:02 WARN  com.zaxxer.hikari.pool.PoolBase - HikariPool-1 - Failed to validate connection org.postgresql.jdbc.PgConnection@d68cd0 (This connection has been closed.). Possibly consider using a shorter maxLifetime value.
2026-01-26 10:47:22 WARN  com.zaxxer.hikari.pool.HikariPool - HikariPool-1 - Thread starvation or clock leap detected (housekeeper delta=35m41s288ms).
2026-01-26 10:47:25 WARN  com.zaxxer.hikari.pool.PoolBase - HikariPool-1 - Failed to validate connection org.postgresql.jdbc.PgConnection@1bb48418 (This connection has been closed.). Possibly consider using a shorter maxLifetime value.
2026-01-26 11:01:11 WARN  com.zaxxer.hikari.pool.PoolBase - HikariPool-1 - Failed to validate connection org.postgresql.jdbc.PgConnection@4760b952 (This connection has been closed.). Possibly consider using a shorter maxLifetime value.
2026-01-26 11:01:20 WARN  com.zaxxer.hikari.pool.PoolBase - HikariPool-1 - Failed to validate connection org.postgresql.jdbc.PgConnection@741ae379 (This connection has been closed.). Possibly consider using a shorter maxLifetime value.
2026-01-26 11:01:20 WARN  com.zaxxer.hikari.pool.HikariPool - HikariPool-1 - Thread starvation or clock leap detected (housekeeper delta=13m58s400ms).
2026-01-26 11:01:22 WARN  com.zaxxer.hikari.pool.PoolBase - HikariPool-1 - Failed to validate connection org.postgresql.jdbc.PgConnection@659aca86 (This connection has been closed.). Possibly consider using a shorter maxLifetime value.
2026-01-26 11:09:53 WARN  com.zaxxer.hikari.pool.PoolBase - HikariPool-1 - Failed to validate connection org.postgresql.jdbc.PgConnection@273b17c4 (This connection has been closed.). Possibly consider using a shorter maxLifetime value.
2026-01-26 11:09:54 WARN  com.zaxxer.hikari.pool.PoolBase - HikariPool-1 - Failed to validate connection org.postgresql.jdbc.PgConnection@31367634 (This connection has been closed.). Possibly consider using a shorter maxLifetime value.
2026-01-26 11:09:59 WARN  com.zaxxer.hikari.pool.HikariPool - HikariPool-1 - Thread starvation or clock leap detected (housekeeper delta=8m38s293ms).
2026-01-26 11:10:06 WARN  com.zaxxer.hikari.pool.PoolBase - HikariPool-1 - Failed to validate connection org.postgresql.jdbc.PgConnection@2cb546e (This connection has been closed.). Possibly consider using a shorter maxLifetime value.
2026-01-26 11:10:07 WARN  com.zaxxer.hikari.pool.PoolBase - HikariPool-1 - Failed to validate connection org.postgresql.jdbc.PgConnection@30ae1ab2 (This connection has been closed.). Possibly consider using a shorter maxLifetime value.
2026-01-26 11:12:23 WARN  com.zaxxer.hikari.pool.PoolBase - HikariPool-1 - Failed to validate connection org.postgresql.jdbc.PgConnection@322b4d45 (This connection has been closed.). Possibly consider using a shorter maxLifetime value.
2026-01-26 11:12:43 WARN  com.zaxxer.hikari.pool.HikariPool - HikariPool-1 - Thread starvation or clock leap detected (housekeeper delta=2m13s788ms).
2026-01-26 12:13:30 WARN  com.zaxxer.hikari.pool.HikariPool - HikariPool-1 - Thread starvation or clock leap detected (housekeeper delta=1h47s80ms).
2026-01-26 13:01:27 WARN  com.zaxxer.hikari.pool.HikariPool - HikariPool-1 - Thread starvation or clock leap detected (housekeeper delta=47m27s468ms).
2026-01-26 13:02:29 WARN  com.zaxxer.hikari.pool.HikariPool - HikariPool-1 - Thread starvation or clock leap detected (housekeeper delta=1m2s22ms).
2026-01-26 13:07:40 WARN  com.zaxxer.hikari.pool.HikariPool - HikariPool-1 - Thread starvation or clock leap detected (housekeeper delta=4m41s187ms).
2026-01-26 13:09:16 WARN  com.zaxxer.hikari.pool.HikariPool - HikariPool-1 - Thread starvation or clock leap detected (housekeeper delta=1m6s191ms).
2026-01-26 13:11:08 WARN  com.zaxxer.hikari.pool.HikariPool - HikariPool-1 - Thread starvation or clock leap detected (housekeeper delta=1m51s858ms).
2026-01-26 13:14:26 WARN  com.zaxxer.hikari.pool.HikariPool - HikariPool-1 - Thread starvation or clock leap detected (housekeeper delta=3m17s350ms).
2026-01-26 13:27:54 WARN  com.zaxxer.hikari.pool.HikariPool - HikariPool-1 - Thread starvation or clock leap detected (housekeeper delta=13m28s682ms).
2026-01-26 13:28:21 WARN  com.zaxxer.hikari.pool.PoolBase - HikariPool-1 - Failed to validate connection org.postgresql.jdbc.PgConnection@186ecb0b (This connection has been closed.). Possibly consider using a shorter maxLifetime value.
2026-01-26 13:28:24 WARN  com.zaxxer.hikari.pool.PoolBase - HikariPool-1 - Failed to validate connection org.postgresql.jdbc.PgConnection@307c1614 (This connection has been closed.). Possibly consider using a shorter maxLifetime value.
2026-01-26 13:28:24 WARN  com.zaxxer.hikari.pool.PoolBase - HikariPool-1 - Failed to validate connection org.postgresql.jdbc.PgConnection@2efe606 (This connection has been closed.). Possibly consider using a shorter maxLifetime value.
2026-01-26 13:28:24 WARN  com.zaxxer.hikari.pool.PoolBase - HikariPool-1 - Failed to validate connection org.postgresql.jdbc.PgConnection@6cb743c3 (This connection has been closed.). Possibly consider using a shorter maxLifetime value.
2026-01-26 13:38:43 WARN  com.zaxxer.hikari.pool.PoolBase - HikariPool-1 - Failed to validate connection org.postgresql.jdbc.PgConnection@1dda1ba2 (This connection has been closed.). Possibly consider using a shorter maxLifetime value.
2026-01-26 13:38:43 WARN  com.zaxxer.hikari.pool.PoolBase - HikariPool-1 - Failed to validate connection org.postgresql.jdbc.PgConnection@306472d3 (This connection has been closed.). Possibly consider using a shorter maxLifetime value.
2026-01-26 13:38:45 WARN  com.zaxxer.hikari.pool.PoolBase - HikariPool-1 - Failed to validate connection org.postgresql.jdbc.PgConnection@661b8647 (This connection has been closed.). Possibly consider using a shorter maxLifetime value.
2026-01-26 13:38:49 WARN  com.zaxxer.hikari.pool.PoolBase - HikariPool-1 - Failed to validate connection org.postgresql.jdbc.PgConnection@2b51962d (This connection has been closed.). Possibly consider using a shorter maxLifetime value.
2026-01-26 13:38:51 WARN  com.zaxxer.hikari.pool.PoolBase - HikariPool-1 - Failed to validate connection org.postgresql.jdbc.PgConnection@557c7a56 (This connection has been closed.). Possibly consider using a shorter maxLifetime value.
2026-01-26 13:38:54 WARN  com.zaxxer.hikari.pool.PoolBase - HikariPool-1 - Failed to validate connection org.postgresql.jdbc.PgConnection@469d78c0 (This connection has been closed.). Possibly consider using a shorter maxLifetime value.
2026-01-26 13:39:02 WARN  com.zaxxer.hikari.pool.HikariPool - HikariPool-1 - Thread starvation or clock leap detected (housekeeper delta=10m37s475ms).
2026-01-26 14:12:51 WARN  com.zaxxer.hikari.pool.HikariPool - HikariPool-1 - Thread starvation or clock leap detected (housekeeper delta=33m49s164ms).
2026-01-26 14:15:49 WARN  com.zaxxer.hikari.pool.HikariPool - HikariPool-1 - Thread starvation or clock leap detected (housekeeper delta=2m57s611ms).
2026-01-26 14:15:57 WARN  com.zaxxer.hikari.pool.PoolBase - HikariPool-1 - Failed to validate connection org.postgresql.jdbc.PgConnection@7c8ef7ea (This connection has been closed.). Possibly consider using a shorter maxLifetime value.
2026-01-26 14:16:03 WARN  com.zaxxer.hikari.pool.PoolBase - HikariPool-1 - Failed to validate connection org.postgresql.jdbc.PgConnection@6dd1895d (This connection has been closed.). Possibly consider using a shorter maxLifetime value.
2026-01-26 14:16:05 WARN  com.zaxxer.hikari.pool.PoolBase - HikariPool-1 - Failed to validate connection org.postgresql.jdbc.PgConnection@4b1d3906 (This connection has been closed.). Possibly consider using a shorter maxLifetime value.
2026-01-26 14:33:58 WARN  com.zaxxer.hikari.pool.PoolBase - HikariPool-1 - Failed to validate connection org.postgresql.jdbc.PgConnection@5f757a7b (This connection has been closed.). Possibly consider using a shorter maxLifetime value.
2026-01-26 14:49:46 WARN  com.zaxxer.hikari.pool.PoolBase - HikariPool-1 - Failed to validate connection org.postgresql.jdbc.PgConnection@436fde68 (This connection has been closed.). Possibly consider using a shorter maxLifetime value.
2026-01-26 14:49:48 WARN  com.zaxxer.hikari.pool.PoolBase - HikariPool-1 - Failed to validate connection org.postgresql.jdbc.PgConnection@61180a0a (This connection has been closed.). Possibly consider using a shorter maxLifetime value.
2026-01-26 14:49:50 WARN  com.zaxxer.hikari.pool.PoolBase - HikariPool-1 - Failed to validate connection org.postgresql.jdbc.PgConnection@15ca12f0 (This connection has been closed.). Possibly consider using a shorter maxLifetime value.
2026-01-26 14:49:51 WARN  com.zaxxer.hikari.pool.HikariPool - HikariPool-1 - Thread starvation or clock leap detected (housekeeper delta=34m2s860ms).
2026-01-26 14:49:52 WARN  com.zaxxer.hikari.pool.PoolBase - HikariPool-1 - Failed to validate connection org.postgresql.jdbc.PgConnection@575a8133 (This connection has been closed.). Possibly consider using a shorter maxLifetime value.
2026-01-26 14:49:53 WARN  com.zaxxer.hikari.pool.PoolBase - HikariPool-1 - Failed to validate connection org.postgresql.jdbc.PgConnection@6afb892e (This connection has been closed.). Possibly consider using a shorter maxLifetime value.
2026-01-26 14:50:00 WARN  com.zaxxer.hikari.pool.PoolBase - HikariPool-1 - Failed to validate connection org.postgresql.jdbc.PgConnection@4b929621 (This connection has been closed.). Possibly consider using a shorter maxLifetime value.
2026-01-26 15:16:25 WARN  com.zaxxer.hikari.pool.HikariPool - HikariPool-1 - Thread starvation or clock leap detected (housekeeper delta=25m59s809ms).
2026-01-26 15:16:46 WARN  com.zaxxer.hikari.pool.PoolBase - HikariPool-1 - Failed to validate connection org.postgresql.jdbc.PgConnection@e0a5031 (This connection has been closed.). Possibly consider using a shorter maxLifetime value.
2026-01-26 15:16:52 WARN  com.zaxxer.hikari.pool.PoolBase - HikariPool-1 - Failed to validate connection org.postgresql.jdbc.PgConnection@3bde41b6 (This connection has been closed.). Possibly consider using a shorter maxLifetime value.
2026-01-26 15:16:58 WARN  com.zaxxer.hikari.pool.PoolBase - HikariPool-1 - Failed to validate connection org.postgresql.jdbc.PgConnection@3875b41f (This connection has been closed.). Possibly consider using a shorter maxLifetime value.
2026-01-26 15:16:58 WARN  com.zaxxer.hikari.pool.PoolBase - HikariPool-1 - Failed to validate connection org.postgresql.jdbc.PgConnection@2cb6d2f2 (This connection has been closed.). Possibly consider using a shorter maxLifetime value.
2026-01-26 15:17:13 WARN  com.zaxxer.hikari.pool.PoolBase - HikariPool-1 - Failed to validate connection org.postgresql.jdbc.PgConnection@5fbcd56d (This connection has been closed.). Possibly consider using a shorter maxLifetime value.
2026-01-26 15:17:15 WARN  com.zaxxer.hikari.pool.PoolBase - HikariPool-1 - Failed to validate connection org.postgresql.jdbc.PgConnection@48b2feea (This connection has been closed.). Possibly consider using a shorter maxLifetime value.
2026-01-26 15:17:18 WARN  com.zaxxer.hikari.pool.PoolBase - HikariPool-1 - Failed to validate connection org.postgresql.jdbc.PgConnection@5209944c (This connection has been closed.). Possibly consider using a shorter maxLifetime value.
2026-01-26 15:17:20 WARN  com.zaxxer.hikari.pool.PoolBase - HikariPool-1 - Failed to validate connection org.postgresql.jdbc.PgConnection@6ba724dd (This connection has been closed.). Possibly consider using a shorter maxLifetime value.
2026-01-26 15:17:22 WARN  com.zaxxer.hikari.pool.PoolBase - HikariPool-1 - Failed to validate connection org.postgresql.jdbc.PgConnection@434d646f (This connection has been closed.). Possibly consider using a shorter maxLifetime value.
2026-01-26 15:17:22 WARN  com.zaxxer.hikari.pool.PoolBase - HikariPool-1 - Failed to validate connection org.postgresql.jdbc.PgConnection@1cd79742 (This connection has been closed.). Possibly consider using a shorter maxLifetime value.
2026-01-26 15:35:10 WARN  com.zaxxer.hikari.pool.HikariPool - HikariPool-1 - Thread starvation or clock leap detected (housekeeper delta=17m41s959ms).
2026-01-26 16:07:36 WARN  com.zaxxer.hikari.pool.HikariPool - HikariPool-1 - Thread starvation or clock leap detected (housekeeper delta=32m26s387ms).
2026-01-26 16:17:20 WARN  com.zaxxer.hikari.pool.PoolBase - HikariPool-1 - Failed to validate connection org.postgresql.jdbc.PgConnection@2e2cb60 (This connection has been closed.). Possibly consider using a shorter maxLifetime value.
2026-01-26 16:17:25 WARN  com.zaxxer.hikari.pool.PoolBase - HikariPool-1 - Failed to validate connection org.postgresql.jdbc.PgConnection@78f7fe58 (This connection has been closed.). Possibly consider using a shorter maxLifetime value.
2026-01-26 16:17:32 WARN  com.zaxxer.hikari.pool.PoolBase - HikariPool-1 - Failed to validate connection org.postgresql.jdbc.PgConnection@583a1b83 (This connection has been closed.). Possibly consider using a shorter maxLifetime value.
2026-01-26 16:17:40 WARN  com.zaxxer.hikari.pool.PoolBase - HikariPool-1 - Failed to validate connection org.postgresql.jdbc.PgConnection@10cb057e (This connection has been closed.). Possibly consider using a shorter maxLifetime value.
2026-01-26 16:17:44 WARN  com.zaxxer.hikari.pool.PoolBase - HikariPool-1 - Failed to validate connection org.postgresql.jdbc.PgConnection@5fe7c360 (This connection has been closed.). Possibly consider using a shorter maxLifetime value.
2026-01-26 16:17:45 WARN  com.zaxxer.hikari.pool.HikariPool - HikariPool-1 - Thread starvation or clock leap detected (housekeeper delta=10m8s609ms).
2026-01-26 16:17:47 WARN  com.zaxxer.hikari.pool.PoolBase - HikariPool-1 - Failed to validate connection org.postgresql.jdbc.PgConnection@289654b9 (This connection has been closed.). Possibly consider using a shorter maxLifetime value.
2026-01-26 16:17:51 WARN  com.zaxxer.hikari.pool.PoolBase - HikariPool-1 - Failed to validate connection org.postgresql.jdbc.PgConnection@603e4420 (This connection has been closed.). Possibly consider using a shorter maxLifetime value.
2026-01-26 16:18:00 WARN  com.zaxxer.hikari.pool.PoolBase - HikariPool-1 - Failed to validate connection org.postgresql.jdbc.PgConnection@7e499512 (This connection has been closed.). Possibly consider using a shorter maxLifetime value.
2026-01-26 16:18:01 WARN  com.zaxxer.hikari.pool.PoolBase - HikariPool-1 - Failed to validate connection org.postgresql.jdbc.PgConnection@5fd19b7 (This connection has been closed.). Possibly consider using a shorter maxLifetime value.
2026-01-26 16:18:02 WARN  com.zaxxer.hikari.pool.PoolBase - HikariPool-1 - Failed to validate connection org.postgresql.jdbc.PgConnection@1770526c (This connection has been closed.). Possibly consider using a shorter maxLifetime value.
2026-01-26 16:48:48 WARN  com.zaxxer.hikari.pool.HikariPool - HikariPool-1 - Thread starvation or clock leap detected (housekeeper delta=31m3s594ms).
2026-01-26 17:18:41 WARN  com.zaxxer.hikari.pool.HikariPool - HikariPool-1 - Thread starvation or clock leap detected (housekeeper delta=29m53s265ms).
2026-01-26 17:26:02 WARN  com.zaxxer.hikari.pool.HikariPool - HikariPool-1 - Thread starvation or clock leap detected (housekeeper delta=7m20s239ms).
2026-01-26 17:26:03 WARN  com.zaxxer.hikari.pool.PoolBase - HikariPool-1 - Failed to validate connection org.postgresql.jdbc.PgConnection@2523b495 (This connection has been closed.). Possibly consider using a shorter maxLifetime value.
2026-01-26 17:26:03 WARN  com.zaxxer.hikari.pool.PoolBase - HikariPool-1 - Failed to validate connection org.postgresql.jdbc.PgConnection@723bb8c6 (This connection has been closed.). Possibly consider using a shorter maxLifetime value.
2026-01-26 17:26:09 WARN  com.zaxxer.hikari.pool.PoolBase - HikariPool-1 - Failed to validate connection org.postgresql.jdbc.PgConnection@674d67df (This connection has been closed.). Possibly consider using a shorter maxLifetime value.
2026-01-26 17:26:13 WARN  com.zaxxer.hikari.pool.PoolBase - HikariPool-1 - Failed to validate connection org.postgresql.jdbc.PgConnection@716b16a7 (This connection has been closed.). Possibly consider using a shorter maxLifetime value.
2026-01-26 17:26:14 WARN  com.zaxxer.hikari.pool.PoolBase - HikariPool-1 - Failed to validate connection org.postgresql.jdbc.PgConnection@5e396dc4 (This connection has been closed.). Possibly consider using a shorter maxLifetime value.
2026-01-26 17:26:15 WARN  com.zaxxer.hikari.pool.PoolBase - HikariPool-1 - Failed to validate connection org.postgresql.jdbc.PgConnection@52c69a43 (This connection has been closed.). Possibly consider using a shorter maxLifetime value.
2026-01-26 17:26:26 WARN  com.zaxxer.hikari.pool.PoolBase - HikariPool-1 - Failed to validate connection org.postgresql.jdbc.PgConnection@1a79ffbc (This connection has been closed.). Possibly consider using a shorter maxLifetime value.
2026-01-26 17:26:29 WARN  com.zaxxer.hikari.pool.PoolBase - HikariPool-1 - Failed to validate connection org.postgresql.jdbc.PgConnection@26cc1082 (This connection has been closed.). Possibly consider using a shorter maxLifetime value.
2026-01-26 17:26:31 WARN  com.zaxxer.hikari.pool.PoolBase - HikariPool-1 - Failed to validate connection org.postgresql.jdbc.PgConnection@40be929a (This connection has been closed.). Possibly consider using a shorter maxLifetime value.
2026-01-26 17:27:49 WARN  com.zaxxer.hikari.pool.PoolBase - HikariPool-1 - Failed to validate connection org.postgresql.jdbc.PgConnection@156f112e (This connection has been closed.). Possibly consider using a shorter maxLifetime value.
2026-01-26 17:28:04 WARN  com.zaxxer.hikari.pool.HikariPool - HikariPool-1 - Thread starvation or clock leap detected (housekeeper delta=1m32s349ms).
2026-01-26 18:17:26 WARN  com.zaxxer.hikari.pool.HikariPool - HikariPool-1 - Thread starvation or clock leap detected (housekeeper delta=49m21s540ms).
2026-01-26 18:17:36 WARN  com.zaxxer.hikari.pool.PoolBase - HikariPool-1 - Failed to validate connection org.postgresql.jdbc.PgConnection@104fe06f (This connection has been closed.). Possibly consider using a shorter maxLifetime value.
2026-01-26 18:17:44 WARN  com.zaxxer.hikari.pool.PoolBase - HikariPool-1 - Failed to validate connection org.postgresql.jdbc.PgConnection@495a097b (This connection has been closed.). Possibly consider using a shorter maxLifetime value.
2026-01-26 18:17:45 WARN  com.zaxxer.hikari.pool.PoolBase - HikariPool-1 - Failed to validate connection org.postgresql.jdbc.PgConnection@7d720cc2 (This connection has been closed.). Possibly consider using a shorter maxLifetime value.
2026-01-26 18:17:48 WARN  com.zaxxer.hikari.pool.PoolBase - HikariPool-1 - Failed to validate connection org.postgresql.jdbc.PgConnection@55defdb8 (This connection has been closed.). Possibly consider using a shorter maxLifetime value.
2026-01-26 18:18:07 WARN  com.zaxxer.hikari.pool.PoolBase - HikariPool-1 - Failed to validate connection org.postgresql.jdbc.PgConnection@4c5627a9 (This connection has been closed.). Possibly consider using a shorter maxLifetime value.
2026-01-26 18:18:09 WARN  com.zaxxer.hikari.pool.PoolBase - HikariPool-1 - Failed to validate connection org.postgresql.jdbc.PgConnection@50c88eee (This connection has been closed.). Possibly consider using a shorter maxLifetime value.
2026-01-26 18:18:17 WARN  com.zaxxer.hikari.pool.PoolBase - HikariPool-1 - Failed to validate connection org.postgresql.jdbc.PgConnection@3db19c29 (This connection has been closed.). Possibly consider using a shorter maxLifetime value.
2026-01-26 18:18:20 WARN  com.zaxxer.hikari.pool.PoolBase - HikariPool-1 - Failed to validate connection org.postgresql.jdbc.PgConnection@62369228 (This connection has been closed.). Possibly consider using a shorter maxLifetime value.
2026-01-26 18:18:31 WARN  com.zaxxer.hikari.pool.PoolBase - HikariPool-1 - Failed to validate connection org.postgresql.jdbc.PgConnection@761ddf7e (This connection has been closed.). Possibly consider using a shorter maxLifetime value.
2026-01-26 18:35:19 WARN  com.zaxxer.hikari.pool.HikariPool - HikariPool-1 - Thread starvation or clock leap detected (housekeeper delta=17m9s706ms).
2026-01-26 19:19:24 WARN  com.zaxxer.hikari.pool.PoolBase - HikariPool-1 - Failed to validate connection org.postgresql.jdbc.PgConnection@5c6f80e0 (This connection has been closed.). Possibly consider using a shorter maxLifetime value.
2026-01-26 19:19:38 WARN  com.zaxxer.hikari.pool.HikariPool - HikariPool-1 - Thread starvation or clock leap detected (housekeeper delta=44m18s840ms).
2026-01-26 19:19:57 WARN  com.zaxxer.hikari.pool.PoolBase - HikariPool-1 - Failed to validate connection org.postgresql.jdbc.PgConnection@12e02685 (This connection has been closed.). Possibly consider using a shorter maxLifetime value.
2026-01-26 19:20:05 WARN  com.zaxxer.hikari.pool.PoolBase - HikariPool-1 - Failed to validate connection org.postgresql.jdbc.PgConnection@17dbd94e (This connection has been closed.). Possibly consider using a shorter maxLifetime value.
2026-01-26 19:37:05 WARN  com.zaxxer.hikari.pool.PoolBase - HikariPool-1 - Failed to validate connection org.postgresql.jdbc.PgConnection@790ba0a6 (This connection has been closed.). Possibly consider using a shorter maxLifetime value.
2026-01-26 19:37:05 WARN  com.zaxxer.hikari.pool.HikariPool - HikariPool-1 - Thread starvation or clock leap detected (housekeeper delta=17m26s931ms).
2026-01-26 20:18:09 WARN  com.zaxxer.hikari.pool.PoolBase - HikariPool-1 - Failed to validate connection org.postgresql.jdbc.PgConnection@5788c59c (This connection has been closed.). Possibly consider using a shorter maxLifetime value.
2026-01-26 20:18:13 WARN  com.zaxxer.hikari.pool.PoolBase - HikariPool-1 - Failed to validate connection org.postgresql.jdbc.PgConnection@172e4473 (This connection has been closed.). Possibly consider using a shorter maxLifetime value.
2026-01-26 20:18:14 WARN  com.zaxxer.hikari.pool.PoolBase - HikariPool-1 - Failed to validate connection org.postgresql.jdbc.PgConnection@3304c8a0 (This connection has been closed.). Possibly consider using a shorter maxLifetime value.
2026-01-26 20:18:15 WARN  com.zaxxer.hikari.pool.PoolBase - HikariPool-1 - Failed to validate connection org.postgresql.jdbc.PgConnection@22b15f79 (This connection has been closed.). Possibly consider using a shorter maxLifetime value.
2026-01-26 20:18:15 WARN  com.zaxxer.hikari.pool.PoolBase - HikariPool-1 - Failed to validate connection org.postgresql.jdbc.PgConnection@3f400082 (This connection has been closed.). Possibly consider using a shorter maxLifetime value.
2026-01-26 20:18:23 WARN  com.zaxxer.hikari.pool.HikariPool - HikariPool-1 - Thread starvation or clock leap detected (housekeeper delta=41m17s385ms).
2026-01-26 20:18:23 WARN  com.zaxxer.hikari.pool.PoolBase - HikariPool-1 - Failed to validate connection org.postgresql.jdbc.PgConnection@5aa8d6c5 (This connection has been closed.). Possibly consider using a shorter maxLifetime value.
2026-01-26 20:18:55 WARN  com.zaxxer.hikari.pool.PoolBase - HikariPool-1 - Failed to validate connection org.postgresql.jdbc.PgConnection@671e90f9 (This connection has been closed.). Possibly consider using a shorter maxLifetime value.
2026-01-26 20:19:30 WARN  com.zaxxer.hikari.pool.PoolBase - HikariPool-1 - Failed to validate connection org.postgresql.jdbc.PgConnection@44e723bf (This connection has been closed.). Possibly consider using a shorter maxLifetime value.
2026-01-26 20:19:30 WARN  com.zaxxer.hikari.pool.PoolBase - HikariPool-1 - Failed to validate connection org.postgresql.jdbc.PgConnection@7a1b28dc (This connection has been closed.). Possibly consider using a shorter maxLifetime value.
2026-01-26 20:19:37 WARN  com.zaxxer.hikari.pool.PoolBase - HikariPool-1 - Failed to validate connection org.postgresql.jdbc.PgConnection@c4c9e9f (This connection has been closed.). Possibly consider using a shorter maxLifetime value.
2026-01-26 23:26:15 WARN  com.zaxxer.hikari.pool.HikariPool - HikariPool-1 - Thread starvation or clock leap detected (housekeeper delta=2m50s195ms).
2026-01-26 23:26:35 WARN  com.zaxxer.hikari.pool.PoolBase - HikariPool-1 - Failed to validate connection org.postgresql.jdbc.PgConnection@565e47fe (This connection has been closed.). Possibly consider using a shorter maxLifetime value.
2026-01-26 23:27:11 WARN  com.zaxxer.hikari.pool.PoolBase - HikariPool-1 - Failed to validate connection org.postgresql.jdbc.PgConnection@1194666 (This connection has been closed.). Possibly consider using a shorter maxLifetime value.
2026-01-26 23:27:24 WARN  com.zaxxer.hikari.pool.PoolBase - HikariPool-1 - Failed to validate connection org.postgresql.jdbc.PgConnection@2a1de1a5 (This connection has been closed.). Possibly consider using a shorter maxLifetime value.
2026-01-26 23:27:29 WARN  com.zaxxer.hikari.pool.PoolBase - HikariPool-1 - Failed to validate connection org.postgresql.jdbc.PgConnection@4467f3b1 (This connection has been closed.). Possibly consider using a shorter maxLifetime value.
2026-01-26 23:27:34 WARN  com.zaxxer.hikari.pool.PoolBase - HikariPool-1 - Failed to validate connection org.postgresql.jdbc.PgConnection@b411c14 (This connection has been closed.). Possibly consider using a shorter maxLifetime value.
2026-01-26 23:27:39 WARN  com.zaxxer.hikari.pool.PoolBase - HikariPool-1 - Failed to validate connection org.postgresql.jdbc.PgConnection@4e94d410 (This connection has been closed.). Possibly consider using a shorter maxLifetime value.
2026-01-26 23:27:44 WARN  com.zaxxer.hikari.pool.PoolBase - HikariPool-1 - Failed to validate connection org.postgresql.jdbc.PgConnection@74da0f25 (This connection has been closed.). Possibly consider using a shorter maxLifetime value.
