2025-12-01 00:06:58 WARN  com.zaxxer.hikari.pool.PoolBase - HikariPool-2 - Failed to validate connection org.postgresql.jdbc.PgConnection@3bd5cab (This connection has been closed.). Possibly consider using a shorter maxLifetime value.
2025-12-01 00:22:41 WARN  com.zaxxer.hikari.pool.PoolBase - HikariPool-2 - Failed to validate connection org.postgresql.jdbc.PgConnection@7b1cb931 (This connection has been closed.). Possibly consider using a shorter maxLifetime value.
2025-12-01 00:22:46 WARN  com.zaxxer.hikari.pool.PoolBase - HikariPool-2 - Failed to validate connection org.postgresql.jdbc.PgConnection@7eb23c8a (This connection has been closed.). Possibly consider using a shorter maxLifetime value.
2025-12-01 00:40:31 WARN  com.zaxxer.hikari.pool.PoolBase - HikariPool-2 - Failed to validate connection org.postgresql.jdbc.PgConnection@52fda3eb (This connection has been closed.). Possibly consider using a shorter maxLifetime value.
2025-12-01 00:40:32 WARN  com.zaxxer.hikari.pool.HikariPool - HikariPool-2 - Thread starvation or clock leap detected (housekeeper delta=48m53s573ms).
2025-12-01 02:05:01 WARN  com.zaxxer.hikari.pool.HikariPool - HikariPool-2 - Thread starvation or clock leap detected (housekeeper delta=1h24m28s740ms).
2025-12-01 02:39:54 WARN  com.zaxxer.hikari.pool.PoolBase - HikariPool-2 - Failed to validate connection org.postgresql.jdbc.PgConnection@4043fe42 (This connection has been closed.). Possibly consider using a shorter maxLifetime value.
2025-12-01 03:22:23 WARN  com.zaxxer.hikari.pool.PoolBase - HikariPool-2 - Failed to validate connection org.postgresql.jdbc.PgConnection@1a59bce (This connection has been closed.). Possibly consider using a shorter maxLifetime value.
2025-12-01 03:22:26 WARN  com.zaxxer.hikari.pool.PoolBase - HikariPool-2 - Failed to validate connection org.postgresql.jdbc.PgConnection@27c23201 (This connection has been closed.). Possibly consider using a shorter maxLifetime value.
2025-12-01 03:22:27 WARN  com.zaxxer.hikari.pool.HikariPool - HikariPool-2 - Thread starvation or clock leap detected (housekeeper delta=1h17m26s167ms).
2025-12-01 03:39:04 WARN  com.zaxxer.hikari.pool.PoolBase - HikariPool-2 - Failed to validate connection org.postgresql.jdbc.PgConnection@5de87b75 (This connection has been closed.). Possibly consider using a shorter maxLifetime value.
2025-12-01 03:39:06 WARN  com.zaxxer.hikari.pool.PoolBase - HikariPool-2 - Failed to validate connection org.postgresql.jdbc.PgConnection@703ee0ed (This connection has been closed.). Possibly consider using a shorter maxLifetime value.
2025-12-01 03:55:11 WARN  com.zaxxer.hikari.pool.PoolBase - HikariPool-2 - Failed to validate connection org.postgresql.jdbc.PgConnection@6b9ce5f0 (This connection has been closed.). Possibly consider using a shorter maxLifetime value.
2025-12-01 05:03:39 WARN  com.zaxxer.hikari.pool.HikariPool - HikariPool-2 - Thread starvation or clock leap detected (housekeeper delta=1h41m12s494ms).
2025-12-01 05:21:31 WARN  com.zaxxer.hikari.pool.PoolBase - HikariPool-2 - Failed to validate connection org.postgresql.jdbc.PgConnection@5d7890b8 (This connection has been closed.). Possibly consider using a shorter maxLifetime value.
2025-12-01 05:26:06 WARN  com.zaxxer.hikari.pool.PoolBase - HikariPool-2 - Failed to validate connection org.postgresql.jdbc.PgConnection@446bc2be (This connection has been closed.). Possibly consider using a shorter maxLifetime value.
2025-12-01 05:26:07 WARN  com.zaxxer.hikari.pool.PoolBase - HikariPool-2 - Failed to validate connection org.postgresql.jdbc.PgConnection@51b0b854 (This connection has been closed.). Possibly consider using a shorter maxLifetime value.
2025-12-01 05:37:17 WARN  com.zaxxer.hikari.pool.PoolBase - HikariPool-2 - Failed to validate connection org.postgresql.jdbc.PgConnection@39d0d920 (This connection has been closed.). Possibly consider using a shorter maxLifetime value.
2025-12-01 05:53:59 WARN  com.zaxxer.hikari.pool.HikariPool - HikariPool-2 - Thread starvation or clock leap detected (housekeeper delta=50m19s651ms).
2025-12-01 06:32:14 WARN  com.zaxxer.hikari.pool.HikariPool - HikariPool-2 - Thread starvation or clock leap detected (housekeeper delta=38m14s518ms).
2025-12-01 06:39:27 WARN  com.zaxxer.hikari.pool.PoolBase - HikariPool-2 - Failed to validate connection org.postgresql.jdbc.PgConnection@4b6d8b6a (This connection has been closed.). Possibly consider using a shorter maxLifetime value.
2025-12-01 06:39:30 WARN  com.zaxxer.hikari.pool.PoolBase - HikariPool-2 - Failed to validate connection org.postgresql.jdbc.PgConnection@20ed2b5b (This connection has been closed.). Possibly consider using a shorter maxLifetime value.
2025-12-01 06:39:32 WARN  com.zaxxer.hikari.pool.PoolBase - HikariPool-2 - Failed to validate connection org.postgresql.jdbc.PgConnection@274a2df2 (This connection has been closed.). Possibly consider using a shorter maxLifetime value.
2025-12-01 06:41:36 WARN  com.zaxxer.hikari.pool.PoolBase - HikariPool-2 - Failed to validate connection org.postgresql.jdbc.PgConnection@dbd4aa (This connection has been closed.). Possibly consider using a shorter maxLifetime value.
2025-12-01 06:48:44 WARN  com.zaxxer.hikari.pool.PoolBase - HikariPool-2 - Failed to validate connection org.postgresql.jdbc.PgConnection@96ca1e0 (This connection has been closed.). Possibly consider using a shorter maxLifetime value.
2025-12-01 06:48:45 WARN  com.zaxxer.hikari.pool.HikariPool - HikariPool-2 - Thread starvation or clock leap detected (housekeeper delta=16m31s949ms).
2025-12-01 06:48:47 WARN  com.zaxxer.hikari.pool.PoolBase - HikariPool-2 - Failed to validate connection org.postgresql.jdbc.PgConnection@7fbf2882 (This connection has been closed.). Possibly consider using a shorter maxLifetime value.
2025-12-01 07:49:45 WARN  com.zaxxer.hikari.pool.PoolBase - HikariPool-2 - Failed to validate connection org.postgresql.jdbc.PgConnection@211fdd5b (This connection has been closed.). Possibly consider using a shorter maxLifetime value.
2025-12-01 07:49:48 WARN  com.zaxxer.hikari.pool.PoolBase - HikariPool-2 - Failed to validate connection org.postgresql.jdbc.PgConnection@1abf4088 (This connection has been closed.). Possibly consider using a shorter maxLifetime value.
2025-12-01 08:07:37 WARN  com.zaxxer.hikari.pool.HikariPool - HikariPool-2 - Thread starvation or clock leap detected (housekeeper delta=1h18m51s454ms).
2025-12-01 08:24:26 WARN  com.zaxxer.hikari.pool.PoolBase - HikariPool-2 - Failed to validate connection org.postgresql.jdbc.PgConnection@1cc28065 (This connection has been closed.). Possibly consider using a shorter maxLifetime value.
2025-12-01 08:42:22 WARN  com.zaxxer.hikari.pool.PoolBase - HikariPool-2 - Failed to validate connection org.postgresql.jdbc.PgConnection@31ca4f25 (This connection has been closed.). Possibly consider using a shorter maxLifetime value.
2025-12-01 08:53:37 WARN  com.zaxxer.hikari.pool.HikariPool - HikariPool-2 - Thread starvation or clock leap detected (housekeeper delta=46m219ms).
2025-12-01 09:28:03 WARN  com.zaxxer.hikari.pool.PoolBase - HikariPool-2 - Failed to validate connection org.postgresql.jdbc.PgConnection@59d8816b (This connection has been closed.). Possibly consider using a shorter maxLifetime value.
2025-12-01 09:51:49 WARN  com.zaxxer.hikari.pool.HikariPool - HikariPool-2 - Thread starvation or clock leap detected (housekeeper delta=58m11s533ms).
2025-12-01 09:51:50 WARN  com.zaxxer.hikari.pool.PoolBase - HikariPool-2 - Failed to validate connection org.postgresql.jdbc.PgConnection@3a7d4bef (This connection has been closed.). Possibly consider using a shorter maxLifetime value.
2025-12-01 10:07:25 WARN  com.zaxxer.hikari.pool.PoolBase - HikariPool-2 - Failed to validate connection org.postgresql.jdbc.PgConnection@79e89d40 (This connection has been closed.). Possibly consider using a shorter maxLifetime value.
2025-12-01 10:07:27 WARN  com.zaxxer.hikari.pool.PoolBase - HikariPool-2 - Failed to validate connection org.postgresql.jdbc.PgConnection@4c54cf21 (This connection has been closed.). Possibly consider using a shorter maxLifetime value.
2025-12-01 10:52:43 WARN  com.zaxxer.hikari.pool.PoolBase - HikariPool-2 - Failed to validate connection org.postgresql.jdbc.PgConnection@1c26d777 (This connection has been closed.). Possibly consider using a shorter maxLifetime value.
2025-12-01 10:52:44 WARN  com.zaxxer.hikari.pool.PoolBase - HikariPool-2 - Failed to validate connection org.postgresql.jdbc.PgConnection@71b494e2 (This connection has been closed.). Possibly consider using a shorter maxLifetime value.
2025-12-01 10:52:47 WARN  com.zaxxer.hikari.pool.HikariPool - HikariPool-2 - Thread starvation or clock leap detected (housekeeper delta=1h58s663ms).
2025-12-01 10:54:27 WARN  com.zaxxer.hikari.pool.PoolBase - HikariPool-2 - Failed to validate connection org.postgresql.jdbc.PgConnection@1b737032 (This connection has been closed.). Possibly consider using a shorter maxLifetime value.
2025-12-01 10:54:28 WARN  com.zaxxer.hikari.pool.PoolBase - HikariPool-2 - Failed to validate connection org.postgresql.jdbc.PgConnection@254e6ba0 (This connection has been closed.). Possibly consider using a shorter maxLifetime value.
2025-12-01 11:53:43 WARN  com.zaxxer.hikari.pool.HikariPool - HikariPool-2 - Thread starvation or clock leap detected (housekeeper delta=1h55s948ms).
2025-12-01 11:53:46 WARN  com.zaxxer.hikari.pool.PoolBase - HikariPool-2 - Failed to validate connection org.postgresql.jdbc.PgConnection@7088e86f (This connection has been closed.). Possibly consider using a shorter maxLifetime value.
2025-12-01 11:53:48 WARN  com.zaxxer.hikari.pool.PoolBase - HikariPool-2 - Failed to validate connection org.postgresql.jdbc.PgConnection@65a10556 (This connection has been closed.). Possibly consider using a shorter maxLifetime value.
2025-12-01 12:34:24 WARN  com.zaxxer.hikari.pool.HikariPool - HikariPool-2 - Thread starvation or clock leap detected (housekeeper delta=40m40s292ms).
2025-12-01 12:34:51 WARN  com.zaxxer.hikari.pool.PoolBase - HikariPool-2 - Failed to validate connection org.postgresql.jdbc.PgConnection@33646129 (This connection has been closed.). Possibly consider using a shorter maxLifetime value.
2025-12-01 12:34:51 WARN  com.zaxxer.hikari.pool.PoolBase - HikariPool-2 - Failed to validate connection org.postgresql.jdbc.PgConnection@23e07711 (This connection has been closed.). Possibly consider using a shorter maxLifetime value.
2025-12-01 12:54:48 WARN  com.zaxxer.hikari.pool.PoolBase - HikariPool-2 - Failed to validate connection org.postgresql.jdbc.PgConnection@4e865d8e (This connection has been closed.). Possibly consider using a shorter maxLifetime value.
2025-12-01 13:05:42 WARN  com.zaxxer.hikari.pool.HikariPool - HikariPool-2 - Thread starvation or clock leap detected (housekeeper delta=31m17s988ms).
2025-12-01 13:05:44 WARN  com.zaxxer.hikari.pool.PoolBase - HikariPool-2 - Failed to validate connection org.postgresql.jdbc.PgConnection@1b438ad7 (This connection has been closed.). Possibly consider using a shorter maxLifetime value.
2025-12-01 13:07:57 WARN  com.zaxxer.hikari.pool.PoolBase - HikariPool-2 - Failed to validate connection org.postgresql.jdbc.PgConnection@3bbb3e51 (This connection has been closed.). Possibly consider using a shorter maxLifetime value.
2025-12-01 13:08:10 WARN  com.zaxxer.hikari.pool.PoolBase - HikariPool-2 - Failed to validate connection org.postgresql.jdbc.PgConnection@4152efce (This connection has been closed.). Possibly consider using a shorter maxLifetime value.
2025-12-01 13:08:16 WARN  com.zaxxer.hikari.pool.PoolBase - HikariPool-2 - Failed to validate connection org.postgresql.jdbc.PgConnection@246b273e (This connection has been closed.). Possibly consider using a shorter maxLifetime value.
2025-12-01 13:11:29 WARN  com.zaxxer.hikari.pool.PoolBase - HikariPool-2 - Failed to validate connection org.postgresql.jdbc.PgConnection@5e649e32 (This connection has been closed.). Possibly consider using a shorter maxLifetime value.
2025-12-01 13:11:33 WARN  com.zaxxer.hikari.pool.HikariPool - HikariPool-2 - Thread starvation or clock leap detected (housekeeper delta=5m51s727ms).
2025-12-01 13:27:34 WARN  com.zaxxer.hikari.pool.PoolBase - HikariPool-2 - Failed to validate connection org.postgresql.jdbc.PgConnection@1e641d27 (This connection has been closed.). Possibly consider using a shorter maxLifetime value.
2025-12-01 13:42:46 WARN  com.zaxxer.hikari.pool.PoolBase - HikariPool-2 - Failed to validate connection org.postgresql.jdbc.PgConnection@1a4f4627 (This connection has been closed.). Possibly consider using a shorter maxLifetime value.
2025-12-01 13:42:55 WARN  com.zaxxer.hikari.pool.HikariPool - HikariPool-2 - Thread starvation or clock leap detected (housekeeper delta=31m21s202ms).
2025-12-01 14:13:28 WARN  com.zaxxer.hikari.pool.HikariPool - HikariPool-2 - Thread starvation or clock leap detected (housekeeper delta=30m33s346ms).
2025-12-01 14:13:29 WARN  com.zaxxer.hikari.pool.PoolBase - HikariPool-2 - Failed to validate connection org.postgresql.jdbc.PgConnection@5e136a54 (This connection has been closed.). Possibly consider using a shorter maxLifetime value.
2025-12-01 14:31:21 WARN  com.zaxxer.hikari.pool.PoolBase - HikariPool-2 - Failed to validate connection org.postgresql.jdbc.PgConnection@1a16561 (This connection has been closed.). Possibly consider using a shorter maxLifetime value.
2025-12-01 14:41:57 WARN  com.zaxxer.hikari.pool.PoolBase - HikariPool-2 - Failed to validate connection org.postgresql.jdbc.PgConnection@22116e25 (This connection has been closed.). Possibly consider using a shorter maxLifetime value.
2025-12-01 14:42:44 WARN  com.zaxxer.hikari.pool.PoolBase - HikariPool-2 - Failed to validate connection org.postgresql.jdbc.PgConnection@32fc7c7a (This connection has been closed.). Possibly consider using a shorter maxLifetime value.
2025-12-01 14:43:10 WARN  com.zaxxer.hikari.pool.PoolBase - HikariPool-2 - Failed to validate connection org.postgresql.jdbc.PgConnection@7aeb84dd (This connection has been closed.). Possibly consider using a shorter maxLifetime value.
2025-12-01 14:43:10 WARN  com.zaxxer.hikari.pool.HikariPool - HikariPool-2 - Thread starvation or clock leap detected (housekeeper delta=29m41s994ms).
2025-12-01 14:43:48 WARN  com.zaxxer.hikari.pool.PoolBase - HikariPool-2 - Failed to validate connection org.postgresql.jdbc.PgConnection@f61ecba (This connection has been closed.). Possibly consider using a shorter maxLifetime value.
2025-12-01 14:43:52 WARN  com.zaxxer.hikari.pool.PoolBase - HikariPool-2 - Failed to validate connection org.postgresql.jdbc.PgConnection@7844f4f4 (This connection has been closed.). Possibly consider using a shorter maxLifetime value.
2025-12-01 14:43:55 WARN  com.zaxxer.hikari.pool.PoolBase - HikariPool-2 - Failed to validate connection org.postgresql.jdbc.PgConnection@3ecf83ba (This connection has been closed.). Possibly consider using a shorter maxLifetime value.
2025-12-01 15:15:21 WARN  com.zaxxer.hikari.pool.HikariPool - HikariPool-2 - Thread starvation or clock leap detected (housekeeper delta=32m11s117ms).
2025-12-01 15:49:14 WARN  com.zaxxer.hikari.pool.PoolBase - HikariPool-2 - Failed to validate connection org.postgresql.jdbc.PgConnection@3ecbace5 (This connection has been closed.). Possibly consider using a shorter maxLifetime value.
2025-12-01 16:01:47 WARN  com.zaxxer.hikari.pool.PoolBase - HikariPool-2 - Failed to validate connection org.postgresql.jdbc.PgConnection@45089a04 (This connection has been closed.). Possibly consider using a shorter maxLifetime value.
2025-12-01 16:15:46 WARN  com.zaxxer.hikari.pool.HikariPool - HikariPool-2 - Thread starvation or clock leap detected (housekeeper delta=1h24s573ms).
2025-12-01 16:44:48 WARN  com.zaxxer.hikari.pool.PoolBase - HikariPool-2 - Failed to validate connection org.postgresql.jdbc.PgConnection@64572bce (This connection has been closed.). Possibly consider using a shorter maxLifetime value.
2025-12-01 16:44:57 WARN  com.zaxxer.hikari.pool.PoolBase - HikariPool-2 - Failed to validate connection org.postgresql.jdbc.PgConnection@5e76a3c3 (This connection has been closed.). Possibly consider using a shorter maxLifetime value.
2025-12-01 16:45:01 WARN  com.zaxxer.hikari.pool.PoolBase - HikariPool-2 - Failed to validate connection org.postgresql.jdbc.PgConnection@44670891 (This connection has been closed.). Possibly consider using a shorter maxLifetime value.
2025-12-01 17:00:57 WARN  com.zaxxer.hikari.pool.HikariPool - HikariPool-2 - Thread starvation or clock leap detected (housekeeper delta=45m11s883ms).
2025-12-01 17:06:35 WARN  com.zaxxer.hikari.pool.PoolBase - HikariPool-2 - Failed to validate connection org.postgresql.jdbc.PgConnection@65bd611f (This connection has been closed.). Possibly consider using a shorter maxLifetime value.
2025-12-01 17:39:11 WARN  com.zaxxer.hikari.pool.PoolBase - HikariPool-2 - Failed to validate connection org.postgresql.jdbc.PgConnection@dc71cec (This connection has been closed.). Possibly consider using a shorter maxLifetime value.
2025-12-01 17:39:14 WARN  com.zaxxer.hikari.pool.PoolBase - HikariPool-2 - Failed to validate connection org.postgresql.jdbc.PgConnection@7fa38ce0 (This connection has been closed.). Possibly consider using a shorter maxLifetime value.
2025-12-01 17:54:21 WARN  com.zaxxer.hikari.pool.HikariPool - HikariPool-2 - Thread starvation or clock leap detected (housekeeper delta=53m23s559ms).
2025-12-01 18:07:33 WARN  com.zaxxer.hikari.pool.PoolBase - HikariPool-2 - Failed to validate connection org.postgresql.jdbc.PgConnection@410e5ea (This connection has been closed.). Possibly consider using a shorter maxLifetime value.
2025-12-01 18:23:51 WARN  com.zaxxer.hikari.pool.PoolBase - HikariPool-2 - Failed to validate connection org.postgresql.jdbc.PgConnection@55b430b (This connection has been closed.). Possibly consider using a shorter maxLifetime value.
2025-12-01 18:24:21 WARN  com.zaxxer.hikari.pool.PoolBase - HikariPool-2 - Failed to validate connection org.postgresql.jdbc.PgConnection@65c08d4c (This connection has been closed.). Possibly consider using a shorter maxLifetime value.
2025-12-01 18:24:24 WARN  com.zaxxer.hikari.pool.PoolBase - HikariPool-2 - Failed to validate connection org.postgresql.jdbc.PgConnection@260a7557 (This connection has been closed.). Possibly consider using a shorter maxLifetime value.
2025-12-01 18:24:36 WARN  com.zaxxer.hikari.pool.HikariPool - HikariPool-2 - Thread starvation or clock leap detected (housekeeper delta=30m14s892ms).
2025-12-01 18:26:19 WARN  com.zaxxer.hikari.pool.PoolBase - HikariPool-2 - Failed to validate connection org.postgresql.jdbc.PgConnection@202e3821 (This connection has been closed.). Possibly consider using a shorter maxLifetime value.
2025-12-01 18:26:22 WARN  com.zaxxer.hikari.pool.HikariPool - HikariPool-2 - Thread starvation or clock leap detected (housekeeper delta=1m46s369ms).
2025-12-01 18:26:33 WARN  com.zaxxer.hikari.pool.PoolBase - HikariPool-2 - Failed to validate connection org.postgresql.jdbc.PgConnection@9a8fcd6 (This connection has been closed.). Possibly consider using a shorter maxLifetime value.
2025-12-01 18:27:44 WARN  com.zaxxer.hikari.pool.PoolBase - HikariPool-2 - Failed to validate connection org.postgresql.jdbc.PgConnection@2dc350f7 (This connection has been closed.). Possibly consider using a shorter maxLifetime value.
2025-12-01 18:28:30 WARN  com.zaxxer.hikari.pool.PoolBase - HikariPool-2 - Failed to validate connection org.postgresql.jdbc.PgConnection@99025e1 (This connection has been closed.). Possibly consider using a shorter maxLifetime value.
2025-12-01 18:28:31 WARN  com.zaxxer.hikari.pool.HikariPool - HikariPool-2 - Thread starvation or clock leap detected (housekeeper delta=2m8s892ms).
2025-12-01 18:33:32 WARN  com.zaxxer.hikari.pool.PoolBase - HikariPool-2 - Failed to validate connection org.postgresql.jdbc.PgConnection@2e8dadd2 (This connection has been closed.). Possibly consider using a shorter maxLifetime value.
2025-12-01 18:33:38 WARN  com.zaxxer.hikari.pool.PoolBase - HikariPool-2 - Failed to validate connection org.postgresql.jdbc.PgConnection@6090ac35 (This connection has been closed.). Possibly consider using a shorter maxLifetime value.
2025-12-01 18:39:18 WARN  com.zaxxer.hikari.pool.PoolBase - HikariPool-2 - Failed to validate connection org.postgresql.jdbc.PgConnection@4a30149a (This connection has been closed.). Possibly consider using a shorter maxLifetime value.
2025-12-01 18:39:47 WARN  com.zaxxer.hikari.pool.HikariPool - HikariPool-2 - Thread starvation or clock leap detected (housekeeper delta=11m15s407ms).
2025-12-01 18:40:00 WARN  com.zaxxer.hikari.pool.PoolBase - HikariPool-2 - Failed to validate connection org.postgresql.jdbc.PgConnection@7e4d0820 (This connection has been closed.). Possibly consider using a shorter maxLifetime value.
2025-12-01 18:40:10 WARN  com.zaxxer.hikari.pool.PoolBase - HikariPool-2 - Failed to validate connection org.postgresql.jdbc.PgConnection@3bd6f032 (This connection has been closed.). Possibly consider using a shorter maxLifetime value.
2025-12-01 18:40:26 WARN  com.zaxxer.hikari.pool.PoolBase - HikariPool-2 - Failed to validate connection org.postgresql.jdbc.PgConnection@79326ac1 (This connection has been closed.). Possibly consider using a shorter maxLifetime value.
2025-12-01 18:40:34 WARN  com.zaxxer.hikari.pool.HikariPool - HikariPool-2 - Thread starvation or clock leap detected (housekeeper delta=47s289ms).
2025-12-01 18:40:54 WARN  com.zaxxer.hikari.pool.PoolBase - HikariPool-2 - Failed to validate connection org.postgresql.jdbc.PgConnection@41276781 (This connection has been closed.). Possibly consider using a shorter maxLifetime value.
2025-12-01 18:40:56 WARN  com.zaxxer.hikari.pool.PoolBase - HikariPool-2 - Failed to validate connection org.postgresql.jdbc.PgConnection@7b5572e (This connection has been closed.). Possibly consider using a shorter maxLifetime value.
2025-12-01 18:44:25 WARN  com.zaxxer.hikari.pool.PoolBase - HikariPool-2 - Failed to validate connection org.postgresql.jdbc.PgConnection@28ad591d (This connection has been closed.). Possibly consider using a shorter maxLifetime value.
2025-12-01 18:45:45 WARN  com.zaxxer.hikari.pool.PoolBase - HikariPool-2 - Failed to validate connection org.postgresql.jdbc.PgConnection@6521f409 (This connection has been closed.). Possibly consider using a shorter maxLifetime value.
2025-12-01 18:56:20 WARN  com.zaxxer.hikari.pool.PoolBase - HikariPool-2 - Failed to validate connection org.postgresql.jdbc.PgConnection@a271e18 (This connection has been closed.). Possibly consider using a shorter maxLifetime value.
2025-12-01 18:56:21 WARN  com.zaxxer.hikari.pool.PoolBase - HikariPool-2 - Failed to validate connection org.postgresql.jdbc.PgConnection@399f1cb2 (This connection has been closed.). Possibly consider using a shorter maxLifetime value.
2025-12-01 18:56:24 WARN  com.zaxxer.hikari.pool.PoolBase - HikariPool-2 - Failed to validate connection org.postgresql.jdbc.PgConnection@53743634 (This connection has been closed.). Possibly consider using a shorter maxLifetime value.
2025-12-01 18:56:25 WARN  com.zaxxer.hikari.pool.HikariPool - HikariPool-2 - Thread starvation or clock leap detected (housekeeper delta=15m12s855ms).
2025-12-01 19:06:09 WARN  com.zaxxer.hikari.pool.PoolBase - HikariPool-2 - Failed to validate connection org.postgresql.jdbc.PgConnection@1da7c20d (This connection has been closed.). Possibly consider using a shorter maxLifetime value.
2025-12-01 19:39:51 WARN  com.zaxxer.hikari.pool.HikariPool - HikariPool-2 - Thread starvation or clock leap detected (housekeeper delta=43m26s558ms).
2025-12-01 19:39:52 WARN  com.zaxxer.hikari.pool.PoolBase - HikariPool-2 - Failed to validate connection org.postgresql.jdbc.PgConnection@6e793ba9 (This connection has been closed.). Possibly consider using a shorter maxLifetime value.
2025-12-01 19:46:04 WARN  com.zaxxer.hikari.pool.PoolBase - HikariPool-2 - Failed to validate connection org.postgresql.jdbc.PgConnection@3f5a7bfa (This connection has been closed.). Possibly consider using a shorter maxLifetime value.
2025-12-01 19:46:22 WARN  com.zaxxer.hikari.pool.PoolBase - HikariPool-2 - Failed to validate connection org.postgresql.jdbc.PgConnection@21619a48 (This connection has been closed.). Possibly consider using a shorter maxLifetime value.
2025-12-01 19:46:22 WARN  com.zaxxer.hikari.pool.HikariPool - HikariPool-2 - Thread starvation or clock leap detected (housekeeper delta=6m31s285ms).
2025-12-01 19:46:32 WARN  com.zaxxer.hikari.pool.PoolBase - HikariPool-2 - Failed to validate connection org.postgresql.jdbc.PgConnection@22871c69 (This connection has been closed.). Possibly consider using a shorter maxLifetime value.
2025-12-01 19:46:50 WARN  com.zaxxer.hikari.pool.PoolBase - HikariPool-2 - Failed to validate connection org.postgresql.jdbc.PgConnection@1b85c29b (This connection has been closed.). Possibly consider using a shorter maxLifetime value.
2025-12-01 19:46:51 WARN  com.zaxxer.hikari.pool.PoolBase - HikariPool-2 - Failed to validate connection org.postgresql.jdbc.PgConnection@3ef557a1 (This connection has been closed.). Possibly consider using a shorter maxLifetime value.
2025-12-01 19:46:57 WARN  com.zaxxer.hikari.pool.PoolBase - HikariPool-2 - Failed to validate connection org.postgresql.jdbc.PgConnection@55ebd8d8 (This connection has been closed.). Possibly consider using a shorter maxLifetime value.
2025-12-01 19:47:03 WARN  com.zaxxer.hikari.pool.PoolBase - HikariPool-2 - Failed to validate connection org.postgresql.jdbc.PgConnection@1f23ddfb (This connection has been closed.). Possibly consider using a shorter maxLifetime value.
2025-12-01 20:02:09 WARN  com.zaxxer.hikari.pool.PoolBase - HikariPool-2 - Failed to validate connection org.postgresql.jdbc.PgConnection@59ed5e (This connection has been closed.). Possibly consider using a shorter maxLifetime value.
2025-12-01 20:02:20 WARN  com.zaxxer.hikari.pool.HikariPool - HikariPool-2 - Thread starvation or clock leap detected (housekeeper delta=15m27s370ms).
2025-12-01 20:02:28 WARN  com.zaxxer.hikari.pool.PoolBase - HikariPool-2 - Failed to validate connection org.postgresql.jdbc.PgConnection@1b0ece7e (This connection has been closed.). Possibly consider using a shorter maxLifetime value.
2025-12-01 20:02:40 WARN  com.zaxxer.hikari.pool.PoolBase - HikariPool-2 - Failed to validate connection org.postgresql.jdbc.PgConnection@21379fa5 (This connection has been closed.). Possibly consider using a shorter maxLifetime value.
2025-12-01 20:02:57 WARN  com.zaxxer.hikari.pool.PoolBase - HikariPool-2 - Failed to validate connection org.postgresql.jdbc.PgConnection@4ec0fda5 (This connection has been closed.). Possibly consider using a shorter maxLifetime value.
2025-12-01 20:03:08 WARN  com.zaxxer.hikari.pool.PoolBase - HikariPool-2 - Failed to validate connection org.postgresql.jdbc.PgConnection@600ee8af (This connection has been closed.). Possibly consider using a shorter maxLifetime value.
2025-12-01 20:03:18 WARN  com.zaxxer.hikari.pool.PoolBase - HikariPool-2 - Failed to validate connection org.postgresql.jdbc.PgConnection@f48c2c6 (This connection has been closed.). Possibly consider using a shorter maxLifetime value.
2025-12-01 20:18:30 WARN  com.zaxxer.hikari.pool.PoolBase - HikariPool-2 - Failed to validate connection org.postgresql.jdbc.PgConnection@292c2c72 (This connection has been closed.). Possibly consider using a shorter maxLifetime value.
2025-12-01 20:18:32 WARN  com.zaxxer.hikari.pool.PoolBase - HikariPool-2 - Failed to validate connection org.postgresql.jdbc.PgConnection@472311fc (This connection has been closed.). Possibly consider using a shorter maxLifetime value.
2025-12-01 20:18:46 WARN  com.zaxxer.hikari.pool.PoolBase - HikariPool-2 - Failed to validate connection org.postgresql.jdbc.PgConnection@7eee05e3 (This connection has been closed.). Possibly consider using a shorter maxLifetime value.
2025-12-01 20:18:46 WARN  com.zaxxer.hikari.pool.PoolBase - HikariPool-2 - Failed to validate connection org.postgresql.jdbc.PgConnection@1d16f7ff (This connection has been closed.). Possibly consider using a shorter maxLifetime value.
2025-12-01 20:18:48 WARN  com.zaxxer.hikari.pool.HikariPool - HikariPool-2 - Thread starvation or clock leap detected (housekeeper delta=15m27s767ms).
2025-12-01 20:18:57 WARN  com.zaxxer.hikari.pool.PoolBase - HikariPool-2 - Failed to validate connection org.postgresql.jdbc.PgConnection@42e5b950 (This connection has been closed.). Possibly consider using a shorter maxLifetime value.
2025-12-01 20:19:07 WARN  com.zaxxer.hikari.pool.PoolBase - HikariPool-2 - Failed to validate connection org.postgresql.jdbc.PgConnection@35f53bfe (This connection has been closed.). Possibly consider using a shorter maxLifetime value.
2025-12-01 20:34:16 WARN  com.zaxxer.hikari.pool.HikariPool - HikariPool-2 - Thread starvation or clock leap detected (housekeeper delta=15m28s258ms).
2025-12-01 20:34:25 WARN  com.zaxxer.hikari.pool.PoolBase - HikariPool-2 - Failed to validate connection org.postgresql.jdbc.PgConnection@70b68e37 (This connection has been closed.). Possibly consider using a shorter maxLifetime value.
2025-12-01 20:34:41 WARN  com.zaxxer.hikari.pool.PoolBase - HikariPool-2 - Failed to validate connection org.postgresql.jdbc.PgConnection@735ac4f6 (This connection has been closed.). Possibly consider using a shorter maxLifetime value.
2025-12-01 20:34:59 WARN  com.zaxxer.hikari.pool.PoolBase - HikariPool-2 - Failed to validate connection org.postgresql.jdbc.PgConnection@1cd9903c (This connection has been closed.). Possibly consider using a shorter maxLifetime value.
2025-12-01 20:50:19 WARN  com.zaxxer.hikari.pool.PoolBase - HikariPool-2 - Failed to validate connection org.postgresql.jdbc.PgConnection@37a26d9c (This connection has been closed.). Possibly consider using a shorter maxLifetime value.
2025-12-01 20:50:25 WARN  com.zaxxer.hikari.pool.PoolBase - HikariPool-2 - Failed to validate connection org.postgresql.jdbc.PgConnection@6c2a055c (This connection has been closed.). Possibly consider using a shorter maxLifetime value.
2025-12-01 20:50:25 WARN  com.zaxxer.hikari.pool.PoolBase - HikariPool-2 - Failed to validate connection org.postgresql.jdbc.PgConnection@9c9f8c3 (This connection has been closed.). Possibly consider using a shorter maxLifetime value.
2025-12-01 20:50:27 WARN  com.zaxxer.hikari.pool.HikariPool - HikariPool-2 - Thread starvation or clock leap detected (housekeeper delta=15m41s282ms).
2025-12-01 20:50:32 WARN  com.zaxxer.hikari.pool.PoolBase - HikariPool-2 - Failed to validate connection org.postgresql.jdbc.PgConnection@249285f4 (This connection has been closed.). Possibly consider using a shorter maxLifetime value.
2025-12-01 20:50:49 WARN  com.zaxxer.hikari.pool.PoolBase - HikariPool-2 - Failed to validate connection org.postgresql.jdbc.PgConnection@284ea932 (This connection has been closed.). Possibly consider using a shorter maxLifetime value.
2025-12-01 20:50:59 WARN  com.zaxxer.hikari.pool.PoolBase - HikariPool-2 - Failed to validate connection org.postgresql.jdbc.PgConnection@5e8ac619 (This connection has been closed.). Possibly consider using a shorter maxLifetime value.
2025-12-01 20:55:18 WARN  com.zaxxer.hikari.pool.PoolBase - HikariPool-2 - Failed to validate connection org.postgresql.jdbc.PgConnection@68b3712d (This connection has been closed.). Possibly consider using a shorter maxLifetime value.
2025-12-01 20:55:37 WARN  com.zaxxer.hikari.pool.HikariPool - HikariPool-2 - Thread starvation or clock leap detected (housekeeper delta=4m40s247ms).
2025-12-01 20:55:41 WARN  com.zaxxer.hikari.pool.PoolBase - HikariPool-2 - Failed to validate connection org.postgresql.jdbc.PgConnection@34ca4338 (This connection has been closed.). Possibly consider using a shorter maxLifetime value.
2025-12-01 20:55:42 WARN  com.zaxxer.hikari.pool.PoolBase - HikariPool-2 - Failed to validate connection org.postgresql.jdbc.PgConnection@38d95b7d (This connection has been closed.). Possibly consider using a shorter maxLifetime value.
2025-12-01 20:56:15 WARN  com.zaxxer.hikari.pool.PoolBase - HikariPool-2 - Failed to validate connection org.postgresql.jdbc.PgConnection@435fc1b6 (This connection has been closed.). Possibly consider using a shorter maxLifetime value.
2025-12-01 20:56:23 WARN  com.zaxxer.hikari.pool.PoolBase - HikariPool-2 - Failed to validate connection org.postgresql.jdbc.PgConnection@6d3b2d49 (This connection has been closed.). Possibly consider using a shorter maxLifetime value.
2025-12-01 20:56:25 WARN  com.zaxxer.hikari.pool.PoolBase - HikariPool-2 - Failed to validate connection org.postgresql.jdbc.PgConnection@2224a11e (This connection has been closed.). Possibly consider using a shorter maxLifetime value.
2025-12-01 20:56:26 WARN  com.zaxxer.hikari.pool.PoolBase - HikariPool-2 - Failed to validate connection org.postgresql.jdbc.PgConnection@53743d95 (This connection has been closed.). Possibly consider using a shorter maxLifetime value.
2025-12-01 20:56:35 WARN  com.zaxxer.hikari.pool.PoolBase - HikariPool-2 - Failed to validate connection org.postgresql.jdbc.PgConnection@671113d7 (This connection has been closed.). Possibly consider using a shorter maxLifetime value.
2025-12-01 20:56:58 WARN  com.zaxxer.hikari.pool.PoolBase - HikariPool-2 - Failed to validate connection org.postgresql.jdbc.PgConnection@233b2549 (This connection has been closed.). Possibly consider using a shorter maxLifetime value.
2025-12-01 20:57:00 WARN  com.zaxxer.hikari.pool.PoolBase - HikariPool-2 - Failed to validate connection org.postgresql.jdbc.PgConnection@3e310268 (This connection has been closed.). Possibly consider using a shorter maxLifetime value.
2025-12-01 21:19:28 WARN  com.zaxxer.hikari.pool.HikariPool - HikariPool-2 - Thread starvation or clock leap detected (housekeeper delta=16m50s769ms).
2025-12-01 21:19:33 WARN  com.zaxxer.hikari.pool.PoolBase - HikariPool-2 - Failed to validate connection org.postgresql.jdbc.PgConnection@18e31dd6 (This connection has been closed.). Possibly consider using a shorter maxLifetime value.
2025-12-01 21:19:53 WARN  com.zaxxer.hikari.pool.PoolBase - HikariPool-2 - Failed to validate connection org.postgresql.jdbc.PgConnection@3a6092dd (This connection has been closed.). Possibly consider using a shorter maxLifetime value.
2025-12-01 21:25:57 WARN  com.zaxxer.hikari.pool.PoolBase - HikariPool-2 - Failed to validate connection org.postgresql.jdbc.PgConnection@cf9445e (This connection has been closed.). Possibly consider using a shorter maxLifetime value.
2025-12-01 21:25:57 WARN  com.zaxxer.hikari.pool.HikariPool - HikariPool-2 - Thread starvation or clock leap detected (housekeeper delta=6m28s942ms).
2025-12-01 21:26:07 WARN  com.zaxxer.hikari.pool.PoolBase - HikariPool-2 - Failed to validate connection org.postgresql.jdbc.PgConnection@138fd132 (This connection has been closed.). Possibly consider using a shorter maxLifetime value.
2025-12-01 21:26:11 WARN  com.zaxxer.hikari.pool.PoolBase - HikariPool-2 - Failed to validate connection org.postgresql.jdbc.PgConnection@7e60cf20 (This connection has been closed.). Possibly consider using a shorter maxLifetime value.
2025-12-01 21:26:15 WARN  com.zaxxer.hikari.pool.PoolBase - HikariPool-2 - Failed to validate connection org.postgresql.jdbc.PgConnection@69f1f661 (This connection has been closed.). Possibly consider using a shorter maxLifetime value.
2025-12-01 21:26:19 WARN  com.zaxxer.hikari.pool.PoolBase - HikariPool-2 - Failed to validate connection org.postgresql.jdbc.PgConnection@49abc2c (This connection has been closed.). Possibly consider using a shorter maxLifetime value.
2025-12-01 21:26:29 WARN  com.zaxxer.hikari.pool.PoolBase - HikariPool-2 - Failed to validate connection org.postgresql.jdbc.PgConnection@518c7065 (This connection has been closed.). Possibly consider using a shorter maxLifetime value.
2025-12-01 21:26:43 WARN  com.zaxxer.hikari.pool.PoolBase - HikariPool-2 - Failed to validate connection org.postgresql.jdbc.PgConnection@4f491519 (This connection has been closed.). Possibly consider using a shorter maxLifetime value.
2025-12-01 21:27:00 WARN  com.zaxxer.hikari.pool.PoolBase - HikariPool-2 - Failed to validate connection org.postgresql.jdbc.PgConnection@2c5effe1 (This connection has been closed.). Possibly consider using a shorter maxLifetime value.
2025-12-01 21:27:16 WARN  com.zaxxer.hikari.pool.PoolBase - HikariPool-2 - Failed to validate connection org.postgresql.jdbc.PgConnection@6f74b763 (This connection has been closed.). Possibly consider using a shorter maxLifetime value.
2025-12-01 21:27:39 WARN  com.zaxxer.hikari.pool.PoolBase - HikariPool-2 - Failed to validate connection org.postgresql.jdbc.PgConnection@37b671b9 (This connection has been closed.). Possibly consider using a shorter maxLifetime value.
2025-12-01 21:37:42 WARN  com.zaxxer.hikari.pool.PoolBase - HikariPool-2 - Failed to validate connection org.postgresql.jdbc.PgConnection@1680775 (This connection has been closed.). Possibly consider using a shorter maxLifetime value.
2025-12-01 21:55:57 WARN  com.zaxxer.hikari.pool.HikariPool - HikariPool-2 - Thread starvation or clock leap detected (housekeeper delta=17m59s738ms).
2025-12-01 21:56:08 WARN  com.zaxxer.hikari.pool.PoolBase - HikariPool-2 - Failed to validate connection org.postgresql.jdbc.PgConnection@8c7836b (This connection has been closed.). Possibly consider using a shorter maxLifetime value.
2025-12-01 21:56:14 WARN  com.zaxxer.hikari.pool.PoolBase - HikariPool-2 - Failed to validate connection org.postgresql.jdbc.PgConnection@69ee2e3c (This connection has been closed.). Possibly consider using a shorter maxLifetime value.
2025-12-01 21:56:17 WARN  com.zaxxer.hikari.pool.PoolBase - HikariPool-2 - Failed to validate connection org.postgresql.jdbc.PgConnection@11b5ef4e (This connection has been closed.). Possibly consider using a shorter maxLifetime value.
2025-12-01 21:56:29 WARN  com.zaxxer.hikari.pool.PoolBase - HikariPool-2 - Failed to validate connection org.postgresql.jdbc.PgConnection@5fb8b10e (This connection has been closed.). Possibly consider using a shorter maxLifetime value.
2025-12-01 21:56:42 WARN  com.zaxxer.hikari.pool.PoolBase - HikariPool-2 - Failed to validate connection org.postgresql.jdbc.PgConnection@dca186d (This connection has been closed.). Possibly consider using a shorter maxLifetime value.
2025-12-01 22:12:25 WARN  com.zaxxer.hikari.pool.HikariPool - HikariPool-2 - Thread starvation or clock leap detected (housekeeper delta=15m57s470ms).
2025-12-01 22:12:28 WARN  com.zaxxer.hikari.pool.PoolBase - HikariPool-2 - Failed to validate connection org.postgresql.jdbc.PgConnection@2991aebd (This connection has been closed.). Possibly consider using a shorter maxLifetime value.
2025-12-01 22:12:28 WARN  com.zaxxer.hikari.pool.PoolBase - HikariPool-2 - Failed to validate connection org.postgresql.jdbc.PgConnection@4c1a0413 (This connection has been closed.). Possibly consider using a shorter maxLifetime value.
2025-12-01 22:12:32 WARN  com.zaxxer.hikari.pool.PoolBase - HikariPool-2 - Failed to validate connection org.postgresql.jdbc.PgConnection@25809ff4 (This connection has been closed.). Possibly consider using a shorter maxLifetime value.
2025-12-01 22:12:37 WARN  com.zaxxer.hikari.pool.PoolBase - HikariPool-2 - Failed to validate connection org.postgresql.jdbc.PgConnection@14039bf (This connection has been closed.). Possibly consider using a shorter maxLifetime value.
2025-12-01 22:12:51 WARN  com.zaxxer.hikari.pool.PoolBase - HikariPool-2 - Failed to validate connection org.postgresql.jdbc.PgConnection@7f33630a (This connection has been closed.). Possibly consider using a shorter maxLifetime value.
2025-12-01 22:13:21 WARN  com.zaxxer.hikari.pool.PoolBase - HikariPool-2 - Failed to validate connection org.postgresql.jdbc.PgConnection@5ee06b94 (This connection has been closed.). Possibly consider using a shorter maxLifetime value.
2025-12-01 22:13:34 WARN  com.zaxxer.hikari.pool.PoolBase - HikariPool-2 - Failed to validate connection org.postgresql.jdbc.PgConnection@77b8c189 (This connection has been closed.). Possibly consider using a shorter maxLifetime value.
2025-12-01 22:13:36 WARN  com.zaxxer.hikari.pool.PoolBase - HikariPool-2 - Failed to validate connection org.postgresql.jdbc.PgConnection@1de22812 (This connection has been closed.). Possibly consider using a shorter maxLifetime value.
2025-12-01 22:13:42 WARN  com.zaxxer.hikari.pool.PoolBase - HikariPool-2 - Failed to validate connection org.postgresql.jdbc.PgConnection@3066a9cb (This connection has been closed.). Possibly consider using a shorter maxLifetime value.
2025-12-01 22:14:08 WARN  com.zaxxer.hikari.pool.PoolBase - HikariPool-2 - Failed to validate connection org.postgresql.jdbc.PgConnection@5b009419 (This connection has been closed.). Possibly consider using a shorter maxLifetime value.
2025-12-01 22:44:26 WARN  com.zaxxer.hikari.pool.PoolBase - HikariPool-2 - Failed to validate connection org.postgresql.jdbc.PgConnection@10146689 (This connection has been closed.). Possibly consider using a shorter maxLifetime value.
2025-12-01 22:44:31 WARN  com.zaxxer.hikari.pool.PoolBase - HikariPool-2 - Failed to validate connection org.postgresql.jdbc.PgConnection@7b4c7a89 (This connection has been closed.). Possibly consider using a shorter maxLifetime value.
2025-12-01 22:44:35 WARN  com.zaxxer.hikari.pool.PoolBase - HikariPool-2 - Failed to validate connection org.postgresql.jdbc.PgConnection@68ad1c5a (This connection has been closed.). Possibly consider using a shorter maxLifetime value.
2025-12-01 22:44:35 WARN  com.zaxxer.hikari.pool.HikariPool - HikariPool-2 - Thread starvation or clock leap detected (housekeeper delta=7m9s564ms).
2025-12-01 22:44:46 WARN  com.zaxxer.hikari.pool.PoolBase - HikariPool-2 - Failed to validate connection org.postgresql.jdbc.PgConnection@5bbe1fe8 (This connection has been closed.). Possibly consider using a shorter maxLifetime value.
2025-12-01 22:44:53 WARN  com.zaxxer.hikari.pool.PoolBase - HikariPool-2 - Failed to validate connection org.postgresql.jdbc.PgConnection@4bcb08c9 (This connection has been closed.). Possibly consider using a shorter maxLifetime value.
2025-12-01 22:44:55 WARN  com.zaxxer.hikari.pool.PoolBase - HikariPool-2 - Failed to validate connection org.postgresql.jdbc.PgConnection@606e95e1 (This connection has been closed.). Possibly consider using a shorter maxLifetime value.
2025-12-01 22:45:00 WARN  com.zaxxer.hikari.pool.PoolBase - HikariPool-2 - Failed to validate connection org.postgresql.jdbc.PgConnection@6e6b7297 (This connection has been closed.). Possibly consider using a shorter maxLifetime value.
2025-12-01 22:45:02 WARN  com.zaxxer.hikari.pool.PoolBase - HikariPool-2 - Failed to validate connection org.postgresql.jdbc.PgConnection@7d75a2d3 (This connection has been closed.). Possibly consider using a shorter maxLifetime value.
2025-12-01 22:45:43 WARN  com.zaxxer.hikari.pool.PoolBase - HikariPool-2 - Failed to validate connection org.postgresql.jdbc.PgConnection@128f1af9 (This connection has been closed.). Possibly consider using a shorter maxLifetime value.
2025-12-01 22:45:46 WARN  com.zaxxer.hikari.pool.PoolBase - HikariPool-2 - Failed to validate connection org.postgresql.jdbc.PgConnection@33107142 (This connection has been closed.). Possibly consider using a shorter maxLifetime value.
2025-12-01 23:11:03 WARN  com.zaxxer.hikari.pool.PoolBase - HikariPool-2 - Failed to validate connection org.postgresql.jdbc.PgConnection@63a32ec9 (This connection has been closed.). Possibly consider using a shorter maxLifetime value.
2025-12-01 23:11:03 WARN  com.zaxxer.hikari.pool.HikariPool - HikariPool-2 - Thread starvation or clock leap detected (housekeeper delta=4m57s854ms).
2025-12-01 23:11:30 WARN  com.zaxxer.hikari.pool.PoolBase - HikariPool-2 - Failed to validate connection org.postgresql.jdbc.PgConnection@5db9b194 (This connection has been closed.). Possibly consider using a shorter maxLifetime value.
2025-12-01 23:11:35 WARN  com.zaxxer.hikari.pool.PoolBase - HikariPool-2 - Failed to validate connection org.postgresql.jdbc.PgConnection@17bcef1d (This connection has been closed.). Possibly consider using a shorter maxLifetime value.
2025-12-01 23:11:40 WARN  com.zaxxer.hikari.pool.PoolBase - HikariPool-2 - Failed to validate connection org.postgresql.jdbc.PgConnection@13ed3074 (This connection has been closed.). Possibly consider using a shorter maxLifetime value.
2025-12-01 23:12:19 WARN  com.zaxxer.hikari.pool.PoolBase - HikariPool-2 - Failed to validate connection org.postgresql.jdbc.PgConnection@348068c (This connection has been closed.). Possibly consider using a shorter maxLifetime value.
2025-12-01 23:12:19 WARN  com.zaxxer.hikari.pool.PoolBase - HikariPool-2 - Failed to validate connection org.postgresql.jdbc.PgConnection@490112a (This connection has been closed.). Possibly consider using a shorter maxLifetime value.
2025-12-01 23:12:27 WARN  com.zaxxer.hikari.pool.PoolBase - HikariPool-2 - Failed to validate connection org.postgresql.jdbc.PgConnection@7e04ff5c (This connection has been closed.). Possibly consider using a shorter maxLifetime value.
2025-12-01 23:12:32 WARN  com.zaxxer.hikari.pool.PoolBase - HikariPool-2 - Failed to validate connection org.postgresql.jdbc.PgConnection@6f285089 (This connection has been closed.). Possibly consider using a shorter maxLifetime value.
2025-12-01 23:12:39 WARN  com.zaxxer.hikari.pool.PoolBase - HikariPool-2 - Failed to validate connection org.postgresql.jdbc.PgConnection@6b350507 (This connection has been closed.). Possibly consider using a shorter maxLifetime value.
2025-12-01 23:12:39 WARN  com.zaxxer.hikari.pool.PoolBase - HikariPool-2 - Failed to validate connection org.postgresql.jdbc.PgConnection@5018dd5c (This connection has been closed.). Possibly consider using a shorter maxLifetime value.
